[1.290s] Invoking command in '/home/prog1/ros2_training/src/controller': DEBUGINFOD_URLS=https://debuginfod.ubuntu.com PYTHONPATH=/home/prog1/ros2_training/build/controller/prefix_override:/usr/lib/python3/dist-packages/colcon_core/task/python/colcon_distutils_commands:/home/prog1/ros2_training/install/controller/lib/python3.12/site-packages:${PYTHONPATH} /usr/bin/python3 -W ignore:setup.py install is deprecated -W ignore:easy_install command is deprecated setup.py egg_info --egg-base ../../build/controller build --build-base /home/prog1/ros2_training/build/controller/build install --record /home/prog1/ros2_training/build/controller/install.log --single-version-externally-managed install_data
[1.654s] running egg_info
[1.677s] writing ../../build/controller/controller.egg-info/PKG-INFO
[1.678s] writing dependency_links to ../../build/controller/controller.egg-info/dependency_links.txt
[1.680s] writing entry points to ../../build/controller/controller.egg-info/entry_points.txt
[1.680s] writing requirements to ../../build/controller/controller.egg-info/requires.txt
[1.680s] writing top-level names to ../../build/controller/controller.egg-info/top_level.txt
[1.732s] reading manifest file '../../build/controller/controller.egg-info/SOURCES.txt'
[1.732s] writing manifest file '../../build/controller/controller.egg-info/SOURCES.txt'
[1.733s] running build
[1.734s] running build_py
[1.734s] running install
[1.743s] running install_lib
[1.770s] running install_data
[1.772s] running install_egg_info
[1.798s] removing '/home/prog1/ros2_training/install/controller/lib/python3.12/site-packages/controller-0.0.0-py3.12.egg-info' (and everything under it)
[1.798s] Copying ../../build/controller/controller.egg-info to /home/prog1/ros2_training/install/controller/lib/python3.12/site-packages/controller-0.0.0-py3.12.egg-info
[1.799s] running install_scripts
[1.975s] Installing controller script to /home/prog1/ros2_training/install/controller/lib/controller
[1.977s] writing list of installed files to '/home/prog1/ros2_training/build/controller/install.log'
[2.032s] Invoked command in '/home/prog1/ros2_training/src/controller' returned '0': DEBUGINFOD_URLS=https://debuginfod.ubuntu.com PYTHONPATH=/home/prog1/ros2_training/build/controller/prefix_override:/usr/lib/python3/dist-packages/colcon_core/task/python/colcon_distutils_commands:/home/prog1/ros2_training/install/controller/lib/python3.12/site-packages:${PYTHONPATH} /usr/bin/python3 -W ignore:setup.py install is deprecated -W ignore:easy_install command is deprecated setup.py egg_info --egg-base ../../build/controller build --build-base /home/prog1/ros2_training/build/controller/build install --record /home/prog1/ros2_training/build/controller/install.log --single-version-externally-managed install_data
