[0.020s] Invoking command in '/home/prog1/ros2_training/build/motor_action': CMAKE_PREFIX_PATH=${CMAKE_PREFIX_PATH}:/home/prog1/ros2_training/install/py_talker:/home/prog1/ros2_training/install/controller:/opt/ros/jazzy DEBUGINFOD_URLS=https://debuginfod.ubuntu.com /usr/bin/cmake --build /home/prog1/ros2_training/build/motor_action -- -j2 -l2
[0.120s] [  2%] Built target motor_action__rosidl_generator_type_description
[0.120s] [  5%] Built target motor_action__rs
[0.157s] [  8%] Built target motor_action__cpp
[0.207s] [  8%] Built target ament_cmake_python_copy_motor_action
[0.218s] [ 22%] Built target motor_action__rosidl_generator_c
[0.284s] [ 31%] Built target motor_action__rosidl_typesupport_cpp
[0.369s] [ 40%] Built target motor_action__rosidl_typesupport_fastrtps_c
[0.436s] [ 48%] Built target motor_action__rosidl_typesupport_introspection_c
[0.495s] [ 57%] Built target motor_action__rosidl_typesupport_c
[0.562s] [ 65%] Built target motor_action__rosidl_typesupport_fastrtps_cpp
[0.636s] running egg_info
[0.642s] [ 74%] Built target motor_action__rosidl_typesupport_introspection_cpp
[0.675s] writing motor_action.egg-info/PKG-INFO
[0.676s] writing dependency_links to motor_action.egg-info/dependency_links.txt
[0.676s] writing top-level names to motor_action.egg-info/top_level.txt
[0.706s] [ 74%] Built target motor_action
[0.761s] [ 77%] Built target motor_action__py
[0.806s] reading manifest file 'motor_action.egg-info/SOURCES.txt'
[0.809s] writing manifest file 'motor_action.egg-info/SOURCES.txt'
[0.831s] [ 82%] Built target motor_action__rosidl_generator_py
[0.859s] [ 82%] Built target ament_cmake_python_build_motor_action_egg
[0.889s] [ 88%] Built target motor_action_s__rosidl_typesupport_fastrtps_c
[0.917s] [ 94%] Built target motor_action_s__rosidl_typesupport_introspection_c
[0.937s] [100%] Built target motor_action_s__rosidl_typesupport_c
[0.952s] Invoked command in '/home/prog1/ros2_training/build/motor_action' returned '0': CMAKE_PREFIX_PATH=${CMAKE_PREFIX_PATH}:/home/prog1/ros2_training/install/py_talker:/home/prog1/ros2_training/install/controller:/opt/ros/jazzy DEBUGINFOD_URLS=https://debuginfod.ubuntu.com /usr/bin/cmake --build /home/prog1/ros2_training/build/motor_action -- -j2 -l2
[0.965s] Invoking command in '/home/prog1/ros2_training/build/motor_action': CMAKE_PREFIX_PATH=${CMAKE_PREFIX_PATH}:/home/prog1/ros2_training/install/py_talker:/home/prog1/ros2_training/install/controller:/opt/ros/jazzy DEBUGINFOD_URLS=https://debuginfod.ubuntu.com /usr/bin/cmake --install /home/prog1/ros2_training/build/motor_action
[0.978s] -- Install configuration: ""
[0.979s] -- Up-to-date: /home/prog1/ros2_training/install/motor_action/share/ament_index/resource_index/rosidl_interfaces/motor_action
[0.979s] -- Up-to-date: /home/prog1/ros2_training/install/motor_action/share/motor_action/action/Move.json
[0.979s] -- Up-to-date: /home/prog1/ros2_training/install/motor_action/include/motor_action/motor_action
[0.979s] -- Up-to-date: /home/prog1/ros2_training/install/motor_action/include/motor_action/motor_action/msg
[0.980s] -- Up-to-date: /home/prog1/ros2_training/install/motor_action/include/motor_action/motor_action/msg/rosidl_generator_c__visibility_control.h
[0.980s] -- Up-to-date: /home/prog1/ros2_training/install/motor_action/include/motor_action/motor_action/action
[0.980s] -- Up-to-date: /home/prog1/ros2_training/install/motor_action/include/motor_action/motor_action/action/rotate.h
[0.981s] -- Up-to-date: /home/prog1/ros2_training/install/motor_action/include/motor_action/motor_action/action/move.h
[0.981s] -- Up-to-date: /home/prog1/ros2_training/install/motor_action/include/motor_action/motor_action/action/detail
[0.981s] -- Up-to-date: /home/prog1/ros2_training/install/motor_action/include/motor_action/motor_action/action/detail/move__functions.c
[0.982s] -- Installing: /home/prog1/ros2_training/install/motor_action/include/motor_action/motor_action/action/detail/move__type_support.c
[0.982s] -- Up-to-date: /home/prog1/ros2_training/install/motor_action/include/motor_action/motor_action/action/detail/rotate__type_support.h
[0.982s] -- Up-to-date: /home/prog1/ros2_training/install/motor_action/include/motor_action/motor_action/action/detail/rotate__struct.h
[0.982s] -- Up-to-date: /home/prog1/ros2_training/install/motor_action/include/motor_action/motor_action/action/detail/move__type_support.h
[0.982s] -- Up-to-date: /home/prog1/ros2_training/install/motor_action/include/motor_action/motor_action/action/detail/move__struct.h
[0.982s] -- Up-to-date: /home/prog1/ros2_training/install/motor_action/include/motor_action/motor_action/action/detail/rotate__description.c
[0.983s] -- Up-to-date: /home/prog1/ros2_training/install/motor_action/include/motor_action/motor_action/action/detail/rotate__functions.h
[0.984s] -- Up-to-date: /home/prog1/ros2_training/install/motor_action/include/motor_action/motor_action/action/detail/rotate__functions.c
[0.984s] -- Up-to-date: /home/prog1/ros2_training/install/motor_action/include/motor_action/motor_action/action/detail/rotate__type_support.c
[0.985s] -- Up-to-date: /home/prog1/ros2_training/install/motor_action/include/motor_action/motor_action/action/detail/move__functions.h
[0.985s] -- Up-to-date: /home/prog1/ros2_training/install/motor_action/include/motor_action/motor_action/action/detail/move__description.c
[0.985s] -- Up-to-date: /home/prog1/ros2_training/install/motor_action/share/motor_action/environment/library_path.sh
[0.985s] -- Up-to-date: /home/prog1/ros2_training/install/motor_action/share/motor_action/environment/library_path.dsv
[0.985s] -- Up-to-date: /home/prog1/ros2_training/install/motor_action/lib/libmotor_action__rosidl_generator_c.so
[0.985s] -- Up-to-date: /home/prog1/ros2_training/install/motor_action/include/motor_action/motor_action
[0.985s] -- Up-to-date: /home/prog1/ros2_training/install/motor_action/include/motor_action/motor_action/msg
[0.985s] -- Up-to-date: /home/prog1/ros2_training/install/motor_action/include/motor_action/motor_action/msg/rosidl_typesupport_fastrtps_c__visibility_control.h
[0.985s] -- Up-to-date: /home/prog1/ros2_training/install/motor_action/include/motor_action/motor_action/action
[0.985s] -- Up-to-date: /home/prog1/ros2_training/install/motor_action/include/motor_action/motor_action/action/detail
[0.985s] -- Up-to-date: /home/prog1/ros2_training/install/motor_action/include/motor_action/motor_action/action/detail/rotate__rosidl_typesupport_fastrtps_c.h
[0.987s] -- Up-to-date: /home/prog1/ros2_training/install/motor_action/include/motor_action/motor_action/action/detail/move__rosidl_typesupport_fastrtps_c.h
[0.987s] -- Up-to-date: /home/prog1/ros2_training/install/motor_action/lib/libmotor_action__rosidl_typesupport_fastrtps_c.so
[0.988s] -- Up-to-date: /home/prog1/ros2_training/install/motor_action/include/motor_action/motor_action
[0.988s] -- Up-to-date: /home/prog1/ros2_training/install/motor_action/include/motor_action/motor_action/msg
[0.988s] -- Up-to-date: /home/prog1/ros2_training/install/motor_action/include/motor_action/motor_action/msg/rosidl_typesupport_introspection_c__visibility_control.h
[0.988s] -- Up-to-date: /home/prog1/ros2_training/install/motor_action/include/motor_action/motor_action/action
[0.988s] -- Up-to-date: /home/prog1/ros2_training/install/motor_action/include/motor_action/motor_action/action/detail
[0.988s] -- Up-to-date: /home/prog1/ros2_training/install/motor_action/include/motor_action/motor_action/action/detail/move__rosidl_typesupport_introspection_c.h
[0.988s] -- Installing: /home/prog1/ros2_training/install/motor_action/include/motor_action/motor_action/action/detail/move__type_support.c
[0.988s] -- Up-to-date: /home/prog1/ros2_training/install/motor_action/include/motor_action/motor_action/action/detail/rotate__rosidl_typesupport_introspection_c.h
[0.988s] -- Up-to-date: /home/prog1/ros2_training/install/motor_action/include/motor_action/motor_action/action/detail/rotate__type_support.c
[0.988s] -- Up-to-date: /home/prog1/ros2_training/install/motor_action/lib/libmotor_action__rosidl_typesupport_introspection_c.so
[0.990s] -- Up-to-date: /home/prog1/ros2_training/install/motor_action/lib/libmotor_action__rosidl_typesupport_c.so
[0.990s] -- Up-to-date: /home/prog1/ros2_training/install/motor_action/include/motor_action/motor_action
[0.990s] -- Up-to-date: /home/prog1/ros2_training/install/motor_action/include/motor_action/motor_action/msg
[0.990s] -- Up-to-date: /home/prog1/ros2_training/install/motor_action/include/motor_action/motor_action/msg/rosidl_generator_cpp__visibility_control.hpp
[0.990s] -- Up-to-date: /home/prog1/ros2_training/install/motor_action/include/motor_action/motor_action/action
[0.991s] -- Up-to-date: /home/prog1/ros2_training/install/motor_action/include/motor_action/motor_action/action/rotate.hpp
[0.991s] -- Up-to-date: /home/prog1/ros2_training/install/motor_action/include/motor_action/motor_action/action/move.hpp
[0.991s] -- Up-to-date: /home/prog1/ros2_training/install/motor_action/include/motor_action/motor_action/action/detail
[0.991s] -- Up-to-date: /home/prog1/ros2_training/install/motor_action/include/motor_action/motor_action/action/detail/move__traits.hpp
[0.992s] -- Up-to-date: /home/prog1/ros2_training/install/motor_action/include/motor_action/motor_action/action/detail/move__builder.hpp
[0.992s] -- Up-to-date: /home/prog1/ros2_training/install/motor_action/include/motor_action/motor_action/action/detail/move__type_support.hpp
[0.992s] -- Up-to-date: /home/prog1/ros2_training/install/motor_action/include/motor_action/motor_action/action/detail/rotate__builder.hpp
[0.992s] -- Up-to-date: /home/prog1/ros2_training/install/motor_action/include/motor_action/motor_action/action/detail/rotate__struct.hpp
[0.993s] -- Up-to-date: /home/prog1/ros2_training/install/motor_action/include/motor_action/motor_action/action/detail/move__struct.hpp
[0.993s] -- Up-to-date: /home/prog1/ros2_training/install/motor_action/include/motor_action/motor_action/action/detail/rotate__type_support.hpp
[0.993s] -- Up-to-date: /home/prog1/ros2_training/install/motor_action/include/motor_action/motor_action/action/detail/rotate__traits.hpp
[0.993s] -- Up-to-date: /home/prog1/ros2_training/install/motor_action/include/motor_action/motor_action
[0.993s] -- Up-to-date: /home/prog1/ros2_training/install/motor_action/include/motor_action/motor_action/msg
[0.993s] -- Up-to-date: /home/prog1/ros2_training/install/motor_action/include/motor_action/motor_action/msg/rosidl_typesupport_fastrtps_cpp__visibility_control.h
[0.993s] -- Up-to-date: /home/prog1/ros2_training/install/motor_action/include/motor_action/motor_action/action
[0.993s] -- Up-to-date: /home/prog1/ros2_training/install/motor_action/include/motor_action/motor_action/action/detail
[0.993s] -- Up-to-date: /home/prog1/ros2_training/install/motor_action/include/motor_action/motor_action/action/detail/rotate__rosidl_typesupport_fastrtps_cpp.hpp
[0.993s] -- Up-to-date: /home/prog1/ros2_training/install/motor_action/include/motor_action/motor_action/action/detail/move__rosidl_typesupport_fastrtps_cpp.hpp
[0.994s] -- Up-to-date: /home/prog1/ros2_training/install/motor_action/include/motor_action/motor_action/action/detail/dds_fastrtps
[0.994s] -- Up-to-date: /home/prog1/ros2_training/install/motor_action/lib/libmotor_action__rosidl_typesupport_fastrtps_cpp.so
[0.996s] -- Up-to-date: /home/prog1/ros2_training/install/motor_action/include/motor_action/motor_action
[0.996s] -- Up-to-date: /home/prog1/ros2_training/install/motor_action/include/motor_action/motor_action/action
[0.996s] -- Up-to-date: /home/prog1/ros2_training/install/motor_action/include/motor_action/motor_action/action/detail
[0.996s] -- Up-to-date: /home/prog1/ros2_training/install/motor_action/include/motor_action/motor_action/action/detail/move__rosidl_typesupport_introspection_cpp.hpp
[0.997s] -- Up-to-date: /home/prog1/ros2_training/install/motor_action/include/motor_action/motor_action/action/detail/rotate__type_support.cpp
[0.997s] -- Up-to-date: /home/prog1/ros2_training/install/motor_action/include/motor_action/motor_action/action/detail/move__type_support.cpp
[0.997s] -- Up-to-date: /home/prog1/ros2_training/install/motor_action/include/motor_action/motor_action/action/detail/rotate__rosidl_typesupport_introspection_cpp.hpp
[0.997s] -- Up-to-date: /home/prog1/ros2_training/install/motor_action/lib/libmotor_action__rosidl_typesupport_introspection_cpp.so
[0.997s] -- Up-to-date: /home/prog1/ros2_training/install/motor_action/lib/libmotor_action__rosidl_typesupport_cpp.so
[0.997s] -- Up-to-date: /home/prog1/ros2_training/install/motor_action/share/motor_action/environment/pythonpath.sh
[0.997s] -- Up-to-date: /home/prog1/ros2_training/install/motor_action/share/motor_action/environment/pythonpath.dsv
[0.997s] -- Up-to-date: /home/prog1/ros2_training/install/motor_action/lib/python3.12/site-packages/motor_action-0.0.0-py3.12.egg-info
[0.997s] -- Installing: /home/prog1/ros2_training/install/motor_action/lib/python3.12/site-packages/motor_action-0.0.0-py3.12.egg-info/dependency_links.txt
[0.997s] -- Installing: /home/prog1/ros2_training/install/motor_action/lib/python3.12/site-packages/motor_action-0.0.0-py3.12.egg-info/PKG-INFO
[0.997s] -- Installing: /home/prog1/ros2_training/install/motor_action/lib/python3.12/site-packages/motor_action-0.0.0-py3.12.egg-info/SOURCES.txt
[0.998s] -- Installing: /home/prog1/ros2_training/install/motor_action/lib/python3.12/site-packages/motor_action-0.0.0-py3.12.egg-info/top_level.txt
[0.998s] -- Up-to-date: /home/prog1/ros2_training/install/motor_action/lib/python3.12/site-packages/motor_action
[0.998s] -- Up-to-date: /home/prog1/ros2_training/install/motor_action/lib/python3.12/site-packages/motor_action/_motor_action_s.ep.rosidl_typesupport_introspection_c.c
[0.998s] -- Up-to-date: /home/prog1/ros2_training/install/motor_action/lib/python3.12/site-packages/motor_action/motor_action_s__rosidl_typesupport_c.so
[0.998s] -- Up-to-date: /home/prog1/ros2_training/install/motor_action/lib/python3.12/site-packages/motor_action/_motor_action_s.ep.rosidl_typesupport_fastrtps_c.c
[1.000s] -- Up-to-date: /home/prog1/ros2_training/install/motor_action/lib/python3.12/site-packages/motor_action/__init__.py
[1.000s] -- Up-to-date: /home/prog1/ros2_training/install/motor_action/lib/python3.12/site-packages/motor_action/_motor_action_s.ep.rosidl_typesupport_c.c
[1.000s] -- Up-to-date: /home/prog1/ros2_training/install/motor_action/lib/python3.12/site-packages/motor_action/motor_action_s__rosidl_typesupport_introspection_c.so
[1.000s] -- Up-to-date: /home/prog1/ros2_training/install/motor_action/lib/python3.12/site-packages/motor_action/motor_action_s__rosidl_typesupport_fastrtps_c.so
[1.001s] -- Up-to-date: /home/prog1/ros2_training/install/motor_action/lib/python3.12/site-packages/motor_action/action
[1.003s] -- Up-to-date: /home/prog1/ros2_training/install/motor_action/lib/python3.12/site-packages/motor_action/action/_move_s.c
[1.003s] -- Up-to-date: /home/prog1/ros2_training/install/motor_action/lib/python3.12/site-packages/motor_action/action/_rotate_s.c
[1.003s] -- Up-to-date: /home/prog1/ros2_training/install/motor_action/lib/python3.12/site-packages/motor_action/action/__init__.py
[1.003s] -- Up-to-date: /home/prog1/ros2_training/install/motor_action/lib/python3.12/site-packages/motor_action/action/_move.py
[1.003s] -- Up-to-date: /home/prog1/ros2_training/install/motor_action/lib/python3.12/site-packages/motor_action/action/_rotate.py
[1.042s] Listing '/home/prog1/ros2_training/install/motor_action/lib/python3.12/site-packages/motor_action'...
[1.042s] Listing '/home/prog1/ros2_training/install/motor_action/lib/python3.12/site-packages/motor_action/action'...
[1.050s] -- Up-to-date: /home/prog1/ros2_training/install/motor_action/lib/python3.12/site-packages/motor_action/motor_action_s__rosidl_typesupport_fastrtps_c.so
[1.050s] -- Up-to-date: /home/prog1/ros2_training/install/motor_action/lib/python3.12/site-packages/motor_action/motor_action_s__rosidl_typesupport_introspection_c.so
[1.051s] -- Up-to-date: /home/prog1/ros2_training/install/motor_action/lib/python3.12/site-packages/motor_action/motor_action_s__rosidl_typesupport_c.so
[1.051s] -- Up-to-date: /home/prog1/ros2_training/install/motor_action/lib/libmotor_action__rosidl_generator_py.so
[1.052s] -- Up-to-date: /home/prog1/ros2_training/install/motor_action/share/ament_index/resource_index/rust_packages/motor_action
[1.052s] -- Up-to-date: /home/prog1/ros2_training/install/motor_action/share/motor_action/rust
[1.052s] -- Up-to-date: /home/prog1/ros2_training/install/motor_action/share/motor_action/rust/src
[1.053s] -- Up-to-date: /home/prog1/ros2_training/install/motor_action/share/motor_action/rust/src/lib.rs
[1.053s] -- Up-to-date: /home/prog1/ros2_training/install/motor_action/share/motor_action/rust/src/action.rs
[1.053s] -- Up-to-date: /home/prog1/ros2_training/install/motor_action/share/motor_action/rust/src/action
[1.053s] -- Up-to-date: /home/prog1/ros2_training/install/motor_action/share/motor_action/rust/src/action/rmw.rs
[1.054s] -- Up-to-date: /home/prog1/ros2_training/install/motor_action/share/motor_action/rust/Cargo.toml
[1.054s] -- Up-to-date: /home/prog1/ros2_training/install/motor_action/share/motor_action/rust/build.rs
[1.054s] -- Up-to-date: /home/prog1/ros2_training/install/motor_action/share/motor_action/action/Move.idl
[1.054s] -- Up-to-date: /home/prog1/ros2_training/install/motor_action/share/motor_action/action/Move.action
[1.054s] -- Up-to-date: /home/prog1/ros2_training/install/motor_action/share/ament_index/resource_index/package_run_dependencies/motor_action
[1.054s] -- Up-to-date: /home/prog1/ros2_training/install/motor_action/share/ament_index/resource_index/parent_prefix_path/motor_action
[1.056s] -- Up-to-date: /home/prog1/ros2_training/install/motor_action/share/motor_action/environment/ament_prefix_path.sh
[1.056s] -- Up-to-date: /home/prog1/ros2_training/install/motor_action/share/motor_action/environment/ament_prefix_path.dsv
[1.056s] -- Up-to-date: /home/prog1/ros2_training/install/motor_action/share/motor_action/environment/path.sh
[1.056s] -- Up-to-date: /home/prog1/ros2_training/install/motor_action/share/motor_action/environment/path.dsv
[1.056s] -- Up-to-date: /home/prog1/ros2_training/install/motor_action/share/motor_action/local_setup.bash
[1.056s] -- Up-to-date: /home/prog1/ros2_training/install/motor_action/share/motor_action/local_setup.sh
[1.056s] -- Up-to-date: /home/prog1/ros2_training/install/motor_action/share/motor_action/local_setup.zsh
[1.056s] -- Up-to-date: /home/prog1/ros2_training/install/motor_action/share/motor_action/local_setup.dsv
[1.058s] -- Installing: /home/prog1/ros2_training/install/motor_action/share/motor_action/package.dsv
[1.058s] -- Up-to-date: /home/prog1/ros2_training/install/motor_action/share/ament_index/resource_index/packages/motor_action
[1.058s] -- Up-to-date: /home/prog1/ros2_training/install/motor_action/share/motor_action/cmake/export_motor_action__rosidl_generator_cExport.cmake
[1.058s] -- Up-to-date: /home/prog1/ros2_training/install/motor_action/share/motor_action/cmake/export_motor_action__rosidl_generator_cExport-noconfig.cmake
[1.059s] -- Up-to-date: /home/prog1/ros2_training/install/motor_action/share/motor_action/cmake/export_motor_action__rosidl_typesupport_fastrtps_cExport.cmake
[1.059s] -- Up-to-date: /home/prog1/ros2_training/install/motor_action/share/motor_action/cmake/export_motor_action__rosidl_typesupport_fastrtps_cExport-noconfig.cmake
[1.060s] -- Up-to-date: /home/prog1/ros2_training/install/motor_action/share/motor_action/cmake/motor_action__rosidl_typesupport_introspection_cExport.cmake
[1.060s] -- Up-to-date: /home/prog1/ros2_training/install/motor_action/share/motor_action/cmake/motor_action__rosidl_typesupport_introspection_cExport-noconfig.cmake
[1.060s] -- Up-to-date: /home/prog1/ros2_training/install/motor_action/share/motor_action/cmake/motor_action__rosidl_typesupport_cExport.cmake
[1.061s] -- Up-to-date: /home/prog1/ros2_training/install/motor_action/share/motor_action/cmake/motor_action__rosidl_typesupport_cExport-noconfig.cmake
[1.062s] -- Up-to-date: /home/prog1/ros2_training/install/motor_action/share/motor_action/cmake/export_motor_action__rosidl_generator_cppExport.cmake
[1.062s] -- Up-to-date: /home/prog1/ros2_training/install/motor_action/share/motor_action/cmake/export_motor_action__rosidl_typesupport_fastrtps_cppExport.cmake
[1.062s] -- Up-to-date: /home/prog1/ros2_training/install/motor_action/share/motor_action/cmake/export_motor_action__rosidl_typesupport_fastrtps_cppExport-noconfig.cmake
[1.062s] -- Up-to-date: /home/prog1/ros2_training/install/motor_action/share/motor_action/cmake/motor_action__rosidl_typesupport_introspection_cppExport.cmake
[1.063s] -- Up-to-date: /home/prog1/ros2_training/install/motor_action/share/motor_action/cmake/motor_action__rosidl_typesupport_introspection_cppExport-noconfig.cmake
[1.063s] -- Up-to-date: /home/prog1/ros2_training/install/motor_action/share/motor_action/cmake/motor_action__rosidl_typesupport_cppExport.cmake
[1.063s] -- Up-to-date: /home/prog1/ros2_training/install/motor_action/share/motor_action/cmake/motor_action__rosidl_typesupport_cppExport-noconfig.cmake
[1.063s] -- Up-to-date: /home/prog1/ros2_training/install/motor_action/share/motor_action/cmake/export_motor_action__rosidl_generator_pyExport.cmake
[1.063s] -- Up-to-date: /home/prog1/ros2_training/install/motor_action/share/motor_action/cmake/export_motor_action__rosidl_generator_pyExport-noconfig.cmake
[1.063s] -- Up-to-date: /home/prog1/ros2_training/install/motor_action/share/motor_action/cmake/rosidl_cmake-extras.cmake
[1.063s] -- Up-to-date: /home/prog1/ros2_training/install/motor_action/share/motor_action/cmake/ament_cmake_export_dependencies-extras.cmake
[1.063s] -- Up-to-date: /home/prog1/ros2_training/install/motor_action/share/motor_action/cmake/ament_cmake_export_include_directories-extras.cmake
[1.065s] -- Up-to-date: /home/prog1/ros2_training/install/motor_action/share/motor_action/cmake/ament_cmake_export_libraries-extras.cmake
[1.065s] -- Up-to-date: /home/prog1/ros2_training/install/motor_action/share/motor_action/cmake/ament_cmake_export_targets-extras.cmake
[1.065s] -- Up-to-date: /home/prog1/ros2_training/install/motor_action/share/motor_action/cmake/rosidl_cmake_export_typesupport_targets-extras.cmake
[1.065s] -- Up-to-date: /home/prog1/ros2_training/install/motor_action/share/motor_action/cmake/rosidl_cmake_export_typesupport_libraries-extras.cmake
[1.066s] -- Up-to-date: /home/prog1/ros2_training/install/motor_action/share/motor_action/cmake/motor_actionConfig.cmake
[1.066s] -- Up-to-date: /home/prog1/ros2_training/install/motor_action/share/motor_action/cmake/motor_actionConfig-version.cmake
[1.066s] -- Up-to-date: /home/prog1/ros2_training/install/motor_action/share/motor_action/package.xml
[1.069s] Invoked command in '/home/prog1/ros2_training/build/motor_action' returned '0': CMAKE_PREFIX_PATH=${CMAKE_PREFIX_PATH}:/home/prog1/ros2_training/install/py_talker:/home/prog1/ros2_training/install/controller:/opt/ros/jazzy DEBUGINFOD_URLS=https://debuginfod.ubuntu.com /usr/bin/cmake --install /home/prog1/ros2_training/build/motor_action
