[0.267s] Invoking command in '/home/prog1/ros2_training/build/input_handler': CMAKE_PREFIX_PATH=${CMAKE_PREFIX_PATH}:/home/prog1/ros2_training/install/py_talker:/home/prog1/ros2_training/install/controller:/opt/ros/jazzy DEBUGINFOD_URLS=https://debuginfod.ubuntu.com /usr/bin/cmake --build /home/prog1/ros2_training/build/input_handler -- -j2 -l2
[0.358s] [100%] Built target input_handler
[0.373s] Invoked command in '/home/prog1/ros2_training/build/input_handler' returned '0': CMAKE_PREFIX_PATH=${CMAKE_PREFIX_PATH}:/home/prog1/ros2_training/install/py_talker:/home/prog1/ros2_training/install/controller:/opt/ros/jazzy DEBUGINFOD_URLS=https://debuginfod.ubuntu.com /usr/bin/cmake --build /home/prog1/ros2_training/build/input_handler -- -j2 -l2
[0.388s] Invoking command in '/home/prog1/ros2_training/build/input_handler': CMAKE_PREFIX_PATH=${CMAKE_PREFIX_PATH}:/home/prog1/ros2_training/install/py_talker:/home/prog1/ros2_training/install/controller:/opt/ros/jazzy DEBUGINFOD_URLS=https://debuginfod.ubuntu.com /usr/bin/cmake --install /home/prog1/ros2_training/build/input_handler
[0.402s] -- Install configuration: ""
[0.404s] -- Up-to-date: /home/prog1/ros2_training/install/input_handler/lib/input_handler/input_handler
[0.405s] -- Up-to-date: /home/prog1/ros2_training/install/input_handler/share/ament_index/resource_index/package_run_dependencies/input_handler
[0.405s] -- Up-to-date: /home/prog1/ros2_training/install/input_handler/share/ament_index/resource_index/parent_prefix_path/input_handler
[0.405s] -- Up-to-date: /home/prog1/ros2_training/install/input_handler/share/input_handler/environment/ament_prefix_path.sh
[0.406s] -- Up-to-date: /home/prog1/ros2_training/install/input_handler/share/input_handler/environment/ament_prefix_path.dsv
[0.407s] -- Up-to-date: /home/prog1/ros2_training/install/input_handler/share/input_handler/environment/path.sh
[0.407s] -- Up-to-date: /home/prog1/ros2_training/install/input_handler/share/input_handler/environment/path.dsv
[0.407s] -- Up-to-date: /home/prog1/ros2_training/install/input_handler/share/input_handler/local_setup.bash
[0.407s] -- Up-to-date: /home/prog1/ros2_training/install/input_handler/share/input_handler/local_setup.sh
[0.407s] -- Up-to-date: /home/prog1/ros2_training/install/input_handler/share/input_handler/local_setup.zsh
[0.407s] -- Up-to-date: /home/prog1/ros2_training/install/input_handler/share/input_handler/local_setup.dsv
[0.408s] -- Installing: /home/prog1/ros2_training/install/input_handler/share/input_handler/package.dsv
[0.408s] -- Up-to-date: /home/prog1/ros2_training/install/input_handler/share/ament_index/resource_index/packages/input_handler
[0.408s] -- Up-to-date: /home/prog1/ros2_training/install/input_handler/share/input_handler/cmake/input_handlerConfig.cmake
[0.408s] -- Up-to-date: /home/prog1/ros2_training/install/input_handler/share/input_handler/cmake/input_handlerConfig-version.cmake
[0.409s] -- Up-to-date: /home/prog1/ros2_training/install/input_handler/share/input_handler/package.xml
[0.411s] Invoked command in '/home/prog1/ros2_training/build/input_handler' returned '0': CMAKE_PREFIX_PATH=${CMAKE_PREFIX_PATH}:/home/prog1/ros2_training/install/py_talker:/home/prog1/ros2_training/install/controller:/opt/ros/jazzy DEBUGINFOD_URLS=https://debuginfod.ubuntu.com /usr/bin/cmake --install /home/prog1/ros2_training/build/input_handler
