[ 50%] [32mBuilding CXX object CMakeFiles/input_handler.dir/src/input_handler.cpp.o[0m
[100%] [32m[1mLinking CXX executable input_handler[0m
[100%] Built target input_handler
-- Install configuration: ""
-- Installing: /home/prog1/ros2_training/install/input_handler/lib/input_handler/input_handler
-- Set non-toolchain portion of runtime path of "/home/prog1/ros2_training/install/input_handler/lib/input_handler/input_handler" to ""
-- Up-to-date: /home/prog1/ros2_training/install/input_handler/share/ament_index/resource_index/package_run_dependencies/input_handler
-- Up-to-date: /home/prog1/ros2_training/install/input_handler/share/ament_index/resource_index/parent_prefix_path/input_handler
-- Up-to-date: /home/prog1/ros2_training/install/input_handler/share/input_handler/environment/ament_prefix_path.sh
-- Up-to-date: /home/prog1/ros2_training/install/input_handler/share/input_handler/environment/ament_prefix_path.dsv
-- Up-to-date: /home/prog1/ros2_training/install/input_handler/share/input_handler/environment/path.sh
-- Up-to-date: /home/prog1/ros2_training/install/input_handler/share/input_handler/environment/path.dsv
-- Up-to-date: /home/prog1/ros2_training/install/input_handler/share/input_handler/local_setup.bash
-- Up-to-date: /home/prog1/ros2_training/install/input_handler/share/input_handler/local_setup.sh
-- Up-to-date: /home/prog1/ros2_training/install/input_handler/share/input_handler/local_setup.zsh
-- Up-to-date: /home/prog1/ros2_training/install/input_handler/share/input_handler/local_setup.dsv
-- Installing: /home/prog1/ros2_training/install/input_handler/share/input_handler/package.dsv
-- Up-to-date: /home/prog1/ros2_training/install/input_handler/share/ament_index/resource_index/packages/input_handler
-- Up-to-date: /home/prog1/ros2_training/install/input_handler/share/input_handler/cmake/input_handlerConfig.cmake
-- Up-to-date: /home/prog1/ros2_training/install/input_handler/share/input_handler/cmake/input_handlerConfig-version.cmake
-- Up-to-date: /home/prog1/ros2_training/install/input_handler/share/input_handler/package.xml
