[0.016s] Invoking command in '/home/prog1/ros2_training/build/input_handler': CMAKE_PREFIX_PATH=/home/prog1/ros2_training/install/motor_action:/home/prog1/ros2_training/install/motor_handler:/home/prog1/ros2_training/install/input_handler:/home/prog1/ros2_training/install/cpp_listener:/opt/ros/jazzy/opt/gz_math_vendor:/opt/ros/jazzy/opt/gz_utils_vendor:/opt/ros/jazzy/opt/gz_cmake_vendor:/home/prog1/ros2_training/install/py_talker:/home/prog1/ros2_training/install/controller:/opt/ros/jazzy DEBUGINFOD_URLS=https://debuginfod.ubuntu.com PYTHONPATH=/home/prog1/ros2_training/install/motor_action/lib/python3.12/site-packages:/home/prog1/ros2_training/install/py_talker/lib/python3.12/site-packages:/home/prog1/ros2_training/install/controller/lib/python3.12/site-packages:/opt/ros/jazzy/lib/python3.12/site-packages /usr/bin/cmake --build /home/prog1/ros2_training/build/input_handler -- -j2 -l2
[0.111s] [ 50%] [32mBuilding CXX object CMakeFiles/input_handler.dir/src/input_handler.cpp.o[0m
[10.519s] [100%] [32m[1mLinking CXX executable input_handler[0m
[10.930s] [100%] Built target input_handler
[10.948s] Invoked command in '/home/prog1/ros2_training/build/input_handler' returned '0': CMAKE_PREFIX_PATH=/home/prog1/ros2_training/install/motor_action:/home/prog1/ros2_training/install/motor_handler:/home/prog1/ros2_training/install/input_handler:/home/prog1/ros2_training/install/cpp_listener:/opt/ros/jazzy/opt/gz_math_vendor:/opt/ros/jazzy/opt/gz_utils_vendor:/opt/ros/jazzy/opt/gz_cmake_vendor:/home/prog1/ros2_training/install/py_talker:/home/prog1/ros2_training/install/controller:/opt/ros/jazzy DEBUGINFOD_URLS=https://debuginfod.ubuntu.com PYTHONPATH=/home/prog1/ros2_training/install/motor_action/lib/python3.12/site-packages:/home/prog1/ros2_training/install/py_talker/lib/python3.12/site-packages:/home/prog1/ros2_training/install/controller/lib/python3.12/site-packages:/opt/ros/jazzy/lib/python3.12/site-packages /usr/bin/cmake --build /home/prog1/ros2_training/build/input_handler -- -j2 -l2
[10.948s] Invoking command in '/home/prog1/ros2_training/build/input_handler': CMAKE_PREFIX_PATH=/home/prog1/ros2_training/install/motor_action:/home/prog1/ros2_training/install/motor_handler:/home/prog1/ros2_training/install/input_handler:/home/prog1/ros2_training/install/cpp_listener:/opt/ros/jazzy/opt/gz_math_vendor:/opt/ros/jazzy/opt/gz_utils_vendor:/opt/ros/jazzy/opt/gz_cmake_vendor:/home/prog1/ros2_training/install/py_talker:/home/prog1/ros2_training/install/controller:/opt/ros/jazzy DEBUGINFOD_URLS=https://debuginfod.ubuntu.com PYTHONPATH=/home/prog1/ros2_training/install/motor_action/lib/python3.12/site-packages:/home/prog1/ros2_training/install/py_talker/lib/python3.12/site-packages:/home/prog1/ros2_training/install/controller/lib/python3.12/site-packages:/opt/ros/jazzy/lib/python3.12/site-packages /usr/bin/cmake --install /home/prog1/ros2_training/build/input_handler
[10.961s] -- Install configuration: ""
[10.961s] -- Installing: /home/prog1/ros2_training/install/input_handler/lib/input_handler/input_handler
[10.966s] -- Set non-toolchain portion of runtime path of "/home/prog1/ros2_training/install/input_handler/lib/input_handler/input_handler" to ""
[10.966s] -- Up-to-date: /home/prog1/ros2_training/install/input_handler/share/ament_index/resource_index/package_run_dependencies/input_handler
[10.966s] -- Up-to-date: /home/prog1/ros2_training/install/input_handler/share/ament_index/resource_index/parent_prefix_path/input_handler
[10.967s] -- Up-to-date: /home/prog1/ros2_training/install/input_handler/share/input_handler/environment/ament_prefix_path.sh
[10.967s] -- Up-to-date: /home/prog1/ros2_training/install/input_handler/share/input_handler/environment/ament_prefix_path.dsv
[10.967s] -- Up-to-date: /home/prog1/ros2_training/install/input_handler/share/input_handler/environment/path.sh
[10.967s] -- Up-to-date: /home/prog1/ros2_training/install/input_handler/share/input_handler/environment/path.dsv
[10.967s] -- Up-to-date: /home/prog1/ros2_training/install/input_handler/share/input_handler/local_setup.bash
[10.967s] -- Up-to-date: /home/prog1/ros2_training/install/input_handler/share/input_handler/local_setup.sh
[10.968s] -- Up-to-date: /home/prog1/ros2_training/install/input_handler/share/input_handler/local_setup.zsh
[10.968s] -- Up-to-date: /home/prog1/ros2_training/install/input_handler/share/input_handler/local_setup.dsv
[10.968s] -- Installing: /home/prog1/ros2_training/install/input_handler/share/input_handler/package.dsv
[10.968s] -- Up-to-date: /home/prog1/ros2_training/install/input_handler/share/ament_index/resource_index/packages/input_handler
[10.968s] -- Up-to-date: /home/prog1/ros2_training/install/input_handler/share/input_handler/cmake/input_handlerConfig.cmake
[10.969s] -- Up-to-date: /home/prog1/ros2_training/install/input_handler/share/input_handler/cmake/input_handlerConfig-version.cmake
[10.969s] -- Up-to-date: /home/prog1/ros2_training/install/input_handler/share/input_handler/package.xml
[10.972s] Invoked command in '/home/prog1/ros2_training/build/input_handler' returned '0': CMAKE_PREFIX_PATH=/home/prog1/ros2_training/install/motor_action:/home/prog1/ros2_training/install/motor_handler:/home/prog1/ros2_training/install/input_handler:/home/prog1/ros2_training/install/cpp_listener:/opt/ros/jazzy/opt/gz_math_vendor:/opt/ros/jazzy/opt/gz_utils_vendor:/opt/ros/jazzy/opt/gz_cmake_vendor:/home/prog1/ros2_training/install/py_talker:/home/prog1/ros2_training/install/controller:/opt/ros/jazzy DEBUGINFOD_URLS=https://debuginfod.ubuntu.com PYTHONPATH=/home/prog1/ros2_training/install/motor_action/lib/python3.12/site-packages:/home/prog1/ros2_training/install/py_talker/lib/python3.12/site-packages:/home/prog1/ros2_training/install/controller/lib/python3.12/site-packages:/opt/ros/jazzy/lib/python3.12/site-packages /usr/bin/cmake --install /home/prog1/ros2_training/build/input_handler
