[0.121s] DEBUG:colcon:Command line arguments: ['/usr/bin/colcon', 'build']
[0.121s] DEBUG:colcon:Parsed command line arguments: Namespace(log_base=None, log_level=None, verb_name='build', build_base='build', install_base='install', merge_install=False, symlink_install=False, test_result_base=None, continue_on_error=False, executor='parallel', parallel_workers=2, event_handlers=None, ignore_user_meta=False, metas=['./colcon.meta'], base_paths=['.'], packages_ignore=None, packages_ignore_regex=None, paths=None, packages_up_to=None, packages_up_to_regex=None, packages_above=None, packages_above_and_dependencies=None, packages_above_depth=None, packages_select_by_dep=None, packages_skip_by_dep=None, packages_skip_up_to=None, packages_select_build_failed=False, packages_skip_build_finished=False, packages_select_test_failures=False, packages_skip_test_passed=False, packages_select=None, packages_skip=None, packages_select_regex=None, packages_skip_regex=None, packages_start=None, packages_end=None, allow_overriding=[], cmake_args=None, cmake_target=None, cmake_target_skip_unavailable=False, cmake_clean_cache=False, cmake_clean_first=False, cmake_force_configure=False, ament_cmake_args=None, catkin_cmake_args=None, catkin_skip_building_tests=False, verb_parser=<colcon_defaults.argument_parser.defaults.DefaultArgumentsDecorator object at 0x7d0df187a480>, verb_extension=<colcon_core.verb.build.BuildVerb object at 0x7d0df187a3f0>, main=<bound method BuildVerb.main of <colcon_core.verb.build.BuildVerb object at 0x7d0df187a3f0>>)
[0.165s] Level 1:colcon.colcon_core.package_discovery:discover_packages(colcon_meta) check parameters
[0.165s] Level 1:colcon.colcon_core.package_discovery:discover_packages(recursive) check parameters
[0.165s] Level 1:colcon.colcon_core.package_discovery:discover_packages(ignore) check parameters
[0.165s] Level 1:colcon.colcon_core.package_discovery:discover_packages(path) check parameters
[0.165s] Level 1:colcon.colcon_core.package_discovery:discover_packages(colcon_meta) discover
[0.165s] Level 1:colcon.colcon_core.package_discovery:discover_packages(recursive) discover
[0.165s] INFO:colcon.colcon_core.package_discovery:Crawling recursively for packages in '/home/prog1/ros2_training'
[0.165s] Level 1:colcon.colcon_core.package_identification:_identify(.) by extensions ['ignore', 'ignore_ament_install']
[0.165s] Level 1:colcon.colcon_core.package_identification:_identify(.) by extension 'ignore'
[0.165s] Level 1:colcon.colcon_core.package_identification:_identify(.) by extension 'ignore_ament_install'
[0.165s] Level 1:colcon.colcon_core.package_identification:_identify(.) by extensions ['colcon_pkg']
[0.165s] Level 1:colcon.colcon_core.package_identification:_identify(.) by extension 'colcon_pkg'
[0.165s] Level 1:colcon.colcon_core.package_identification:_identify(.) by extensions ['colcon_meta']
[0.166s] Level 1:colcon.colcon_core.package_identification:_identify(.) by extension 'colcon_meta'
[0.166s] Level 1:colcon.colcon_core.package_identification:_identify(.) by extensions ['ros']
[0.166s] Level 1:colcon.colcon_core.package_identification:_identify(.) by extension 'ros'
[0.195s] Level 1:colcon.colcon_core.package_identification:_identify(.) by extensions ['cmake', 'python']
[0.195s] Level 1:colcon.colcon_core.package_identification:_identify(.) by extension 'cmake'
[0.195s] Level 1:colcon.colcon_core.package_identification:_identify(.) by extension 'python'
[0.195s] Level 1:colcon.colcon_core.package_identification:_identify(.) by extensions ['python_setup_py']
[0.195s] Level 1:colcon.colcon_core.package_identification:_identify(.) by extension 'python_setup_py'
[0.195s] Level 1:colcon.colcon_core.package_identification:_identify(build) by extensions ['ignore', 'ignore_ament_install']
[0.195s] Level 1:colcon.colcon_core.package_identification:_identify(build) by extension 'ignore'
[0.195s] Level 1:colcon.colcon_core.package_identification:_identify(build) ignored
[0.195s] Level 1:colcon.colcon_core.package_identification:_identify(install) by extensions ['ignore', 'ignore_ament_install']
[0.195s] Level 1:colcon.colcon_core.package_identification:_identify(install) by extension 'ignore'
[0.196s] Level 1:colcon.colcon_core.package_identification:_identify(install) ignored
[0.196s] Level 1:colcon.colcon_core.package_identification:_identify(log) by extensions ['ignore', 'ignore_ament_install']
[0.196s] Level 1:colcon.colcon_core.package_identification:_identify(log) by extension 'ignore'
[0.196s] Level 1:colcon.colcon_core.package_identification:_identify(log) ignored
[0.196s] Level 1:colcon.colcon_core.package_identification:_identify(src) by extensions ['ignore', 'ignore_ament_install']
[0.196s] Level 1:colcon.colcon_core.package_identification:_identify(src) by extension 'ignore'
[0.196s] Level 1:colcon.colcon_core.package_identification:_identify(src) by extension 'ignore_ament_install'
[0.196s] Level 1:colcon.colcon_core.package_identification:_identify(src) by extensions ['colcon_pkg']
[0.196s] Level 1:colcon.colcon_core.package_identification:_identify(src) by extension 'colcon_pkg'
[0.196s] Level 1:colcon.colcon_core.package_identification:_identify(src) by extensions ['colcon_meta']
[0.196s] Level 1:colcon.colcon_core.package_identification:_identify(src) by extension 'colcon_meta'
[0.196s] Level 1:colcon.colcon_core.package_identification:_identify(src) by extensions ['ros']
[0.196s] Level 1:colcon.colcon_core.package_identification:_identify(src) by extension 'ros'
[0.196s] Level 1:colcon.colcon_core.package_identification:_identify(src) by extensions ['cmake', 'python']
[0.196s] Level 1:colcon.colcon_core.package_identification:_identify(src) by extension 'cmake'
[0.196s] Level 1:colcon.colcon_core.package_identification:_identify(src) by extension 'python'
[0.196s] Level 1:colcon.colcon_core.package_identification:_identify(src) by extensions ['python_setup_py']
[0.196s] Level 1:colcon.colcon_core.package_identification:_identify(src) by extension 'python_setup_py'
[0.197s] Level 1:colcon.colcon_core.package_identification:_identify(src/build) by extensions ['ignore', 'ignore_ament_install']
[0.197s] Level 1:colcon.colcon_core.package_identification:_identify(src/build) by extension 'ignore'
[0.197s] Level 1:colcon.colcon_core.package_identification:_identify(src/build) ignored
[0.197s] Level 1:colcon.colcon_core.package_identification:_identify(src/controller) by extensions ['ignore', 'ignore_ament_install']
[0.197s] Level 1:colcon.colcon_core.package_identification:_identify(src/controller) by extension 'ignore'
[0.197s] Level 1:colcon.colcon_core.package_identification:_identify(src/controller) by extension 'ignore_ament_install'
[0.197s] Level 1:colcon.colcon_core.package_identification:_identify(src/controller) by extensions ['colcon_pkg']
[0.197s] Level 1:colcon.colcon_core.package_identification:_identify(src/controller) by extension 'colcon_pkg'
[0.197s] Level 1:colcon.colcon_core.package_identification:_identify(src/controller) by extensions ['colcon_meta']
[0.197s] Level 1:colcon.colcon_core.package_identification:_identify(src/controller) by extension 'colcon_meta'
[0.197s] Level 1:colcon.colcon_core.package_identification:_identify(src/controller) by extensions ['ros']
[0.197s] Level 1:colcon.colcon_core.package_identification:_identify(src/controller) by extension 'ros'
[0.201s] DEBUG:colcon.colcon_core.package_identification:Package 'src/controller' with type 'ros.ament_python' and name 'controller'
[0.202s] Level 1:colcon.colcon_core.package_identification:_identify(src/input_handler) by extensions ['ignore', 'ignore_ament_install']
[0.202s] Level 1:colcon.colcon_core.package_identification:_identify(src/input_handler) by extension 'ignore'
[0.202s] Level 1:colcon.colcon_core.package_identification:_identify(src/input_handler) by extension 'ignore_ament_install'
[0.202s] Level 1:colcon.colcon_core.package_identification:_identify(src/input_handler) by extensions ['colcon_pkg']
[0.202s] Level 1:colcon.colcon_core.package_identification:_identify(src/input_handler) by extension 'colcon_pkg'
[0.203s] Level 1:colcon.colcon_core.package_identification:_identify(src/input_handler) by extensions ['colcon_meta']
[0.203s] Level 1:colcon.colcon_core.package_identification:_identify(src/input_handler) by extension 'colcon_meta'
[0.203s] Level 1:colcon.colcon_core.package_identification:_identify(src/input_handler) by extensions ['ros']
[0.203s] Level 1:colcon.colcon_core.package_identification:_identify(src/input_handler) by extension 'ros'
[0.204s] DEBUG:colcon.colcon_core.package_identification:Package 'src/input_handler' with type 'ros.ament_cmake' and name 'input_handler'
[0.204s] Level 1:colcon.colcon_core.package_identification:_identify(src/install) by extensions ['ignore', 'ignore_ament_install']
[0.204s] Level 1:colcon.colcon_core.package_identification:_identify(src/install) by extension 'ignore'
[0.204s] Level 1:colcon.colcon_core.package_identification:_identify(src/install) ignored
[0.204s] Level 1:colcon.colcon_core.package_identification:_identify(src/log) by extensions ['ignore', 'ignore_ament_install']
[0.204s] Level 1:colcon.colcon_core.package_identification:_identify(src/log) by extension 'ignore'
[0.205s] Level 1:colcon.colcon_core.package_identification:_identify(src/log) ignored
[0.205s] Level 1:colcon.colcon_core.package_identification:_identify(src/motor_action) by extensions ['ignore', 'ignore_ament_install']
[0.205s] Level 1:colcon.colcon_core.package_identification:_identify(src/motor_action) by extension 'ignore'
[0.205s] Level 1:colcon.colcon_core.package_identification:_identify(src/motor_action) by extension 'ignore_ament_install'
[0.205s] Level 1:colcon.colcon_core.package_identification:_identify(src/motor_action) by extensions ['colcon_pkg']
[0.205s] Level 1:colcon.colcon_core.package_identification:_identify(src/motor_action) by extension 'colcon_pkg'
[0.205s] Level 1:colcon.colcon_core.package_identification:_identify(src/motor_action) by extensions ['colcon_meta']
[0.205s] Level 1:colcon.colcon_core.package_identification:_identify(src/motor_action) by extension 'colcon_meta'
[0.205s] Level 1:colcon.colcon_core.package_identification:_identify(src/motor_action) by extensions ['ros']
[0.205s] Level 1:colcon.colcon_core.package_identification:_identify(src/motor_action) by extension 'ros'
[0.206s] DEBUG:colcon.colcon_core.package_identification:Package 'src/motor_action' with type 'ros.ament_cmake' and name 'motor_action'
[0.206s] Level 1:colcon.colcon_core.package_discovery:discover_packages(recursive) using defaults
[0.206s] Level 1:colcon.colcon_core.package_discovery:discover_packages(ignore) discover
[0.206s] Level 1:colcon.colcon_core.package_discovery:discover_packages(ignore) using defaults
[0.206s] Level 1:colcon.colcon_core.package_discovery:discover_packages(path) discover
[0.206s] Level 1:colcon.colcon_core.package_discovery:discover_packages(path) using defaults
[0.226s] Level 1:colcon.colcon_core.package_discovery:discover_packages(prefix_path) check parameters
[0.226s] Level 1:colcon.colcon_core.package_discovery:discover_packages(prefix_path) discover
[0.229s] DEBUG:colcon.colcon_installed_package_information.package_discovery:Found 6 installed packages in /home/prog1/ros2_training/install
[0.230s] DEBUG:colcon.colcon_installed_package_information.package_discovery:Found 287 installed packages in /opt/ros/jazzy
[0.231s] Level 1:colcon.colcon_core.package_discovery:discover_packages(prefix_path) using defaults
[0.282s] Level 5:colcon.colcon_core.verb:set package 'controller' build argument 'cmake_args' from command line to 'None'
[0.283s] Level 5:colcon.colcon_core.verb:set package 'controller' build argument 'cmake_target' from command line to 'None'
[0.283s] Level 5:colcon.colcon_core.verb:set package 'controller' build argument 'cmake_target_skip_unavailable' from command line to 'False'
[0.283s] Level 5:colcon.colcon_core.verb:set package 'controller' build argument 'cmake_clean_cache' from command line to 'False'
[0.283s] Level 5:colcon.colcon_core.verb:set package 'controller' build argument 'cmake_clean_first' from command line to 'False'
[0.283s] Level 5:colcon.colcon_core.verb:set package 'controller' build argument 'cmake_force_configure' from command line to 'False'
[0.283s] Level 5:colcon.colcon_core.verb:set package 'controller' build argument 'ament_cmake_args' from command line to 'None'
[0.283s] Level 5:colcon.colcon_core.verb:set package 'controller' build argument 'catkin_cmake_args' from command line to 'None'
[0.283s] Level 5:colcon.colcon_core.verb:set package 'controller' build argument 'catkin_skip_building_tests' from command line to 'False'
[0.283s] DEBUG:colcon.colcon_core.verb:Building package 'controller' with the following arguments: {'ament_cmake_args': None, 'build_base': '/home/prog1/ros2_training/build/controller', 'catkin_cmake_args': None, 'catkin_skip_building_tests': False, 'cmake_args': None, 'cmake_clean_cache': False, 'cmake_clean_first': False, 'cmake_force_configure': False, 'cmake_target': None, 'cmake_target_skip_unavailable': False, 'install_base': '/home/prog1/ros2_training/install/controller', 'merge_install': False, 'path': '/home/prog1/ros2_training/src/controller', 'symlink_install': False, 'test_result_base': None}
[0.283s] Level 5:colcon.colcon_core.verb:set package 'motor_action' build argument 'cmake_args' from command line to 'None'
[0.283s] Level 5:colcon.colcon_core.verb:set package 'motor_action' build argument 'cmake_target' from command line to 'None'
[0.283s] Level 5:colcon.colcon_core.verb:set package 'motor_action' build argument 'cmake_target_skip_unavailable' from command line to 'False'
[0.283s] Level 5:colcon.colcon_core.verb:set package 'motor_action' build argument 'cmake_clean_cache' from command line to 'False'
[0.283s] Level 5:colcon.colcon_core.verb:set package 'motor_action' build argument 'cmake_clean_first' from command line to 'False'
[0.283s] Level 5:colcon.colcon_core.verb:set package 'motor_action' build argument 'cmake_force_configure' from command line to 'False'
[0.283s] Level 5:colcon.colcon_core.verb:set package 'motor_action' build argument 'ament_cmake_args' from command line to 'None'
[0.283s] Level 5:colcon.colcon_core.verb:set package 'motor_action' build argument 'catkin_cmake_args' from command line to 'None'
[0.283s] Level 5:colcon.colcon_core.verb:set package 'motor_action' build argument 'catkin_skip_building_tests' from command line to 'False'
[0.283s] DEBUG:colcon.colcon_core.verb:Building package 'motor_action' with the following arguments: {'ament_cmake_args': None, 'build_base': '/home/prog1/ros2_training/build/motor_action', 'catkin_cmake_args': None, 'catkin_skip_building_tests': False, 'cmake_args': None, 'cmake_clean_cache': False, 'cmake_clean_first': False, 'cmake_force_configure': False, 'cmake_target': None, 'cmake_target_skip_unavailable': False, 'install_base': '/home/prog1/ros2_training/install/motor_action', 'merge_install': False, 'path': '/home/prog1/ros2_training/src/motor_action', 'symlink_install': False, 'test_result_base': None}
[0.284s] Level 5:colcon.colcon_core.verb:set package 'input_handler' build argument 'cmake_args' from command line to 'None'
[0.284s] Level 5:colcon.colcon_core.verb:set package 'input_handler' build argument 'cmake_target' from command line to 'None'
[0.284s] Level 5:colcon.colcon_core.verb:set package 'input_handler' build argument 'cmake_target_skip_unavailable' from command line to 'False'
[0.284s] Level 5:colcon.colcon_core.verb:set package 'input_handler' build argument 'cmake_clean_cache' from command line to 'False'
[0.284s] Level 5:colcon.colcon_core.verb:set package 'input_handler' build argument 'cmake_clean_first' from command line to 'False'
[0.284s] Level 5:colcon.colcon_core.verb:set package 'input_handler' build argument 'cmake_force_configure' from command line to 'False'
[0.284s] Level 5:colcon.colcon_core.verb:set package 'input_handler' build argument 'ament_cmake_args' from command line to 'None'
[0.284s] Level 5:colcon.colcon_core.verb:set package 'input_handler' build argument 'catkin_cmake_args' from command line to 'None'
[0.284s] Level 5:colcon.colcon_core.verb:set package 'input_handler' build argument 'catkin_skip_building_tests' from command line to 'False'
[0.284s] DEBUG:colcon.colcon_core.verb:Building package 'input_handler' with the following arguments: {'ament_cmake_args': None, 'build_base': '/home/prog1/ros2_training/build/input_handler', 'catkin_cmake_args': None, 'catkin_skip_building_tests': False, 'cmake_args': None, 'cmake_clean_cache': False, 'cmake_clean_first': False, 'cmake_force_configure': False, 'cmake_target': None, 'cmake_target_skip_unavailable': False, 'install_base': '/home/prog1/ros2_training/install/input_handler', 'merge_install': False, 'path': '/home/prog1/ros2_training/src/input_handler', 'symlink_install': False, 'test_result_base': None}
[0.284s] INFO:colcon.colcon_core.executor:Executing jobs using 'parallel' executor
[0.285s] DEBUG:colcon.colcon_parallel_executor.executor.parallel:run_until_complete
[0.286s] INFO:colcon.colcon_ros.task.ament_cmake.build:Building ROS package in '/home/prog1/ros2_training/src/motor_action' with build type 'ament_cmake'
[0.286s] INFO:colcon.colcon_cmake.task.cmake.build:Building CMake package in '/home/prog1/ros2_training/src/motor_action'
[0.288s] INFO:colcon.colcon_core.plugin_system:Skipping extension 'colcon_core.shell.bat': Not used on non-Windows systems
[0.289s] INFO:colcon.colcon_core.shell:Skip shell extension 'powershell' for command environment: Not usable outside of PowerShell
[0.289s] DEBUG:colcon.colcon_core.shell:Skip shell extension 'dsv' for command environment
[0.293s] INFO:colcon.colcon_ros.task.ament_python.build:Building ROS package in '/home/prog1/ros2_training/src/controller' with build type 'ament_python'
[0.294s] Level 1:colcon.colcon_core.shell:create_environment_hook('controller', 'ament_prefix_path')
[0.294s] INFO:colcon.colcon_core.shell:Creating environment hook '/home/prog1/ros2_training/install/controller/share/controller/hook/ament_prefix_path.ps1'
[0.295s] INFO:colcon.colcon_core.shell:Creating environment descriptor '/home/prog1/ros2_training/install/controller/share/controller/hook/ament_prefix_path.dsv'
[0.296s] INFO:colcon.colcon_core.shell:Creating environment hook '/home/prog1/ros2_training/install/controller/share/controller/hook/ament_prefix_path.sh'
[0.297s] INFO:colcon.colcon_core.shell:Skip shell extension 'powershell' for command environment: Not usable outside of PowerShell
[0.297s] DEBUG:colcon.colcon_core.shell:Skip shell extension 'dsv' for command environment
[0.307s] DEBUG:colcon.colcon_core.event_handler.log_command:Invoking command in '/home/prog1/ros2_training/build/motor_action': CMAKE_PREFIX_PATH=${CMAKE_PREFIX_PATH}:/home/prog1/ros2_training/install/py_talker:/home/prog1/ros2_training/install/controller:/opt/ros/jazzy DEBUGINFOD_URLS=https://debuginfod.ubuntu.com /usr/bin/cmake --build /home/prog1/ros2_training/build/motor_action -- -j2 -l2
[0.771s] INFO:colcon.colcon_core.task.python.build:Building Python package in '/home/prog1/ros2_training/src/controller'
[0.771s] INFO:colcon.colcon_core.shell:Skip shell extension 'powershell' for command environment: Not usable outside of PowerShell
[0.771s] DEBUG:colcon.colcon_core.shell:Skip shell extension 'dsv' for command environment
[1.135s] DEBUG:colcon.colcon_core.event_handler.log_command:Invoked command in '/home/prog1/ros2_training/build/motor_action' returned '0': CMAKE_PREFIX_PATH=${CMAKE_PREFIX_PATH}:/home/prog1/ros2_training/install/py_talker:/home/prog1/ros2_training/install/controller:/opt/ros/jazzy DEBUGINFOD_URLS=https://debuginfod.ubuntu.com /usr/bin/cmake --build /home/prog1/ros2_training/build/motor_action -- -j2 -l2
[1.151s] DEBUG:colcon.colcon_core.event_handler.log_command:Invoking command in '/home/prog1/ros2_training/build/motor_action': CMAKE_PREFIX_PATH=${CMAKE_PREFIX_PATH}:/home/prog1/ros2_training/install/py_talker:/home/prog1/ros2_training/install/controller:/opt/ros/jazzy DEBUGINFOD_URLS=https://debuginfod.ubuntu.com /usr/bin/cmake --install /home/prog1/ros2_training/build/motor_action
[1.247s] Level 1:colcon.colcon_core.environment:create_environment_scripts_only(motor_action)
[1.251s] DEBUG:colcon.colcon_core.event_handler.log_command:Invoked command in '/home/prog1/ros2_training/build/motor_action' returned '0': CMAKE_PREFIX_PATH=${CMAKE_PREFIX_PATH}:/home/prog1/ros2_training/install/py_talker:/home/prog1/ros2_training/install/controller:/opt/ros/jazzy DEBUGINFOD_URLS=https://debuginfod.ubuntu.com /usr/bin/cmake --install /home/prog1/ros2_training/build/motor_action
[1.252s] Level 1:colcon.colcon_core.environment:checking '/home/prog1/ros2_training/install/motor_action' for CMake module files
[1.252s] Level 1:colcon.colcon_core.environment:checking '/home/prog1/ros2_training/install/motor_action' for CMake config files
[1.253s] Level 1:colcon.colcon_core.shell:create_environment_hook('motor_action', 'cmake_prefix_path')
[1.253s] INFO:colcon.colcon_core.shell:Creating environment hook '/home/prog1/ros2_training/install/motor_action/share/motor_action/hook/cmake_prefix_path.ps1'
[1.254s] INFO:colcon.colcon_core.shell:Creating environment descriptor '/home/prog1/ros2_training/install/motor_action/share/motor_action/hook/cmake_prefix_path.dsv'
[1.254s] INFO:colcon.colcon_core.shell:Creating environment hook '/home/prog1/ros2_training/install/motor_action/share/motor_action/hook/cmake_prefix_path.sh'
[1.255s] Level 1:colcon.colcon_core.environment:checking '/home/prog1/ros2_training/install/motor_action/lib'
[1.255s] Level 1:colcon.colcon_core.shell:create_environment_hook('motor_action', 'ld_library_path_lib')
[1.256s] INFO:colcon.colcon_core.shell:Creating environment hook '/home/prog1/ros2_training/install/motor_action/share/motor_action/hook/ld_library_path_lib.ps1'
[1.256s] INFO:colcon.colcon_core.shell:Creating environment descriptor '/home/prog1/ros2_training/install/motor_action/share/motor_action/hook/ld_library_path_lib.dsv'
[1.257s] INFO:colcon.colcon_core.shell:Creating environment hook '/home/prog1/ros2_training/install/motor_action/share/motor_action/hook/ld_library_path_lib.sh'
[1.257s] Level 1:colcon.colcon_core.environment:checking '/home/prog1/ros2_training/install/motor_action/bin'
[1.257s] Level 1:colcon.colcon_core.environment:checking '/home/prog1/ros2_training/install/motor_action/lib/pkgconfig/motor_action.pc'
[1.258s] Level 1:colcon.colcon_core.environment:checking '/home/prog1/ros2_training/install/motor_action/lib/python3.12/site-packages'
[1.258s] Level 1:colcon.colcon_core.shell:create_environment_hook('motor_action', 'pythonpath')
[1.258s] INFO:colcon.colcon_core.shell:Creating environment hook '/home/prog1/ros2_training/install/motor_action/share/motor_action/hook/pythonpath.ps1'
[1.259s] INFO:colcon.colcon_core.shell:Creating environment descriptor '/home/prog1/ros2_training/install/motor_action/share/motor_action/hook/pythonpath.dsv'
[1.260s] INFO:colcon.colcon_core.shell:Creating environment hook '/home/prog1/ros2_training/install/motor_action/share/motor_action/hook/pythonpath.sh'
[1.261s] Level 1:colcon.colcon_core.environment:checking '/home/prog1/ros2_training/install/motor_action/bin'
[1.261s] INFO:colcon.colcon_core.shell:Creating package script '/home/prog1/ros2_training/install/motor_action/share/motor_action/package.ps1'
[1.263s] INFO:colcon.colcon_core.shell:Creating package descriptor '/home/prog1/ros2_training/install/motor_action/share/motor_action/package.dsv'
[1.264s] INFO:colcon.colcon_core.shell:Creating package script '/home/prog1/ros2_training/install/motor_action/share/motor_action/package.sh'
[1.265s] INFO:colcon.colcon_core.shell:Creating package script '/home/prog1/ros2_training/install/motor_action/share/motor_action/package.bash'
[1.266s] INFO:colcon.colcon_core.shell:Creating package script '/home/prog1/ros2_training/install/motor_action/share/motor_action/package.zsh'
[1.267s] Level 1:colcon.colcon_core.environment:create_file_with_runtime_dependencies(/home/prog1/ros2_training/install/motor_action/share/colcon-core/packages/motor_action)
[1.268s] Level 1:colcon.colcon_core.environment:create_environment_scripts_only(motor_action)
[1.268s] Level 1:colcon.colcon_core.environment:checking '/home/prog1/ros2_training/install/motor_action' for CMake module files
[1.269s] Level 1:colcon.colcon_core.environment:checking '/home/prog1/ros2_training/install/motor_action' for CMake config files
[1.269s] Level 1:colcon.colcon_core.shell:create_environment_hook('motor_action', 'cmake_prefix_path')
[1.269s] INFO:colcon.colcon_core.shell:Creating environment hook '/home/prog1/ros2_training/install/motor_action/share/motor_action/hook/cmake_prefix_path.ps1'
[1.270s] INFO:colcon.colcon_core.shell:Creating environment descriptor '/home/prog1/ros2_training/install/motor_action/share/motor_action/hook/cmake_prefix_path.dsv'
[1.270s] INFO:colcon.colcon_core.shell:Creating environment hook '/home/prog1/ros2_training/install/motor_action/share/motor_action/hook/cmake_prefix_path.sh'
[1.271s] Level 1:colcon.colcon_core.environment:checking '/home/prog1/ros2_training/install/motor_action/lib'
[1.271s] Level 1:colcon.colcon_core.shell:create_environment_hook('motor_action', 'ld_library_path_lib')
[1.271s] INFO:colcon.colcon_core.shell:Creating environment hook '/home/prog1/ros2_training/install/motor_action/share/motor_action/hook/ld_library_path_lib.ps1'
[1.272s] INFO:colcon.colcon_core.shell:Creating environment descriptor '/home/prog1/ros2_training/install/motor_action/share/motor_action/hook/ld_library_path_lib.dsv'
[1.273s] INFO:colcon.colcon_core.shell:Creating environment hook '/home/prog1/ros2_training/install/motor_action/share/motor_action/hook/ld_library_path_lib.sh'
[1.273s] Level 1:colcon.colcon_core.environment:checking '/home/prog1/ros2_training/install/motor_action/bin'
[1.273s] Level 1:colcon.colcon_core.environment:checking '/home/prog1/ros2_training/install/motor_action/lib/pkgconfig/motor_action.pc'
[1.274s] Level 1:colcon.colcon_core.environment:checking '/home/prog1/ros2_training/install/motor_action/lib/python3.12/site-packages'
[1.274s] Level 1:colcon.colcon_core.shell:create_environment_hook('motor_action', 'pythonpath')
[1.274s] INFO:colcon.colcon_core.shell:Creating environment hook '/home/prog1/ros2_training/install/motor_action/share/motor_action/hook/pythonpath.ps1'
[1.275s] INFO:colcon.colcon_core.shell:Creating environment descriptor '/home/prog1/ros2_training/install/motor_action/share/motor_action/hook/pythonpath.dsv'
[1.275s] INFO:colcon.colcon_core.shell:Creating environment hook '/home/prog1/ros2_training/install/motor_action/share/motor_action/hook/pythonpath.sh'
[1.276s] Level 1:colcon.colcon_core.environment:checking '/home/prog1/ros2_training/install/motor_action/bin'
[1.276s] INFO:colcon.colcon_core.shell:Creating package script '/home/prog1/ros2_training/install/motor_action/share/motor_action/package.ps1'
[1.278s] INFO:colcon.colcon_core.shell:Creating package descriptor '/home/prog1/ros2_training/install/motor_action/share/motor_action/package.dsv'
[1.278s] INFO:colcon.colcon_core.shell:Creating package script '/home/prog1/ros2_training/install/motor_action/share/motor_action/package.sh'
[1.279s] INFO:colcon.colcon_core.shell:Creating package script '/home/prog1/ros2_training/install/motor_action/share/motor_action/package.bash'
[1.280s] INFO:colcon.colcon_core.shell:Creating package script '/home/prog1/ros2_training/install/motor_action/share/motor_action/package.zsh'
[1.280s] Level 1:colcon.colcon_core.environment:create_file_with_runtime_dependencies(/home/prog1/ros2_training/install/motor_action/share/colcon-core/packages/motor_action)
[1.282s] INFO:colcon.colcon_ros.task.ament_cmake.build:Building ROS package in '/home/prog1/ros2_training/src/input_handler' with build type 'ament_cmake'
[1.282s] INFO:colcon.colcon_cmake.task.cmake.build:Building CMake package in '/home/prog1/ros2_training/src/input_handler'
[1.282s] INFO:colcon.colcon_core.shell:Skip shell extension 'powershell' for command environment: Not usable outside of PowerShell
[1.282s] DEBUG:colcon.colcon_core.shell:Skip shell extension 'dsv' for command environment
[1.300s] DEBUG:colcon.colcon_core.event_handler.log_command:Invoking command in '/home/prog1/ros2_training/build/input_handler': CMAKE_PREFIX_PATH=/home/prog1/ros2_training/install/motor_action:/home/prog1/ros2_training/install/motor_handler:/home/prog1/ros2_training/install/input_handler:/home/prog1/ros2_training/install/cpp_listener:/opt/ros/jazzy/opt/gz_math_vendor:/opt/ros/jazzy/opt/gz_utils_vendor:/opt/ros/jazzy/opt/gz_cmake_vendor:/home/prog1/ros2_training/install/py_talker:/home/prog1/ros2_training/install/controller:/opt/ros/jazzy DEBUGINFOD_URLS=https://debuginfod.ubuntu.com PYTHONPATH=/home/prog1/ros2_training/install/motor_action/lib/python3.12/site-packages:/home/prog1/ros2_training/install/py_talker/lib/python3.12/site-packages:/home/prog1/ros2_training/install/controller/lib/python3.12/site-packages:/opt/ros/jazzy/lib/python3.12/site-packages /usr/bin/cmake --build /home/prog1/ros2_training/build/input_handler -- -j2 -l2
[1.641s] DEBUG:colcon.colcon_core.event_handler.log_command:Invoking command in '/home/prog1/ros2_training/src/controller': DEBUGINFOD_URLS=https://debuginfod.ubuntu.com PYTHONPATH=/home/prog1/ros2_training/build/controller/prefix_override:/usr/lib/python3/dist-packages/colcon_core/task/python/colcon_distutils_commands:/home/prog1/ros2_training/install/controller/lib/python3.12/site-packages:${PYTHONPATH} /usr/bin/python3 -W ignore:setup.py install is deprecated -W ignore:easy_install command is deprecated setup.py egg_info --egg-base ../../build/controller build --build-base /home/prog1/ros2_training/build/controller/build install --record /home/prog1/ros2_training/build/controller/install.log --single-version-externally-managed install_data
[2.353s] Level 1:colcon.colcon_core.environment:checking '/home/prog1/ros2_training/install/controller' for CMake module files
[2.353s] Level 1:colcon.colcon_core.environment:checking '/home/prog1/ros2_training/install/controller' for CMake config files
[2.354s] Level 1:colcon.colcon_core.environment:checking '/home/prog1/ros2_training/install/controller/lib'
[2.354s] Level 1:colcon.colcon_core.environment:checking '/home/prog1/ros2_training/install/controller/bin'
[2.354s] Level 1:colcon.colcon_core.environment:checking '/home/prog1/ros2_training/install/controller/lib/pkgconfig/controller.pc'
[2.354s] Level 1:colcon.colcon_core.environment:checking '/home/prog1/ros2_training/install/controller/lib/python3.12/site-packages'
[2.354s] Level 1:colcon.colcon_core.shell:create_environment_hook('controller', 'pythonpath')
[2.355s] INFO:colcon.colcon_core.shell:Creating environment hook '/home/prog1/ros2_training/install/controller/share/controller/hook/pythonpath.ps1'
[2.356s] DEBUG:colcon.colcon_core.event_handler.log_command:Invoked command in '/home/prog1/ros2_training/src/controller' returned '0': DEBUGINFOD_URLS=https://debuginfod.ubuntu.com PYTHONPATH=/home/prog1/ros2_training/build/controller/prefix_override:/usr/lib/python3/dist-packages/colcon_core/task/python/colcon_distutils_commands:/home/prog1/ros2_training/install/controller/lib/python3.12/site-packages:${PYTHONPATH} /usr/bin/python3 -W ignore:setup.py install is deprecated -W ignore:easy_install command is deprecated setup.py egg_info --egg-base ../../build/controller build --build-base /home/prog1/ros2_training/build/controller/build install --record /home/prog1/ros2_training/build/controller/install.log --single-version-externally-managed install_data
[2.358s] INFO:colcon.colcon_core.shell:Creating environment descriptor '/home/prog1/ros2_training/install/controller/share/controller/hook/pythonpath.dsv'
[2.358s] INFO:colcon.colcon_core.shell:Creating environment hook '/home/prog1/ros2_training/install/controller/share/controller/hook/pythonpath.sh'
[2.360s] Level 1:colcon.colcon_core.environment:checking '/home/prog1/ros2_training/install/controller/bin'
[2.360s] Level 1:colcon.colcon_core.environment:create_environment_scripts_only(controller)
[2.360s] INFO:colcon.colcon_core.shell:Creating package script '/home/prog1/ros2_training/install/controller/share/controller/package.ps1'
[2.361s] INFO:colcon.colcon_core.shell:Creating package descriptor '/home/prog1/ros2_training/install/controller/share/controller/package.dsv'
[2.362s] INFO:colcon.colcon_core.shell:Creating package script '/home/prog1/ros2_training/install/controller/share/controller/package.sh'
[2.363s] INFO:colcon.colcon_core.shell:Creating package script '/home/prog1/ros2_training/install/controller/share/controller/package.bash'
[2.364s] INFO:colcon.colcon_core.shell:Creating package script '/home/prog1/ros2_training/install/controller/share/controller/package.zsh'
[2.364s] Level 1:colcon.colcon_core.environment:create_file_with_runtime_dependencies(/home/prog1/ros2_training/install/controller/share/colcon-core/packages/controller)
[11.725s] DEBUG:colcon.colcon_core.event_handler.log_command:Invoked command in '/home/prog1/ros2_training/build/input_handler' returned '0': CMAKE_PREFIX_PATH=/home/prog1/ros2_training/install/motor_action:/home/prog1/ros2_training/install/motor_handler:/home/prog1/ros2_training/install/input_handler:/home/prog1/ros2_training/install/cpp_listener:/opt/ros/jazzy/opt/gz_math_vendor:/opt/ros/jazzy/opt/gz_utils_vendor:/opt/ros/jazzy/opt/gz_cmake_vendor:/home/prog1/ros2_training/install/py_talker:/home/prog1/ros2_training/install/controller:/opt/ros/jazzy DEBUGINFOD_URLS=https://debuginfod.ubuntu.com PYTHONPATH=/home/prog1/ros2_training/install/motor_action/lib/python3.12/site-packages:/home/prog1/ros2_training/install/py_talker/lib/python3.12/site-packages:/home/prog1/ros2_training/install/controller/lib/python3.12/site-packages:/opt/ros/jazzy/lib/python3.12/site-packages /usr/bin/cmake --build /home/prog1/ros2_training/build/input_handler -- -j2 -l2
[11.727s] DEBUG:colcon.colcon_core.event_handler.log_command:Invoking command in '/home/prog1/ros2_training/build/input_handler': CMAKE_PREFIX_PATH=/home/prog1/ros2_training/install/motor_action:/home/prog1/ros2_training/install/motor_handler:/home/prog1/ros2_training/install/input_handler:/home/prog1/ros2_training/install/cpp_listener:/opt/ros/jazzy/opt/gz_math_vendor:/opt/ros/jazzy/opt/gz_utils_vendor:/opt/ros/jazzy/opt/gz_cmake_vendor:/home/prog1/ros2_training/install/py_talker:/home/prog1/ros2_training/install/controller:/opt/ros/jazzy DEBUGINFOD_URLS=https://debuginfod.ubuntu.com PYTHONPATH=/home/prog1/ros2_training/install/motor_action/lib/python3.12/site-packages:/home/prog1/ros2_training/install/py_talker/lib/python3.12/site-packages:/home/prog1/ros2_training/install/controller/lib/python3.12/site-packages:/opt/ros/jazzy/lib/python3.12/site-packages /usr/bin/cmake --install /home/prog1/ros2_training/build/input_handler
[11.744s] Level 1:colcon.colcon_core.environment:create_environment_scripts_only(input_handler)
[11.745s] Level 1:colcon.colcon_core.environment:checking '/home/prog1/ros2_training/install/input_handler' for CMake module files
[11.746s] DEBUG:colcon.colcon_core.event_handler.log_command:Invoked command in '/home/prog1/ros2_training/build/input_handler' returned '0': CMAKE_PREFIX_PATH=/home/prog1/ros2_training/install/motor_action:/home/prog1/ros2_training/install/motor_handler:/home/prog1/ros2_training/install/input_handler:/home/prog1/ros2_training/install/cpp_listener:/opt/ros/jazzy/opt/gz_math_vendor:/opt/ros/jazzy/opt/gz_utils_vendor:/opt/ros/jazzy/opt/gz_cmake_vendor:/home/prog1/ros2_training/install/py_talker:/home/prog1/ros2_training/install/controller:/opt/ros/jazzy DEBUGINFOD_URLS=https://debuginfod.ubuntu.com PYTHONPATH=/home/prog1/ros2_training/install/motor_action/lib/python3.12/site-packages:/home/prog1/ros2_training/install/py_talker/lib/python3.12/site-packages:/home/prog1/ros2_training/install/controller/lib/python3.12/site-packages:/opt/ros/jazzy/lib/python3.12/site-packages /usr/bin/cmake --install /home/prog1/ros2_training/build/input_handler
[11.746s] Level 1:colcon.colcon_core.environment:checking '/home/prog1/ros2_training/install/input_handler' for CMake config files
[11.747s] Level 1:colcon.colcon_core.shell:create_environment_hook('input_handler', 'cmake_prefix_path')
[11.747s] INFO:colcon.colcon_core.shell:Creating environment hook '/home/prog1/ros2_training/install/input_handler/share/input_handler/hook/cmake_prefix_path.ps1'
[11.748s] INFO:colcon.colcon_core.shell:Creating environment descriptor '/home/prog1/ros2_training/install/input_handler/share/input_handler/hook/cmake_prefix_path.dsv'
[11.748s] INFO:colcon.colcon_core.shell:Creating environment hook '/home/prog1/ros2_training/install/input_handler/share/input_handler/hook/cmake_prefix_path.sh'
[11.749s] Level 1:colcon.colcon_core.environment:checking '/home/prog1/ros2_training/install/input_handler/lib'
[11.749s] Level 1:colcon.colcon_core.environment:checking '/home/prog1/ros2_training/install/input_handler/bin'
[11.749s] Level 1:colcon.colcon_core.environment:checking '/home/prog1/ros2_training/install/input_handler/lib/pkgconfig/input_handler.pc'
[11.750s] Level 1:colcon.colcon_core.environment:checking '/home/prog1/ros2_training/install/input_handler/lib/python3.12/site-packages'
[11.750s] Level 1:colcon.colcon_core.environment:checking '/home/prog1/ros2_training/install/input_handler/bin'
[11.750s] INFO:colcon.colcon_core.shell:Creating package script '/home/prog1/ros2_training/install/input_handler/share/input_handler/package.ps1'
[11.751s] INFO:colcon.colcon_core.shell:Creating package descriptor '/home/prog1/ros2_training/install/input_handler/share/input_handler/package.dsv'
[11.752s] INFO:colcon.colcon_core.shell:Creating package script '/home/prog1/ros2_training/install/input_handler/share/input_handler/package.sh'
[11.752s] INFO:colcon.colcon_core.shell:Creating package script '/home/prog1/ros2_training/install/input_handler/share/input_handler/package.bash'
[11.753s] INFO:colcon.colcon_core.shell:Creating package script '/home/prog1/ros2_training/install/input_handler/share/input_handler/package.zsh'
[11.754s] Level 1:colcon.colcon_core.environment:create_file_with_runtime_dependencies(/home/prog1/ros2_training/install/input_handler/share/colcon-core/packages/input_handler)
[11.754s] Level 1:colcon.colcon_core.environment:create_environment_scripts_only(input_handler)
[11.755s] Level 1:colcon.colcon_core.environment:checking '/home/prog1/ros2_training/install/input_handler' for CMake module files
[11.755s] Level 1:colcon.colcon_core.environment:checking '/home/prog1/ros2_training/install/input_handler' for CMake config files
[11.755s] Level 1:colcon.colcon_core.shell:create_environment_hook('input_handler', 'cmake_prefix_path')
[11.756s] INFO:colcon.colcon_core.shell:Creating environment hook '/home/prog1/ros2_training/install/input_handler/share/input_handler/hook/cmake_prefix_path.ps1'
[11.756s] INFO:colcon.colcon_core.shell:Creating environment descriptor '/home/prog1/ros2_training/install/input_handler/share/input_handler/hook/cmake_prefix_path.dsv'
[11.757s] INFO:colcon.colcon_core.shell:Creating environment hook '/home/prog1/ros2_training/install/input_handler/share/input_handler/hook/cmake_prefix_path.sh'
[11.758s] Level 1:colcon.colcon_core.environment:checking '/home/prog1/ros2_training/install/input_handler/lib'
[11.758s] Level 1:colcon.colcon_core.environment:checking '/home/prog1/ros2_training/install/input_handler/bin'
[11.758s] Level 1:colcon.colcon_core.environment:checking '/home/prog1/ros2_training/install/input_handler/lib/pkgconfig/input_handler.pc'
[11.758s] Level 1:colcon.colcon_core.environment:checking '/home/prog1/ros2_training/install/input_handler/lib/python3.12/site-packages'
[11.758s] Level 1:colcon.colcon_core.environment:checking '/home/prog1/ros2_training/install/input_handler/bin'
[11.758s] INFO:colcon.colcon_core.shell:Creating package script '/home/prog1/ros2_training/install/input_handler/share/input_handler/package.ps1'
[11.760s] INFO:colcon.colcon_core.shell:Creating package descriptor '/home/prog1/ros2_training/install/input_handler/share/input_handler/package.dsv'
[11.760s] INFO:colcon.colcon_core.shell:Creating package script '/home/prog1/ros2_training/install/input_handler/share/input_handler/package.sh'
[11.761s] INFO:colcon.colcon_core.shell:Creating package script '/home/prog1/ros2_training/install/input_handler/share/input_handler/package.bash'
[11.762s] INFO:colcon.colcon_core.shell:Creating package script '/home/prog1/ros2_training/install/input_handler/share/input_handler/package.zsh'
[11.763s] Level 1:colcon.colcon_core.environment:create_file_with_runtime_dependencies(/home/prog1/ros2_training/install/input_handler/share/colcon-core/packages/input_handler)
[11.763s] DEBUG:colcon.colcon_parallel_executor.executor.parallel:closing loop
[11.764s] DEBUG:colcon.colcon_parallel_executor.executor.parallel:loop closed
[11.764s] DEBUG:colcon.colcon_parallel_executor.executor.parallel:run_until_complete finished with '0'
[11.764s] DEBUG:colcon.colcon_core.event_reactor:joining thread
[11.772s] INFO:colcon.colcon_core.plugin_system:Skipping extension 'colcon_notification.desktop_notification.terminal_notifier': Not used on non-Darwin systems
[11.772s] INFO:colcon.colcon_core.plugin_system:Skipping extension 'colcon_notification.desktop_notification.win32': Not used on non-Windows systems
[11.772s] INFO:colcon.colcon_notification.desktop_notification:Sending desktop notification using 'notify2'
[11.806s] DEBUG:colcon.colcon_core.event_reactor:joined thread
[11.807s] INFO:colcon.colcon_core.shell:Creating prefix script '/home/prog1/ros2_training/install/local_setup.ps1'
[11.810s] INFO:colcon.colcon_core.shell:Creating prefix util module '/home/prog1/ros2_training/install/_local_setup_util_ps1.py'
[11.812s] INFO:colcon.colcon_core.shell:Creating prefix chain script '/home/prog1/ros2_training/install/setup.ps1'
[11.815s] INFO:colcon.colcon_core.shell:Creating prefix script '/home/prog1/ros2_training/install/local_setup.sh'
[11.816s] INFO:colcon.colcon_core.shell:Creating prefix util module '/home/prog1/ros2_training/install/_local_setup_util_sh.py'
[11.817s] INFO:colcon.colcon_core.shell:Creating prefix chain script '/home/prog1/ros2_training/install/setup.sh'
[11.820s] INFO:colcon.colcon_core.shell:Creating prefix script '/home/prog1/ros2_training/install/local_setup.bash'
[11.821s] INFO:colcon.colcon_core.shell:Creating prefix chain script '/home/prog1/ros2_training/install/setup.bash'
[11.822s] INFO:colcon.colcon_core.shell:Creating prefix script '/home/prog1/ros2_training/install/local_setup.zsh'
[11.823s] INFO:colcon.colcon_core.shell:Creating prefix chain script '/home/prog1/ros2_training/install/setup.zsh'
