[0.119s] DEBUG:colcon:Command line arguments: ['/usr/bin/colcon', 'build']
[0.119s] DEBUG:colcon:Parsed command line arguments: Namespace(log_base=None, log_level=None, verb_name='build', build_base='build', install_base='install', merge_install=False, symlink_install=False, test_result_base=None, continue_on_error=False, executor='parallel', parallel_workers=2, event_handlers=None, ignore_user_meta=False, metas=['./colcon.meta'], base_paths=['.'], packages_ignore=None, packages_ignore_regex=None, paths=None, packages_up_to=None, packages_up_to_regex=None, packages_above=None, packages_above_and_dependencies=None, packages_above_depth=None, packages_select_by_dep=None, packages_skip_by_dep=None, packages_skip_up_to=None, packages_select_build_failed=False, packages_skip_build_finished=False, packages_select_test_failures=False, packages_skip_test_passed=False, packages_select=None, packages_skip=None, packages_select_regex=None, packages_skip_regex=None, packages_start=None, packages_end=None, allow_overriding=[], cmake_args=None, cmake_target=None, cmake_target_skip_unavailable=False, cmake_clean_cache=False, cmake_clean_first=False, cmake_force_configure=False, ament_cmake_args=None, catkin_cmake_args=None, catkin_skip_building_tests=False, verb_parser=<colcon_defaults.argument_parser.defaults.DefaultArgumentsDecorator object at 0x7b599976aa20>, verb_extension=<colcon_core.verb.build.BuildVerb object at 0x7b599976a900>, main=<bound method BuildVerb.main of <colcon_core.verb.build.BuildVerb object at 0x7b599976a900>>)
[0.163s] Level 1:colcon.colcon_core.package_discovery:discover_packages(colcon_meta) check parameters
[0.163s] Level 1:colcon.colcon_core.package_discovery:discover_packages(recursive) check parameters
[0.163s] Level 1:colcon.colcon_core.package_discovery:discover_packages(ignore) check parameters
[0.163s] Level 1:colcon.colcon_core.package_discovery:discover_packages(path) check parameters
[0.163s] Level 1:colcon.colcon_core.package_discovery:discover_packages(colcon_meta) discover
[0.164s] Level 1:colcon.colcon_core.package_discovery:discover_packages(recursive) discover
[0.164s] INFO:colcon.colcon_core.package_discovery:Crawling recursively for packages in '/home/prog1/ros2_training'
[0.164s] Level 1:colcon.colcon_core.package_identification:_identify(.) by extensions ['ignore', 'ignore_ament_install']
[0.164s] Level 1:colcon.colcon_core.package_identification:_identify(.) by extension 'ignore'
[0.164s] Level 1:colcon.colcon_core.package_identification:_identify(.) by extension 'ignore_ament_install'
[0.164s] Level 1:colcon.colcon_core.package_identification:_identify(.) by extensions ['colcon_pkg']
[0.164s] Level 1:colcon.colcon_core.package_identification:_identify(.) by extension 'colcon_pkg'
[0.164s] Level 1:colcon.colcon_core.package_identification:_identify(.) by extensions ['colcon_meta']
[0.164s] Level 1:colcon.colcon_core.package_identification:_identify(.) by extension 'colcon_meta'
[0.164s] Level 1:colcon.colcon_core.package_identification:_identify(.) by extensions ['ros']
[0.164s] Level 1:colcon.colcon_core.package_identification:_identify(.) by extension 'ros'
[0.192s] Level 1:colcon.colcon_core.package_identification:_identify(.) by extensions ['cmake', 'python']
[0.192s] Level 1:colcon.colcon_core.package_identification:_identify(.) by extension 'cmake'
[0.193s] Level 1:colcon.colcon_core.package_identification:_identify(.) by extension 'python'
[0.193s] Level 1:colcon.colcon_core.package_identification:_identify(.) by extensions ['python_setup_py']
[0.193s] Level 1:colcon.colcon_core.package_identification:_identify(.) by extension 'python_setup_py'
[0.193s] Level 1:colcon.colcon_core.package_identification:_identify(build) by extensions ['ignore', 'ignore_ament_install']
[0.193s] Level 1:colcon.colcon_core.package_identification:_identify(build) by extension 'ignore'
[0.193s] Level 1:colcon.colcon_core.package_identification:_identify(build) ignored
[0.193s] Level 1:colcon.colcon_core.package_identification:_identify(install) by extensions ['ignore', 'ignore_ament_install']
[0.193s] Level 1:colcon.colcon_core.package_identification:_identify(install) by extension 'ignore'
[0.193s] Level 1:colcon.colcon_core.package_identification:_identify(install) ignored
[0.193s] Level 1:colcon.colcon_core.package_identification:_identify(log) by extensions ['ignore', 'ignore_ament_install']
[0.194s] Level 1:colcon.colcon_core.package_identification:_identify(log) by extension 'ignore'
[0.194s] Level 1:colcon.colcon_core.package_identification:_identify(log) ignored
[0.194s] Level 1:colcon.colcon_core.package_identification:_identify(src) by extensions ['ignore', 'ignore_ament_install']
[0.194s] Level 1:colcon.colcon_core.package_identification:_identify(src) by extension 'ignore'
[0.194s] Level 1:colcon.colcon_core.package_identification:_identify(src) by extension 'ignore_ament_install'
[0.194s] Level 1:colcon.colcon_core.package_identification:_identify(src) by extensions ['colcon_pkg']
[0.194s] Level 1:colcon.colcon_core.package_identification:_identify(src) by extension 'colcon_pkg'
[0.194s] Level 1:colcon.colcon_core.package_identification:_identify(src) by extensions ['colcon_meta']
[0.194s] Level 1:colcon.colcon_core.package_identification:_identify(src) by extension 'colcon_meta'
[0.194s] Level 1:colcon.colcon_core.package_identification:_identify(src) by extensions ['ros']
[0.194s] Level 1:colcon.colcon_core.package_identification:_identify(src) by extension 'ros'
[0.194s] Level 1:colcon.colcon_core.package_identification:_identify(src) by extensions ['cmake', 'python']
[0.194s] Level 1:colcon.colcon_core.package_identification:_identify(src) by extension 'cmake'
[0.194s] Level 1:colcon.colcon_core.package_identification:_identify(src) by extension 'python'
[0.194s] Level 1:colcon.colcon_core.package_identification:_identify(src) by extensions ['python_setup_py']
[0.194s] Level 1:colcon.colcon_core.package_identification:_identify(src) by extension 'python_setup_py'
[0.195s] Level 1:colcon.colcon_core.package_identification:_identify(src/build) by extensions ['ignore', 'ignore_ament_install']
[0.195s] Level 1:colcon.colcon_core.package_identification:_identify(src/build) by extension 'ignore'
[0.195s] Level 1:colcon.colcon_core.package_identification:_identify(src/build) ignored
[0.195s] Level 1:colcon.colcon_core.package_identification:_identify(src/controller) by extensions ['ignore', 'ignore_ament_install']
[0.195s] Level 1:colcon.colcon_core.package_identification:_identify(src/controller) by extension 'ignore'
[0.195s] Level 1:colcon.colcon_core.package_identification:_identify(src/controller) by extension 'ignore_ament_install'
[0.195s] Level 1:colcon.colcon_core.package_identification:_identify(src/controller) by extensions ['colcon_pkg']
[0.195s] Level 1:colcon.colcon_core.package_identification:_identify(src/controller) by extension 'colcon_pkg'
[0.195s] Level 1:colcon.colcon_core.package_identification:_identify(src/controller) by extensions ['colcon_meta']
[0.195s] Level 1:colcon.colcon_core.package_identification:_identify(src/controller) by extension 'colcon_meta'
[0.195s] Level 1:colcon.colcon_core.package_identification:_identify(src/controller) by extensions ['ros']
[0.195s] Level 1:colcon.colcon_core.package_identification:_identify(src/controller) by extension 'ros'
[0.199s] DEBUG:colcon.colcon_core.package_identification:Package 'src/controller' with type 'ros.ament_python' and name 'controller'
[0.200s] Level 1:colcon.colcon_core.package_identification:_identify(src/input_handler) by extensions ['ignore', 'ignore_ament_install']
[0.200s] Level 1:colcon.colcon_core.package_identification:_identify(src/input_handler) by extension 'ignore'
[0.200s] Level 1:colcon.colcon_core.package_identification:_identify(src/input_handler) by extension 'ignore_ament_install'
[0.200s] Level 1:colcon.colcon_core.package_identification:_identify(src/input_handler) by extensions ['colcon_pkg']
[0.200s] Level 1:colcon.colcon_core.package_identification:_identify(src/input_handler) by extension 'colcon_pkg'
[0.200s] Level 1:colcon.colcon_core.package_identification:_identify(src/input_handler) by extensions ['colcon_meta']
[0.200s] Level 1:colcon.colcon_core.package_identification:_identify(src/input_handler) by extension 'colcon_meta'
[0.200s] Level 1:colcon.colcon_core.package_identification:_identify(src/input_handler) by extensions ['ros']
[0.200s] Level 1:colcon.colcon_core.package_identification:_identify(src/input_handler) by extension 'ros'
[0.202s] DEBUG:colcon.colcon_core.package_identification:Package 'src/input_handler' with type 'ros.ament_cmake' and name 'input_handler'
[0.202s] Level 1:colcon.colcon_core.package_identification:_identify(src/install) by extensions ['ignore', 'ignore_ament_install']
[0.202s] Level 1:colcon.colcon_core.package_identification:_identify(src/install) by extension 'ignore'
[0.203s] Level 1:colcon.colcon_core.package_identification:_identify(src/install) ignored
[0.203s] Level 1:colcon.colcon_core.package_identification:_identify(src/log) by extensions ['ignore', 'ignore_ament_install']
[0.203s] Level 1:colcon.colcon_core.package_identification:_identify(src/log) by extension 'ignore'
[0.203s] Level 1:colcon.colcon_core.package_identification:_identify(src/log) ignored
[0.203s] Level 1:colcon.colcon_core.package_identification:_identify(src/motor_action) by extensions ['ignore', 'ignore_ament_install']
[0.203s] Level 1:colcon.colcon_core.package_identification:_identify(src/motor_action) by extension 'ignore'
[0.203s] Level 1:colcon.colcon_core.package_identification:_identify(src/motor_action) by extension 'ignore_ament_install'
[0.203s] Level 1:colcon.colcon_core.package_identification:_identify(src/motor_action) by extensions ['colcon_pkg']
[0.203s] Level 1:colcon.colcon_core.package_identification:_identify(src/motor_action) by extension 'colcon_pkg'
[0.204s] Level 1:colcon.colcon_core.package_identification:_identify(src/motor_action) by extensions ['colcon_meta']
[0.204s] Level 1:colcon.colcon_core.package_identification:_identify(src/motor_action) by extension 'colcon_meta'
[0.204s] Level 1:colcon.colcon_core.package_identification:_identify(src/motor_action) by extensions ['ros']
[0.204s] Level 1:colcon.colcon_core.package_identification:_identify(src/motor_action) by extension 'ros'
[0.204s] DEBUG:colcon.colcon_core.package_identification:Package 'src/motor_action' with type 'ros.ament_cmake' and name 'motor_action'
[0.204s] Level 1:colcon.colcon_core.package_discovery:discover_packages(recursive) using defaults
[0.204s] Level 1:colcon.colcon_core.package_discovery:discover_packages(ignore) discover
[0.204s] Level 1:colcon.colcon_core.package_discovery:discover_packages(ignore) using defaults
[0.204s] Level 1:colcon.colcon_core.package_discovery:discover_packages(path) discover
[0.204s] Level 1:colcon.colcon_core.package_discovery:discover_packages(path) using defaults
[0.226s] Level 1:colcon.colcon_core.package_discovery:discover_packages(prefix_path) check parameters
[0.226s] Level 1:colcon.colcon_core.package_discovery:discover_packages(prefix_path) discover
[0.228s] DEBUG:colcon.colcon_installed_package_information.package_discovery:Found 6 installed packages in /home/prog1/ros2_training/install
[0.229s] DEBUG:colcon.colcon_installed_package_information.package_discovery:Found 287 installed packages in /opt/ros/jazzy
[0.231s] Level 1:colcon.colcon_core.package_discovery:discover_packages(prefix_path) using defaults
[0.283s] Level 5:colcon.colcon_core.verb:set package 'controller' build argument 'cmake_args' from command line to 'None'
[0.283s] Level 5:colcon.colcon_core.verb:set package 'controller' build argument 'cmake_target' from command line to 'None'
[0.283s] Level 5:colcon.colcon_core.verb:set package 'controller' build argument 'cmake_target_skip_unavailable' from command line to 'False'
[0.283s] Level 5:colcon.colcon_core.verb:set package 'controller' build argument 'cmake_clean_cache' from command line to 'False'
[0.283s] Level 5:colcon.colcon_core.verb:set package 'controller' build argument 'cmake_clean_first' from command line to 'False'
[0.283s] Level 5:colcon.colcon_core.verb:set package 'controller' build argument 'cmake_force_configure' from command line to 'False'
[0.283s] Level 5:colcon.colcon_core.verb:set package 'controller' build argument 'ament_cmake_args' from command line to 'None'
[0.283s] Level 5:colcon.colcon_core.verb:set package 'controller' build argument 'catkin_cmake_args' from command line to 'None'
[0.283s] Level 5:colcon.colcon_core.verb:set package 'controller' build argument 'catkin_skip_building_tests' from command line to 'False'
[0.283s] DEBUG:colcon.colcon_core.verb:Building package 'controller' with the following arguments: {'ament_cmake_args': None, 'build_base': '/home/prog1/ros2_training/build/controller', 'catkin_cmake_args': None, 'catkin_skip_building_tests': False, 'cmake_args': None, 'cmake_clean_cache': False, 'cmake_clean_first': False, 'cmake_force_configure': False, 'cmake_target': None, 'cmake_target_skip_unavailable': False, 'install_base': '/home/prog1/ros2_training/install/controller', 'merge_install': False, 'path': '/home/prog1/ros2_training/src/controller', 'symlink_install': False, 'test_result_base': None}
[0.283s] Level 5:colcon.colcon_core.verb:set package 'motor_action' build argument 'cmake_args' from command line to 'None'
[0.283s] Level 5:colcon.colcon_core.verb:set package 'motor_action' build argument 'cmake_target' from command line to 'None'
[0.283s] Level 5:colcon.colcon_core.verb:set package 'motor_action' build argument 'cmake_target_skip_unavailable' from command line to 'False'
[0.283s] Level 5:colcon.colcon_core.verb:set package 'motor_action' build argument 'cmake_clean_cache' from command line to 'False'
[0.283s] Level 5:colcon.colcon_core.verb:set package 'motor_action' build argument 'cmake_clean_first' from command line to 'False'
[0.283s] Level 5:colcon.colcon_core.verb:set package 'motor_action' build argument 'cmake_force_configure' from command line to 'False'
[0.283s] Level 5:colcon.colcon_core.verb:set package 'motor_action' build argument 'ament_cmake_args' from command line to 'None'
[0.283s] Level 5:colcon.colcon_core.verb:set package 'motor_action' build argument 'catkin_cmake_args' from command line to 'None'
[0.283s] Level 5:colcon.colcon_core.verb:set package 'motor_action' build argument 'catkin_skip_building_tests' from command line to 'False'
[0.283s] DEBUG:colcon.colcon_core.verb:Building package 'motor_action' with the following arguments: {'ament_cmake_args': None, 'build_base': '/home/prog1/ros2_training/build/motor_action', 'catkin_cmake_args': None, 'catkin_skip_building_tests': False, 'cmake_args': None, 'cmake_clean_cache': False, 'cmake_clean_first': False, 'cmake_force_configure': False, 'cmake_target': None, 'cmake_target_skip_unavailable': False, 'install_base': '/home/prog1/ros2_training/install/motor_action', 'merge_install': False, 'path': '/home/prog1/ros2_training/src/motor_action', 'symlink_install': False, 'test_result_base': None}
[0.284s] Level 5:colcon.colcon_core.verb:set package 'input_handler' build argument 'cmake_args' from command line to 'None'
[0.284s] Level 5:colcon.colcon_core.verb:set package 'input_handler' build argument 'cmake_target' from command line to 'None'
[0.284s] Level 5:colcon.colcon_core.verb:set package 'input_handler' build argument 'cmake_target_skip_unavailable' from command line to 'False'
[0.285s] Level 5:colcon.colcon_core.verb:set package 'input_handler' build argument 'cmake_clean_cache' from command line to 'False'
[0.285s] Level 5:colcon.colcon_core.verb:set package 'input_handler' build argument 'cmake_clean_first' from command line to 'False'
[0.285s] Level 5:colcon.colcon_core.verb:set package 'input_handler' build argument 'cmake_force_configure' from command line to 'False'
[0.285s] Level 5:colcon.colcon_core.verb:set package 'input_handler' build argument 'ament_cmake_args' from command line to 'None'
[0.285s] Level 5:colcon.colcon_core.verb:set package 'input_handler' build argument 'catkin_cmake_args' from command line to 'None'
[0.285s] Level 5:colcon.colcon_core.verb:set package 'input_handler' build argument 'catkin_skip_building_tests' from command line to 'False'
[0.285s] DEBUG:colcon.colcon_core.verb:Building package 'input_handler' with the following arguments: {'ament_cmake_args': None, 'build_base': '/home/prog1/ros2_training/build/input_handler', 'catkin_cmake_args': None, 'catkin_skip_building_tests': False, 'cmake_args': None, 'cmake_clean_cache': False, 'cmake_clean_first': False, 'cmake_force_configure': False, 'cmake_target': None, 'cmake_target_skip_unavailable': False, 'install_base': '/home/prog1/ros2_training/install/input_handler', 'merge_install': False, 'path': '/home/prog1/ros2_training/src/input_handler', 'symlink_install': False, 'test_result_base': None}
[0.285s] INFO:colcon.colcon_core.executor:Executing jobs using 'parallel' executor
[0.286s] DEBUG:colcon.colcon_parallel_executor.executor.parallel:run_until_complete
[0.286s] INFO:colcon.colcon_ros.task.ament_cmake.build:Building ROS package in '/home/prog1/ros2_training/src/motor_action' with build type 'ament_cmake'
[0.287s] INFO:colcon.colcon_cmake.task.cmake.build:Building CMake package in '/home/prog1/ros2_training/src/motor_action'
[0.289s] INFO:colcon.colcon_core.plugin_system:Skipping extension 'colcon_core.shell.bat': Not used on non-Windows systems
[0.289s] INFO:colcon.colcon_core.shell:Skip shell extension 'powershell' for command environment: Not usable outside of PowerShell
[0.289s] DEBUG:colcon.colcon_core.shell:Skip shell extension 'dsv' for command environment
[0.293s] INFO:colcon.colcon_ros.task.ament_python.build:Building ROS package in '/home/prog1/ros2_training/src/controller' with build type 'ament_python'
[0.293s] Level 1:colcon.colcon_core.shell:create_environment_hook('controller', 'ament_prefix_path')
[0.294s] INFO:colcon.colcon_core.shell:Creating environment hook '/home/prog1/ros2_training/install/controller/share/controller/hook/ament_prefix_path.ps1'
[0.295s] INFO:colcon.colcon_core.shell:Creating environment descriptor '/home/prog1/ros2_training/install/controller/share/controller/hook/ament_prefix_path.dsv'
[0.295s] INFO:colcon.colcon_core.shell:Creating environment hook '/home/prog1/ros2_training/install/controller/share/controller/hook/ament_prefix_path.sh'
[0.297s] INFO:colcon.colcon_core.shell:Skip shell extension 'powershell' for command environment: Not usable outside of PowerShell
[0.297s] DEBUG:colcon.colcon_core.shell:Skip shell extension 'dsv' for command environment
[0.307s] DEBUG:colcon.colcon_core.event_handler.log_command:Invoking command in '/home/prog1/ros2_training/build/motor_action': CMAKE_PREFIX_PATH=${CMAKE_PREFIX_PATH}:/home/prog1/ros2_training/install/py_talker:/home/prog1/ros2_training/install/controller:/opt/ros/jazzy DEBUGINFOD_URLS=https://debuginfod.ubuntu.com /usr/bin/cmake --build /home/prog1/ros2_training/build/motor_action -- -j2 -l2
[0.602s] INFO:colcon.colcon_core.task.python.build:Building Python package in '/home/prog1/ros2_training/src/controller'
[0.603s] INFO:colcon.colcon_core.shell:Skip shell extension 'powershell' for command environment: Not usable outside of PowerShell
[0.603s] DEBUG:colcon.colcon_core.shell:Skip shell extension 'dsv' for command environment
[1.356s] DEBUG:colcon.colcon_core.event_handler.log_command:Invoking command in '/home/prog1/ros2_training/src/controller': DEBUGINFOD_URLS=https://debuginfod.ubuntu.com PYTHONPATH=/home/prog1/ros2_training/build/controller/prefix_override:/usr/lib/python3/dist-packages/colcon_core/task/python/colcon_distutils_commands:/home/prog1/ros2_training/install/controller/lib/python3.12/site-packages:${PYTHONPATH} /usr/bin/python3 -W ignore:setup.py install is deprecated -W ignore:easy_install command is deprecated setup.py egg_info --egg-base ../../build/controller build --build-base /home/prog1/ros2_training/build/controller/build install --record /home/prog1/ros2_training/build/controller/install.log --single-version-externally-managed install_data
[2.277s] DEBUG:colcon.colcon_core.event_handler.log_command:Invoked command in '/home/prog1/ros2_training/src/controller' returned '0': DEBUGINFOD_URLS=https://debuginfod.ubuntu.com PYTHONPATH=/home/prog1/ros2_training/build/controller/prefix_override:/usr/lib/python3/dist-packages/colcon_core/task/python/colcon_distutils_commands:/home/prog1/ros2_training/install/controller/lib/python3.12/site-packages:${PYTHONPATH} /usr/bin/python3 -W ignore:setup.py install is deprecated -W ignore:easy_install command is deprecated setup.py egg_info --egg-base ../../build/controller build --build-base /home/prog1/ros2_training/build/controller/build install --record /home/prog1/ros2_training/build/controller/install.log --single-version-externally-managed install_data
[2.281s] Level 1:colcon.colcon_core.environment:checking '/home/prog1/ros2_training/install/controller' for CMake module files
[2.283s] Level 1:colcon.colcon_core.environment:checking '/home/prog1/ros2_training/install/controller' for CMake config files
[2.285s] Level 1:colcon.colcon_core.environment:checking '/home/prog1/ros2_training/install/controller/lib'
[2.285s] Level 1:colcon.colcon_core.environment:checking '/home/prog1/ros2_training/install/controller/bin'
[2.285s] Level 1:colcon.colcon_core.environment:checking '/home/prog1/ros2_training/install/controller/lib/pkgconfig/controller.pc'
[2.287s] Level 1:colcon.colcon_core.environment:checking '/home/prog1/ros2_training/install/controller/lib/python3.12/site-packages'
[2.287s] Level 1:colcon.colcon_core.shell:create_environment_hook('controller', 'pythonpath')
[2.287s] INFO:colcon.colcon_core.shell:Creating environment hook '/home/prog1/ros2_training/install/controller/share/controller/hook/pythonpath.ps1'
[2.289s] INFO:colcon.colcon_core.shell:Creating environment descriptor '/home/prog1/ros2_training/install/controller/share/controller/hook/pythonpath.dsv'
[2.289s] INFO:colcon.colcon_core.shell:Creating environment hook '/home/prog1/ros2_training/install/controller/share/controller/hook/pythonpath.sh'
[2.293s] Level 1:colcon.colcon_core.environment:checking '/home/prog1/ros2_training/install/controller/bin'
[2.293s] Level 1:colcon.colcon_core.environment:create_environment_scripts_only(controller)
[2.293s] INFO:colcon.colcon_core.shell:Creating package script '/home/prog1/ros2_training/install/controller/share/controller/package.ps1'
[2.296s] INFO:colcon.colcon_core.shell:Creating package descriptor '/home/prog1/ros2_training/install/controller/share/controller/package.dsv'
[2.297s] INFO:colcon.colcon_core.shell:Creating package script '/home/prog1/ros2_training/install/controller/share/controller/package.sh'
[2.299s] INFO:colcon.colcon_core.shell:Creating package script '/home/prog1/ros2_training/install/controller/share/controller/package.bash'
[2.301s] INFO:colcon.colcon_core.shell:Creating package script '/home/prog1/ros2_training/install/controller/share/controller/package.zsh'
[2.302s] Level 1:colcon.colcon_core.environment:create_file_with_runtime_dependencies(/home/prog1/ros2_training/install/controller/share/colcon-core/packages/controller)
[9.315s] DEBUG:colcon.colcon_core.event_handler.log_command:Invoked command in '/home/prog1/ros2_training/build/motor_action' returned '0': CMAKE_PREFIX_PATH=${CMAKE_PREFIX_PATH}:/home/prog1/ros2_training/install/py_talker:/home/prog1/ros2_training/install/controller:/opt/ros/jazzy DEBUGINFOD_URLS=https://debuginfod.ubuntu.com /usr/bin/cmake --build /home/prog1/ros2_training/build/motor_action -- -j2 -l2
[9.328s] DEBUG:colcon.colcon_core.event_handler.log_command:Invoking command in '/home/prog1/ros2_training/build/motor_action': CMAKE_PREFIX_PATH=${CMAKE_PREFIX_PATH}:/home/prog1/ros2_training/install/py_talker:/home/prog1/ros2_training/install/controller:/opt/ros/jazzy DEBUGINFOD_URLS=https://debuginfod.ubuntu.com /usr/bin/cmake --install /home/prog1/ros2_training/build/motor_action
[9.501s] Level 1:colcon.colcon_core.environment:create_environment_scripts_only(motor_action)
[9.501s] Level 1:colcon.colcon_core.environment:checking '/home/prog1/ros2_training/install/motor_action' for CMake module files
[9.502s] DEBUG:colcon.colcon_core.event_handler.log_command:Invoked command in '/home/prog1/ros2_training/build/motor_action' returned '0': CMAKE_PREFIX_PATH=${CMAKE_PREFIX_PATH}:/home/prog1/ros2_training/install/py_talker:/home/prog1/ros2_training/install/controller:/opt/ros/jazzy DEBUGINFOD_URLS=https://debuginfod.ubuntu.com /usr/bin/cmake --install /home/prog1/ros2_training/build/motor_action
[9.503s] Level 1:colcon.colcon_core.environment:checking '/home/prog1/ros2_training/install/motor_action' for CMake config files
[9.503s] Level 1:colcon.colcon_core.shell:create_environment_hook('motor_action', 'cmake_prefix_path')
[9.504s] INFO:colcon.colcon_core.shell:Creating environment hook '/home/prog1/ros2_training/install/motor_action/share/motor_action/hook/cmake_prefix_path.ps1'
[9.505s] INFO:colcon.colcon_core.shell:Creating environment descriptor '/home/prog1/ros2_training/install/motor_action/share/motor_action/hook/cmake_prefix_path.dsv'
[9.505s] INFO:colcon.colcon_core.shell:Creating environment hook '/home/prog1/ros2_training/install/motor_action/share/motor_action/hook/cmake_prefix_path.sh'
[9.506s] Level 1:colcon.colcon_core.environment:checking '/home/prog1/ros2_training/install/motor_action/lib'
[9.506s] Level 1:colcon.colcon_core.shell:create_environment_hook('motor_action', 'ld_library_path_lib')
[9.507s] INFO:colcon.colcon_core.shell:Creating environment hook '/home/prog1/ros2_training/install/motor_action/share/motor_action/hook/ld_library_path_lib.ps1'
[9.507s] INFO:colcon.colcon_core.shell:Creating environment descriptor '/home/prog1/ros2_training/install/motor_action/share/motor_action/hook/ld_library_path_lib.dsv'
[9.508s] INFO:colcon.colcon_core.shell:Creating environment hook '/home/prog1/ros2_training/install/motor_action/share/motor_action/hook/ld_library_path_lib.sh'
[9.509s] Level 1:colcon.colcon_core.environment:checking '/home/prog1/ros2_training/install/motor_action/bin'
[9.509s] Level 1:colcon.colcon_core.environment:checking '/home/prog1/ros2_training/install/motor_action/lib/pkgconfig/motor_action.pc'
[9.509s] Level 1:colcon.colcon_core.environment:checking '/home/prog1/ros2_training/install/motor_action/lib/python3.12/site-packages'
[9.509s] Level 1:colcon.colcon_core.shell:create_environment_hook('motor_action', 'pythonpath')
[9.509s] INFO:colcon.colcon_core.shell:Creating environment hook '/home/prog1/ros2_training/install/motor_action/share/motor_action/hook/pythonpath.ps1'
[9.510s] INFO:colcon.colcon_core.shell:Creating environment descriptor '/home/prog1/ros2_training/install/motor_action/share/motor_action/hook/pythonpath.dsv'
[9.511s] INFO:colcon.colcon_core.shell:Creating environment hook '/home/prog1/ros2_training/install/motor_action/share/motor_action/hook/pythonpath.sh'
[9.512s] Level 1:colcon.colcon_core.environment:checking '/home/prog1/ros2_training/install/motor_action/bin'
[9.512s] INFO:colcon.colcon_core.shell:Creating package script '/home/prog1/ros2_training/install/motor_action/share/motor_action/package.ps1'
[9.514s] INFO:colcon.colcon_core.shell:Creating package descriptor '/home/prog1/ros2_training/install/motor_action/share/motor_action/package.dsv'
[9.515s] INFO:colcon.colcon_core.shell:Creating package script '/home/prog1/ros2_training/install/motor_action/share/motor_action/package.sh'
[9.516s] INFO:colcon.colcon_core.shell:Creating package script '/home/prog1/ros2_training/install/motor_action/share/motor_action/package.bash'
[9.517s] INFO:colcon.colcon_core.shell:Creating package script '/home/prog1/ros2_training/install/motor_action/share/motor_action/package.zsh'
[9.518s] Level 1:colcon.colcon_core.environment:create_file_with_runtime_dependencies(/home/prog1/ros2_training/install/motor_action/share/colcon-core/packages/motor_action)
[9.518s] Level 1:colcon.colcon_core.environment:create_environment_scripts_only(motor_action)
[9.519s] Level 1:colcon.colcon_core.environment:checking '/home/prog1/ros2_training/install/motor_action' for CMake module files
[9.519s] Level 1:colcon.colcon_core.environment:checking '/home/prog1/ros2_training/install/motor_action' for CMake config files
[9.520s] Level 1:colcon.colcon_core.shell:create_environment_hook('motor_action', 'cmake_prefix_path')
[9.520s] INFO:colcon.colcon_core.shell:Creating environment hook '/home/prog1/ros2_training/install/motor_action/share/motor_action/hook/cmake_prefix_path.ps1'
[9.521s] INFO:colcon.colcon_core.shell:Creating environment descriptor '/home/prog1/ros2_training/install/motor_action/share/motor_action/hook/cmake_prefix_path.dsv'
[9.521s] INFO:colcon.colcon_core.shell:Creating environment hook '/home/prog1/ros2_training/install/motor_action/share/motor_action/hook/cmake_prefix_path.sh'
[9.522s] Level 1:colcon.colcon_core.environment:checking '/home/prog1/ros2_training/install/motor_action/lib'
[9.522s] Level 1:colcon.colcon_core.shell:create_environment_hook('motor_action', 'ld_library_path_lib')
[9.522s] INFO:colcon.colcon_core.shell:Creating environment hook '/home/prog1/ros2_training/install/motor_action/share/motor_action/hook/ld_library_path_lib.ps1'
[9.523s] INFO:colcon.colcon_core.shell:Creating environment descriptor '/home/prog1/ros2_training/install/motor_action/share/motor_action/hook/ld_library_path_lib.dsv'
[9.523s] INFO:colcon.colcon_core.shell:Creating environment hook '/home/prog1/ros2_training/install/motor_action/share/motor_action/hook/ld_library_path_lib.sh'
[9.524s] Level 1:colcon.colcon_core.environment:checking '/home/prog1/ros2_training/install/motor_action/bin'
[9.524s] Level 1:colcon.colcon_core.environment:checking '/home/prog1/ros2_training/install/motor_action/lib/pkgconfig/motor_action.pc'
[9.524s] Level 1:colcon.colcon_core.environment:checking '/home/prog1/ros2_training/install/motor_action/lib/python3.12/site-packages'
[9.524s] Level 1:colcon.colcon_core.shell:create_environment_hook('motor_action', 'pythonpath')
[9.524s] INFO:colcon.colcon_core.shell:Creating environment hook '/home/prog1/ros2_training/install/motor_action/share/motor_action/hook/pythonpath.ps1'
[9.525s] INFO:colcon.colcon_core.shell:Creating environment descriptor '/home/prog1/ros2_training/install/motor_action/share/motor_action/hook/pythonpath.dsv'
[9.525s] INFO:colcon.colcon_core.shell:Creating environment hook '/home/prog1/ros2_training/install/motor_action/share/motor_action/hook/pythonpath.sh'
[9.526s] Level 1:colcon.colcon_core.environment:checking '/home/prog1/ros2_training/install/motor_action/bin'
[9.526s] INFO:colcon.colcon_core.shell:Creating package script '/home/prog1/ros2_training/install/motor_action/share/motor_action/package.ps1'
[9.528s] INFO:colcon.colcon_core.shell:Creating package descriptor '/home/prog1/ros2_training/install/motor_action/share/motor_action/package.dsv'
[9.529s] INFO:colcon.colcon_core.shell:Creating package script '/home/prog1/ros2_training/install/motor_action/share/motor_action/package.sh'
[9.530s] INFO:colcon.colcon_core.shell:Creating package script '/home/prog1/ros2_training/install/motor_action/share/motor_action/package.bash'
[9.530s] INFO:colcon.colcon_core.shell:Creating package script '/home/prog1/ros2_training/install/motor_action/share/motor_action/package.zsh'
[9.531s] Level 1:colcon.colcon_core.environment:create_file_with_runtime_dependencies(/home/prog1/ros2_training/install/motor_action/share/colcon-core/packages/motor_action)
[9.532s] INFO:colcon.colcon_ros.task.ament_cmake.build:Building ROS package in '/home/prog1/ros2_training/src/input_handler' with build type 'ament_cmake'
[9.532s] INFO:colcon.colcon_cmake.task.cmake.build:Building CMake package in '/home/prog1/ros2_training/src/input_handler'
[9.532s] INFO:colcon.colcon_core.shell:Skip shell extension 'powershell' for command environment: Not usable outside of PowerShell
[9.532s] DEBUG:colcon.colcon_core.shell:Skip shell extension 'dsv' for command environment
[9.555s] DEBUG:colcon.colcon_core.event_handler.log_command:Invoking command in '/home/prog1/ros2_training/build/input_handler': CMAKE_PREFIX_PATH=/home/prog1/ros2_training/install/motor_action:/home/prog1/ros2_training/install/motor_handler:/home/prog1/ros2_training/install/input_handler:/home/prog1/ros2_training/install/cpp_listener:/opt/ros/jazzy/opt/gz_math_vendor:/opt/ros/jazzy/opt/gz_utils_vendor:/opt/ros/jazzy/opt/gz_cmake_vendor:/home/prog1/ros2_training/install/py_talker:/home/prog1/ros2_training/install/controller:/opt/ros/jazzy DEBUGINFOD_URLS=https://debuginfod.ubuntu.com PYTHONPATH=/home/prog1/ros2_training/install/motor_action/lib/python3.12/site-packages:/home/prog1/ros2_training/install/py_talker/lib/python3.12/site-packages:/home/prog1/ros2_training/install/controller/lib/python3.12/site-packages:/opt/ros/jazzy/lib/python3.12/site-packages /usr/bin/cmake --build /home/prog1/ros2_training/build/input_handler -- -j2 -l2
[10.258s] DEBUG:colcon.colcon_core.event_handler.log_command:Invoked command in '/home/prog1/ros2_training/build/input_handler' returned '2': CMAKE_PREFIX_PATH=/home/prog1/ros2_training/install/motor_action:/home/prog1/ros2_training/install/motor_handler:/home/prog1/ros2_training/install/input_handler:/home/prog1/ros2_training/install/cpp_listener:/opt/ros/jazzy/opt/gz_math_vendor:/opt/ros/jazzy/opt/gz_utils_vendor:/opt/ros/jazzy/opt/gz_cmake_vendor:/home/prog1/ros2_training/install/py_talker:/home/prog1/ros2_training/install/controller:/opt/ros/jazzy DEBUGINFOD_URLS=https://debuginfod.ubuntu.com PYTHONPATH=/home/prog1/ros2_training/install/motor_action/lib/python3.12/site-packages:/home/prog1/ros2_training/install/py_talker/lib/python3.12/site-packages:/home/prog1/ros2_training/install/controller/lib/python3.12/site-packages:/opt/ros/jazzy/lib/python3.12/site-packages /usr/bin/cmake --build /home/prog1/ros2_training/build/input_handler -- -j2 -l2
[10.259s] Level 1:colcon.colcon_core.environment:create_environment_scripts_only(input_handler)
[10.259s] Level 1:colcon.colcon_core.environment:checking '/home/prog1/ros2_training/install/input_handler' for CMake module files
[10.260s] Level 1:colcon.colcon_core.environment:checking '/home/prog1/ros2_training/install/input_handler' for CMake config files
[10.260s] Level 1:colcon.colcon_core.shell:create_environment_hook('input_handler', 'cmake_prefix_path')
[10.260s] INFO:colcon.colcon_core.shell:Creating environment hook '/home/prog1/ros2_training/install/input_handler/share/input_handler/hook/cmake_prefix_path.ps1'
[10.260s] INFO:colcon.colcon_core.shell:Creating environment descriptor '/home/prog1/ros2_training/install/input_handler/share/input_handler/hook/cmake_prefix_path.dsv'
[10.261s] INFO:colcon.colcon_core.shell:Creating environment hook '/home/prog1/ros2_training/install/input_handler/share/input_handler/hook/cmake_prefix_path.sh'
[10.262s] Level 1:colcon.colcon_core.environment:checking '/home/prog1/ros2_training/install/input_handler/lib'
[10.263s] Level 1:colcon.colcon_core.environment:checking '/home/prog1/ros2_training/install/input_handler/bin'
[10.263s] Level 1:colcon.colcon_core.environment:checking '/home/prog1/ros2_training/install/input_handler/lib/pkgconfig/input_handler.pc'
[10.263s] Level 1:colcon.colcon_core.environment:checking '/home/prog1/ros2_training/install/input_handler/lib/python3.12/site-packages'
[10.263s] Level 1:colcon.colcon_core.environment:checking '/home/prog1/ros2_training/install/input_handler/bin'
[10.264s] INFO:colcon.colcon_core.shell:Creating package script '/home/prog1/ros2_training/install/input_handler/share/input_handler/package.ps1'
[10.265s] INFO:colcon.colcon_core.shell:Creating package descriptor '/home/prog1/ros2_training/install/input_handler/share/input_handler/package.dsv'
[10.265s] INFO:colcon.colcon_core.shell:Creating package script '/home/prog1/ros2_training/install/input_handler/share/input_handler/package.sh'
[10.266s] INFO:colcon.colcon_core.shell:Creating package script '/home/prog1/ros2_training/install/input_handler/share/input_handler/package.bash'
[10.267s] INFO:colcon.colcon_core.shell:Creating package script '/home/prog1/ros2_training/install/input_handler/share/input_handler/package.zsh'
[10.267s] Level 1:colcon.colcon_core.environment:create_file_with_runtime_dependencies(/home/prog1/ros2_training/install/input_handler/share/colcon-core/packages/input_handler)
[10.278s] DEBUG:colcon.colcon_parallel_executor.executor.parallel:closing loop
[10.279s] DEBUG:colcon.colcon_parallel_executor.executor.parallel:loop closed
[10.279s] DEBUG:colcon.colcon_parallel_executor.executor.parallel:run_until_complete finished with '2'
[10.279s] DEBUG:colcon.colcon_core.event_reactor:joining thread
[10.285s] INFO:colcon.colcon_core.plugin_system:Skipping extension 'colcon_notification.desktop_notification.terminal_notifier': Not used on non-Darwin systems
[10.285s] INFO:colcon.colcon_core.plugin_system:Skipping extension 'colcon_notification.desktop_notification.win32': Not used on non-Windows systems
[10.285s] INFO:colcon.colcon_notification.desktop_notification:Sending desktop notification using 'notify2'
[10.324s] DEBUG:colcon.colcon_core.event_reactor:joined thread
[10.325s] INFO:colcon.colcon_core.shell:Creating prefix script '/home/prog1/ros2_training/install/local_setup.ps1'
[10.329s] INFO:colcon.colcon_core.shell:Creating prefix util module '/home/prog1/ros2_training/install/_local_setup_util_ps1.py'
[10.331s] INFO:colcon.colcon_core.shell:Creating prefix chain script '/home/prog1/ros2_training/install/setup.ps1'
[10.333s] INFO:colcon.colcon_core.shell:Creating prefix script '/home/prog1/ros2_training/install/local_setup.sh'
[10.333s] INFO:colcon.colcon_core.shell:Creating prefix util module '/home/prog1/ros2_training/install/_local_setup_util_sh.py'
[10.335s] INFO:colcon.colcon_core.shell:Creating prefix chain script '/home/prog1/ros2_training/install/setup.sh'
[10.337s] INFO:colcon.colcon_core.shell:Creating prefix script '/home/prog1/ros2_training/install/local_setup.bash'
[10.338s] INFO:colcon.colcon_core.shell:Creating prefix chain script '/home/prog1/ros2_training/install/setup.bash'
[10.340s] INFO:colcon.colcon_core.shell:Creating prefix script '/home/prog1/ros2_training/install/local_setup.zsh'
[10.340s] INFO:colcon.colcon_core.shell:Creating prefix chain script '/home/prog1/ros2_training/install/setup.zsh'
