[0.007s] Invoking command in '/home/prog1/ros2_training/build/motor_action': CMAKE_PREFIX_PATH=${CMAKE_PREFIX_PATH}:/home/prog1/ros2_training/install/py_talker:/home/prog1/ros2_training/install/controller:/opt/ros/jazzy DEBUGINFOD_URLS=https://debuginfod.ubuntu.com /usr/bin/cmake /home/prog1/ros2_training/src/motor_action -DCMAKE_INSTALL_PREFIX=/home/prog1/ros2_training/install/motor_action
[0.076s] -- The C compiler identification is GNU 13.3.0
[0.148s] -- The CXX compiler identification is GNU 13.3.0
[0.171s] -- Detecting C compiler ABI info
[0.287s] -- Detecting C compiler ABI info - done
[0.302s] -- Check for working C compiler: /usr/bin/cc - skipped
[0.302s] -- Detecting C compile features
[0.304s] -- Detecting C compile features - done
[0.316s] -- Detecting CXX compiler ABI info
[0.464s] -- Detecting CXX compiler ABI info - done
[0.481s] -- Check for working CXX compiler: /usr/bin/c++ - skipped
[0.483s] -- Detecting CXX compile features
[0.485s] -- Detecting CXX compile features - done
[0.489s] -- Found ament_cmake: 2.5.6 (/opt/ros/jazzy/share/ament_cmake/cmake)
[0.685s] -- Found Python3: /usr/bin/python3 (found version "3.12.3") found components: Interpreter 
[0.818s] -- Found rosidl_default_generators: 1.6.0 (/opt/ros/jazzy/share/rosidl_default_generators/cmake)
[0.830s] -- Using all available rosidl_typesupport_c: rosidl_typesupport_fastrtps_c;rosidl_typesupport_introspection_c
[0.897s] -- Using all available rosidl_typesupport_cpp: rosidl_typesupport_fastrtps_cpp;rosidl_typesupport_introspection_cpp
[0.972s] -- Found rosidl_adapter: 4.6.7 (/opt/ros/jazzy/share/rosidl_adapter/cmake)
[1.916s] -- Found ament_cmake_ros: 0.12.0 (/opt/ros/jazzy/share/ament_cmake_ros/cmake)
[2.506s] -- Using all available rosidl_typesupport_c: rosidl_typesupport_fastrtps_c;rosidl_typesupport_introspection_c
[3.258s] -- Using all available rosidl_typesupport_cpp: rosidl_typesupport_fastrtps_cpp;rosidl_typesupport_introspection_cpp
[3.262s] -- Found python_cmake_module: 0.11.1 (/opt/ros/jazzy/share/python_cmake_module/cmake)
[3.426s] -- Found PythonExtra: /usr/bin/python3  
[3.953s] -- Found Python3: /usr/bin/python3 (found version "3.12.3") found components: Interpreter Development NumPy Development.Module Development.Embed 
[4.039s] -- Found Python3: /usr/bin/python3 (found version "3.12.3") found components: Interpreter 
[4.054s] -- Configuring done (4.0s)
[4.101s] -- Generating done (0.0s)
[4.118s] -- Build files have been written to: /home/prog1/ros2_training/build/motor_action
[4.130s] Invoked command in '/home/prog1/ros2_training/build/motor_action' returned '0': CMAKE_PREFIX_PATH=${CMAKE_PREFIX_PATH}:/home/prog1/ros2_training/install/py_talker:/home/prog1/ros2_training/install/controller:/opt/ros/jazzy DEBUGINFOD_URLS=https://debuginfod.ubuntu.com /usr/bin/cmake /home/prog1/ros2_training/src/motor_action -DCMAKE_INSTALL_PREFIX=/home/prog1/ros2_training/install/motor_action
[4.131s] Invoking command in '/home/prog1/ros2_training/build/motor_action': CMAKE_PREFIX_PATH=${CMAKE_PREFIX_PATH}:/home/prog1/ros2_training/install/py_talker:/home/prog1/ros2_training/install/controller:/opt/ros/jazzy DEBUGINFOD_URLS=https://debuginfod.ubuntu.com /usr/bin/cmake --build /home/prog1/ros2_training/build/motor_action -- -j2 -l2
[4.201s] [  2%] [34m[1mGenerating Rust code for ROS interfaces[0m
[4.202s] [  5%] [34m[1mGenerating type hashes for ROS interfaces[0m
[4.511s] [  5%] Built target motor_action__rosidl_generator_type_description
[4.554s] [  5%] Built target ament_cmake_python_copy_motor_action
[4.568s] [  8%] [34m[1mGenerating C code for ROS interfaces[0m
[4.573s] [  8%] Built target motor_action__rs
[4.606s] [ 11%] [34m[1mGenerating C++ code for ROS interfaces[0m
[5.174s] [ 11%] Built target motor_action__cpp
[5.290s] [ 14%] [32mBuilding C object CMakeFiles/motor_action__rosidl_generator_c.dir/rosidl_generator_c/motor_action/action/detail/rotate__description.c.o[0m
[5.404s] [ 17%] [32mBuilding C object CMakeFiles/motor_action__rosidl_generator_c.dir/rosidl_generator_c/motor_action/action/detail/rotate__functions.c.o[0m
[5.450s] running egg_info
[5.450s] creating motor_action.egg-info
[5.475s] writing motor_action.egg-info/PKG-INFO
[5.475s] writing dependency_links to motor_action.egg-info/dependency_links.txt
[5.475s] writing top-level names to motor_action.egg-info/top_level.txt
[5.475s] writing manifest file 'motor_action.egg-info/SOURCES.txt'
[5.549s] reading manifest file 'motor_action.egg-info/SOURCES.txt'
[5.549s] writing manifest file 'motor_action.egg-info/SOURCES.txt'
[5.593s] [ 17%] Built target ament_cmake_python_build_motor_action_egg
[5.605s] [ 20%] [32mBuilding C object CMakeFiles/motor_action__rosidl_generator_c.dir/rosidl_generator_c/motor_action/action/detail/rotate__type_support.c.o[0m
[5.664s] [ 22%] [32m[1mLinking C shared library libmotor_action__rosidl_generator_c.so[0m
[5.718s] [ 22%] Built target motor_action__rosidl_generator_c
[5.731s] [ 25%] [34m[1mGenerating C introspection for ROS interfaces[0m
[5.732s] [ 28%] [34m[1mGenerating C type support for eProsima Fast-RTPS[0m
[6.245s] [ 31%] [32mBuilding C object CMakeFiles/motor_action__rosidl_typesupport_introspection_c.dir/rosidl_typesupport_introspection_c/motor_action/action/detail/rotate__type_support.c.o[0m
[6.338s] [ 34%] [32m[1mLinking C shared library libmotor_action__rosidl_typesupport_introspection_c.so[0m
[6.388s] [ 34%] Built target motor_action__rosidl_typesupport_introspection_c
[6.403s] [ 37%] [34m[1mGenerating C type support dispatch for ROS interfaces[0m
[6.424s] [ 40%] [32mBuilding CXX object CMakeFiles/motor_action__rosidl_typesupport_fastrtps_c.dir/rosidl_typesupport_fastrtps_c/motor_action/action/detail/rotate__type_support_c.cpp.o[0m
[6.799s] [ 42%] [32mBuilding CXX object CMakeFiles/motor_action__rosidl_typesupport_c.dir/rosidl_typesupport_c/motor_action/action/rotate__type_support.cpp.o[0m
[6.888s] [ 45%] [32m[1mLinking CXX shared library libmotor_action__rosidl_typesupport_c.so[0m
[6.954s] [ 45%] Built target motor_action__rosidl_typesupport_c
[6.968s] [ 48%] [34m[1mGenerating C++ type support for eProsima Fast-RTPS[0m
[7.187s] [ 51%] [32m[1mLinking CXX shared library libmotor_action__rosidl_typesupport_fastrtps_c.so[0m
[7.252s] [ 51%] Built target motor_action__rosidl_typesupport_fastrtps_c
[7.268s] [ 54%] [34m[1mGenerating C++ introspection for ROS interfaces[0m
[7.625s] [ 57%] [32mBuilding CXX object CMakeFiles/motor_action__rosidl_typesupport_fastrtps_cpp.dir/rosidl_typesupport_fastrtps_cpp/motor_action/action/detail/dds_fastrtps/rotate__type_support.cpp.o[0m
[7.712s] [ 60%] [32mBuilding CXX object CMakeFiles/motor_action__rosidl_typesupport_introspection_cpp.dir/rosidl_typesupport_introspection_cpp/motor_action/action/detail/rotate__type_support.cpp.o[0m
[8.684s] [ 62%] [32m[1mLinking CXX shared library libmotor_action__rosidl_typesupport_introspection_cpp.so[0m
[8.803s] [ 62%] Built target motor_action__rosidl_typesupport_introspection_cpp
[8.818s] [ 65%] [34m[1mGenerating C++ type support dispatch for ROS interfaces[0m
[8.994s] [ 68%] [32m[1mLinking CXX shared library libmotor_action__rosidl_typesupport_fastrtps_cpp.so[0m
[9.112s] [ 68%] Built target motor_action__rosidl_typesupport_fastrtps_cpp
[9.208s] [ 71%] [32mBuilding CXX object CMakeFiles/motor_action__rosidl_typesupport_cpp.dir/rosidl_typesupport_cpp/motor_action/action/rotate__type_support.cpp.o[0m
[10.005s] [ 74%] [32m[1mLinking CXX shared library libmotor_action__rosidl_typesupport_cpp.so[0m
[10.113s] [ 74%] Built target motor_action__rosidl_typesupport_cpp
[10.142s] [ 74%] Built target motor_action
[10.171s] [ 77%] [34m[1mGenerating Python code for ROS interfaces[0m
[11.025s] [ 77%] Built target motor_action__py
[11.052s] [ 80%] [32mBuilding C object CMakeFiles/motor_action__rosidl_generator_py.dir/rosidl_generator_py/motor_action/action/_rotate_s.c.o[0m
[11.373s] [ 82%] [32m[1mLinking C shared library libmotor_action__rosidl_generator_py.so[0m
[11.432s] [ 82%] Built target motor_action__rosidl_generator_py
[11.459s] [ 85%] [32mBuilding C object CMakeFiles/motor_action_s__rosidl_typesupport_fastrtps_c.dir/rosidl_generator_py/motor_action/_motor_action_s.ep.rosidl_typesupport_fastrtps_c.c.o[0m
[11.462s] [ 88%] [32mBuilding C object CMakeFiles/motor_action_s__rosidl_typesupport_introspection_c.dir/rosidl_generator_py/motor_action/_motor_action_s.ep.rosidl_typesupport_introspection_c.c.o[0m
[11.642s] [ 91%] [32m[1mLinking C shared module rosidl_generator_py/motor_action/motor_action_s__rosidl_typesupport_introspection_c.so[0m
[11.651s] [ 94%] [32m[1mLinking C shared module rosidl_generator_py/motor_action/motor_action_s__rosidl_typesupport_fastrtps_c.so[0m
[11.693s] [ 94%] Built target motor_action_s__rosidl_typesupport_introspection_c
[11.696s] [ 94%] Built target motor_action_s__rosidl_typesupport_fastrtps_c
[11.725s] [ 97%] [32mBuilding C object CMakeFiles/motor_action_s__rosidl_typesupport_c.dir/rosidl_generator_py/motor_action/_motor_action_s.ep.rosidl_typesupport_c.c.o[0m
[11.881s] [100%] [32m[1mLinking C shared module rosidl_generator_py/motor_action/motor_action_s__rosidl_typesupport_c.so[0m
[11.926s] [100%] Built target motor_action_s__rosidl_typesupport_c
[11.942s] Invoked command in '/home/prog1/ros2_training/build/motor_action' returned '0': CMAKE_PREFIX_PATH=${CMAKE_PREFIX_PATH}:/home/prog1/ros2_training/install/py_talker:/home/prog1/ros2_training/install/controller:/opt/ros/jazzy DEBUGINFOD_URLS=https://debuginfod.ubuntu.com /usr/bin/cmake --build /home/prog1/ros2_training/build/motor_action -- -j2 -l2
[11.943s] Invoking command in '/home/prog1/ros2_training/build/motor_action': CMAKE_PREFIX_PATH=${CMAKE_PREFIX_PATH}:/home/prog1/ros2_training/install/py_talker:/home/prog1/ros2_training/install/controller:/opt/ros/jazzy DEBUGINFOD_URLS=https://debuginfod.ubuntu.com /usr/bin/cmake --install /home/prog1/ros2_training/build/motor_action
[11.955s] -- Install configuration: ""
[11.955s] -- Installing: /home/prog1/ros2_training/install/motor_action/share/ament_index/resource_index/rosidl_interfaces/motor_action
[11.955s] -- Installing: /home/prog1/ros2_training/install/motor_action/share/motor_action/action/Rotate.json
[11.956s] -- Installing: /home/prog1/ros2_training/install/motor_action/include/motor_action/motor_action
[11.957s] -- Installing: /home/prog1/ros2_training/install/motor_action/include/motor_action/motor_action/msg
[11.957s] -- Installing: /home/prog1/ros2_training/install/motor_action/include/motor_action/motor_action/msg/rosidl_generator_c__visibility_control.h
[11.957s] -- Installing: /home/prog1/ros2_training/install/motor_action/include/motor_action/motor_action/action
[11.957s] -- Installing: /home/prog1/ros2_training/install/motor_action/include/motor_action/motor_action/action/rotate.h
[11.957s] -- Installing: /home/prog1/ros2_training/install/motor_action/include/motor_action/motor_action/action/detail
[11.958s] -- Installing: /home/prog1/ros2_training/install/motor_action/include/motor_action/motor_action/action/detail/rotate__type_support.h
[11.958s] -- Installing: /home/prog1/ros2_training/install/motor_action/include/motor_action/motor_action/action/detail/rotate__struct.h
[11.958s] -- Installing: /home/prog1/ros2_training/install/motor_action/include/motor_action/motor_action/action/detail/rotate__description.c
[11.958s] -- Installing: /home/prog1/ros2_training/install/motor_action/include/motor_action/motor_action/action/detail/rotate__functions.h
[11.958s] -- Installing: /home/prog1/ros2_training/install/motor_action/include/motor_action/motor_action/action/detail/rotate__functions.c
[11.959s] -- Installing: /home/prog1/ros2_training/install/motor_action/include/motor_action/motor_action/action/detail/rotate__type_support.c
[11.959s] -- Installing: /home/prog1/ros2_training/install/motor_action/share/motor_action/environment/library_path.sh
[11.959s] -- Installing: /home/prog1/ros2_training/install/motor_action/share/motor_action/environment/library_path.dsv
[11.959s] -- Installing: /home/prog1/ros2_training/install/motor_action/lib/libmotor_action__rosidl_generator_c.so
[11.960s] -- Set non-toolchain portion of runtime path of "/home/prog1/ros2_training/install/motor_action/lib/libmotor_action__rosidl_generator_c.so" to ""
[11.960s] -- Up-to-date: /home/prog1/ros2_training/install/motor_action/include/motor_action/motor_action
[11.960s] -- Up-to-date: /home/prog1/ros2_training/install/motor_action/include/motor_action/motor_action/msg
[11.961s] -- Installing: /home/prog1/ros2_training/install/motor_action/include/motor_action/motor_action/msg/rosidl_typesupport_fastrtps_c__visibility_control.h
[11.961s] -- Up-to-date: /home/prog1/ros2_training/install/motor_action/include/motor_action/motor_action/action
[11.961s] -- Up-to-date: /home/prog1/ros2_training/install/motor_action/include/motor_action/motor_action/action/detail
[11.961s] -- Installing: /home/prog1/ros2_training/install/motor_action/include/motor_action/motor_action/action/detail/rotate__rosidl_typesupport_fastrtps_c.h
[11.961s] -- Installing: /home/prog1/ros2_training/install/motor_action/lib/libmotor_action__rosidl_typesupport_fastrtps_c.so
[11.961s] -- Set non-toolchain portion of runtime path of "/home/prog1/ros2_training/install/motor_action/lib/libmotor_action__rosidl_typesupport_fastrtps_c.so" to ""
[11.962s] -- Up-to-date: /home/prog1/ros2_training/install/motor_action/include/motor_action/motor_action
[11.962s] -- Up-to-date: /home/prog1/ros2_training/install/motor_action/include/motor_action/motor_action/msg
[11.962s] -- Installing: /home/prog1/ros2_training/install/motor_action/include/motor_action/motor_action/msg/rosidl_typesupport_introspection_c__visibility_control.h
[11.963s] -- Up-to-date: /home/prog1/ros2_training/install/motor_action/include/motor_action/motor_action/action
[11.963s] -- Up-to-date: /home/prog1/ros2_training/install/motor_action/include/motor_action/motor_action/action/detail
[11.964s] -- Installing: /home/prog1/ros2_training/install/motor_action/include/motor_action/motor_action/action/detail/rotate__rosidl_typesupport_introspection_c.h
[11.964s] -- Installing: /home/prog1/ros2_training/install/motor_action/include/motor_action/motor_action/action/detail/rotate__type_support.c
[11.964s] -- Installing: /home/prog1/ros2_training/install/motor_action/lib/libmotor_action__rosidl_typesupport_introspection_c.so
[11.965s] -- Set non-toolchain portion of runtime path of "/home/prog1/ros2_training/install/motor_action/lib/libmotor_action__rosidl_typesupport_introspection_c.so" to ""
[11.965s] -- Installing: /home/prog1/ros2_training/install/motor_action/lib/libmotor_action__rosidl_typesupport_c.so
[11.965s] -- Set non-toolchain portion of runtime path of "/home/prog1/ros2_training/install/motor_action/lib/libmotor_action__rosidl_typesupport_c.so" to ""
[11.965s] -- Up-to-date: /home/prog1/ros2_training/install/motor_action/include/motor_action/motor_action
[11.966s] -- Up-to-date: /home/prog1/ros2_training/install/motor_action/include/motor_action/motor_action/msg
[11.966s] -- Installing: /home/prog1/ros2_training/install/motor_action/include/motor_action/motor_action/msg/rosidl_generator_cpp__visibility_control.hpp
[11.966s] -- Up-to-date: /home/prog1/ros2_training/install/motor_action/include/motor_action/motor_action/action
[11.966s] -- Installing: /home/prog1/ros2_training/install/motor_action/include/motor_action/motor_action/action/rotate.hpp
[11.966s] -- Up-to-date: /home/prog1/ros2_training/install/motor_action/include/motor_action/motor_action/action/detail
[11.967s] -- Installing: /home/prog1/ros2_training/install/motor_action/include/motor_action/motor_action/action/detail/rotate__builder.hpp
[11.967s] -- Installing: /home/prog1/ros2_training/install/motor_action/include/motor_action/motor_action/action/detail/rotate__struct.hpp
[11.967s] -- Installing: /home/prog1/ros2_training/install/motor_action/include/motor_action/motor_action/action/detail/rotate__type_support.hpp
[11.967s] -- Installing: /home/prog1/ros2_training/install/motor_action/include/motor_action/motor_action/action/detail/rotate__traits.hpp
[11.967s] -- Up-to-date: /home/prog1/ros2_training/install/motor_action/include/motor_action/motor_action
[11.968s] -- Up-to-date: /home/prog1/ros2_training/install/motor_action/include/motor_action/motor_action/msg
[11.968s] -- Installing: /home/prog1/ros2_training/install/motor_action/include/motor_action/motor_action/msg/rosidl_typesupport_fastrtps_cpp__visibility_control.h
[11.968s] -- Up-to-date: /home/prog1/ros2_training/install/motor_action/include/motor_action/motor_action/action
[11.968s] -- Up-to-date: /home/prog1/ros2_training/install/motor_action/include/motor_action/motor_action/action/detail
[11.968s] -- Installing: /home/prog1/ros2_training/install/motor_action/include/motor_action/motor_action/action/detail/rotate__rosidl_typesupport_fastrtps_cpp.hpp
[11.968s] -- Installing: /home/prog1/ros2_training/install/motor_action/include/motor_action/motor_action/action/detail/dds_fastrtps
[11.969s] -- Installing: /home/prog1/ros2_training/install/motor_action/lib/libmotor_action__rosidl_typesupport_fastrtps_cpp.so
[11.969s] -- Set non-toolchain portion of runtime path of "/home/prog1/ros2_training/install/motor_action/lib/libmotor_action__rosidl_typesupport_fastrtps_cpp.so" to ""
[11.970s] -- Up-to-date: /home/prog1/ros2_training/install/motor_action/include/motor_action/motor_action
[11.970s] -- Up-to-date: /home/prog1/ros2_training/install/motor_action/include/motor_action/motor_action/action
[11.970s] -- Up-to-date: /home/prog1/ros2_training/install/motor_action/include/motor_action/motor_action/action/detail
[11.971s] -- Installing: /home/prog1/ros2_training/install/motor_action/include/motor_action/motor_action/action/detail/rotate__type_support.cpp
[11.971s] -- Installing: /home/prog1/ros2_training/install/motor_action/include/motor_action/motor_action/action/detail/rotate__rosidl_typesupport_introspection_cpp.hpp
[11.971s] -- Installing: /home/prog1/ros2_training/install/motor_action/lib/libmotor_action__rosidl_typesupport_introspection_cpp.so
[11.972s] -- Set non-toolchain portion of runtime path of "/home/prog1/ros2_training/install/motor_action/lib/libmotor_action__rosidl_typesupport_introspection_cpp.so" to ""
[11.972s] -- Installing: /home/prog1/ros2_training/install/motor_action/lib/libmotor_action__rosidl_typesupport_cpp.so
[11.972s] -- Set non-toolchain portion of runtime path of "/home/prog1/ros2_training/install/motor_action/lib/libmotor_action__rosidl_typesupport_cpp.so" to ""
[11.972s] -- Installing: /home/prog1/ros2_training/install/motor_action/share/motor_action/environment/pythonpath.sh
[11.972s] -- Installing: /home/prog1/ros2_training/install/motor_action/share/motor_action/environment/pythonpath.dsv
[11.973s] -- Installing: /home/prog1/ros2_training/install/motor_action/lib/python3.12/site-packages/motor_action-0.0.0-py3.12.egg-info
[11.973s] -- Installing: /home/prog1/ros2_training/install/motor_action/lib/python3.12/site-packages/motor_action-0.0.0-py3.12.egg-info/dependency_links.txt
[11.973s] -- Installing: /home/prog1/ros2_training/install/motor_action/lib/python3.12/site-packages/motor_action-0.0.0-py3.12.egg-info/PKG-INFO
[11.973s] -- Installing: /home/prog1/ros2_training/install/motor_action/lib/python3.12/site-packages/motor_action-0.0.0-py3.12.egg-info/SOURCES.txt
[11.973s] -- Installing: /home/prog1/ros2_training/install/motor_action/lib/python3.12/site-packages/motor_action-0.0.0-py3.12.egg-info/top_level.txt
[11.974s] -- Installing: /home/prog1/ros2_training/install/motor_action/lib/python3.12/site-packages/motor_action
[11.974s] -- Installing: /home/prog1/ros2_training/install/motor_action/lib/python3.12/site-packages/motor_action/_motor_action_s.ep.rosidl_typesupport_introspection_c.c
[11.974s] -- Installing: /home/prog1/ros2_training/install/motor_action/lib/python3.12/site-packages/motor_action/motor_action_s__rosidl_typesupport_c.so
[11.975s] -- Installing: /home/prog1/ros2_training/install/motor_action/lib/python3.12/site-packages/motor_action/_motor_action_s.ep.rosidl_typesupport_fastrtps_c.c
[11.975s] -- Installing: /home/prog1/ros2_training/install/motor_action/lib/python3.12/site-packages/motor_action/__init__.py
[11.975s] -- Installing: /home/prog1/ros2_training/install/motor_action/lib/python3.12/site-packages/motor_action/_motor_action_s.ep.rosidl_typesupport_c.c
[11.976s] -- Installing: /home/prog1/ros2_training/install/motor_action/lib/python3.12/site-packages/motor_action/motor_action_s__rosidl_typesupport_introspection_c.so
[11.977s] -- Installing: /home/prog1/ros2_training/install/motor_action/lib/python3.12/site-packages/motor_action/motor_action_s__rosidl_typesupport_fastrtps_c.so
[11.977s] -- Installing: /home/prog1/ros2_training/install/motor_action/lib/python3.12/site-packages/motor_action/action
[11.977s] -- Installing: /home/prog1/ros2_training/install/motor_action/lib/python3.12/site-packages/motor_action/action/_rotate_s.c
[11.977s] -- Installing: /home/prog1/ros2_training/install/motor_action/lib/python3.12/site-packages/motor_action/action/__init__.py
[11.978s] -- Installing: /home/prog1/ros2_training/install/motor_action/lib/python3.12/site-packages/motor_action/action/_rotate.py
[12.032s] Listing '/home/prog1/ros2_training/install/motor_action/lib/python3.12/site-packages/motor_action'...
[12.033s] Compiling '/home/prog1/ros2_training/install/motor_action/lib/python3.12/site-packages/motor_action/__init__.py'...
[12.033s] Listing '/home/prog1/ros2_training/install/motor_action/lib/python3.12/site-packages/motor_action/action'...
[12.033s] Compiling '/home/prog1/ros2_training/install/motor_action/lib/python3.12/site-packages/motor_action/action/__init__.py'...
[12.033s] Compiling '/home/prog1/ros2_training/install/motor_action/lib/python3.12/site-packages/motor_action/action/_rotate.py'...
[12.039s] -- Installing: /home/prog1/ros2_training/install/motor_action/lib/python3.12/site-packages/motor_action/motor_action_s__rosidl_typesupport_fastrtps_c.so
[12.039s] -- Set non-toolchain portion of runtime path of "/home/prog1/ros2_training/install/motor_action/lib/python3.12/site-packages/motor_action/motor_action_s__rosidl_typesupport_fastrtps_c.so" to ""
[12.040s] -- Installing: /home/prog1/ros2_training/install/motor_action/lib/python3.12/site-packages/motor_action/motor_action_s__rosidl_typesupport_introspection_c.so
[12.040s] -- Set non-toolchain portion of runtime path of "/home/prog1/ros2_training/install/motor_action/lib/python3.12/site-packages/motor_action/motor_action_s__rosidl_typesupport_introspection_c.so" to ""
[12.040s] -- Installing: /home/prog1/ros2_training/install/motor_action/lib/python3.12/site-packages/motor_action/motor_action_s__rosidl_typesupport_c.so
[12.041s] -- Set non-toolchain portion of runtime path of "/home/prog1/ros2_training/install/motor_action/lib/python3.12/site-packages/motor_action/motor_action_s__rosidl_typesupport_c.so" to ""
[12.041s] -- Installing: /home/prog1/ros2_training/install/motor_action/lib/libmotor_action__rosidl_generator_py.so
[12.041s] -- Set non-toolchain portion of runtime path of "/home/prog1/ros2_training/install/motor_action/lib/libmotor_action__rosidl_generator_py.so" to ""
[12.042s] -- Installing: /home/prog1/ros2_training/install/motor_action/share/ament_index/resource_index/rust_packages/motor_action
[12.042s] -- Installing: /home/prog1/ros2_training/install/motor_action/share/motor_action/rust
[12.042s] -- Installing: /home/prog1/ros2_training/install/motor_action/share/motor_action/rust/src
[12.042s] -- Installing: /home/prog1/ros2_training/install/motor_action/share/motor_action/rust/src/lib.rs
[12.042s] -- Installing: /home/prog1/ros2_training/install/motor_action/share/motor_action/rust/src/action.rs
[12.043s] -- Installing: /home/prog1/ros2_training/install/motor_action/share/motor_action/rust/src/action
[12.043s] -- Installing: /home/prog1/ros2_training/install/motor_action/share/motor_action/rust/src/action/rmw.rs
[12.043s] -- Installing: /home/prog1/ros2_training/install/motor_action/share/motor_action/rust/Cargo.toml
[12.043s] -- Installing: /home/prog1/ros2_training/install/motor_action/share/motor_action/rust/build.rs
[12.043s] -- Installing: /home/prog1/ros2_training/install/motor_action/share/motor_action/action/Rotate.idl
[12.044s] -- Installing: /home/prog1/ros2_training/install/motor_action/share/motor_action/action/Rotate.action
[12.044s] -- Installing: /home/prog1/ros2_training/install/motor_action/share/ament_index/resource_index/package_run_dependencies/motor_action
[12.045s] -- Installing: /home/prog1/ros2_training/install/motor_action/share/ament_index/resource_index/parent_prefix_path/motor_action
[12.045s] -- Installing: /home/prog1/ros2_training/install/motor_action/share/motor_action/environment/ament_prefix_path.sh
[12.045s] -- Installing: /home/prog1/ros2_training/install/motor_action/share/motor_action/environment/ament_prefix_path.dsv
[12.045s] -- Installing: /home/prog1/ros2_training/install/motor_action/share/motor_action/environment/path.sh
[12.046s] -- Installing: /home/prog1/ros2_training/install/motor_action/share/motor_action/environment/path.dsv
[12.046s] -- Installing: /home/prog1/ros2_training/install/motor_action/share/motor_action/local_setup.bash
[12.046s] -- Installing: /home/prog1/ros2_training/install/motor_action/share/motor_action/local_setup.sh
[12.046s] -- Installing: /home/prog1/ros2_training/install/motor_action/share/motor_action/local_setup.zsh
[12.047s] -- Installing: /home/prog1/ros2_training/install/motor_action/share/motor_action/local_setup.dsv
[12.047s] -- Installing: /home/prog1/ros2_training/install/motor_action/share/motor_action/package.dsv
[12.047s] -- Installing: /home/prog1/ros2_training/install/motor_action/share/ament_index/resource_index/packages/motor_action
[12.047s] -- Installing: /home/prog1/ros2_training/install/motor_action/share/motor_action/cmake/export_motor_action__rosidl_generator_cExport.cmake
[12.048s] -- Installing: /home/prog1/ros2_training/install/motor_action/share/motor_action/cmake/export_motor_action__rosidl_generator_cExport-noconfig.cmake
[12.048s] -- Installing: /home/prog1/ros2_training/install/motor_action/share/motor_action/cmake/export_motor_action__rosidl_typesupport_fastrtps_cExport.cmake
[12.048s] -- Installing: /home/prog1/ros2_training/install/motor_action/share/motor_action/cmake/export_motor_action__rosidl_typesupport_fastrtps_cExport-noconfig.cmake
[12.050s] -- Installing: /home/prog1/ros2_training/install/motor_action/share/motor_action/cmake/motor_action__rosidl_typesupport_introspection_cExport.cmake
[12.050s] -- Installing: /home/prog1/ros2_training/install/motor_action/share/motor_action/cmake/motor_action__rosidl_typesupport_introspection_cExport-noconfig.cmake
[12.050s] -- Installing: /home/prog1/ros2_training/install/motor_action/share/motor_action/cmake/motor_action__rosidl_typesupport_cExport.cmake
[12.050s] -- Installing: /home/prog1/ros2_training/install/motor_action/share/motor_action/cmake/motor_action__rosidl_typesupport_cExport-noconfig.cmake
[12.050s] -- Installing: /home/prog1/ros2_training/install/motor_action/share/motor_action/cmake/export_motor_action__rosidl_generator_cppExport.cmake
[12.050s] -- Installing: /home/prog1/ros2_training/install/motor_action/share/motor_action/cmake/export_motor_action__rosidl_typesupport_fastrtps_cppExport.cmake
[12.050s] -- Installing: /home/prog1/ros2_training/install/motor_action/share/motor_action/cmake/export_motor_action__rosidl_typesupport_fastrtps_cppExport-noconfig.cmake
[12.050s] -- Installing: /home/prog1/ros2_training/install/motor_action/share/motor_action/cmake/motor_action__rosidl_typesupport_introspection_cppExport.cmake
[12.050s] -- Installing: /home/prog1/ros2_training/install/motor_action/share/motor_action/cmake/motor_action__rosidl_typesupport_introspection_cppExport-noconfig.cmake
[12.051s] -- Installing: /home/prog1/ros2_training/install/motor_action/share/motor_action/cmake/motor_action__rosidl_typesupport_cppExport.cmake
[12.051s] -- Installing: /home/prog1/ros2_training/install/motor_action/share/motor_action/cmake/motor_action__rosidl_typesupport_cppExport-noconfig.cmake
[12.051s] -- Installing: /home/prog1/ros2_training/install/motor_action/share/motor_action/cmake/export_motor_action__rosidl_generator_pyExport.cmake
[12.051s] -- Installing: /home/prog1/ros2_training/install/motor_action/share/motor_action/cmake/export_motor_action__rosidl_generator_pyExport-noconfig.cmake
[12.052s] -- Installing: /home/prog1/ros2_training/install/motor_action/share/motor_action/cmake/rosidl_cmake-extras.cmake
[12.052s] -- Installing: /home/prog1/ros2_training/install/motor_action/share/motor_action/cmake/ament_cmake_export_dependencies-extras.cmake
[12.052s] -- Installing: /home/prog1/ros2_training/install/motor_action/share/motor_action/cmake/ament_cmake_export_include_directories-extras.cmake
[12.052s] -- Installing: /home/prog1/ros2_training/install/motor_action/share/motor_action/cmake/ament_cmake_export_libraries-extras.cmake
[12.052s] -- Installing: /home/prog1/ros2_training/install/motor_action/share/motor_action/cmake/ament_cmake_export_targets-extras.cmake
[12.053s] -- Installing: /home/prog1/ros2_training/install/motor_action/share/motor_action/cmake/rosidl_cmake_export_typesupport_targets-extras.cmake
[12.053s] -- Installing: /home/prog1/ros2_training/install/motor_action/share/motor_action/cmake/rosidl_cmake_export_typesupport_libraries-extras.cmake
[12.053s] -- Installing: /home/prog1/ros2_training/install/motor_action/share/motor_action/cmake/motor_actionConfig.cmake
[12.053s] -- Installing: /home/prog1/ros2_training/install/motor_action/share/motor_action/cmake/motor_actionConfig-version.cmake
[12.053s] -- Installing: /home/prog1/ros2_training/install/motor_action/share/motor_action/package.xml
[12.056s] Invoked command in '/home/prog1/ros2_training/build/motor_action' returned '0': CMAKE_PREFIX_PATH=${CMAKE_PREFIX_PATH}:/home/prog1/ros2_training/install/py_talker:/home/prog1/ros2_training/install/controller:/opt/ros/jazzy DEBUGINFOD_URLS=https://debuginfod.ubuntu.com /usr/bin/cmake --install /home/prog1/ros2_training/build/motor_action
