[0.367s] DEBUG:colcon:Command line arguments: ['/usr/bin/colcon', 'build']
[0.367s] DEBUG:colcon:Parsed command line arguments: Namespace(log_base=None, log_level=None, verb_name='build', build_base='build', install_base='install', merge_install=False, symlink_install=False, test_result_base=None, continue_on_error=False, executor='parallel', parallel_workers=2, event_handlers=None, ignore_user_meta=False, metas=['./colcon.meta'], base_paths=['.'], packages_ignore=None, packages_ignore_regex=None, paths=None, packages_up_to=None, packages_up_to_regex=None, packages_above=None, packages_above_and_dependencies=None, packages_above_depth=None, packages_select_by_dep=None, packages_skip_by_dep=None, packages_skip_up_to=None, packages_select_build_failed=False, packages_skip_build_finished=False, packages_select_test_failures=False, packages_skip_test_passed=False, packages_select=None, packages_skip=None, packages_select_regex=None, packages_skip_regex=None, packages_start=None, packages_end=None, allow_overriding=[], cmake_args=None, cmake_target=None, cmake_target_skip_unavailable=False, cmake_clean_cache=False, cmake_clean_first=False, cmake_force_configure=False, ament_cmake_args=None, catkin_cmake_args=None, catkin_skip_building_tests=False, verb_parser=<colcon_defaults.argument_parser.defaults.DefaultArgumentsDecorator object at 0x70066487e0c0>, verb_extension=<colcon_core.verb.build.BuildVerb object at 0x70066487e030>, main=<bound method BuildVerb.main of <colcon_core.verb.build.BuildVerb object at 0x70066487e030>>)
[0.514s] Level 1:colcon.colcon_core.package_discovery:discover_packages(colcon_meta) check parameters
[0.514s] Level 1:colcon.colcon_core.package_discovery:discover_packages(recursive) check parameters
[0.514s] Level 1:colcon.colcon_core.package_discovery:discover_packages(ignore) check parameters
[0.514s] Level 1:colcon.colcon_core.package_discovery:discover_packages(path) check parameters
[0.514s] Level 1:colcon.colcon_core.package_discovery:discover_packages(colcon_meta) discover
[0.515s] Level 1:colcon.colcon_core.package_discovery:discover_packages(recursive) discover
[0.515s] INFO:colcon.colcon_core.package_discovery:Crawling recursively for packages in '/home/prog1/ros2_george'
[0.515s] Level 1:colcon.colcon_core.package_identification:_identify(.) by extensions ['ignore', 'ignore_ament_install']
[0.515s] Level 1:colcon.colcon_core.package_identification:_identify(.) by extension 'ignore'
[0.516s] Level 1:colcon.colcon_core.package_identification:_identify(.) by extension 'ignore_ament_install'
[0.516s] Level 1:colcon.colcon_core.package_identification:_identify(.) by extensions ['colcon_pkg']
[0.516s] Level 1:colcon.colcon_core.package_identification:_identify(.) by extension 'colcon_pkg'
[0.516s] Level 1:colcon.colcon_core.package_identification:_identify(.) by extensions ['colcon_meta']
[0.516s] Level 1:colcon.colcon_core.package_identification:_identify(.) by extension 'colcon_meta'
[0.517s] Level 1:colcon.colcon_core.package_identification:_identify(.) by extensions ['ros']
[0.517s] Level 1:colcon.colcon_core.package_identification:_identify(.) by extension 'ros'
[0.586s] Level 1:colcon.colcon_core.package_identification:_identify(.) by extensions ['cmake', 'python']
[0.586s] Level 1:colcon.colcon_core.package_identification:_identify(.) by extension 'cmake'
[0.586s] Level 1:colcon.colcon_core.package_identification:_identify(.) by extension 'python'
[0.587s] Level 1:colcon.colcon_core.package_identification:_identify(.) by extensions ['python_setup_py']
[0.587s] Level 1:colcon.colcon_core.package_identification:_identify(.) by extension 'python_setup_py'
[0.587s] Level 1:colcon.colcon_core.package_identification:_identify(build) by extensions ['ignore', 'ignore_ament_install']
[0.588s] Level 1:colcon.colcon_core.package_identification:_identify(build) by extension 'ignore'
[0.588s] Level 1:colcon.colcon_core.package_identification:_identify(build) ignored
[0.588s] Level 1:colcon.colcon_core.package_identification:_identify(install) by extensions ['ignore', 'ignore_ament_install']
[0.588s] Level 1:colcon.colcon_core.package_identification:_identify(install) by extension 'ignore'
[0.589s] Level 1:colcon.colcon_core.package_identification:_identify(install) ignored
[0.589s] Level 1:colcon.colcon_core.package_identification:_identify(log) by extensions ['ignore', 'ignore_ament_install']
[0.589s] Level 1:colcon.colcon_core.package_identification:_identify(log) by extension 'ignore'
[0.590s] Level 1:colcon.colcon_core.package_identification:_identify(log) ignored
[0.590s] Level 1:colcon.colcon_core.package_identification:_identify(src) by extensions ['ignore', 'ignore_ament_install']
[0.590s] Level 1:colcon.colcon_core.package_identification:_identify(src) by extension 'ignore'
[0.590s] Level 1:colcon.colcon_core.package_identification:_identify(src) by extension 'ignore_ament_install'
[0.590s] Level 1:colcon.colcon_core.package_identification:_identify(src) by extensions ['colcon_pkg']
[0.591s] Level 1:colcon.colcon_core.package_identification:_identify(src) by extension 'colcon_pkg'
[0.591s] Level 1:colcon.colcon_core.package_identification:_identify(src) by extensions ['colcon_meta']
[0.591s] Level 1:colcon.colcon_core.package_identification:_identify(src) by extension 'colcon_meta'
[0.591s] Level 1:colcon.colcon_core.package_identification:_identify(src) by extensions ['ros']
[0.591s] Level 1:colcon.colcon_core.package_identification:_identify(src) by extension 'ros'
[0.592s] Level 1:colcon.colcon_core.package_identification:_identify(src) by extensions ['cmake', 'python']
[0.592s] Level 1:colcon.colcon_core.package_identification:_identify(src) by extension 'cmake'
[0.592s] Level 1:colcon.colcon_core.package_identification:_identify(src) by extension 'python'
[0.592s] Level 1:colcon.colcon_core.package_identification:_identify(src) by extensions ['python_setup_py']
[0.592s] Level 1:colcon.colcon_core.package_identification:_identify(src) by extension 'python_setup_py'
[0.593s] Level 1:colcon.colcon_core.package_identification:_identify(src/cpp_listener) by extensions ['ignore', 'ignore_ament_install']
[0.593s] Level 1:colcon.colcon_core.package_identification:_identify(src/cpp_listener) by extension 'ignore'
[0.593s] Level 1:colcon.colcon_core.package_identification:_identify(src/cpp_listener) by extension 'ignore_ament_install'
[0.593s] Level 1:colcon.colcon_core.package_identification:_identify(src/cpp_listener) by extensions ['colcon_pkg']
[0.594s] Level 1:colcon.colcon_core.package_identification:_identify(src/cpp_listener) by extension 'colcon_pkg'
[0.594s] Level 1:colcon.colcon_core.package_identification:_identify(src/cpp_listener) by extensions ['colcon_meta']
[0.594s] Level 1:colcon.colcon_core.package_identification:_identify(src/cpp_listener) by extension 'colcon_meta'
[0.594s] Level 1:colcon.colcon_core.package_identification:_identify(src/cpp_listener) by extensions ['ros']
[0.594s] Level 1:colcon.colcon_core.package_identification:_identify(src/cpp_listener) by extension 'ros'
[0.601s] DEBUG:colcon.colcon_core.package_identification:Package 'src/cpp_listener' with type 'ros.ament_cmake' and name 'cpp_listener'
[0.601s] Level 1:colcon.colcon_core.package_identification:_identify(src/py_talker) by extensions ['ignore', 'ignore_ament_install']
[0.601s] Level 1:colcon.colcon_core.package_identification:_identify(src/py_talker) by extension 'ignore'
[0.602s] Level 1:colcon.colcon_core.package_identification:_identify(src/py_talker) by extension 'ignore_ament_install'
[0.602s] Level 1:colcon.colcon_core.package_identification:_identify(src/py_talker) by extensions ['colcon_pkg']
[0.602s] Level 1:colcon.colcon_core.package_identification:_identify(src/py_talker) by extension 'colcon_pkg'
[0.602s] Level 1:colcon.colcon_core.package_identification:_identify(src/py_talker) by extensions ['colcon_meta']
[0.602s] Level 1:colcon.colcon_core.package_identification:_identify(src/py_talker) by extension 'colcon_meta'
[0.602s] Level 1:colcon.colcon_core.package_identification:_identify(src/py_talker) by extensions ['ros']
[0.603s] Level 1:colcon.colcon_core.package_identification:_identify(src/py_talker) by extension 'ros'
[0.604s] DEBUG:colcon.colcon_core.package_identification:Package 'src/py_talker' with type 'ros.ament_python' and name 'py_talker'
[0.604s] Level 1:colcon.colcon_core.package_discovery:discover_packages(recursive) using defaults
[0.605s] Level 1:colcon.colcon_core.package_discovery:discover_packages(ignore) discover
[0.605s] Level 1:colcon.colcon_core.package_discovery:discover_packages(ignore) using defaults
[0.605s] Level 1:colcon.colcon_core.package_discovery:discover_packages(path) discover
[0.605s] Level 1:colcon.colcon_core.package_discovery:discover_packages(path) using defaults
[0.656s] Level 1:colcon.colcon_core.package_discovery:discover_packages(prefix_path) check parameters
[0.656s] Level 1:colcon.colcon_core.package_discovery:discover_packages(prefix_path) discover
[0.663s] DEBUG:colcon.colcon_installed_package_information.package_discovery:Found 0 installed packages in /home/prog1/ros2_george/install
[0.672s] DEBUG:colcon.colcon_installed_package_information.package_discovery:Found 287 installed packages in /opt/ros/jazzy
[0.675s] Level 1:colcon.colcon_core.package_discovery:discover_packages(prefix_path) using defaults
[0.825s] Level 5:colcon.colcon_core.verb:set package 'cpp_listener' build argument 'cmake_args' from command line to 'None'
[0.825s] Level 5:colcon.colcon_core.verb:set package 'cpp_listener' build argument 'cmake_target' from command line to 'None'
[0.825s] Level 5:colcon.colcon_core.verb:set package 'cpp_listener' build argument 'cmake_target_skip_unavailable' from command line to 'False'
[0.825s] Level 5:colcon.colcon_core.verb:set package 'cpp_listener' build argument 'cmake_clean_cache' from command line to 'False'
[0.825s] Level 5:colcon.colcon_core.verb:set package 'cpp_listener' build argument 'cmake_clean_first' from command line to 'False'
[0.826s] Level 5:colcon.colcon_core.verb:set package 'cpp_listener' build argument 'cmake_force_configure' from command line to 'False'
[0.826s] Level 5:colcon.colcon_core.verb:set package 'cpp_listener' build argument 'ament_cmake_args' from command line to 'None'
[0.826s] Level 5:colcon.colcon_core.verb:set package 'cpp_listener' build argument 'catkin_cmake_args' from command line to 'None'
[0.826s] Level 5:colcon.colcon_core.verb:set package 'cpp_listener' build argument 'catkin_skip_building_tests' from command line to 'False'
[0.826s] DEBUG:colcon.colcon_core.verb:Building package 'cpp_listener' with the following arguments: {'ament_cmake_args': None, 'build_base': '/home/prog1/ros2_george/build/cpp_listener', 'catkin_cmake_args': None, 'catkin_skip_building_tests': False, 'cmake_args': None, 'cmake_clean_cache': False, 'cmake_clean_first': False, 'cmake_force_configure': False, 'cmake_target': None, 'cmake_target_skip_unavailable': False, 'install_base': '/home/prog1/ros2_george/install/cpp_listener', 'merge_install': False, 'path': '/home/prog1/ros2_george/src/cpp_listener', 'symlink_install': False, 'test_result_base': None}
[0.827s] Level 5:colcon.colcon_core.verb:set package 'py_talker' build argument 'cmake_args' from command line to 'None'
[0.827s] Level 5:colcon.colcon_core.verb:set package 'py_talker' build argument 'cmake_target' from command line to 'None'
[0.827s] Level 5:colcon.colcon_core.verb:set package 'py_talker' build argument 'cmake_target_skip_unavailable' from command line to 'False'
[0.827s] Level 5:colcon.colcon_core.verb:set package 'py_talker' build argument 'cmake_clean_cache' from command line to 'False'
[0.827s] Level 5:colcon.colcon_core.verb:set package 'py_talker' build argument 'cmake_clean_first' from command line to 'False'
[0.828s] Level 5:colcon.colcon_core.verb:set package 'py_talker' build argument 'cmake_force_configure' from command line to 'False'
[0.828s] Level 5:colcon.colcon_core.verb:set package 'py_talker' build argument 'ament_cmake_args' from command line to 'None'
[0.828s] Level 5:colcon.colcon_core.verb:set package 'py_talker' build argument 'catkin_cmake_args' from command line to 'None'
[0.828s] Level 5:colcon.colcon_core.verb:set package 'py_talker' build argument 'catkin_skip_building_tests' from command line to 'False'
[0.828s] DEBUG:colcon.colcon_core.verb:Building package 'py_talker' with the following arguments: {'ament_cmake_args': None, 'build_base': '/home/prog1/ros2_george/build/py_talker', 'catkin_cmake_args': None, 'catkin_skip_building_tests': False, 'cmake_args': None, 'cmake_clean_cache': False, 'cmake_clean_first': False, 'cmake_force_configure': False, 'cmake_target': None, 'cmake_target_skip_unavailable': False, 'install_base': '/home/prog1/ros2_george/install/py_talker', 'merge_install': False, 'path': '/home/prog1/ros2_george/src/py_talker', 'symlink_install': False, 'test_result_base': None}
[0.829s] INFO:colcon.colcon_core.executor:Executing jobs using 'parallel' executor
[0.832s] DEBUG:colcon.colcon_parallel_executor.executor.parallel:run_until_complete
[0.834s] INFO:colcon.colcon_ros.task.ament_cmake.build:Building ROS package in '/home/prog1/ros2_george/src/cpp_listener' with build type 'ament_cmake'
[0.834s] INFO:colcon.colcon_cmake.task.cmake.build:Building CMake package in '/home/prog1/ros2_george/src/cpp_listener'
[0.843s] INFO:colcon.colcon_core.plugin_system:Skipping extension 'colcon_core.shell.bat': Not used on non-Windows systems
[0.843s] INFO:colcon.colcon_core.shell:Skip shell extension 'powershell' for command environment: Not usable outside of PowerShell
[0.843s] DEBUG:colcon.colcon_core.shell:Skip shell extension 'dsv' for command environment
[0.862s] INFO:colcon.colcon_ros.task.ament_python.build:Building ROS package in '/home/prog1/ros2_george/src/py_talker' with build type 'ament_python'
[0.863s] Level 1:colcon.colcon_core.shell:create_environment_hook('py_talker', 'ament_prefix_path')
[0.864s] INFO:colcon.colcon_core.shell:Creating environment hook '/home/prog1/ros2_george/install/py_talker/share/py_talker/hook/ament_prefix_path.ps1'
[0.869s] INFO:colcon.colcon_core.shell:Creating environment descriptor '/home/prog1/ros2_george/install/py_talker/share/py_talker/hook/ament_prefix_path.dsv'
[0.872s] INFO:colcon.colcon_core.shell:Creating environment hook '/home/prog1/ros2_george/install/py_talker/share/py_talker/hook/ament_prefix_path.sh'
[0.876s] INFO:colcon.colcon_core.shell:Skip shell extension 'powershell' for command environment: Not usable outside of PowerShell
[0.876s] DEBUG:colcon.colcon_core.shell:Skip shell extension 'dsv' for command environment
[0.923s] DEBUG:colcon.colcon_core.event_handler.log_command:Invoking command in '/home/prog1/ros2_george/build/cpp_listener': CMAKE_PREFIX_PATH=${CMAKE_PREFIX_PATH}:/opt/ros/jazzy DEBUGINFOD_URLS=https://debuginfod.ubuntu.com /usr/bin/cmake --build /home/prog1/ros2_george/build/cpp_listener -- -j2 -l2
[1.813s] INFO:colcon.colcon_core.task.python.build:Building Python package in '/home/prog1/ros2_george/src/py_talker'
[1.814s] INFO:colcon.colcon_core.shell:Skip shell extension 'powershell' for command environment: Not usable outside of PowerShell
[1.814s] DEBUG:colcon.colcon_core.shell:Skip shell extension 'dsv' for command environment
[4.739s] DEBUG:colcon.colcon_core.event_handler.log_command:Invoking command in '/home/prog1/ros2_george/src/py_talker': DEBUGINFOD_URLS=https://debuginfod.ubuntu.com PYTHONPATH=/home/prog1/ros2_george/build/py_talker/prefix_override:/usr/lib/python3/dist-packages/colcon_core/task/python/colcon_distutils_commands:/home/prog1/ros2_george/install/py_talker/lib/python3.12/site-packages:${PYTHONPATH} /usr/bin/python3 -W ignore:setup.py install is deprecated -W ignore:easy_install command is deprecated setup.py egg_info --egg-base ../../build/py_talker build --build-base /home/prog1/ros2_george/build/py_talker/build install --record /home/prog1/ros2_george/build/py_talker/install.log --single-version-externally-managed install_data
[7.608s] DEBUG:colcon.colcon_core.event_handler.log_command:Invoked command in '/home/prog1/ros2_george/src/py_talker' returned '0': DEBUGINFOD_URLS=https://debuginfod.ubuntu.com PYTHONPATH=/home/prog1/ros2_george/build/py_talker/prefix_override:/usr/lib/python3/dist-packages/colcon_core/task/python/colcon_distutils_commands:/home/prog1/ros2_george/install/py_talker/lib/python3.12/site-packages:${PYTHONPATH} /usr/bin/python3 -W ignore:setup.py install is deprecated -W ignore:easy_install command is deprecated setup.py egg_info --egg-base ../../build/py_talker build --build-base /home/prog1/ros2_george/build/py_talker/build install --record /home/prog1/ros2_george/build/py_talker/install.log --single-version-externally-managed install_data
[7.623s] Level 1:colcon.colcon_core.environment:checking '/home/prog1/ros2_george/install/py_talker' for CMake module files
[7.625s] Level 1:colcon.colcon_core.environment:checking '/home/prog1/ros2_george/install/py_talker' for CMake config files
[7.629s] Level 1:colcon.colcon_core.environment:checking '/home/prog1/ros2_george/install/py_talker/lib'
[7.630s] Level 1:colcon.colcon_core.environment:checking '/home/prog1/ros2_george/install/py_talker/bin'
[7.630s] Level 1:colcon.colcon_core.environment:checking '/home/prog1/ros2_george/install/py_talker/lib/pkgconfig/py_talker.pc'
[7.630s] Level 1:colcon.colcon_core.environment:checking '/home/prog1/ros2_george/install/py_talker/lib/python3.12/site-packages'
[7.631s] Level 1:colcon.colcon_core.shell:create_environment_hook('py_talker', 'pythonpath')
[7.631s] INFO:colcon.colcon_core.shell:Creating environment hook '/home/prog1/ros2_george/install/py_talker/share/py_talker/hook/pythonpath.ps1'
[7.632s] INFO:colcon.colcon_core.shell:Creating environment descriptor '/home/prog1/ros2_george/install/py_talker/share/py_talker/hook/pythonpath.dsv'
[7.633s] INFO:colcon.colcon_core.shell:Creating environment hook '/home/prog1/ros2_george/install/py_talker/share/py_talker/hook/pythonpath.sh'
[7.635s] Level 1:colcon.colcon_core.environment:checking '/home/prog1/ros2_george/install/py_talker/bin'
[7.635s] Level 1:colcon.colcon_core.environment:create_environment_scripts_only(py_talker)
[7.635s] INFO:colcon.colcon_core.shell:Creating package script '/home/prog1/ros2_george/install/py_talker/share/py_talker/package.ps1'
[7.637s] INFO:colcon.colcon_core.shell:Creating package descriptor '/home/prog1/ros2_george/install/py_talker/share/py_talker/package.dsv'
[7.639s] INFO:colcon.colcon_core.shell:Creating package script '/home/prog1/ros2_george/install/py_talker/share/py_talker/package.sh'
[7.641s] INFO:colcon.colcon_core.shell:Creating package script '/home/prog1/ros2_george/install/py_talker/share/py_talker/package.bash'
[7.645s] INFO:colcon.colcon_core.shell:Creating package script '/home/prog1/ros2_george/install/py_talker/share/py_talker/package.zsh'
[7.648s] Level 1:colcon.colcon_core.environment:create_file_with_runtime_dependencies(/home/prog1/ros2_george/install/py_talker/share/colcon-core/packages/py_talker)
[26.652s] DEBUG:colcon.colcon_core.event_handler.log_command:Invoked command in '/home/prog1/ros2_george/build/cpp_listener' returned '0': CMAKE_PREFIX_PATH=${CMAKE_PREFIX_PATH}:/opt/ros/jazzy DEBUGINFOD_URLS=https://debuginfod.ubuntu.com /usr/bin/cmake --build /home/prog1/ros2_george/build/cpp_listener -- -j2 -l2
[26.714s] DEBUG:colcon.colcon_core.event_handler.log_command:Invoking command in '/home/prog1/ros2_george/build/cpp_listener': CMAKE_PREFIX_PATH=${CMAKE_PREFIX_PATH}:/opt/ros/jazzy DEBUGINFOD_URLS=https://debuginfod.ubuntu.com /usr/bin/cmake --install /home/prog1/ros2_george/build/cpp_listener
[26.827s] Level 1:colcon.colcon_core.environment:create_environment_scripts_only(cpp_listener)
[26.828s] Level 1:colcon.colcon_core.environment:checking '/home/prog1/ros2_george/install/cpp_listener' for CMake module files
[26.830s] DEBUG:colcon.colcon_core.event_handler.log_command:Invoked command in '/home/prog1/ros2_george/build/cpp_listener' returned '0': CMAKE_PREFIX_PATH=${CMAKE_PREFIX_PATH}:/opt/ros/jazzy DEBUGINFOD_URLS=https://debuginfod.ubuntu.com /usr/bin/cmake --install /home/prog1/ros2_george/build/cpp_listener
[26.832s] Level 1:colcon.colcon_core.environment:checking '/home/prog1/ros2_george/install/cpp_listener' for CMake config files
[26.833s] Level 1:colcon.colcon_core.shell:create_environment_hook('cpp_listener', 'cmake_prefix_path')
[26.833s] INFO:colcon.colcon_core.shell:Creating environment hook '/home/prog1/ros2_george/install/cpp_listener/share/cpp_listener/hook/cmake_prefix_path.ps1'
[26.835s] INFO:colcon.colcon_core.shell:Creating environment descriptor '/home/prog1/ros2_george/install/cpp_listener/share/cpp_listener/hook/cmake_prefix_path.dsv'
[26.836s] INFO:colcon.colcon_core.shell:Creating environment hook '/home/prog1/ros2_george/install/cpp_listener/share/cpp_listener/hook/cmake_prefix_path.sh'
[26.837s] Level 1:colcon.colcon_core.environment:checking '/home/prog1/ros2_george/install/cpp_listener/lib'
[26.838s] Level 1:colcon.colcon_core.environment:checking '/home/prog1/ros2_george/install/cpp_listener/bin'
[26.838s] Level 1:colcon.colcon_core.environment:checking '/home/prog1/ros2_george/install/cpp_listener/lib/pkgconfig/cpp_listener.pc'
[26.839s] Level 1:colcon.colcon_core.environment:checking '/home/prog1/ros2_george/install/cpp_listener/lib/python3.12/site-packages'
[26.839s] Level 1:colcon.colcon_core.environment:checking '/home/prog1/ros2_george/install/cpp_listener/bin'
[26.840s] INFO:colcon.colcon_core.shell:Creating package script '/home/prog1/ros2_george/install/cpp_listener/share/cpp_listener/package.ps1'
[26.841s] INFO:colcon.colcon_core.shell:Creating package descriptor '/home/prog1/ros2_george/install/cpp_listener/share/cpp_listener/package.dsv'
[26.843s] INFO:colcon.colcon_core.shell:Creating package script '/home/prog1/ros2_george/install/cpp_listener/share/cpp_listener/package.sh'
[26.844s] INFO:colcon.colcon_core.shell:Creating package script '/home/prog1/ros2_george/install/cpp_listener/share/cpp_listener/package.bash'
[26.846s] INFO:colcon.colcon_core.shell:Creating package script '/home/prog1/ros2_george/install/cpp_listener/share/cpp_listener/package.zsh'
[26.847s] Level 1:colcon.colcon_core.environment:create_file_with_runtime_dependencies(/home/prog1/ros2_george/install/cpp_listener/share/colcon-core/packages/cpp_listener)
[26.850s] Level 1:colcon.colcon_core.environment:create_environment_scripts_only(cpp_listener)
[26.851s] Level 1:colcon.colcon_core.environment:checking '/home/prog1/ros2_george/install/cpp_listener' for CMake module files
[26.855s] Level 1:colcon.colcon_core.environment:checking '/home/prog1/ros2_george/install/cpp_listener' for CMake config files
[26.856s] Level 1:colcon.colcon_core.shell:create_environment_hook('cpp_listener', 'cmake_prefix_path')
[26.856s] INFO:colcon.colcon_core.shell:Creating environment hook '/home/prog1/ros2_george/install/cpp_listener/share/cpp_listener/hook/cmake_prefix_path.ps1'
[26.858s] INFO:colcon.colcon_core.shell:Creating environment descriptor '/home/prog1/ros2_george/install/cpp_listener/share/cpp_listener/hook/cmake_prefix_path.dsv'
[26.859s] INFO:colcon.colcon_core.shell:Creating environment hook '/home/prog1/ros2_george/install/cpp_listener/share/cpp_listener/hook/cmake_prefix_path.sh'
[26.861s] Level 1:colcon.colcon_core.environment:checking '/home/prog1/ros2_george/install/cpp_listener/lib'
[26.861s] Level 1:colcon.colcon_core.environment:checking '/home/prog1/ros2_george/install/cpp_listener/bin'
[26.862s] Level 1:colcon.colcon_core.environment:checking '/home/prog1/ros2_george/install/cpp_listener/lib/pkgconfig/cpp_listener.pc'
[26.862s] Level 1:colcon.colcon_core.environment:checking '/home/prog1/ros2_george/install/cpp_listener/lib/python3.12/site-packages'
[26.863s] Level 1:colcon.colcon_core.environment:checking '/home/prog1/ros2_george/install/cpp_listener/bin'
[26.863s] INFO:colcon.colcon_core.shell:Creating package script '/home/prog1/ros2_george/install/cpp_listener/share/cpp_listener/package.ps1'
[26.865s] INFO:colcon.colcon_core.shell:Creating package descriptor '/home/prog1/ros2_george/install/cpp_listener/share/cpp_listener/package.dsv'
[26.867s] INFO:colcon.colcon_core.shell:Creating package script '/home/prog1/ros2_george/install/cpp_listener/share/cpp_listener/package.sh'
[26.869s] INFO:colcon.colcon_core.shell:Creating package script '/home/prog1/ros2_george/install/cpp_listener/share/cpp_listener/package.bash'
[26.870s] INFO:colcon.colcon_core.shell:Creating package script '/home/prog1/ros2_george/install/cpp_listener/share/cpp_listener/package.zsh'
[26.872s] Level 1:colcon.colcon_core.environment:create_file_with_runtime_dependencies(/home/prog1/ros2_george/install/cpp_listener/share/colcon-core/packages/cpp_listener)
[26.874s] DEBUG:colcon.colcon_parallel_executor.executor.parallel:closing loop
[26.874s] DEBUG:colcon.colcon_parallel_executor.executor.parallel:loop closed
[26.875s] DEBUG:colcon.colcon_parallel_executor.executor.parallel:run_until_complete finished with '0'
[26.875s] DEBUG:colcon.colcon_core.event_reactor:joining thread
[26.900s] INFO:colcon.colcon_core.plugin_system:Skipping extension 'colcon_notification.desktop_notification.terminal_notifier': Not used on non-Darwin systems
[26.900s] INFO:colcon.colcon_core.plugin_system:Skipping extension 'colcon_notification.desktop_notification.win32': Not used on non-Windows systems
[26.900s] INFO:colcon.colcon_notification.desktop_notification:Sending desktop notification using 'notify2'
[27.048s] DEBUG:colcon.colcon_core.event_reactor:joined thread
[27.050s] INFO:colcon.colcon_core.shell:Creating prefix script '/home/prog1/ros2_george/install/local_setup.ps1'
[27.057s] INFO:colcon.colcon_core.shell:Creating prefix util module '/home/prog1/ros2_george/install/_local_setup_util_ps1.py'
[27.080s] INFO:colcon.colcon_core.shell:Creating prefix chain script '/home/prog1/ros2_george/install/setup.ps1'
[27.096s] INFO:colcon.colcon_core.shell:Creating prefix script '/home/prog1/ros2_george/install/local_setup.sh'
[27.101s] INFO:colcon.colcon_core.shell:Creating prefix util module '/home/prog1/ros2_george/install/_local_setup_util_sh.py'
[27.103s] INFO:colcon.colcon_core.shell:Creating prefix chain script '/home/prog1/ros2_george/install/setup.sh'
[27.111s] INFO:colcon.colcon_core.shell:Creating prefix script '/home/prog1/ros2_george/install/local_setup.bash'
[27.114s] INFO:colcon.colcon_core.shell:Creating prefix chain script '/home/prog1/ros2_george/install/setup.bash'
[27.120s] INFO:colcon.colcon_core.shell:Creating prefix script '/home/prog1/ros2_george/install/local_setup.zsh'
[27.124s] INFO:colcon.colcon_core.shell:Creating prefix chain script '/home/prog1/ros2_george/install/setup.zsh'
