[0.127s] DEBUG:colcon:Command line arguments: ['/usr/bin/colcon', 'build']
[0.127s] DEBUG:colcon:Parsed command line arguments: Namespace(log_base=None, log_level=None, verb_name='build', build_base='build', install_base='install', merge_install=False, symlink_install=False, test_result_base=None, continue_on_error=False, executor='parallel', parallel_workers=2, event_handlers=None, ignore_user_meta=False, metas=['./colcon.meta'], base_paths=['.'], packages_ignore=None, packages_ignore_regex=None, paths=None, packages_up_to=None, packages_up_to_regex=None, packages_above=None, packages_above_and_dependencies=None, packages_above_depth=None, packages_select_by_dep=None, packages_skip_by_dep=None, packages_skip_up_to=None, packages_select_build_failed=False, packages_skip_build_finished=False, packages_select_test_failures=False, packages_skip_test_passed=False, packages_select=None, packages_skip=None, packages_select_regex=None, packages_skip_regex=None, packages_start=None, packages_end=None, allow_overriding=[], cmake_args=None, cmake_target=None, cmake_target_skip_unavailable=False, cmake_clean_cache=False, cmake_clean_first=False, cmake_force_configure=False, ament_cmake_args=None, catkin_cmake_args=None, catkin_skip_building_tests=False, verb_parser=<colcon_defaults.argument_parser.defaults.DefaultArgumentsDecorator object at 0x7d5339272750>, verb_extension=<colcon_core.verb.build.BuildVerb object at 0x7d5339272840>, main=<bound method BuildVerb.main of <colcon_core.verb.build.BuildVerb object at 0x7d5339272840>>)
[0.174s] Level 1:colcon.colcon_core.package_discovery:discover_packages(colcon_meta) check parameters
[0.174s] Level 1:colcon.colcon_core.package_discovery:discover_packages(recursive) check parameters
[0.174s] Level 1:colcon.colcon_core.package_discovery:discover_packages(ignore) check parameters
[0.174s] Level 1:colcon.colcon_core.package_discovery:discover_packages(path) check parameters
[0.175s] Level 1:colcon.colcon_core.package_discovery:discover_packages(colcon_meta) discover
[0.175s] Level 1:colcon.colcon_core.package_discovery:discover_packages(recursive) discover
[0.175s] INFO:colcon.colcon_core.package_discovery:Crawling recursively for packages in '/home/prog1/ros2_training'
[0.175s] Level 1:colcon.colcon_core.package_identification:_identify(.) by extensions ['ignore', 'ignore_ament_install']
[0.175s] Level 1:colcon.colcon_core.package_identification:_identify(.) by extension 'ignore'
[0.175s] Level 1:colcon.colcon_core.package_identification:_identify(.) by extension 'ignore_ament_install'
[0.175s] Level 1:colcon.colcon_core.package_identification:_identify(.) by extensions ['colcon_pkg']
[0.175s] Level 1:colcon.colcon_core.package_identification:_identify(.) by extension 'colcon_pkg'
[0.175s] Level 1:colcon.colcon_core.package_identification:_identify(.) by extensions ['colcon_meta']
[0.175s] Level 1:colcon.colcon_core.package_identification:_identify(.) by extension 'colcon_meta'
[0.175s] Level 1:colcon.colcon_core.package_identification:_identify(.) by extensions ['ros']
[0.175s] Level 1:colcon.colcon_core.package_identification:_identify(.) by extension 'ros'
[0.206s] Level 1:colcon.colcon_core.package_identification:_identify(.) by extensions ['cmake', 'python']
[0.206s] Level 1:colcon.colcon_core.package_identification:_identify(.) by extension 'cmake'
[0.206s] Level 1:colcon.colcon_core.package_identification:_identify(.) by extension 'python'
[0.206s] Level 1:colcon.colcon_core.package_identification:_identify(.) by extensions ['python_setup_py']
[0.206s] Level 1:colcon.colcon_core.package_identification:_identify(.) by extension 'python_setup_py'
[0.206s] Level 1:colcon.colcon_core.package_identification:_identify(build) by extensions ['ignore', 'ignore_ament_install']
[0.206s] Level 1:colcon.colcon_core.package_identification:_identify(build) by extension 'ignore'
[0.206s] Level 1:colcon.colcon_core.package_identification:_identify(build) ignored
[0.206s] Level 1:colcon.colcon_core.package_identification:_identify(install) by extensions ['ignore', 'ignore_ament_install']
[0.207s] Level 1:colcon.colcon_core.package_identification:_identify(install) by extension 'ignore'
[0.207s] Level 1:colcon.colcon_core.package_identification:_identify(install) ignored
[0.207s] Level 1:colcon.colcon_core.package_identification:_identify(log) by extensions ['ignore', 'ignore_ament_install']
[0.207s] Level 1:colcon.colcon_core.package_identification:_identify(log) by extension 'ignore'
[0.207s] Level 1:colcon.colcon_core.package_identification:_identify(log) ignored
[0.207s] Level 1:colcon.colcon_core.package_identification:_identify(src) by extensions ['ignore', 'ignore_ament_install']
[0.207s] Level 1:colcon.colcon_core.package_identification:_identify(src) by extension 'ignore'
[0.207s] Level 1:colcon.colcon_core.package_identification:_identify(src) by extension 'ignore_ament_install'
[0.207s] Level 1:colcon.colcon_core.package_identification:_identify(src) by extensions ['colcon_pkg']
[0.207s] Level 1:colcon.colcon_core.package_identification:_identify(src) by extension 'colcon_pkg'
[0.207s] Level 1:colcon.colcon_core.package_identification:_identify(src) by extensions ['colcon_meta']
[0.207s] Level 1:colcon.colcon_core.package_identification:_identify(src) by extension 'colcon_meta'
[0.207s] Level 1:colcon.colcon_core.package_identification:_identify(src) by extensions ['ros']
[0.207s] Level 1:colcon.colcon_core.package_identification:_identify(src) by extension 'ros'
[0.208s] Level 1:colcon.colcon_core.package_identification:_identify(src) by extensions ['cmake', 'python']
[0.208s] Level 1:colcon.colcon_core.package_identification:_identify(src) by extension 'cmake'
[0.208s] Level 1:colcon.colcon_core.package_identification:_identify(src) by extension 'python'
[0.208s] Level 1:colcon.colcon_core.package_identification:_identify(src) by extensions ['python_setup_py']
[0.208s] Level 1:colcon.colcon_core.package_identification:_identify(src) by extension 'python_setup_py'
[0.208s] Level 1:colcon.colcon_core.package_identification:_identify(src/build) by extensions ['ignore', 'ignore_ament_install']
[0.208s] Level 1:colcon.colcon_core.package_identification:_identify(src/build) by extension 'ignore'
[0.208s] Level 1:colcon.colcon_core.package_identification:_identify(src/build) ignored
[0.208s] Level 1:colcon.colcon_core.package_identification:_identify(src/controller) by extensions ['ignore', 'ignore_ament_install']
[0.208s] Level 1:colcon.colcon_core.package_identification:_identify(src/controller) by extension 'ignore'
[0.208s] Level 1:colcon.colcon_core.package_identification:_identify(src/controller) by extension 'ignore_ament_install'
[0.208s] Level 1:colcon.colcon_core.package_identification:_identify(src/controller) by extensions ['colcon_pkg']
[0.208s] Level 1:colcon.colcon_core.package_identification:_identify(src/controller) by extension 'colcon_pkg'
[0.208s] Level 1:colcon.colcon_core.package_identification:_identify(src/controller) by extensions ['colcon_meta']
[0.208s] Level 1:colcon.colcon_core.package_identification:_identify(src/controller) by extension 'colcon_meta'
[0.208s] Level 1:colcon.colcon_core.package_identification:_identify(src/controller) by extensions ['ros']
[0.208s] Level 1:colcon.colcon_core.package_identification:_identify(src/controller) by extension 'ros'
[0.213s] DEBUG:colcon.colcon_core.package_identification:Package 'src/controller' with type 'ros.ament_python' and name 'controller'
[0.213s] Level 1:colcon.colcon_core.package_identification:_identify(src/input_handler) by extensions ['ignore', 'ignore_ament_install']
[0.213s] Level 1:colcon.colcon_core.package_identification:_identify(src/input_handler) by extension 'ignore'
[0.213s] Level 1:colcon.colcon_core.package_identification:_identify(src/input_handler) by extension 'ignore_ament_install'
[0.213s] Level 1:colcon.colcon_core.package_identification:_identify(src/input_handler) by extensions ['colcon_pkg']
[0.213s] Level 1:colcon.colcon_core.package_identification:_identify(src/input_handler) by extension 'colcon_pkg'
[0.213s] Level 1:colcon.colcon_core.package_identification:_identify(src/input_handler) by extensions ['colcon_meta']
[0.213s] Level 1:colcon.colcon_core.package_identification:_identify(src/input_handler) by extension 'colcon_meta'
[0.213s] Level 1:colcon.colcon_core.package_identification:_identify(src/input_handler) by extensions ['ros']
[0.213s] Level 1:colcon.colcon_core.package_identification:_identify(src/input_handler) by extension 'ros'
[0.214s] DEBUG:colcon.colcon_core.package_identification:Package 'src/input_handler' with type 'ros.ament_cmake' and name 'input_handler'
[0.214s] Level 1:colcon.colcon_core.package_identification:_identify(src/install) by extensions ['ignore', 'ignore_ament_install']
[0.214s] Level 1:colcon.colcon_core.package_identification:_identify(src/install) by extension 'ignore'
[0.214s] Level 1:colcon.colcon_core.package_identification:_identify(src/install) ignored
[0.214s] Level 1:colcon.colcon_core.package_identification:_identify(src/log) by extensions ['ignore', 'ignore_ament_install']
[0.214s] Level 1:colcon.colcon_core.package_identification:_identify(src/log) by extension 'ignore'
[0.214s] Level 1:colcon.colcon_core.package_identification:_identify(src/log) ignored
[0.215s] Level 1:colcon.colcon_core.package_identification:_identify(src/motor_action) by extensions ['ignore', 'ignore_ament_install']
[0.215s] Level 1:colcon.colcon_core.package_identification:_identify(src/motor_action) by extension 'ignore'
[0.215s] Level 1:colcon.colcon_core.package_identification:_identify(src/motor_action) by extension 'ignore_ament_install'
[0.215s] Level 1:colcon.colcon_core.package_identification:_identify(src/motor_action) by extensions ['colcon_pkg']
[0.215s] Level 1:colcon.colcon_core.package_identification:_identify(src/motor_action) by extension 'colcon_pkg'
[0.215s] Level 1:colcon.colcon_core.package_identification:_identify(src/motor_action) by extensions ['colcon_meta']
[0.215s] Level 1:colcon.colcon_core.package_identification:_identify(src/motor_action) by extension 'colcon_meta'
[0.215s] Level 1:colcon.colcon_core.package_identification:_identify(src/motor_action) by extensions ['ros']
[0.215s] Level 1:colcon.colcon_core.package_identification:_identify(src/motor_action) by extension 'ros'
[0.215s] DEBUG:colcon.colcon_core.package_identification:Package 'src/motor_action' with type 'ros.ament_cmake' and name 'motor_action'
[0.216s] Level 1:colcon.colcon_core.package_identification:_identify(src/motor_handler) by extensions ['ignore', 'ignore_ament_install']
[0.216s] Level 1:colcon.colcon_core.package_identification:_identify(src/motor_handler) by extension 'ignore'
[0.216s] Level 1:colcon.colcon_core.package_identification:_identify(src/motor_handler) by extension 'ignore_ament_install'
[0.216s] Level 1:colcon.colcon_core.package_identification:_identify(src/motor_handler) by extensions ['colcon_pkg']
[0.216s] Level 1:colcon.colcon_core.package_identification:_identify(src/motor_handler) by extension 'colcon_pkg'
[0.216s] Level 1:colcon.colcon_core.package_identification:_identify(src/motor_handler) by extensions ['colcon_meta']
[0.216s] Level 1:colcon.colcon_core.package_identification:_identify(src/motor_handler) by extension 'colcon_meta'
[0.216s] Level 1:colcon.colcon_core.package_identification:_identify(src/motor_handler) by extensions ['ros']
[0.216s] Level 1:colcon.colcon_core.package_identification:_identify(src/motor_handler) by extension 'ros'
[0.217s] DEBUG:colcon.colcon_core.package_identification:Package 'src/motor_handler' with type 'ros.ament_cmake' and name 'motor_handler'
[0.217s] Level 1:colcon.colcon_core.package_discovery:discover_packages(recursive) using defaults
[0.217s] Level 1:colcon.colcon_core.package_discovery:discover_packages(ignore) discover
[0.217s] Level 1:colcon.colcon_core.package_discovery:discover_packages(ignore) using defaults
[0.217s] Level 1:colcon.colcon_core.package_discovery:discover_packages(path) discover
[0.217s] Level 1:colcon.colcon_core.package_discovery:discover_packages(path) using defaults
[0.238s] Level 1:colcon.colcon_core.package_discovery:discover_packages(prefix_path) check parameters
[0.239s] Level 1:colcon.colcon_core.package_discovery:discover_packages(prefix_path) discover
[0.242s] DEBUG:colcon.colcon_installed_package_information.package_discovery:Found 6 installed packages in /home/prog1/ros2_training/install
[0.244s] DEBUG:colcon.colcon_installed_package_information.package_discovery:Found 287 installed packages in /opt/ros/jazzy
[0.245s] Level 1:colcon.colcon_core.package_discovery:discover_packages(prefix_path) using defaults
[0.302s] Level 5:colcon.colcon_core.verb:set package 'controller' build argument 'cmake_args' from command line to 'None'
[0.302s] Level 5:colcon.colcon_core.verb:set package 'controller' build argument 'cmake_target' from command line to 'None'
[0.302s] Level 5:colcon.colcon_core.verb:set package 'controller' build argument 'cmake_target_skip_unavailable' from command line to 'False'
[0.302s] Level 5:colcon.colcon_core.verb:set package 'controller' build argument 'cmake_clean_cache' from command line to 'False'
[0.302s] Level 5:colcon.colcon_core.verb:set package 'controller' build argument 'cmake_clean_first' from command line to 'False'
[0.302s] Level 5:colcon.colcon_core.verb:set package 'controller' build argument 'cmake_force_configure' from command line to 'False'
[0.302s] Level 5:colcon.colcon_core.verb:set package 'controller' build argument 'ament_cmake_args' from command line to 'None'
[0.302s] Level 5:colcon.colcon_core.verb:set package 'controller' build argument 'catkin_cmake_args' from command line to 'None'
[0.302s] Level 5:colcon.colcon_core.verb:set package 'controller' build argument 'catkin_skip_building_tests' from command line to 'False'
[0.302s] DEBUG:colcon.colcon_core.verb:Building package 'controller' with the following arguments: {'ament_cmake_args': None, 'build_base': '/home/prog1/ros2_training/build/controller', 'catkin_cmake_args': None, 'catkin_skip_building_tests': False, 'cmake_args': None, 'cmake_clean_cache': False, 'cmake_clean_first': False, 'cmake_force_configure': False, 'cmake_target': None, 'cmake_target_skip_unavailable': False, 'install_base': '/home/prog1/ros2_training/install/controller', 'merge_install': False, 'path': '/home/prog1/ros2_training/src/controller', 'symlink_install': False, 'test_result_base': None}
[0.302s] Level 5:colcon.colcon_core.verb:set package 'motor_action' build argument 'cmake_args' from command line to 'None'
[0.303s] Level 5:colcon.colcon_core.verb:set package 'motor_action' build argument 'cmake_target' from command line to 'None'
[0.303s] Level 5:colcon.colcon_core.verb:set package 'motor_action' build argument 'cmake_target_skip_unavailable' from command line to 'False'
[0.303s] Level 5:colcon.colcon_core.verb:set package 'motor_action' build argument 'cmake_clean_cache' from command line to 'False'
[0.303s] Level 5:colcon.colcon_core.verb:set package 'motor_action' build argument 'cmake_clean_first' from command line to 'False'
[0.303s] Level 5:colcon.colcon_core.verb:set package 'motor_action' build argument 'cmake_force_configure' from command line to 'False'
[0.303s] Level 5:colcon.colcon_core.verb:set package 'motor_action' build argument 'ament_cmake_args' from command line to 'None'
[0.303s] Level 5:colcon.colcon_core.verb:set package 'motor_action' build argument 'catkin_cmake_args' from command line to 'None'
[0.303s] Level 5:colcon.colcon_core.verb:set package 'motor_action' build argument 'catkin_skip_building_tests' from command line to 'False'
[0.303s] DEBUG:colcon.colcon_core.verb:Building package 'motor_action' with the following arguments: {'ament_cmake_args': None, 'build_base': '/home/prog1/ros2_training/build/motor_action', 'catkin_cmake_args': None, 'catkin_skip_building_tests': False, 'cmake_args': None, 'cmake_clean_cache': False, 'cmake_clean_first': False, 'cmake_force_configure': False, 'cmake_target': None, 'cmake_target_skip_unavailable': False, 'install_base': '/home/prog1/ros2_training/install/motor_action', 'merge_install': False, 'path': '/home/prog1/ros2_training/src/motor_action', 'symlink_install': False, 'test_result_base': None}
[0.303s] Level 5:colcon.colcon_core.verb:set package 'input_handler' build argument 'cmake_args' from command line to 'None'
[0.303s] Level 5:colcon.colcon_core.verb:set package 'input_handler' build argument 'cmake_target' from command line to 'None'
[0.303s] Level 5:colcon.colcon_core.verb:set package 'input_handler' build argument 'cmake_target_skip_unavailable' from command line to 'False'
[0.303s] Level 5:colcon.colcon_core.verb:set package 'input_handler' build argument 'cmake_clean_cache' from command line to 'False'
[0.303s] Level 5:colcon.colcon_core.verb:set package 'input_handler' build argument 'cmake_clean_first' from command line to 'False'
[0.303s] Level 5:colcon.colcon_core.verb:set package 'input_handler' build argument 'cmake_force_configure' from command line to 'False'
[0.303s] Level 5:colcon.colcon_core.verb:set package 'input_handler' build argument 'ament_cmake_args' from command line to 'None'
[0.303s] Level 5:colcon.colcon_core.verb:set package 'input_handler' build argument 'catkin_cmake_args' from command line to 'None'
[0.303s] Level 5:colcon.colcon_core.verb:set package 'input_handler' build argument 'catkin_skip_building_tests' from command line to 'False'
[0.303s] DEBUG:colcon.colcon_core.verb:Building package 'input_handler' with the following arguments: {'ament_cmake_args': None, 'build_base': '/home/prog1/ros2_training/build/input_handler', 'catkin_cmake_args': None, 'catkin_skip_building_tests': False, 'cmake_args': None, 'cmake_clean_cache': False, 'cmake_clean_first': False, 'cmake_force_configure': False, 'cmake_target': None, 'cmake_target_skip_unavailable': False, 'install_base': '/home/prog1/ros2_training/install/input_handler', 'merge_install': False, 'path': '/home/prog1/ros2_training/src/input_handler', 'symlink_install': False, 'test_result_base': None}
[0.304s] Level 5:colcon.colcon_core.verb:set package 'motor_handler' build argument 'cmake_args' from command line to 'None'
[0.304s] Level 5:colcon.colcon_core.verb:set package 'motor_handler' build argument 'cmake_target' from command line to 'None'
[0.304s] Level 5:colcon.colcon_core.verb:set package 'motor_handler' build argument 'cmake_target_skip_unavailable' from command line to 'False'
[0.304s] Level 5:colcon.colcon_core.verb:set package 'motor_handler' build argument 'cmake_clean_cache' from command line to 'False'
[0.304s] Level 5:colcon.colcon_core.verb:set package 'motor_handler' build argument 'cmake_clean_first' from command line to 'False'
[0.304s] Level 5:colcon.colcon_core.verb:set package 'motor_handler' build argument 'cmake_force_configure' from command line to 'False'
[0.304s] Level 5:colcon.colcon_core.verb:set package 'motor_handler' build argument 'ament_cmake_args' from command line to 'None'
[0.304s] Level 5:colcon.colcon_core.verb:set package 'motor_handler' build argument 'catkin_cmake_args' from command line to 'None'
[0.304s] Level 5:colcon.colcon_core.verb:set package 'motor_handler' build argument 'catkin_skip_building_tests' from command line to 'False'
[0.304s] DEBUG:colcon.colcon_core.verb:Building package 'motor_handler' with the following arguments: {'ament_cmake_args': None, 'build_base': '/home/prog1/ros2_training/build/motor_handler', 'catkin_cmake_args': None, 'catkin_skip_building_tests': False, 'cmake_args': None, 'cmake_clean_cache': False, 'cmake_clean_first': False, 'cmake_force_configure': False, 'cmake_target': None, 'cmake_target_skip_unavailable': False, 'install_base': '/home/prog1/ros2_training/install/motor_handler', 'merge_install': False, 'path': '/home/prog1/ros2_training/src/motor_handler', 'symlink_install': False, 'test_result_base': None}
[0.304s] INFO:colcon.colcon_core.executor:Executing jobs using 'parallel' executor
[0.306s] DEBUG:colcon.colcon_parallel_executor.executor.parallel:run_until_complete
[0.306s] INFO:colcon.colcon_ros.task.ament_cmake.build:Building ROS package in '/home/prog1/ros2_training/src/motor_action' with build type 'ament_cmake'
[0.306s] INFO:colcon.colcon_cmake.task.cmake.build:Building CMake package in '/home/prog1/ros2_training/src/motor_action'
[0.310s] INFO:colcon.colcon_core.plugin_system:Skipping extension 'colcon_core.shell.bat': Not used on non-Windows systems
[0.310s] INFO:colcon.colcon_core.shell:Skip shell extension 'powershell' for command environment: Not usable outside of PowerShell
[0.310s] DEBUG:colcon.colcon_core.shell:Skip shell extension 'dsv' for command environment
[0.314s] INFO:colcon.colcon_ros.task.ament_python.build:Building ROS package in '/home/prog1/ros2_training/src/controller' with build type 'ament_python'
[0.314s] Level 1:colcon.colcon_core.shell:create_environment_hook('controller', 'ament_prefix_path')
[0.314s] INFO:colcon.colcon_core.shell:Creating environment hook '/home/prog1/ros2_training/install/controller/share/controller/hook/ament_prefix_path.ps1'
[0.315s] INFO:colcon.colcon_core.shell:Creating environment descriptor '/home/prog1/ros2_training/install/controller/share/controller/hook/ament_prefix_path.dsv'
[0.316s] INFO:colcon.colcon_core.shell:Creating environment hook '/home/prog1/ros2_training/install/controller/share/controller/hook/ament_prefix_path.sh'
[0.317s] INFO:colcon.colcon_core.shell:Skip shell extension 'powershell' for command environment: Not usable outside of PowerShell
[0.317s] DEBUG:colcon.colcon_core.shell:Skip shell extension 'dsv' for command environment
[0.328s] DEBUG:colcon.colcon_core.event_handler.log_command:Invoking command in '/home/prog1/ros2_training/build/motor_action': CMAKE_PREFIX_PATH=${CMAKE_PREFIX_PATH}:/home/prog1/ros2_training/install/py_talker:/home/prog1/ros2_training/install/controller:/opt/ros/jazzy DEBUGINFOD_URLS=https://debuginfod.ubuntu.com /usr/bin/cmake --build /home/prog1/ros2_training/build/motor_action -- -j2 -l2
[0.745s] INFO:colcon.colcon_core.task.python.build:Building Python package in '/home/prog1/ros2_training/src/controller'
[0.746s] INFO:colcon.colcon_core.shell:Skip shell extension 'powershell' for command environment: Not usable outside of PowerShell
[0.746s] DEBUG:colcon.colcon_core.shell:Skip shell extension 'dsv' for command environment
[1.290s] DEBUG:colcon.colcon_core.event_handler.log_command:Invoked command in '/home/prog1/ros2_training/build/motor_action' returned '0': CMAKE_PREFIX_PATH=${CMAKE_PREFIX_PATH}:/home/prog1/ros2_training/install/py_talker:/home/prog1/ros2_training/install/controller:/opt/ros/jazzy DEBUGINFOD_URLS=https://debuginfod.ubuntu.com /usr/bin/cmake --build /home/prog1/ros2_training/build/motor_action -- -j2 -l2
[1.307s] DEBUG:colcon.colcon_core.event_handler.log_command:Invoking command in '/home/prog1/ros2_training/build/motor_action': CMAKE_PREFIX_PATH=${CMAKE_PREFIX_PATH}:/home/prog1/ros2_training/install/py_talker:/home/prog1/ros2_training/install/controller:/opt/ros/jazzy DEBUGINFOD_URLS=https://debuginfod.ubuntu.com /usr/bin/cmake --install /home/prog1/ros2_training/build/motor_action
[1.390s] Level 1:colcon.colcon_core.environment:create_environment_scripts_only(motor_action)
[1.395s] Level 1:colcon.colcon_core.environment:checking '/home/prog1/ros2_training/install/motor_action' for CMake module files
[1.396s] Level 1:colcon.colcon_core.environment:checking '/home/prog1/ros2_training/install/motor_action' for CMake config files
[1.397s] DEBUG:colcon.colcon_core.event_handler.log_command:Invoked command in '/home/prog1/ros2_training/build/motor_action' returned '0': CMAKE_PREFIX_PATH=${CMAKE_PREFIX_PATH}:/home/prog1/ros2_training/install/py_talker:/home/prog1/ros2_training/install/controller:/opt/ros/jazzy DEBUGINFOD_URLS=https://debuginfod.ubuntu.com /usr/bin/cmake --install /home/prog1/ros2_training/build/motor_action
[1.397s] Level 1:colcon.colcon_core.shell:create_environment_hook('motor_action', 'cmake_prefix_path')
[1.397s] INFO:colcon.colcon_core.shell:Creating environment hook '/home/prog1/ros2_training/install/motor_action/share/motor_action/hook/cmake_prefix_path.ps1'
[1.398s] INFO:colcon.colcon_core.shell:Creating environment descriptor '/home/prog1/ros2_training/install/motor_action/share/motor_action/hook/cmake_prefix_path.dsv'
[1.399s] INFO:colcon.colcon_core.shell:Creating environment hook '/home/prog1/ros2_training/install/motor_action/share/motor_action/hook/cmake_prefix_path.sh'
[1.400s] Level 1:colcon.colcon_core.environment:checking '/home/prog1/ros2_training/install/motor_action/lib'
[1.400s] Level 1:colcon.colcon_core.shell:create_environment_hook('motor_action', 'ld_library_path_lib')
[1.400s] INFO:colcon.colcon_core.shell:Creating environment hook '/home/prog1/ros2_training/install/motor_action/share/motor_action/hook/ld_library_path_lib.ps1'
[1.401s] INFO:colcon.colcon_core.shell:Creating environment descriptor '/home/prog1/ros2_training/install/motor_action/share/motor_action/hook/ld_library_path_lib.dsv'
[1.401s] INFO:colcon.colcon_core.shell:Creating environment hook '/home/prog1/ros2_training/install/motor_action/share/motor_action/hook/ld_library_path_lib.sh'
[1.402s] Level 1:colcon.colcon_core.environment:checking '/home/prog1/ros2_training/install/motor_action/bin'
[1.402s] Level 1:colcon.colcon_core.environment:checking '/home/prog1/ros2_training/install/motor_action/lib/pkgconfig/motor_action.pc'
[1.402s] Level 1:colcon.colcon_core.environment:checking '/home/prog1/ros2_training/install/motor_action/lib/python3.12/site-packages'
[1.402s] Level 1:colcon.colcon_core.shell:create_environment_hook('motor_action', 'pythonpath')
[1.402s] INFO:colcon.colcon_core.shell:Creating environment hook '/home/prog1/ros2_training/install/motor_action/share/motor_action/hook/pythonpath.ps1'
[1.403s] INFO:colcon.colcon_core.shell:Creating environment descriptor '/home/prog1/ros2_training/install/motor_action/share/motor_action/hook/pythonpath.dsv'
[1.404s] INFO:colcon.colcon_core.shell:Creating environment hook '/home/prog1/ros2_training/install/motor_action/share/motor_action/hook/pythonpath.sh'
[1.405s] Level 1:colcon.colcon_core.environment:checking '/home/prog1/ros2_training/install/motor_action/bin'
[1.406s] INFO:colcon.colcon_core.shell:Creating package script '/home/prog1/ros2_training/install/motor_action/share/motor_action/package.ps1'
[1.408s] INFO:colcon.colcon_core.shell:Creating package descriptor '/home/prog1/ros2_training/install/motor_action/share/motor_action/package.dsv'
[1.408s] INFO:colcon.colcon_core.shell:Creating package script '/home/prog1/ros2_training/install/motor_action/share/motor_action/package.sh'
[1.410s] INFO:colcon.colcon_core.shell:Creating package script '/home/prog1/ros2_training/install/motor_action/share/motor_action/package.bash'
[1.410s] INFO:colcon.colcon_core.shell:Creating package script '/home/prog1/ros2_training/install/motor_action/share/motor_action/package.zsh'
[1.411s] Level 1:colcon.colcon_core.environment:create_file_with_runtime_dependencies(/home/prog1/ros2_training/install/motor_action/share/colcon-core/packages/motor_action)
[1.412s] Level 1:colcon.colcon_core.environment:create_environment_scripts_only(motor_action)
[1.412s] Level 1:colcon.colcon_core.environment:checking '/home/prog1/ros2_training/install/motor_action' for CMake module files
[1.413s] Level 1:colcon.colcon_core.environment:checking '/home/prog1/ros2_training/install/motor_action' for CMake config files
[1.414s] Level 1:colcon.colcon_core.shell:create_environment_hook('motor_action', 'cmake_prefix_path')
[1.414s] INFO:colcon.colcon_core.shell:Creating environment hook '/home/prog1/ros2_training/install/motor_action/share/motor_action/hook/cmake_prefix_path.ps1'
[1.415s] INFO:colcon.colcon_core.shell:Creating environment descriptor '/home/prog1/ros2_training/install/motor_action/share/motor_action/hook/cmake_prefix_path.dsv'
[1.416s] INFO:colcon.colcon_core.shell:Creating environment hook '/home/prog1/ros2_training/install/motor_action/share/motor_action/hook/cmake_prefix_path.sh'
[1.416s] Level 1:colcon.colcon_core.environment:checking '/home/prog1/ros2_training/install/motor_action/lib'
[1.416s] Level 1:colcon.colcon_core.shell:create_environment_hook('motor_action', 'ld_library_path_lib')
[1.417s] INFO:colcon.colcon_core.shell:Creating environment hook '/home/prog1/ros2_training/install/motor_action/share/motor_action/hook/ld_library_path_lib.ps1'
[1.417s] INFO:colcon.colcon_core.shell:Creating environment descriptor '/home/prog1/ros2_training/install/motor_action/share/motor_action/hook/ld_library_path_lib.dsv'
[1.418s] INFO:colcon.colcon_core.shell:Creating environment hook '/home/prog1/ros2_training/install/motor_action/share/motor_action/hook/ld_library_path_lib.sh'
[1.418s] Level 1:colcon.colcon_core.environment:checking '/home/prog1/ros2_training/install/motor_action/bin'
[1.419s] Level 1:colcon.colcon_core.environment:checking '/home/prog1/ros2_training/install/motor_action/lib/pkgconfig/motor_action.pc'
[1.419s] Level 1:colcon.colcon_core.environment:checking '/home/prog1/ros2_training/install/motor_action/lib/python3.12/site-packages'
[1.419s] Level 1:colcon.colcon_core.shell:create_environment_hook('motor_action', 'pythonpath')
[1.419s] INFO:colcon.colcon_core.shell:Creating environment hook '/home/prog1/ros2_training/install/motor_action/share/motor_action/hook/pythonpath.ps1'
[1.420s] INFO:colcon.colcon_core.shell:Creating environment descriptor '/home/prog1/ros2_training/install/motor_action/share/motor_action/hook/pythonpath.dsv'
[1.421s] INFO:colcon.colcon_core.shell:Creating environment hook '/home/prog1/ros2_training/install/motor_action/share/motor_action/hook/pythonpath.sh'
[1.422s] Level 1:colcon.colcon_core.environment:checking '/home/prog1/ros2_training/install/motor_action/bin'
[1.422s] INFO:colcon.colcon_core.shell:Creating package script '/home/prog1/ros2_training/install/motor_action/share/motor_action/package.ps1'
[1.423s] INFO:colcon.colcon_core.shell:Creating package descriptor '/home/prog1/ros2_training/install/motor_action/share/motor_action/package.dsv'
[1.424s] INFO:colcon.colcon_core.shell:Creating package script '/home/prog1/ros2_training/install/motor_action/share/motor_action/package.sh'
[1.425s] INFO:colcon.colcon_core.shell:Creating package script '/home/prog1/ros2_training/install/motor_action/share/motor_action/package.bash'
[1.426s] INFO:colcon.colcon_core.shell:Creating package script '/home/prog1/ros2_training/install/motor_action/share/motor_action/package.zsh'
[1.427s] Level 1:colcon.colcon_core.environment:create_file_with_runtime_dependencies(/home/prog1/ros2_training/install/motor_action/share/colcon-core/packages/motor_action)
[1.429s] INFO:colcon.colcon_ros.task.ament_cmake.build:Building ROS package in '/home/prog1/ros2_training/src/input_handler' with build type 'ament_cmake'
[1.429s] INFO:colcon.colcon_cmake.task.cmake.build:Building CMake package in '/home/prog1/ros2_training/src/input_handler'
[1.429s] INFO:colcon.colcon_core.shell:Skip shell extension 'powershell' for command environment: Not usable outside of PowerShell
[1.429s] DEBUG:colcon.colcon_core.shell:Skip shell extension 'dsv' for command environment
[1.444s] DEBUG:colcon.colcon_core.event_handler.log_command:Invoking command in '/home/prog1/ros2_training/build/input_handler': CMAKE_PREFIX_PATH=/home/prog1/ros2_training/install/motor_action:/home/prog1/ros2_training/install/motor_handler:/home/prog1/ros2_training/install/input_handler:/home/prog1/ros2_training/install/cpp_listener:/opt/ros/jazzy/opt/gz_math_vendor:/opt/ros/jazzy/opt/gz_utils_vendor:/opt/ros/jazzy/opt/gz_cmake_vendor:/home/prog1/ros2_training/install/py_talker:/home/prog1/ros2_training/install/controller:/opt/ros/jazzy DEBUGINFOD_URLS=https://debuginfod.ubuntu.com PYTHONPATH=/home/prog1/ros2_training/install/motor_action/lib/python3.12/site-packages:/home/prog1/ros2_training/install/py_talker/lib/python3.12/site-packages:/home/prog1/ros2_training/install/controller/lib/python3.12/site-packages:/opt/ros/jazzy/lib/python3.12/site-packages /usr/bin/cmake --build /home/prog1/ros2_training/build/input_handler -- -j2 -l2
[1.542s] DEBUG:colcon.colcon_core.event_handler.log_command:Invoked command in '/home/prog1/ros2_training/build/input_handler' returned '0': CMAKE_PREFIX_PATH=/home/prog1/ros2_training/install/motor_action:/home/prog1/ros2_training/install/motor_handler:/home/prog1/ros2_training/install/input_handler:/home/prog1/ros2_training/install/cpp_listener:/opt/ros/jazzy/opt/gz_math_vendor:/opt/ros/jazzy/opt/gz_utils_vendor:/opt/ros/jazzy/opt/gz_cmake_vendor:/home/prog1/ros2_training/install/py_talker:/home/prog1/ros2_training/install/controller:/opt/ros/jazzy DEBUGINFOD_URLS=https://debuginfod.ubuntu.com PYTHONPATH=/home/prog1/ros2_training/install/motor_action/lib/python3.12/site-packages:/home/prog1/ros2_training/install/py_talker/lib/python3.12/site-packages:/home/prog1/ros2_training/install/controller/lib/python3.12/site-packages:/opt/ros/jazzy/lib/python3.12/site-packages /usr/bin/cmake --build /home/prog1/ros2_training/build/input_handler -- -j2 -l2
[1.543s] DEBUG:colcon.colcon_core.event_handler.log_command:Invoking command in '/home/prog1/ros2_training/build/input_handler': CMAKE_PREFIX_PATH=/home/prog1/ros2_training/install/motor_action:/home/prog1/ros2_training/install/motor_handler:/home/prog1/ros2_training/install/input_handler:/home/prog1/ros2_training/install/cpp_listener:/opt/ros/jazzy/opt/gz_math_vendor:/opt/ros/jazzy/opt/gz_utils_vendor:/opt/ros/jazzy/opt/gz_cmake_vendor:/home/prog1/ros2_training/install/py_talker:/home/prog1/ros2_training/install/controller:/opt/ros/jazzy DEBUGINFOD_URLS=https://debuginfod.ubuntu.com PYTHONPATH=/home/prog1/ros2_training/install/motor_action/lib/python3.12/site-packages:/home/prog1/ros2_training/install/py_talker/lib/python3.12/site-packages:/home/prog1/ros2_training/install/controller/lib/python3.12/site-packages:/opt/ros/jazzy/lib/python3.12/site-packages /usr/bin/cmake --install /home/prog1/ros2_training/build/input_handler
[1.561s] Level 1:colcon.colcon_core.environment:create_environment_scripts_only(input_handler)
[1.561s] Level 1:colcon.colcon_core.environment:checking '/home/prog1/ros2_training/install/input_handler' for CMake module files
[1.562s] Level 1:colcon.colcon_core.environment:checking '/home/prog1/ros2_training/install/input_handler' for CMake config files
[1.562s] Level 1:colcon.colcon_core.shell:create_environment_hook('input_handler', 'cmake_prefix_path')
[1.562s] INFO:colcon.colcon_core.shell:Creating environment hook '/home/prog1/ros2_training/install/input_handler/share/input_handler/hook/cmake_prefix_path.ps1'
[1.563s] INFO:colcon.colcon_core.shell:Creating environment descriptor '/home/prog1/ros2_training/install/input_handler/share/input_handler/hook/cmake_prefix_path.dsv'
[1.563s] DEBUG:colcon.colcon_core.event_handler.log_command:Invoked command in '/home/prog1/ros2_training/build/input_handler' returned '0': CMAKE_PREFIX_PATH=/home/prog1/ros2_training/install/motor_action:/home/prog1/ros2_training/install/motor_handler:/home/prog1/ros2_training/install/input_handler:/home/prog1/ros2_training/install/cpp_listener:/opt/ros/jazzy/opt/gz_math_vendor:/opt/ros/jazzy/opt/gz_utils_vendor:/opt/ros/jazzy/opt/gz_cmake_vendor:/home/prog1/ros2_training/install/py_talker:/home/prog1/ros2_training/install/controller:/opt/ros/jazzy DEBUGINFOD_URLS=https://debuginfod.ubuntu.com PYTHONPATH=/home/prog1/ros2_training/install/motor_action/lib/python3.12/site-packages:/home/prog1/ros2_training/install/py_talker/lib/python3.12/site-packages:/home/prog1/ros2_training/install/controller/lib/python3.12/site-packages:/opt/ros/jazzy/lib/python3.12/site-packages /usr/bin/cmake --install /home/prog1/ros2_training/build/input_handler
[1.564s] INFO:colcon.colcon_core.shell:Creating environment hook '/home/prog1/ros2_training/install/input_handler/share/input_handler/hook/cmake_prefix_path.sh'
[1.565s] Level 1:colcon.colcon_core.environment:checking '/home/prog1/ros2_training/install/input_handler/lib'
[1.565s] Level 1:colcon.colcon_core.environment:checking '/home/prog1/ros2_training/install/input_handler/bin'
[1.565s] Level 1:colcon.colcon_core.environment:checking '/home/prog1/ros2_training/install/input_handler/lib/pkgconfig/input_handler.pc'
[1.565s] Level 1:colcon.colcon_core.environment:checking '/home/prog1/ros2_training/install/input_handler/lib/python3.12/site-packages'
[1.566s] Level 1:colcon.colcon_core.environment:checking '/home/prog1/ros2_training/install/input_handler/bin'
[1.566s] INFO:colcon.colcon_core.shell:Creating package script '/home/prog1/ros2_training/install/input_handler/share/input_handler/package.ps1'
[1.567s] INFO:colcon.colcon_core.shell:Creating package descriptor '/home/prog1/ros2_training/install/input_handler/share/input_handler/package.dsv'
[1.567s] INFO:colcon.colcon_core.shell:Creating package script '/home/prog1/ros2_training/install/input_handler/share/input_handler/package.sh'
[1.568s] INFO:colcon.colcon_core.shell:Creating package script '/home/prog1/ros2_training/install/input_handler/share/input_handler/package.bash'
[1.569s] INFO:colcon.colcon_core.shell:Creating package script '/home/prog1/ros2_training/install/input_handler/share/input_handler/package.zsh'
[1.569s] Level 1:colcon.colcon_core.environment:create_file_with_runtime_dependencies(/home/prog1/ros2_training/install/input_handler/share/colcon-core/packages/input_handler)
[1.570s] Level 1:colcon.colcon_core.environment:create_environment_scripts_only(input_handler)
[1.570s] Level 1:colcon.colcon_core.environment:checking '/home/prog1/ros2_training/install/input_handler' for CMake module files
[1.571s] Level 1:colcon.colcon_core.environment:checking '/home/prog1/ros2_training/install/input_handler' for CMake config files
[1.571s] Level 1:colcon.colcon_core.shell:create_environment_hook('input_handler', 'cmake_prefix_path')
[1.571s] INFO:colcon.colcon_core.shell:Creating environment hook '/home/prog1/ros2_training/install/input_handler/share/input_handler/hook/cmake_prefix_path.ps1'
[1.572s] INFO:colcon.colcon_core.shell:Creating environment descriptor '/home/prog1/ros2_training/install/input_handler/share/input_handler/hook/cmake_prefix_path.dsv'
[1.573s] INFO:colcon.colcon_core.shell:Creating environment hook '/home/prog1/ros2_training/install/input_handler/share/input_handler/hook/cmake_prefix_path.sh'
[1.574s] Level 1:colcon.colcon_core.environment:checking '/home/prog1/ros2_training/install/input_handler/lib'
[1.574s] Level 1:colcon.colcon_core.environment:checking '/home/prog1/ros2_training/install/input_handler/bin'
[1.574s] Level 1:colcon.colcon_core.environment:checking '/home/prog1/ros2_training/install/input_handler/lib/pkgconfig/input_handler.pc'
[1.574s] Level 1:colcon.colcon_core.environment:checking '/home/prog1/ros2_training/install/input_handler/lib/python3.12/site-packages'
[1.574s] Level 1:colcon.colcon_core.environment:checking '/home/prog1/ros2_training/install/input_handler/bin'
[1.575s] INFO:colcon.colcon_core.shell:Creating package script '/home/prog1/ros2_training/install/input_handler/share/input_handler/package.ps1'
[1.576s] INFO:colcon.colcon_core.shell:Creating package descriptor '/home/prog1/ros2_training/install/input_handler/share/input_handler/package.dsv'
[1.577s] INFO:colcon.colcon_core.shell:Creating package script '/home/prog1/ros2_training/install/input_handler/share/input_handler/package.sh'
[1.577s] INFO:colcon.colcon_core.shell:Creating package script '/home/prog1/ros2_training/install/input_handler/share/input_handler/package.bash'
[1.578s] INFO:colcon.colcon_core.shell:Creating package script '/home/prog1/ros2_training/install/input_handler/share/input_handler/package.zsh'
[1.579s] Level 1:colcon.colcon_core.environment:create_file_with_runtime_dependencies(/home/prog1/ros2_training/install/input_handler/share/colcon-core/packages/input_handler)
[1.580s] INFO:colcon.colcon_ros.task.ament_cmake.build:Building ROS package in '/home/prog1/ros2_training/src/motor_handler' with build type 'ament_cmake'
[1.580s] INFO:colcon.colcon_cmake.task.cmake.build:Building CMake package in '/home/prog1/ros2_training/src/motor_handler'
[1.581s] INFO:colcon.colcon_core.shell:Skip shell extension 'powershell' for command environment: Not usable outside of PowerShell
[1.581s] DEBUG:colcon.colcon_core.shell:Skip shell extension 'dsv' for command environment
[1.596s] DEBUG:colcon.colcon_core.event_handler.log_command:Invoking command in '/home/prog1/ros2_training/build/motor_handler': CMAKE_PREFIX_PATH=/home/prog1/ros2_training/install/motor_action:/home/prog1/ros2_training/install/motor_handler:/home/prog1/ros2_training/install/input_handler:/home/prog1/ros2_training/install/cpp_listener:/opt/ros/jazzy/opt/gz_math_vendor:/opt/ros/jazzy/opt/gz_utils_vendor:/opt/ros/jazzy/opt/gz_cmake_vendor:/home/prog1/ros2_training/install/py_talker:/home/prog1/ros2_training/install/controller:/opt/ros/jazzy DEBUGINFOD_URLS=https://debuginfod.ubuntu.com PYTHONPATH=/home/prog1/ros2_training/install/motor_action/lib/python3.12/site-packages:/home/prog1/ros2_training/install/py_talker/lib/python3.12/site-packages:/home/prog1/ros2_training/install/controller/lib/python3.12/site-packages:/opt/ros/jazzy/lib/python3.12/site-packages /usr/bin/cmake --build /home/prog1/ros2_training/build/motor_handler -- -j2 -l2
[1.704s] DEBUG:colcon.colcon_core.event_handler.log_command:Invoking command in '/home/prog1/ros2_training/src/controller': DEBUGINFOD_URLS=https://debuginfod.ubuntu.com PYTHONPATH=/home/prog1/ros2_training/build/controller/prefix_override:/usr/lib/python3/dist-packages/colcon_core/task/python/colcon_distutils_commands:/home/prog1/ros2_training/install/controller/lib/python3.12/site-packages:${PYTHONPATH} /usr/bin/python3 -W ignore:setup.py install is deprecated -W ignore:easy_install command is deprecated setup.py egg_info --egg-base ../../build/controller build --build-base /home/prog1/ros2_training/build/controller/build install --record /home/prog1/ros2_training/build/controller/install.log --single-version-externally-managed install_data
[2.412s] Level 1:colcon.colcon_core.environment:checking '/home/prog1/ros2_training/install/controller' for CMake module files
[2.412s] Level 1:colcon.colcon_core.environment:checking '/home/prog1/ros2_training/install/controller' for CMake config files
[2.413s] Level 1:colcon.colcon_core.environment:checking '/home/prog1/ros2_training/install/controller/lib'
[2.413s] Level 1:colcon.colcon_core.environment:checking '/home/prog1/ros2_training/install/controller/bin'
[2.413s] Level 1:colcon.colcon_core.environment:checking '/home/prog1/ros2_training/install/controller/lib/pkgconfig/controller.pc'
[2.414s] Level 1:colcon.colcon_core.environment:checking '/home/prog1/ros2_training/install/controller/lib/python3.12/site-packages'
[2.414s] Level 1:colcon.colcon_core.shell:create_environment_hook('controller', 'pythonpath')
[2.414s] INFO:colcon.colcon_core.shell:Creating environment hook '/home/prog1/ros2_training/install/controller/share/controller/hook/pythonpath.ps1'
[2.415s] DEBUG:colcon.colcon_core.event_handler.log_command:Invoked command in '/home/prog1/ros2_training/src/controller' returned '0': DEBUGINFOD_URLS=https://debuginfod.ubuntu.com PYTHONPATH=/home/prog1/ros2_training/build/controller/prefix_override:/usr/lib/python3/dist-packages/colcon_core/task/python/colcon_distutils_commands:/home/prog1/ros2_training/install/controller/lib/python3.12/site-packages:${PYTHONPATH} /usr/bin/python3 -W ignore:setup.py install is deprecated -W ignore:easy_install command is deprecated setup.py egg_info --egg-base ../../build/controller build --build-base /home/prog1/ros2_training/build/controller/build install --record /home/prog1/ros2_training/build/controller/install.log --single-version-externally-managed install_data
[2.416s] INFO:colcon.colcon_core.shell:Creating environment descriptor '/home/prog1/ros2_training/install/controller/share/controller/hook/pythonpath.dsv'
[2.417s] INFO:colcon.colcon_core.shell:Creating environment hook '/home/prog1/ros2_training/install/controller/share/controller/hook/pythonpath.sh'
[2.418s] Level 1:colcon.colcon_core.environment:checking '/home/prog1/ros2_training/install/controller/bin'
[2.418s] Level 1:colcon.colcon_core.environment:create_environment_scripts_only(controller)
[2.418s] INFO:colcon.colcon_core.shell:Creating package script '/home/prog1/ros2_training/install/controller/share/controller/package.ps1'
[2.419s] INFO:colcon.colcon_core.shell:Creating package descriptor '/home/prog1/ros2_training/install/controller/share/controller/package.dsv'
[2.420s] INFO:colcon.colcon_core.shell:Creating package script '/home/prog1/ros2_training/install/controller/share/controller/package.sh'
[2.421s] INFO:colcon.colcon_core.shell:Creating package script '/home/prog1/ros2_training/install/controller/share/controller/package.bash'
[2.421s] INFO:colcon.colcon_core.shell:Creating package script '/home/prog1/ros2_training/install/controller/share/controller/package.zsh'
[2.422s] Level 1:colcon.colcon_core.environment:create_file_with_runtime_dependencies(/home/prog1/ros2_training/install/controller/share/colcon-core/packages/controller)
[5.801s] DEBUG:colcon.colcon_core.event_handler.log_command:Invoked command in '/home/prog1/ros2_training/build/motor_handler' returned '2': CMAKE_PREFIX_PATH=/home/prog1/ros2_training/install/motor_action:/home/prog1/ros2_training/install/motor_handler:/home/prog1/ros2_training/install/input_handler:/home/prog1/ros2_training/install/cpp_listener:/opt/ros/jazzy/opt/gz_math_vendor:/opt/ros/jazzy/opt/gz_utils_vendor:/opt/ros/jazzy/opt/gz_cmake_vendor:/home/prog1/ros2_training/install/py_talker:/home/prog1/ros2_training/install/controller:/opt/ros/jazzy DEBUGINFOD_URLS=https://debuginfod.ubuntu.com PYTHONPATH=/home/prog1/ros2_training/install/motor_action/lib/python3.12/site-packages:/home/prog1/ros2_training/install/py_talker/lib/python3.12/site-packages:/home/prog1/ros2_training/install/controller/lib/python3.12/site-packages:/opt/ros/jazzy/lib/python3.12/site-packages /usr/bin/cmake --build /home/prog1/ros2_training/build/motor_handler -- -j2 -l2
[5.801s] Level 1:colcon.colcon_core.environment:create_environment_scripts_only(motor_handler)
[5.801s] Level 1:colcon.colcon_core.environment:checking '/home/prog1/ros2_training/install/motor_handler' for CMake module files
[5.802s] Level 1:colcon.colcon_core.environment:checking '/home/prog1/ros2_training/install/motor_handler' for CMake config files
[5.802s] Level 1:colcon.colcon_core.shell:create_environment_hook('motor_handler', 'cmake_prefix_path')
[5.803s] INFO:colcon.colcon_core.shell:Creating environment hook '/home/prog1/ros2_training/install/motor_handler/share/motor_handler/hook/cmake_prefix_path.ps1'
[5.803s] INFO:colcon.colcon_core.shell:Creating environment descriptor '/home/prog1/ros2_training/install/motor_handler/share/motor_handler/hook/cmake_prefix_path.dsv'
[5.804s] INFO:colcon.colcon_core.shell:Creating environment hook '/home/prog1/ros2_training/install/motor_handler/share/motor_handler/hook/cmake_prefix_path.sh'
[5.805s] Level 1:colcon.colcon_core.environment:checking '/home/prog1/ros2_training/install/motor_handler/lib'
[5.805s] Level 1:colcon.colcon_core.environment:checking '/home/prog1/ros2_training/install/motor_handler/bin'
[5.805s] Level 1:colcon.colcon_core.environment:checking '/home/prog1/ros2_training/install/motor_handler/lib/pkgconfig/motor_handler.pc'
[5.805s] Level 1:colcon.colcon_core.environment:checking '/home/prog1/ros2_training/install/motor_handler/lib/python3.12/site-packages'
[5.805s] Level 1:colcon.colcon_core.environment:checking '/home/prog1/ros2_training/install/motor_handler/bin'
[5.806s] INFO:colcon.colcon_core.shell:Creating package script '/home/prog1/ros2_training/install/motor_handler/share/motor_handler/package.ps1'
[5.806s] INFO:colcon.colcon_core.shell:Creating package descriptor '/home/prog1/ros2_training/install/motor_handler/share/motor_handler/package.dsv'
[5.807s] INFO:colcon.colcon_core.shell:Creating package script '/home/prog1/ros2_training/install/motor_handler/share/motor_handler/package.sh'
[5.808s] INFO:colcon.colcon_core.shell:Creating package script '/home/prog1/ros2_training/install/motor_handler/share/motor_handler/package.bash'
[5.808s] INFO:colcon.colcon_core.shell:Creating package script '/home/prog1/ros2_training/install/motor_handler/share/motor_handler/package.zsh'
[5.809s] Level 1:colcon.colcon_core.environment:create_file_with_runtime_dependencies(/home/prog1/ros2_training/install/motor_handler/share/colcon-core/packages/motor_handler)
[5.810s] DEBUG:colcon.colcon_parallel_executor.executor.parallel:closing loop
[5.811s] DEBUG:colcon.colcon_parallel_executor.executor.parallel:loop closed
[5.811s] DEBUG:colcon.colcon_parallel_executor.executor.parallel:run_until_complete finished with '2'
[5.811s] DEBUG:colcon.colcon_core.event_reactor:joining thread
[5.817s] INFO:colcon.colcon_core.plugin_system:Skipping extension 'colcon_notification.desktop_notification.terminal_notifier': Not used on non-Darwin systems
[5.818s] INFO:colcon.colcon_core.plugin_system:Skipping extension 'colcon_notification.desktop_notification.win32': Not used on non-Windows systems
[5.818s] INFO:colcon.colcon_notification.desktop_notification:Sending desktop notification using 'notify2'
[5.858s] DEBUG:colcon.colcon_core.event_reactor:joined thread
[5.859s] INFO:colcon.colcon_core.shell:Creating prefix script '/home/prog1/ros2_training/install/local_setup.ps1'
[5.861s] INFO:colcon.colcon_core.shell:Creating prefix util module '/home/prog1/ros2_training/install/_local_setup_util_ps1.py'
[5.864s] INFO:colcon.colcon_core.shell:Creating prefix chain script '/home/prog1/ros2_training/install/setup.ps1'
[5.866s] INFO:colcon.colcon_core.shell:Creating prefix script '/home/prog1/ros2_training/install/local_setup.sh'
[5.866s] INFO:colcon.colcon_core.shell:Creating prefix util module '/home/prog1/ros2_training/install/_local_setup_util_sh.py'
[5.867s] INFO:colcon.colcon_core.shell:Creating prefix chain script '/home/prog1/ros2_training/install/setup.sh'
[5.868s] INFO:colcon.colcon_core.shell:Creating prefix script '/home/prog1/ros2_training/install/local_setup.bash'
[5.869s] INFO:colcon.colcon_core.shell:Creating prefix chain script '/home/prog1/ros2_training/install/setup.bash'
[5.871s] INFO:colcon.colcon_core.shell:Creating prefix script '/home/prog1/ros2_training/install/local_setup.zsh'
[5.872s] INFO:colcon.colcon_core.shell:Creating prefix chain script '/home/prog1/ros2_training/install/setup.zsh'
