-- Found ament_cmake: 2.5.6 (/opt/ros/jazzy/share/ament_cmake/cmake)
-- Found rosidl_default_generators: 1.6.0 (/opt/ros/jazzy/share/rosidl_default_generators/cmake)
-- Using all available rosidl_typesupport_c: rosidl_typesupport_fastrtps_c;rosidl_typesupport_introspection_c
-- Using all available rosidl_typesupport_cpp: rosidl_typesupport_fastrtps_cpp;rosidl_typesupport_introspection_cpp
-- Found rosidl_adapter: 4.6.7 (/opt/ros/jazzy/share/rosidl_adapter/cmake)
-- Found ament_cmake_ros: 0.12.0 (/opt/ros/jazzy/share/ament_cmake_ros/cmake)
-- Using all available rosidl_typesupport_c: rosidl_typesupport_fastrtps_c;rosidl_typesupport_introspection_c
-- Using all available rosidl_typesupport_cpp: rosidl_typesupport_fastrtps_cpp;rosidl_typesupport_introspection_cpp
-- Found python_cmake_module: 0.11.1 (/opt/ros/jazzy/share/python_cmake_module/cmake)
-- Found Python3: /usr/bin/python3 (found version "3.12.3") found components: Interpreter Development NumPy Development.Module Development.Embed 
-- Found Python3: /usr/bin/python3 (found version "3.12.3") found components: Interpreter 
-- Configuring done (1.4s)
-- Generating done (0.1s)
-- Build files have been written to: /home/prog1/ros2_training/build/motor_action
[  2%] [34m[1mGenerating type hashes for ROS interfaces[0m
[  5%] [34m[1mGenerating Rust code for ROS interfaces[0m
[  5%] Built target motor_action__rosidl_generator_type_description
[  5%] Built target ament_cmake_python_copy_motor_action
[  8%] [34m[1mGenerating C++ code for ROS interfaces[0m
[  8%] Built target motor_action__rs
[ 11%] [34m[1mGenerating C code for ROS interfaces[0m
[ 11%] Built target motor_action__cpp
[ 14%] [32mBuilding C object CMakeFiles/motor_action__rosidl_generator_c.dir/rosidl_generator_c/motor_action/action/detail/move__description.c.o[0m
[ 17%] [32mBuilding C object CMakeFiles/motor_action__rosidl_generator_c.dir/rosidl_generator_c/motor_action/action/detail/move__functions.c.o[0m
running egg_info
writing motor_action.egg-info/PKG-INFO
writing dependency_links to motor_action.egg-info/dependency_links.txt
writing top-level names to motor_action.egg-info/top_level.txt
reading manifest file 'motor_action.egg-info/SOURCES.txt'
writing manifest file 'motor_action.egg-info/SOURCES.txt'
[ 20%] [32mBuilding C object CMakeFiles/motor_action__rosidl_generator_c.dir/rosidl_generator_c/motor_action/action/detail/move__type_support.c.o[0m
[ 20%] Built target ament_cmake_python_build_motor_action_egg
[ 22%] [32m[1mLinking C shared library libmotor_action__rosidl_generator_c.so[0m
[ 22%] Built target motor_action__rosidl_generator_c
[ 25%] [34m[1mGenerating C type support for eProsima Fast-RTPS[0m
[ 28%] [34m[1mGenerating C++ type support dispatch for ROS interfaces[0m
[ 31%] [32mBuilding CXX object CMakeFiles/motor_action__rosidl_typesupport_cpp.dir/rosidl_typesupport_cpp/motor_action/action/move__type_support.cpp.o[0m
[ 34%] [32mBuilding CXX object CMakeFiles/motor_action__rosidl_typesupport_fastrtps_c.dir/rosidl_typesupport_fastrtps_c/motor_action/action/detail/move__type_support_c.cpp.o[0m
[ 37%] [32m[1mLinking CXX shared library libmotor_action__rosidl_typesupport_cpp.so[0m
[ 40%] [32m[1mLinking CXX shared library libmotor_action__rosidl_typesupport_fastrtps_c.so[0m
[ 40%] Built target motor_action__rosidl_typesupport_cpp
[ 42%] [34m[1mGenerating C introspection for ROS interfaces[0m
[ 42%] Built target motor_action__rosidl_typesupport_fastrtps_c
[ 45%] [34m[1mGenerating C type support dispatch for ROS interfaces[0m
[ 48%] [32mBuilding CXX object CMakeFiles/motor_action__rosidl_typesupport_c.dir/rosidl_typesupport_c/motor_action/action/move__type_support.cpp.o[0m
[ 51%] [32m[1mLinking CXX shared library libmotor_action__rosidl_typesupport_c.so[0m
[ 54%] [32mBuilding C object CMakeFiles/motor_action__rosidl_typesupport_introspection_c.dir/rosidl_typesupport_introspection_c/motor_action/action/detail/move__type_support.c.o[0m
[ 54%] Built target motor_action__rosidl_typesupport_c
[ 57%] [34m[1mGenerating C++ type support for eProsima Fast-RTPS[0m
[ 60%] [32m[1mLinking C shared library libmotor_action__rosidl_typesupport_introspection_c.so[0m
[ 60%] Built target motor_action__rosidl_typesupport_introspection_c
[ 62%] [34m[1mGenerating C++ introspection for ROS interfaces[0m
[ 65%] [32mBuilding CXX object CMakeFiles/motor_action__rosidl_typesupport_introspection_cpp.dir/rosidl_typesupport_introspection_cpp/motor_action/action/detail/move__type_support.cpp.o[0m
[ 68%] [32mBuilding CXX object CMakeFiles/motor_action__rosidl_typesupport_fastrtps_cpp.dir/rosidl_typesupport_fastrtps_cpp/motor_action/action/detail/dds_fastrtps/move__type_support.cpp.o[0m
[ 71%] [32m[1mLinking CXX shared library libmotor_action__rosidl_typesupport_introspection_cpp.so[0m
[ 71%] Built target motor_action__rosidl_typesupport_introspection_cpp
[ 74%] [32m[1mLinking CXX shared library libmotor_action__rosidl_typesupport_fastrtps_cpp.so[0m
[ 74%] Built target motor_action__rosidl_typesupport_fastrtps_cpp
[ 74%] Built target motor_action
[ 77%] [34m[1mGenerating Python code for ROS interfaces[0m
[ 77%] Built target motor_action__py
[ 80%] [32mBuilding C object CMakeFiles/motor_action__rosidl_generator_py.dir/rosidl_generator_py/motor_action/action/_move_s.c.o[0m
[ 82%] [32m[1mLinking C shared library libmotor_action__rosidl_generator_py.so[0m
[ 82%] Built target motor_action__rosidl_generator_py
[ 85%] [32mBuilding C object CMakeFiles/motor_action_s__rosidl_typesupport_introspection_c.dir/rosidl_generator_py/motor_action/_motor_action_s.ep.rosidl_typesupport_introspection_c.c.o[0m
[ 88%] [32mBuilding C object CMakeFiles/motor_action_s__rosidl_typesupport_fastrtps_c.dir/rosidl_generator_py/motor_action/_motor_action_s.ep.rosidl_typesupport_fastrtps_c.c.o[0m
[ 91%] [32m[1mLinking C shared module rosidl_generator_py/motor_action/motor_action_s__rosidl_typesupport_introspection_c.so[0m
[ 94%] [32m[1mLinking C shared module rosidl_generator_py/motor_action/motor_action_s__rosidl_typesupport_fastrtps_c.so[0m
[ 94%] Built target motor_action_s__rosidl_typesupport_introspection_c
[ 94%] Built target motor_action_s__rosidl_typesupport_fastrtps_c
[ 97%] [32mBuilding C object CMakeFiles/motor_action_s__rosidl_typesupport_c.dir/rosidl_generator_py/motor_action/_motor_action_s.ep.rosidl_typesupport_c.c.o[0m
[100%] [32m[1mLinking C shared module rosidl_generator_py/motor_action/motor_action_s__rosidl_typesupport_c.so[0m
[100%] Built target motor_action_s__rosidl_typesupport_c
-- Install configuration: ""
-- Installing: /home/prog1/ros2_training/install/motor_action/share/ament_index/resource_index/rosidl_interfaces/motor_action
-- Installing: /home/prog1/ros2_training/install/motor_action/share/motor_action/action/Move.json
-- Up-to-date: /home/prog1/ros2_training/install/motor_action/include/motor_action/motor_action
-- Up-to-date: /home/prog1/ros2_training/install/motor_action/include/motor_action/motor_action/msg
-- Up-to-date: /home/prog1/ros2_training/install/motor_action/include/motor_action/motor_action/msg/rosidl_generator_c__visibility_control.h
-- Up-to-date: /home/prog1/ros2_training/install/motor_action/include/motor_action/motor_action/action
-- Up-to-date: /home/prog1/ros2_training/install/motor_action/include/motor_action/motor_action/action/rotate.h
-- Installing: /home/prog1/ros2_training/install/motor_action/include/motor_action/motor_action/action/move.h
-- Up-to-date: /home/prog1/ros2_training/install/motor_action/include/motor_action/motor_action/action/detail
-- Installing: /home/prog1/ros2_training/install/motor_action/include/motor_action/motor_action/action/detail/move__functions.c
-- Installing: /home/prog1/ros2_training/install/motor_action/include/motor_action/motor_action/action/detail/move__type_support.c
-- Up-to-date: /home/prog1/ros2_training/install/motor_action/include/motor_action/motor_action/action/detail/rotate__type_support.h
-- Up-to-date: /home/prog1/ros2_training/install/motor_action/include/motor_action/motor_action/action/detail/rotate__struct.h
-- Installing: /home/prog1/ros2_training/install/motor_action/include/motor_action/motor_action/action/detail/move__type_support.h
-- Installing: /home/prog1/ros2_training/install/motor_action/include/motor_action/motor_action/action/detail/move__struct.h
-- Up-to-date: /home/prog1/ros2_training/install/motor_action/include/motor_action/motor_action/action/detail/rotate__description.c
-- Up-to-date: /home/prog1/ros2_training/install/motor_action/include/motor_action/motor_action/action/detail/rotate__functions.h
-- Up-to-date: /home/prog1/ros2_training/install/motor_action/include/motor_action/motor_action/action/detail/rotate__functions.c
-- Up-to-date: /home/prog1/ros2_training/install/motor_action/include/motor_action/motor_action/action/detail/rotate__type_support.c
-- Installing: /home/prog1/ros2_training/install/motor_action/include/motor_action/motor_action/action/detail/move__functions.h
-- Installing: /home/prog1/ros2_training/install/motor_action/include/motor_action/motor_action/action/detail/move__description.c
-- Up-to-date: /home/prog1/ros2_training/install/motor_action/share/motor_action/environment/library_path.sh
-- Up-to-date: /home/prog1/ros2_training/install/motor_action/share/motor_action/environment/library_path.dsv
-- Installing: /home/prog1/ros2_training/install/motor_action/lib/libmotor_action__rosidl_generator_c.so
-- Set non-toolchain portion of runtime path of "/home/prog1/ros2_training/install/motor_action/lib/libmotor_action__rosidl_generator_c.so" to ""
-- Up-to-date: /home/prog1/ros2_training/install/motor_action/include/motor_action/motor_action
-- Up-to-date: /home/prog1/ros2_training/install/motor_action/include/motor_action/motor_action/msg
-- Up-to-date: /home/prog1/ros2_training/install/motor_action/include/motor_action/motor_action/msg/rosidl_typesupport_fastrtps_c__visibility_control.h
-- Up-to-date: /home/prog1/ros2_training/install/motor_action/include/motor_action/motor_action/action
-- Up-to-date: /home/prog1/ros2_training/install/motor_action/include/motor_action/motor_action/action/detail
-- Up-to-date: /home/prog1/ros2_training/install/motor_action/include/motor_action/motor_action/action/detail/rotate__rosidl_typesupport_fastrtps_c.h
-- Installing: /home/prog1/ros2_training/install/motor_action/include/motor_action/motor_action/action/detail/move__rosidl_typesupport_fastrtps_c.h
-- Installing: /home/prog1/ros2_training/install/motor_action/lib/libmotor_action__rosidl_typesupport_fastrtps_c.so
-- Set non-toolchain portion of runtime path of "/home/prog1/ros2_training/install/motor_action/lib/libmotor_action__rosidl_typesupport_fastrtps_c.so" to ""
-- Up-to-date: /home/prog1/ros2_training/install/motor_action/include/motor_action/motor_action
-- Up-to-date: /home/prog1/ros2_training/install/motor_action/include/motor_action/motor_action/msg
-- Up-to-date: /home/prog1/ros2_training/install/motor_action/include/motor_action/motor_action/msg/rosidl_typesupport_introspection_c__visibility_control.h
-- Up-to-date: /home/prog1/ros2_training/install/motor_action/include/motor_action/motor_action/action
-- Up-to-date: /home/prog1/ros2_training/install/motor_action/include/motor_action/motor_action/action/detail
-- Installing: /home/prog1/ros2_training/install/motor_action/include/motor_action/motor_action/action/detail/move__rosidl_typesupport_introspection_c.h
-- Installing: /home/prog1/ros2_training/install/motor_action/include/motor_action/motor_action/action/detail/move__type_support.c
-- Up-to-date: /home/prog1/ros2_training/install/motor_action/include/motor_action/motor_action/action/detail/rotate__rosidl_typesupport_introspection_c.h
-- Up-to-date: /home/prog1/ros2_training/install/motor_action/include/motor_action/motor_action/action/detail/rotate__type_support.c
-- Installing: /home/prog1/ros2_training/install/motor_action/lib/libmotor_action__rosidl_typesupport_introspection_c.so
-- Set non-toolchain portion of runtime path of "/home/prog1/ros2_training/install/motor_action/lib/libmotor_action__rosidl_typesupport_introspection_c.so" to ""
-- Installing: /home/prog1/ros2_training/install/motor_action/lib/libmotor_action__rosidl_typesupport_c.so
-- Set non-toolchain portion of runtime path of "/home/prog1/ros2_training/install/motor_action/lib/libmotor_action__rosidl_typesupport_c.so" to ""
-- Up-to-date: /home/prog1/ros2_training/install/motor_action/include/motor_action/motor_action
-- Up-to-date: /home/prog1/ros2_training/install/motor_action/include/motor_action/motor_action/msg
-- Installing: /home/prog1/ros2_training/install/motor_action/include/motor_action/motor_action/msg/rosidl_generator_cpp__visibility_control.hpp
-- Up-to-date: /home/prog1/ros2_training/install/motor_action/include/motor_action/motor_action/action
-- Up-to-date: /home/prog1/ros2_training/install/motor_action/include/motor_action/motor_action/action/rotate.hpp
-- Installing: /home/prog1/ros2_training/install/motor_action/include/motor_action/motor_action/action/move.hpp
-- Up-to-date: /home/prog1/ros2_training/install/motor_action/include/motor_action/motor_action/action/detail
-- Installing: /home/prog1/ros2_training/install/motor_action/include/motor_action/motor_action/action/detail/move__traits.hpp
-- Installing: /home/prog1/ros2_training/install/motor_action/include/motor_action/motor_action/action/detail/move__builder.hpp
-- Installing: /home/prog1/ros2_training/install/motor_action/include/motor_action/motor_action/action/detail/move__type_support.hpp
-- Up-to-date: /home/prog1/ros2_training/install/motor_action/include/motor_action/motor_action/action/detail/rotate__builder.hpp
-- Up-to-date: /home/prog1/ros2_training/install/motor_action/include/motor_action/motor_action/action/detail/rotate__struct.hpp
-- Installing: /home/prog1/ros2_training/install/motor_action/include/motor_action/motor_action/action/detail/move__struct.hpp
-- Up-to-date: /home/prog1/ros2_training/install/motor_action/include/motor_action/motor_action/action/detail/rotate__type_support.hpp
-- Up-to-date: /home/prog1/ros2_training/install/motor_action/include/motor_action/motor_action/action/detail/rotate__traits.hpp
-- Up-to-date: /home/prog1/ros2_training/install/motor_action/include/motor_action/motor_action
-- Up-to-date: /home/prog1/ros2_training/install/motor_action/include/motor_action/motor_action/msg
-- Up-to-date: /home/prog1/ros2_training/install/motor_action/include/motor_action/motor_action/msg/rosidl_typesupport_fastrtps_cpp__visibility_control.h
-- Up-to-date: /home/prog1/ros2_training/install/motor_action/include/motor_action/motor_action/action
-- Up-to-date: /home/prog1/ros2_training/install/motor_action/include/motor_action/motor_action/action/detail
-- Up-to-date: /home/prog1/ros2_training/install/motor_action/include/motor_action/motor_action/action/detail/rotate__rosidl_typesupport_fastrtps_cpp.hpp
-- Installing: /home/prog1/ros2_training/install/motor_action/include/motor_action/motor_action/action/detail/move__rosidl_typesupport_fastrtps_cpp.hpp
-- Up-to-date: /home/prog1/ros2_training/install/motor_action/include/motor_action/motor_action/action/detail/dds_fastrtps
-- Installing: /home/prog1/ros2_training/install/motor_action/lib/libmotor_action__rosidl_typesupport_fastrtps_cpp.so
-- Set non-toolchain portion of runtime path of "/home/prog1/ros2_training/install/motor_action/lib/libmotor_action__rosidl_typesupport_fastrtps_cpp.so" to ""
-- Up-to-date: /home/prog1/ros2_training/install/motor_action/include/motor_action/motor_action
-- Up-to-date: /home/prog1/ros2_training/install/motor_action/include/motor_action/motor_action/action
-- Up-to-date: /home/prog1/ros2_training/install/motor_action/include/motor_action/motor_action/action/detail
-- Installing: /home/prog1/ros2_training/install/motor_action/include/motor_action/motor_action/action/detail/move__rosidl_typesupport_introspection_cpp.hpp
-- Up-to-date: /home/prog1/ros2_training/install/motor_action/include/motor_action/motor_action/action/detail/rotate__type_support.cpp
-- Installing: /home/prog1/ros2_training/install/motor_action/include/motor_action/motor_action/action/detail/move__type_support.cpp
-- Up-to-date: /home/prog1/ros2_training/install/motor_action/include/motor_action/motor_action/action/detail/rotate__rosidl_typesupport_introspection_cpp.hpp
-- Installing: /home/prog1/ros2_training/install/motor_action/lib/libmotor_action__rosidl_typesupport_introspection_cpp.so
-- Set non-toolchain portion of runtime path of "/home/prog1/ros2_training/install/motor_action/lib/libmotor_action__rosidl_typesupport_introspection_cpp.so" to ""
-- Installing: /home/prog1/ros2_training/install/motor_action/lib/libmotor_action__rosidl_typesupport_cpp.so
-- Set non-toolchain portion of runtime path of "/home/prog1/ros2_training/install/motor_action/lib/libmotor_action__rosidl_typesupport_cpp.so" to ""
-- Up-to-date: /home/prog1/ros2_training/install/motor_action/share/motor_action/environment/pythonpath.sh
-- Up-to-date: /home/prog1/ros2_training/install/motor_action/share/motor_action/environment/pythonpath.dsv
-- Up-to-date: /home/prog1/ros2_training/install/motor_action/lib/python3.12/site-packages/motor_action-0.0.0-py3.12.egg-info
-- Installing: /home/prog1/ros2_training/install/motor_action/lib/python3.12/site-packages/motor_action-0.0.0-py3.12.egg-info/dependency_links.txt
-- Installing: /home/prog1/ros2_training/install/motor_action/lib/python3.12/site-packages/motor_action-0.0.0-py3.12.egg-info/PKG-INFO
-- Installing: /home/prog1/ros2_training/install/motor_action/lib/python3.12/site-packages/motor_action-0.0.0-py3.12.egg-info/SOURCES.txt
-- Installing: /home/prog1/ros2_training/install/motor_action/lib/python3.12/site-packages/motor_action-0.0.0-py3.12.egg-info/top_level.txt
-- Up-to-date: /home/prog1/ros2_training/install/motor_action/lib/python3.12/site-packages/motor_action
-- Installing: /home/prog1/ros2_training/install/motor_action/lib/python3.12/site-packages/motor_action/_motor_action_s.ep.rosidl_typesupport_introspection_c.c
-- Installing: /home/prog1/ros2_training/install/motor_action/lib/python3.12/site-packages/motor_action/motor_action_s__rosidl_typesupport_c.so
-- Installing: /home/prog1/ros2_training/install/motor_action/lib/python3.12/site-packages/motor_action/_motor_action_s.ep.rosidl_typesupport_fastrtps_c.c
-- Installing: /home/prog1/ros2_training/install/motor_action/lib/python3.12/site-packages/motor_action/__init__.py
-- Installing: /home/prog1/ros2_training/install/motor_action/lib/python3.12/site-packages/motor_action/_motor_action_s.ep.rosidl_typesupport_c.c
-- Installing: /home/prog1/ros2_training/install/motor_action/lib/python3.12/site-packages/motor_action/motor_action_s__rosidl_typesupport_introspection_c.so
-- Installing: /home/prog1/ros2_training/install/motor_action/lib/python3.12/site-packages/motor_action/motor_action_s__rosidl_typesupport_fastrtps_c.so
-- Up-to-date: /home/prog1/ros2_training/install/motor_action/lib/python3.12/site-packages/motor_action/action
-- Installing: /home/prog1/ros2_training/install/motor_action/lib/python3.12/site-packages/motor_action/action/_move_s.c
-- Up-to-date: /home/prog1/ros2_training/install/motor_action/lib/python3.12/site-packages/motor_action/action/_rotate_s.c
-- Installing: /home/prog1/ros2_training/install/motor_action/lib/python3.12/site-packages/motor_action/action/__init__.py
-- Installing: /home/prog1/ros2_training/install/motor_action/lib/python3.12/site-packages/motor_action/action/_move.py
-- Up-to-date: /home/prog1/ros2_training/install/motor_action/lib/python3.12/site-packages/motor_action/action/_rotate.py
Listing '/home/prog1/ros2_training/install/motor_action/lib/python3.12/site-packages/motor_action'...
Compiling '/home/prog1/ros2_training/install/motor_action/lib/python3.12/site-packages/motor_action/__init__.py'...
Listing '/home/prog1/ros2_training/install/motor_action/lib/python3.12/site-packages/motor_action/action'...
Compiling '/home/prog1/ros2_training/install/motor_action/lib/python3.12/site-packages/motor_action/action/__init__.py'...
Compiling '/home/prog1/ros2_training/install/motor_action/lib/python3.12/site-packages/motor_action/action/_move.py'...
-- Installing: /home/prog1/ros2_training/install/motor_action/lib/python3.12/site-packages/motor_action/motor_action_s__rosidl_typesupport_fastrtps_c.so
-- Set non-toolchain portion of runtime path of "/home/prog1/ros2_training/install/motor_action/lib/python3.12/site-packages/motor_action/motor_action_s__rosidl_typesupport_fastrtps_c.so" to ""
-- Installing: /home/prog1/ros2_training/install/motor_action/lib/python3.12/site-packages/motor_action/motor_action_s__rosidl_typesupport_introspection_c.so
-- Set non-toolchain portion of runtime path of "/home/prog1/ros2_training/install/motor_action/lib/python3.12/site-packages/motor_action/motor_action_s__rosidl_typesupport_introspection_c.so" to ""
-- Installing: /home/prog1/ros2_training/install/motor_action/lib/python3.12/site-packages/motor_action/motor_action_s__rosidl_typesupport_c.so
-- Set non-toolchain portion of runtime path of "/home/prog1/ros2_training/install/motor_action/lib/python3.12/site-packages/motor_action/motor_action_s__rosidl_typesupport_c.so" to ""
-- Installing: /home/prog1/ros2_training/install/motor_action/lib/libmotor_action__rosidl_generator_py.so
-- Set non-toolchain portion of runtime path of "/home/prog1/ros2_training/install/motor_action/lib/libmotor_action__rosidl_generator_py.so" to ""
-- Up-to-date: /home/prog1/ros2_training/install/motor_action/share/ament_index/resource_index/rust_packages/motor_action
-- Up-to-date: /home/prog1/ros2_training/install/motor_action/share/motor_action/rust
-- Up-to-date: /home/prog1/ros2_training/install/motor_action/share/motor_action/rust/src
-- Installing: /home/prog1/ros2_training/install/motor_action/share/motor_action/rust/src/lib.rs
-- Installing: /home/prog1/ros2_training/install/motor_action/share/motor_action/rust/src/action.rs
-- Up-to-date: /home/prog1/ros2_training/install/motor_action/share/motor_action/rust/src/action
-- Installing: /home/prog1/ros2_training/install/motor_action/share/motor_action/rust/src/action/rmw.rs
-- Installing: /home/prog1/ros2_training/install/motor_action/share/motor_action/rust/Cargo.toml
-- Installing: /home/prog1/ros2_training/install/motor_action/share/motor_action/rust/build.rs
-- Installing: /home/prog1/ros2_training/install/motor_action/share/motor_action/action/Move.idl
-- Installing: /home/prog1/ros2_training/install/motor_action/share/motor_action/action/Move.action
-- Up-to-date: /home/prog1/ros2_training/install/motor_action/share/ament_index/resource_index/package_run_dependencies/motor_action
-- Installing: /home/prog1/ros2_training/install/motor_action/share/ament_index/resource_index/parent_prefix_path/motor_action
-- Up-to-date: /home/prog1/ros2_training/install/motor_action/share/motor_action/environment/ament_prefix_path.sh
-- Up-to-date: /home/prog1/ros2_training/install/motor_action/share/motor_action/environment/ament_prefix_path.dsv
-- Up-to-date: /home/prog1/ros2_training/install/motor_action/share/motor_action/environment/path.sh
-- Up-to-date: /home/prog1/ros2_training/install/motor_action/share/motor_action/environment/path.dsv
-- Up-to-date: /home/prog1/ros2_training/install/motor_action/share/motor_action/local_setup.bash
-- Up-to-date: /home/prog1/ros2_training/install/motor_action/share/motor_action/local_setup.sh
-- Up-to-date: /home/prog1/ros2_training/install/motor_action/share/motor_action/local_setup.zsh
-- Up-to-date: /home/prog1/ros2_training/install/motor_action/share/motor_action/local_setup.dsv
-- Installing: /home/prog1/ros2_training/install/motor_action/share/motor_action/package.dsv
-- Up-to-date: /home/prog1/ros2_training/install/motor_action/share/ament_index/resource_index/packages/motor_action
-- Up-to-date: /home/prog1/ros2_training/install/motor_action/share/motor_action/cmake/export_motor_action__rosidl_generator_cExport.cmake
-- Up-to-date: /home/prog1/ros2_training/install/motor_action/share/motor_action/cmake/export_motor_action__rosidl_generator_cExport-noconfig.cmake
-- Up-to-date: /home/prog1/ros2_training/install/motor_action/share/motor_action/cmake/export_motor_action__rosidl_typesupport_fastrtps_cExport.cmake
-- Up-to-date: /home/prog1/ros2_training/install/motor_action/share/motor_action/cmake/export_motor_action__rosidl_typesupport_fastrtps_cExport-noconfig.cmake
-- Up-to-date: /home/prog1/ros2_training/install/motor_action/share/motor_action/cmake/motor_action__rosidl_typesupport_introspection_cExport.cmake
-- Up-to-date: /home/prog1/ros2_training/install/motor_action/share/motor_action/cmake/motor_action__rosidl_typesupport_introspection_cExport-noconfig.cmake
-- Up-to-date: /home/prog1/ros2_training/install/motor_action/share/motor_action/cmake/motor_action__rosidl_typesupport_cExport.cmake
-- Up-to-date: /home/prog1/ros2_training/install/motor_action/share/motor_action/cmake/motor_action__rosidl_typesupport_cExport-noconfig.cmake
-- Up-to-date: /home/prog1/ros2_training/install/motor_action/share/motor_action/cmake/export_motor_action__rosidl_generator_cppExport.cmake
-- Up-to-date: /home/prog1/ros2_training/install/motor_action/share/motor_action/cmake/export_motor_action__rosidl_typesupport_fastrtps_cppExport.cmake
-- Up-to-date: /home/prog1/ros2_training/install/motor_action/share/motor_action/cmake/export_motor_action__rosidl_typesupport_fastrtps_cppExport-noconfig.cmake
-- Up-to-date: /home/prog1/ros2_training/install/motor_action/share/motor_action/cmake/motor_action__rosidl_typesupport_introspection_cppExport.cmake
-- Up-to-date: /home/prog1/ros2_training/install/motor_action/share/motor_action/cmake/motor_action__rosidl_typesupport_introspection_cppExport-noconfig.cmake
-- Up-to-date: /home/prog1/ros2_training/install/motor_action/share/motor_action/cmake/motor_action__rosidl_typesupport_cppExport.cmake
-- Up-to-date: /home/prog1/ros2_training/install/motor_action/share/motor_action/cmake/motor_action__rosidl_typesupport_cppExport-noconfig.cmake
-- Up-to-date: /home/prog1/ros2_training/install/motor_action/share/motor_action/cmake/export_motor_action__rosidl_generator_pyExport.cmake
-- Up-to-date: /home/prog1/ros2_training/install/motor_action/share/motor_action/cmake/export_motor_action__rosidl_generator_pyExport-noconfig.cmake
-- Installing: /home/prog1/ros2_training/install/motor_action/share/motor_action/cmake/rosidl_cmake-extras.cmake
-- Up-to-date: /home/prog1/ros2_training/install/motor_action/share/motor_action/cmake/ament_cmake_export_dependencies-extras.cmake
-- Up-to-date: /home/prog1/ros2_training/install/motor_action/share/motor_action/cmake/ament_cmake_export_include_directories-extras.cmake
-- Up-to-date: /home/prog1/ros2_training/install/motor_action/share/motor_action/cmake/ament_cmake_export_libraries-extras.cmake
-- Up-to-date: /home/prog1/ros2_training/install/motor_action/share/motor_action/cmake/ament_cmake_export_targets-extras.cmake
-- Up-to-date: /home/prog1/ros2_training/install/motor_action/share/motor_action/cmake/rosidl_cmake_export_typesupport_targets-extras.cmake
-- Up-to-date: /home/prog1/ros2_training/install/motor_action/share/motor_action/cmake/rosidl_cmake_export_typesupport_libraries-extras.cmake
-- Up-to-date: /home/prog1/ros2_training/install/motor_action/share/motor_action/cmake/motor_actionConfig.cmake
-- Up-to-date: /home/prog1/ros2_training/install/motor_action/share/motor_action/cmake/motor_actionConfig-version.cmake
-- Installing: /home/prog1/ros2_training/install/motor_action/share/motor_action/package.xml
