[0.019s] Invoking command in '/home/prog1/ros2_training/build/motor_action': CMAKE_PREFIX_PATH=${CMAKE_PREFIX_PATH}:/home/prog1/ros2_training/install/py_talker:/home/prog1/ros2_training/install/controller:/opt/ros/jazzy DEBUGINFOD_URLS=https://debuginfod.ubuntu.com /usr/bin/cmake --build /home/prog1/ros2_training/build/motor_action -- -j2 -l2
[0.057s] -- Found ament_cmake: 2.5.6 (/opt/ros/jazzy/share/ament_cmake/cmake)
[0.188s] -- Found rosidl_default_generators: 1.6.0 (/opt/ros/jazzy/share/rosidl_default_generators/cmake)
[0.190s] -- Using all available rosidl_typesupport_c: rosidl_typesupport_fastrtps_c;rosidl_typesupport_introspection_c
[0.234s] -- Using all available rosidl_typesupport_cpp: rosidl_typesupport_fastrtps_cpp;rosidl_typesupport_introspection_cpp
[0.274s] -- Found rosidl_adapter: 4.6.7 (/opt/ros/jazzy/share/rosidl_adapter/cmake)
[0.687s] -- Found ament_cmake_ros: 0.12.0 (/opt/ros/jazzy/share/ament_cmake_ros/cmake)
[0.833s] -- Using all available rosidl_typesupport_c: rosidl_typesupport_fastrtps_c;rosidl_typesupport_introspection_c
[0.998s] -- Using all available rosidl_typesupport_cpp: rosidl_typesupport_fastrtps_cpp;rosidl_typesupport_introspection_cpp
[1.001s] -- Found python_cmake_module: 0.11.1 (/opt/ros/jazzy/share/python_cmake_module/cmake)
[1.411s] -- Found Python3: /usr/bin/python3 (found version "3.12.3") found components: Interpreter Development NumPy Development.Module Development.Embed 
[1.470s] -- Found Python3: /usr/bin/python3 (found version "3.12.3") found components: Interpreter 
[1.491s] -- Configuring done (1.4s)
[1.602s] -- Generating done (0.1s)
[1.627s] -- Build files have been written to: /home/prog1/ros2_training/build/motor_action
[1.697s] [  2%] [34m[1mGenerating type hashes for ROS interfaces[0m
[1.713s] [  5%] [34m[1mGenerating Rust code for ROS interfaces[0m
[2.084s] [  5%] Built target motor_action__rosidl_generator_type_description
[2.143s] [  5%] Built target ament_cmake_python_copy_motor_action
[2.180s] [  8%] [34m[1mGenerating C++ code for ROS interfaces[0m
[2.187s] [  8%] Built target motor_action__rs
[2.202s] [ 11%] [34m[1mGenerating C code for ROS interfaces[0m
[2.772s] [ 11%] Built target motor_action__cpp
[2.860s] [ 14%] [32mBuilding C object CMakeFiles/motor_action__rosidl_generator_c.dir/rosidl_generator_c/motor_action/action/detail/move__description.c.o[0m
[2.982s] [ 17%] [32mBuilding C object CMakeFiles/motor_action__rosidl_generator_c.dir/rosidl_generator_c/motor_action/action/detail/move__functions.c.o[0m
[3.057s] running egg_info
[3.082s] writing motor_action.egg-info/PKG-INFO
[3.083s] writing dependency_links to motor_action.egg-info/dependency_links.txt
[3.084s] writing top-level names to motor_action.egg-info/top_level.txt
[3.156s] reading manifest file 'motor_action.egg-info/SOURCES.txt'
[3.157s] writing manifest file 'motor_action.egg-info/SOURCES.txt'
[3.173s] [ 20%] [32mBuilding C object CMakeFiles/motor_action__rosidl_generator_c.dir/rosidl_generator_c/motor_action/action/detail/move__type_support.c.o[0m
[3.200s] [ 20%] Built target ament_cmake_python_build_motor_action_egg
[3.222s] [ 22%] [32m[1mLinking C shared library libmotor_action__rosidl_generator_c.so[0m
[3.292s] [ 22%] Built target motor_action__rosidl_generator_c
[3.306s] [ 25%] [34m[1mGenerating C type support for eProsima Fast-RTPS[0m
[3.306s] [ 28%] [34m[1mGenerating C++ type support dispatch for ROS interfaces[0m
[3.709s] [ 31%] [32mBuilding CXX object CMakeFiles/motor_action__rosidl_typesupport_cpp.dir/rosidl_typesupport_cpp/motor_action/action/move__type_support.cpp.o[0m
[3.984s] [ 34%] [32mBuilding CXX object CMakeFiles/motor_action__rosidl_typesupport_fastrtps_c.dir/rosidl_typesupport_fastrtps_c/motor_action/action/detail/move__type_support_c.cpp.o[0m
[4.643s] [ 37%] [32m[1mLinking CXX shared library libmotor_action__rosidl_typesupport_cpp.so[0m
[4.717s] [ 40%] [32m[1mLinking CXX shared library libmotor_action__rosidl_typesupport_fastrtps_c.so[0m
[4.755s] [ 40%] Built target motor_action__rosidl_typesupport_cpp
[4.773s] [ 42%] [34m[1mGenerating C introspection for ROS interfaces[0m
[4.783s] [ 42%] Built target motor_action__rosidl_typesupport_fastrtps_c
[4.797s] [ 45%] [34m[1mGenerating C type support dispatch for ROS interfaces[0m
[5.157s] [ 48%] [32mBuilding CXX object CMakeFiles/motor_action__rosidl_typesupport_c.dir/rosidl_typesupport_c/motor_action/action/move__type_support.cpp.o[0m
[5.230s] [ 51%] [32m[1mLinking CXX shared library libmotor_action__rosidl_typesupport_c.so[0m
[5.244s] [ 54%] [32mBuilding C object CMakeFiles/motor_action__rosidl_typesupport_introspection_c.dir/rosidl_typesupport_introspection_c/motor_action/action/detail/move__type_support.c.o[0m
[5.284s] [ 54%] Built target motor_action__rosidl_typesupport_c
[5.298s] [ 57%] [34m[1mGenerating C++ type support for eProsima Fast-RTPS[0m
[5.334s] [ 60%] [32m[1mLinking C shared library libmotor_action__rosidl_typesupport_introspection_c.so[0m
[5.380s] [ 60%] Built target motor_action__rosidl_typesupport_introspection_c
[5.393s] [ 62%] [34m[1mGenerating C++ introspection for ROS interfaces[0m
[5.828s] [ 65%] [32mBuilding CXX object CMakeFiles/motor_action__rosidl_typesupport_introspection_cpp.dir/rosidl_typesupport_introspection_cpp/motor_action/action/detail/move__type_support.cpp.o[0m
[5.891s] [ 68%] [32mBuilding CXX object CMakeFiles/motor_action__rosidl_typesupport_fastrtps_cpp.dir/rosidl_typesupport_fastrtps_cpp/motor_action/action/detail/dds_fastrtps/move__type_support.cpp.o[0m
[6.791s] [ 71%] [32m[1mLinking CXX shared library libmotor_action__rosidl_typesupport_introspection_cpp.so[0m
[6.903s] [ 71%] Built target motor_action__rosidl_typesupport_introspection_cpp
[7.099s] [ 74%] [32m[1mLinking CXX shared library libmotor_action__rosidl_typesupport_fastrtps_cpp.so[0m
[7.208s] [ 74%] Built target motor_action__rosidl_typesupport_fastrtps_cpp
[7.236s] [ 74%] Built target motor_action
[7.266s] [ 77%] [34m[1mGenerating Python code for ROS interfaces[0m
[8.147s] [ 77%] Built target motor_action__py
[8.176s] [ 80%] [32mBuilding C object CMakeFiles/motor_action__rosidl_generator_py.dir/rosidl_generator_py/motor_action/action/_move_s.c.o[0m
[8.499s] [ 82%] [32m[1mLinking C shared library libmotor_action__rosidl_generator_py.so[0m
[8.556s] [ 82%] Built target motor_action__rosidl_generator_py
[8.590s] [ 85%] [32mBuilding C object CMakeFiles/motor_action_s__rosidl_typesupport_introspection_c.dir/rosidl_generator_py/motor_action/_motor_action_s.ep.rosidl_typesupport_introspection_c.c.o[0m
[8.591s] [ 88%] [32mBuilding C object CMakeFiles/motor_action_s__rosidl_typesupport_fastrtps_c.dir/rosidl_generator_py/motor_action/_motor_action_s.ep.rosidl_typesupport_fastrtps_c.c.o[0m
[8.739s] [ 91%] [32m[1mLinking C shared module rosidl_generator_py/motor_action/motor_action_s__rosidl_typesupport_introspection_c.so[0m
[8.754s] [ 94%] [32m[1mLinking C shared module rosidl_generator_py/motor_action/motor_action_s__rosidl_typesupport_fastrtps_c.so[0m
[8.783s] [ 94%] Built target motor_action_s__rosidl_typesupport_introspection_c
[8.804s] [ 94%] Built target motor_action_s__rosidl_typesupport_fastrtps_c
[8.819s] [ 97%] [32mBuilding C object CMakeFiles/motor_action_s__rosidl_typesupport_c.dir/rosidl_generator_py/motor_action/_motor_action_s.ep.rosidl_typesupport_c.c.o[0m
[8.970s] [100%] [32m[1mLinking C shared module rosidl_generator_py/motor_action/motor_action_s__rosidl_typesupport_c.so[0m
[9.015s] [100%] Built target motor_action_s__rosidl_typesupport_c
[9.028s] Invoked command in '/home/prog1/ros2_training/build/motor_action' returned '0': CMAKE_PREFIX_PATH=${CMAKE_PREFIX_PATH}:/home/prog1/ros2_training/install/py_talker:/home/prog1/ros2_training/install/controller:/opt/ros/jazzy DEBUGINFOD_URLS=https://debuginfod.ubuntu.com /usr/bin/cmake --build /home/prog1/ros2_training/build/motor_action -- -j2 -l2
[9.041s] Invoking command in '/home/prog1/ros2_training/build/motor_action': CMAKE_PREFIX_PATH=${CMAKE_PREFIX_PATH}:/home/prog1/ros2_training/install/py_talker:/home/prog1/ros2_training/install/controller:/opt/ros/jazzy DEBUGINFOD_URLS=https://debuginfod.ubuntu.com /usr/bin/cmake --install /home/prog1/ros2_training/build/motor_action
[9.057s] -- Install configuration: ""
[9.057s] -- Installing: /home/prog1/ros2_training/install/motor_action/share/ament_index/resource_index/rosidl_interfaces/motor_action
[9.058s] -- Installing: /home/prog1/ros2_training/install/motor_action/share/motor_action/action/Move.json
[9.058s] -- Up-to-date: /home/prog1/ros2_training/install/motor_action/include/motor_action/motor_action
[9.059s] -- Up-to-date: /home/prog1/ros2_training/install/motor_action/include/motor_action/motor_action/msg
[9.059s] -- Up-to-date: /home/prog1/ros2_training/install/motor_action/include/motor_action/motor_action/msg/rosidl_generator_c__visibility_control.h
[9.059s] -- Up-to-date: /home/prog1/ros2_training/install/motor_action/include/motor_action/motor_action/action
[9.060s] -- Up-to-date: /home/prog1/ros2_training/install/motor_action/include/motor_action/motor_action/action/rotate.h
[9.060s] -- Installing: /home/prog1/ros2_training/install/motor_action/include/motor_action/motor_action/action/move.h
[9.061s] -- Up-to-date: /home/prog1/ros2_training/install/motor_action/include/motor_action/motor_action/action/detail
[9.061s] -- Installing: /home/prog1/ros2_training/install/motor_action/include/motor_action/motor_action/action/detail/move__functions.c
[9.062s] -- Installing: /home/prog1/ros2_training/install/motor_action/include/motor_action/motor_action/action/detail/move__type_support.c
[9.062s] -- Up-to-date: /home/prog1/ros2_training/install/motor_action/include/motor_action/motor_action/action/detail/rotate__type_support.h
[9.062s] -- Up-to-date: /home/prog1/ros2_training/install/motor_action/include/motor_action/motor_action/action/detail/rotate__struct.h
[9.063s] -- Installing: /home/prog1/ros2_training/install/motor_action/include/motor_action/motor_action/action/detail/move__type_support.h
[9.064s] -- Installing: /home/prog1/ros2_training/install/motor_action/include/motor_action/motor_action/action/detail/move__struct.h
[9.065s] -- Up-to-date: /home/prog1/ros2_training/install/motor_action/include/motor_action/motor_action/action/detail/rotate__description.c
[9.065s] -- Up-to-date: /home/prog1/ros2_training/install/motor_action/include/motor_action/motor_action/action/detail/rotate__functions.h
[9.065s] -- Up-to-date: /home/prog1/ros2_training/install/motor_action/include/motor_action/motor_action/action/detail/rotate__functions.c
[9.065s] -- Up-to-date: /home/prog1/ros2_training/install/motor_action/include/motor_action/motor_action/action/detail/rotate__type_support.c
[9.066s] -- Installing: /home/prog1/ros2_training/install/motor_action/include/motor_action/motor_action/action/detail/move__functions.h
[9.066s] -- Installing: /home/prog1/ros2_training/install/motor_action/include/motor_action/motor_action/action/detail/move__description.c
[9.066s] -- Up-to-date: /home/prog1/ros2_training/install/motor_action/share/motor_action/environment/library_path.sh
[9.067s] -- Up-to-date: /home/prog1/ros2_training/install/motor_action/share/motor_action/environment/library_path.dsv
[9.069s] -- Installing: /home/prog1/ros2_training/install/motor_action/lib/libmotor_action__rosidl_generator_c.so
[9.070s] -- Set non-toolchain portion of runtime path of "/home/prog1/ros2_training/install/motor_action/lib/libmotor_action__rosidl_generator_c.so" to ""
[9.070s] -- Up-to-date: /home/prog1/ros2_training/install/motor_action/include/motor_action/motor_action
[9.071s] -- Up-to-date: /home/prog1/ros2_training/install/motor_action/include/motor_action/motor_action/msg
[9.071s] -- Up-to-date: /home/prog1/ros2_training/install/motor_action/include/motor_action/motor_action/msg/rosidl_typesupport_fastrtps_c__visibility_control.h
[9.071s] -- Up-to-date: /home/prog1/ros2_training/install/motor_action/include/motor_action/motor_action/action
[9.071s] -- Up-to-date: /home/prog1/ros2_training/install/motor_action/include/motor_action/motor_action/action/detail
[9.077s] -- Up-to-date: /home/prog1/ros2_training/install/motor_action/include/motor_action/motor_action/action/detail/rotate__rosidl_typesupport_fastrtps_c.h
[9.078s] -- Installing: /home/prog1/ros2_training/install/motor_action/include/motor_action/motor_action/action/detail/move__rosidl_typesupport_fastrtps_c.h
[9.080s] -- Installing: /home/prog1/ros2_training/install/motor_action/lib/libmotor_action__rosidl_typesupport_fastrtps_c.so
[9.080s] -- Set non-toolchain portion of runtime path of "/home/prog1/ros2_training/install/motor_action/lib/libmotor_action__rosidl_typesupport_fastrtps_c.so" to ""
[9.081s] -- Up-to-date: /home/prog1/ros2_training/install/motor_action/include/motor_action/motor_action
[9.081s] -- Up-to-date: /home/prog1/ros2_training/install/motor_action/include/motor_action/motor_action/msg
[9.082s] -- Up-to-date: /home/prog1/ros2_training/install/motor_action/include/motor_action/motor_action/msg/rosidl_typesupport_introspection_c__visibility_control.h
[9.082s] -- Up-to-date: /home/prog1/ros2_training/install/motor_action/include/motor_action/motor_action/action
[9.082s] -- Up-to-date: /home/prog1/ros2_training/install/motor_action/include/motor_action/motor_action/action/detail
[9.082s] -- Installing: /home/prog1/ros2_training/install/motor_action/include/motor_action/motor_action/action/detail/move__rosidl_typesupport_introspection_c.h
[9.082s] -- Installing: /home/prog1/ros2_training/install/motor_action/include/motor_action/motor_action/action/detail/move__type_support.c
[9.083s] -- Up-to-date: /home/prog1/ros2_training/install/motor_action/include/motor_action/motor_action/action/detail/rotate__rosidl_typesupport_introspection_c.h
[9.083s] -- Up-to-date: /home/prog1/ros2_training/install/motor_action/include/motor_action/motor_action/action/detail/rotate__type_support.c
[9.086s] -- Installing: /home/prog1/ros2_training/install/motor_action/lib/libmotor_action__rosidl_typesupport_introspection_c.so
[9.087s] -- Set non-toolchain portion of runtime path of "/home/prog1/ros2_training/install/motor_action/lib/libmotor_action__rosidl_typesupport_introspection_c.so" to ""
[9.090s] -- Installing: /home/prog1/ros2_training/install/motor_action/lib/libmotor_action__rosidl_typesupport_c.so
[9.090s] -- Set non-toolchain portion of runtime path of "/home/prog1/ros2_training/install/motor_action/lib/libmotor_action__rosidl_typesupport_c.so" to ""
[9.090s] -- Up-to-date: /home/prog1/ros2_training/install/motor_action/include/motor_action/motor_action
[9.091s] -- Up-to-date: /home/prog1/ros2_training/install/motor_action/include/motor_action/motor_action/msg
[9.091s] -- Installing: /home/prog1/ros2_training/install/motor_action/include/motor_action/motor_action/msg/rosidl_generator_cpp__visibility_control.hpp
[9.091s] -- Up-to-date: /home/prog1/ros2_training/install/motor_action/include/motor_action/motor_action/action
[9.092s] -- Up-to-date: /home/prog1/ros2_training/install/motor_action/include/motor_action/motor_action/action/rotate.hpp
[9.092s] -- Installing: /home/prog1/ros2_training/install/motor_action/include/motor_action/motor_action/action/move.hpp
[9.093s] -- Up-to-date: /home/prog1/ros2_training/install/motor_action/include/motor_action/motor_action/action/detail
[9.093s] -- Installing: /home/prog1/ros2_training/install/motor_action/include/motor_action/motor_action/action/detail/move__traits.hpp
[9.094s] -- Installing: /home/prog1/ros2_training/install/motor_action/include/motor_action/motor_action/action/detail/move__builder.hpp
[9.095s] -- Installing: /home/prog1/ros2_training/install/motor_action/include/motor_action/motor_action/action/detail/move__type_support.hpp
[9.095s] -- Up-to-date: /home/prog1/ros2_training/install/motor_action/include/motor_action/motor_action/action/detail/rotate__builder.hpp
[9.095s] -- Up-to-date: /home/prog1/ros2_training/install/motor_action/include/motor_action/motor_action/action/detail/rotate__struct.hpp
[9.096s] -- Installing: /home/prog1/ros2_training/install/motor_action/include/motor_action/motor_action/action/detail/move__struct.hpp
[9.096s] -- Up-to-date: /home/prog1/ros2_training/install/motor_action/include/motor_action/motor_action/action/detail/rotate__type_support.hpp
[9.097s] -- Up-to-date: /home/prog1/ros2_training/install/motor_action/include/motor_action/motor_action/action/detail/rotate__traits.hpp
[9.097s] -- Up-to-date: /home/prog1/ros2_training/install/motor_action/include/motor_action/motor_action
[9.098s] -- Up-to-date: /home/prog1/ros2_training/install/motor_action/include/motor_action/motor_action/msg
[9.098s] -- Up-to-date: /home/prog1/ros2_training/install/motor_action/include/motor_action/motor_action/msg/rosidl_typesupport_fastrtps_cpp__visibility_control.h
[9.098s] -- Up-to-date: /home/prog1/ros2_training/install/motor_action/include/motor_action/motor_action/action
[9.098s] -- Up-to-date: /home/prog1/ros2_training/install/motor_action/include/motor_action/motor_action/action/detail
[9.099s] -- Up-to-date: /home/prog1/ros2_training/install/motor_action/include/motor_action/motor_action/action/detail/rotate__rosidl_typesupport_fastrtps_cpp.hpp
[9.099s] -- Installing: /home/prog1/ros2_training/install/motor_action/include/motor_action/motor_action/action/detail/move__rosidl_typesupport_fastrtps_cpp.hpp
[9.100s] -- Up-to-date: /home/prog1/ros2_training/install/motor_action/include/motor_action/motor_action/action/detail/dds_fastrtps
[9.102s] -- Installing: /home/prog1/ros2_training/install/motor_action/lib/libmotor_action__rosidl_typesupport_fastrtps_cpp.so
[9.103s] -- Set non-toolchain portion of runtime path of "/home/prog1/ros2_training/install/motor_action/lib/libmotor_action__rosidl_typesupport_fastrtps_cpp.so" to ""
[9.103s] -- Up-to-date: /home/prog1/ros2_training/install/motor_action/include/motor_action/motor_action
[9.104s] -- Up-to-date: /home/prog1/ros2_training/install/motor_action/include/motor_action/motor_action/action
[9.104s] -- Up-to-date: /home/prog1/ros2_training/install/motor_action/include/motor_action/motor_action/action/detail
[9.104s] -- Installing: /home/prog1/ros2_training/install/motor_action/include/motor_action/motor_action/action/detail/move__rosidl_typesupport_introspection_cpp.hpp
[9.105s] -- Up-to-date: /home/prog1/ros2_training/install/motor_action/include/motor_action/motor_action/action/detail/rotate__type_support.cpp
[9.105s] -- Installing: /home/prog1/ros2_training/install/motor_action/include/motor_action/motor_action/action/detail/move__type_support.cpp
[9.105s] -- Up-to-date: /home/prog1/ros2_training/install/motor_action/include/motor_action/motor_action/action/detail/rotate__rosidl_typesupport_introspection_cpp.hpp
[9.107s] -- Installing: /home/prog1/ros2_training/install/motor_action/lib/libmotor_action__rosidl_typesupport_introspection_cpp.so
[9.108s] -- Set non-toolchain portion of runtime path of "/home/prog1/ros2_training/install/motor_action/lib/libmotor_action__rosidl_typesupport_introspection_cpp.so" to ""
[9.111s] -- Installing: /home/prog1/ros2_training/install/motor_action/lib/libmotor_action__rosidl_typesupport_cpp.so
[9.111s] -- Set non-toolchain portion of runtime path of "/home/prog1/ros2_training/install/motor_action/lib/libmotor_action__rosidl_typesupport_cpp.so" to ""
[9.111s] -- Up-to-date: /home/prog1/ros2_training/install/motor_action/share/motor_action/environment/pythonpath.sh
[9.112s] -- Up-to-date: /home/prog1/ros2_training/install/motor_action/share/motor_action/environment/pythonpath.dsv
[9.112s] -- Up-to-date: /home/prog1/ros2_training/install/motor_action/lib/python3.12/site-packages/motor_action-0.0.0-py3.12.egg-info
[9.112s] -- Installing: /home/prog1/ros2_training/install/motor_action/lib/python3.12/site-packages/motor_action-0.0.0-py3.12.egg-info/dependency_links.txt
[9.112s] -- Installing: /home/prog1/ros2_training/install/motor_action/lib/python3.12/site-packages/motor_action-0.0.0-py3.12.egg-info/PKG-INFO
[9.112s] -- Installing: /home/prog1/ros2_training/install/motor_action/lib/python3.12/site-packages/motor_action-0.0.0-py3.12.egg-info/SOURCES.txt
[9.112s] -- Installing: /home/prog1/ros2_training/install/motor_action/lib/python3.12/site-packages/motor_action-0.0.0-py3.12.egg-info/top_level.txt
[9.113s] -- Up-to-date: /home/prog1/ros2_training/install/motor_action/lib/python3.12/site-packages/motor_action
[9.113s] -- Installing: /home/prog1/ros2_training/install/motor_action/lib/python3.12/site-packages/motor_action/_motor_action_s.ep.rosidl_typesupport_introspection_c.c
[9.113s] -- Installing: /home/prog1/ros2_training/install/motor_action/lib/python3.12/site-packages/motor_action/motor_action_s__rosidl_typesupport_c.so
[9.113s] -- Installing: /home/prog1/ros2_training/install/motor_action/lib/python3.12/site-packages/motor_action/_motor_action_s.ep.rosidl_typesupport_fastrtps_c.c
[9.113s] -- Installing: /home/prog1/ros2_training/install/motor_action/lib/python3.12/site-packages/motor_action/__init__.py
[9.114s] -- Installing: /home/prog1/ros2_training/install/motor_action/lib/python3.12/site-packages/motor_action/_motor_action_s.ep.rosidl_typesupport_c.c
[9.115s] -- Installing: /home/prog1/ros2_training/install/motor_action/lib/python3.12/site-packages/motor_action/motor_action_s__rosidl_typesupport_introspection_c.so
[9.115s] -- Installing: /home/prog1/ros2_training/install/motor_action/lib/python3.12/site-packages/motor_action/motor_action_s__rosidl_typesupport_fastrtps_c.so
[9.116s] -- Up-to-date: /home/prog1/ros2_training/install/motor_action/lib/python3.12/site-packages/motor_action/action
[9.116s] -- Installing: /home/prog1/ros2_training/install/motor_action/lib/python3.12/site-packages/motor_action/action/_move_s.c
[9.116s] -- Up-to-date: /home/prog1/ros2_training/install/motor_action/lib/python3.12/site-packages/motor_action/action/_rotate_s.c
[9.116s] -- Installing: /home/prog1/ros2_training/install/motor_action/lib/python3.12/site-packages/motor_action/action/__init__.py
[9.116s] -- Installing: /home/prog1/ros2_training/install/motor_action/lib/python3.12/site-packages/motor_action/action/_move.py
[9.116s] -- Up-to-date: /home/prog1/ros2_training/install/motor_action/lib/python3.12/site-packages/motor_action/action/_rotate.py
[9.182s] Listing '/home/prog1/ros2_training/install/motor_action/lib/python3.12/site-packages/motor_action'...
[9.182s] Compiling '/home/prog1/ros2_training/install/motor_action/lib/python3.12/site-packages/motor_action/__init__.py'...
[9.182s] Listing '/home/prog1/ros2_training/install/motor_action/lib/python3.12/site-packages/motor_action/action'...
[9.182s] Compiling '/home/prog1/ros2_training/install/motor_action/lib/python3.12/site-packages/motor_action/action/__init__.py'...
[9.182s] Compiling '/home/prog1/ros2_training/install/motor_action/lib/python3.12/site-packages/motor_action/action/_move.py'...
[9.189s] -- Installing: /home/prog1/ros2_training/install/motor_action/lib/python3.12/site-packages/motor_action/motor_action_s__rosidl_typesupport_fastrtps_c.so
[9.189s] -- Set non-toolchain portion of runtime path of "/home/prog1/ros2_training/install/motor_action/lib/python3.12/site-packages/motor_action/motor_action_s__rosidl_typesupport_fastrtps_c.so" to ""
[9.190s] -- Installing: /home/prog1/ros2_training/install/motor_action/lib/python3.12/site-packages/motor_action/motor_action_s__rosidl_typesupport_introspection_c.so
[9.190s] -- Set non-toolchain portion of runtime path of "/home/prog1/ros2_training/install/motor_action/lib/python3.12/site-packages/motor_action/motor_action_s__rosidl_typesupport_introspection_c.so" to ""
[9.191s] -- Installing: /home/prog1/ros2_training/install/motor_action/lib/python3.12/site-packages/motor_action/motor_action_s__rosidl_typesupport_c.so
[9.191s] -- Set non-toolchain portion of runtime path of "/home/prog1/ros2_training/install/motor_action/lib/python3.12/site-packages/motor_action/motor_action_s__rosidl_typesupport_c.so" to ""
[9.194s] -- Installing: /home/prog1/ros2_training/install/motor_action/lib/libmotor_action__rosidl_generator_py.so
[9.195s] -- Set non-toolchain portion of runtime path of "/home/prog1/ros2_training/install/motor_action/lib/libmotor_action__rosidl_generator_py.so" to ""
[9.195s] -- Up-to-date: /home/prog1/ros2_training/install/motor_action/share/ament_index/resource_index/rust_packages/motor_action
[9.196s] -- Up-to-date: /home/prog1/ros2_training/install/motor_action/share/motor_action/rust
[9.196s] -- Up-to-date: /home/prog1/ros2_training/install/motor_action/share/motor_action/rust/src
[9.196s] -- Installing: /home/prog1/ros2_training/install/motor_action/share/motor_action/rust/src/lib.rs
[9.197s] -- Installing: /home/prog1/ros2_training/install/motor_action/share/motor_action/rust/src/action.rs
[9.197s] -- Up-to-date: /home/prog1/ros2_training/install/motor_action/share/motor_action/rust/src/action
[9.197s] -- Installing: /home/prog1/ros2_training/install/motor_action/share/motor_action/rust/src/action/rmw.rs
[9.197s] -- Installing: /home/prog1/ros2_training/install/motor_action/share/motor_action/rust/Cargo.toml
[9.198s] -- Installing: /home/prog1/ros2_training/install/motor_action/share/motor_action/rust/build.rs
[9.198s] -- Installing: /home/prog1/ros2_training/install/motor_action/share/motor_action/action/Move.idl
[9.199s] -- Installing: /home/prog1/ros2_training/install/motor_action/share/motor_action/action/Move.action
[9.200s] -- Up-to-date: /home/prog1/ros2_training/install/motor_action/share/ament_index/resource_index/package_run_dependencies/motor_action
[9.200s] -- Installing: /home/prog1/ros2_training/install/motor_action/share/ament_index/resource_index/parent_prefix_path/motor_action
[9.200s] -- Up-to-date: /home/prog1/ros2_training/install/motor_action/share/motor_action/environment/ament_prefix_path.sh
[9.200s] -- Up-to-date: /home/prog1/ros2_training/install/motor_action/share/motor_action/environment/ament_prefix_path.dsv
[9.201s] -- Up-to-date: /home/prog1/ros2_training/install/motor_action/share/motor_action/environment/path.sh
[9.201s] -- Up-to-date: /home/prog1/ros2_training/install/motor_action/share/motor_action/environment/path.dsv
[9.202s] -- Up-to-date: /home/prog1/ros2_training/install/motor_action/share/motor_action/local_setup.bash
[9.202s] -- Up-to-date: /home/prog1/ros2_training/install/motor_action/share/motor_action/local_setup.sh
[9.202s] -- Up-to-date: /home/prog1/ros2_training/install/motor_action/share/motor_action/local_setup.zsh
[9.202s] -- Up-to-date: /home/prog1/ros2_training/install/motor_action/share/motor_action/local_setup.dsv
[9.202s] -- Installing: /home/prog1/ros2_training/install/motor_action/share/motor_action/package.dsv
[9.203s] -- Up-to-date: /home/prog1/ros2_training/install/motor_action/share/ament_index/resource_index/packages/motor_action
[9.203s] -- Up-to-date: /home/prog1/ros2_training/install/motor_action/share/motor_action/cmake/export_motor_action__rosidl_generator_cExport.cmake
[9.203s] -- Up-to-date: /home/prog1/ros2_training/install/motor_action/share/motor_action/cmake/export_motor_action__rosidl_generator_cExport-noconfig.cmake
[9.204s] -- Up-to-date: /home/prog1/ros2_training/install/motor_action/share/motor_action/cmake/export_motor_action__rosidl_typesupport_fastrtps_cExport.cmake
[9.204s] -- Up-to-date: /home/prog1/ros2_training/install/motor_action/share/motor_action/cmake/export_motor_action__rosidl_typesupport_fastrtps_cExport-noconfig.cmake
[9.205s] -- Up-to-date: /home/prog1/ros2_training/install/motor_action/share/motor_action/cmake/motor_action__rosidl_typesupport_introspection_cExport.cmake
[9.205s] -- Up-to-date: /home/prog1/ros2_training/install/motor_action/share/motor_action/cmake/motor_action__rosidl_typesupport_introspection_cExport-noconfig.cmake
[9.205s] -- Up-to-date: /home/prog1/ros2_training/install/motor_action/share/motor_action/cmake/motor_action__rosidl_typesupport_cExport.cmake
[9.205s] -- Up-to-date: /home/prog1/ros2_training/install/motor_action/share/motor_action/cmake/motor_action__rosidl_typesupport_cExport-noconfig.cmake
[9.206s] -- Up-to-date: /home/prog1/ros2_training/install/motor_action/share/motor_action/cmake/export_motor_action__rosidl_generator_cppExport.cmake
[9.207s] -- Up-to-date: /home/prog1/ros2_training/install/motor_action/share/motor_action/cmake/export_motor_action__rosidl_typesupport_fastrtps_cppExport.cmake
[9.207s] -- Up-to-date: /home/prog1/ros2_training/install/motor_action/share/motor_action/cmake/export_motor_action__rosidl_typesupport_fastrtps_cppExport-noconfig.cmake
[9.207s] -- Up-to-date: /home/prog1/ros2_training/install/motor_action/share/motor_action/cmake/motor_action__rosidl_typesupport_introspection_cppExport.cmake
[9.208s] -- Up-to-date: /home/prog1/ros2_training/install/motor_action/share/motor_action/cmake/motor_action__rosidl_typesupport_introspection_cppExport-noconfig.cmake
[9.208s] -- Up-to-date: /home/prog1/ros2_training/install/motor_action/share/motor_action/cmake/motor_action__rosidl_typesupport_cppExport.cmake
[9.208s] -- Up-to-date: /home/prog1/ros2_training/install/motor_action/share/motor_action/cmake/motor_action__rosidl_typesupport_cppExport-noconfig.cmake
[9.209s] -- Up-to-date: /home/prog1/ros2_training/install/motor_action/share/motor_action/cmake/export_motor_action__rosidl_generator_pyExport.cmake
[9.209s] -- Up-to-date: /home/prog1/ros2_training/install/motor_action/share/motor_action/cmake/export_motor_action__rosidl_generator_pyExport-noconfig.cmake
[9.210s] -- Installing: /home/prog1/ros2_training/install/motor_action/share/motor_action/cmake/rosidl_cmake-extras.cmake
[9.210s] -- Up-to-date: /home/prog1/ros2_training/install/motor_action/share/motor_action/cmake/ament_cmake_export_dependencies-extras.cmake
[9.211s] -- Up-to-date: /home/prog1/ros2_training/install/motor_action/share/motor_action/cmake/ament_cmake_export_include_directories-extras.cmake
[9.211s] -- Up-to-date: /home/prog1/ros2_training/install/motor_action/share/motor_action/cmake/ament_cmake_export_libraries-extras.cmake
[9.212s] -- Up-to-date: /home/prog1/ros2_training/install/motor_action/share/motor_action/cmake/ament_cmake_export_targets-extras.cmake
[9.212s] -- Up-to-date: /home/prog1/ros2_training/install/motor_action/share/motor_action/cmake/rosidl_cmake_export_typesupport_targets-extras.cmake
[9.212s] -- Up-to-date: /home/prog1/ros2_training/install/motor_action/share/motor_action/cmake/rosidl_cmake_export_typesupport_libraries-extras.cmake
[9.212s] -- Up-to-date: /home/prog1/ros2_training/install/motor_action/share/motor_action/cmake/motor_actionConfig.cmake
[9.212s] -- Up-to-date: /home/prog1/ros2_training/install/motor_action/share/motor_action/cmake/motor_actionConfig-version.cmake
[9.212s] -- Installing: /home/prog1/ros2_training/install/motor_action/share/motor_action/package.xml
[9.215s] Invoked command in '/home/prog1/ros2_training/build/motor_action' returned '0': CMAKE_PREFIX_PATH=${CMAKE_PREFIX_PATH}:/home/prog1/ros2_training/install/py_talker:/home/prog1/ros2_training/install/controller:/opt/ros/jazzy DEBUGINFOD_URLS=https://debuginfod.ubuntu.com /usr/bin/cmake --install /home/prog1/ros2_training/build/motor_action
