running egg_info
writing ../../build/controller/controller.egg-info/PKG-INFO
writing dependency_links to ../../build/controller/controller.egg-info/dependency_links.txt
writing entry points to ../../build/controller/controller.egg-info/entry_points.txt
writing requirements to ../../build/controller/controller.egg-info/requires.txt
writing top-level names to ../../build/controller/controller.egg-info/top_level.txt
reading manifest file '../../build/controller/controller.egg-info/SOURCES.txt'
writing manifest file '../../build/controller/controller.egg-info/SOURCES.txt'
running build
running build_py
copying controller/controller.py -> /home/prog1/ros2_training/build/controller/build/lib/controller
running install
running install_lib
copying /home/prog1/ros2_training/build/controller/build/lib/controller/controller.py -> /home/prog1/ros2_training/install/controller/lib/python3.12/site-packages/controller
byte-compiling /home/prog1/ros2_training/install/controller/lib/python3.12/site-packages/controller/controller.py to controller.cpython-312.pyc
running install_data
running install_egg_info
removing '/home/prog1/ros2_training/install/controller/lib/python3.12/site-packages/controller-0.0.0-py3.12.egg-info' (and everything under it)
Copying ../../build/controller/controller.egg-info to /home/prog1/ros2_training/install/controller/lib/python3.12/site-packages/controller-0.0.0-py3.12.egg-info
running install_scripts
Installing controller script to /home/prog1/ros2_training/install/controller/lib/controller
writing list of installed files to '/home/prog1/ros2_training/build/controller/install.log'
