[0.013s] Invoking command in '/home/prog1/ros2_training/build/motor_handler': CMAKE_PREFIX_PATH=${CMAKE_PREFIX_PATH}:/home/prog1/ros2_training/install/py_talker:/home/prog1/ros2_training/install/controller:/opt/ros/jazzy DEBUGINFOD_URLS=https://debuginfod.ubuntu.com /usr/bin/cmake /home/prog1/ros2_training/src/motor_handler -DCMAKE_INSTALL_PREFIX=/home/prog1/ros2_training/install/motor_handler
[0.086s] -- The C compiler identification is GNU 13.3.0
[0.163s] -- The CXX compiler identification is GNU 13.3.0
[0.188s] -- Detecting C compiler ABI info
[0.314s] -- Detecting C compiler ABI info - done
[0.327s] -- Check for working C compiler: /usr/bin/cc - skipped
[0.327s] -- Detecting C compile features
[0.328s] -- Detecting C compile features - done
[0.343s] -- Detecting CXX compiler ABI info
[0.475s] -- Detecting CXX compiler ABI info - done
[0.491s] -- Check for working CXX compiler: /usr/bin/c++ - skipped
[0.491s] -- Detecting CXX compile features
[0.491s] -- Detecting CXX compile features - done
[0.496s] -- Found ament_cmake: 2.5.6 (/opt/ros/jazzy/share/ament_cmake/cmake)
[0.689s] -- Found Python3: /usr/bin/python3 (found version "3.12.3") found components: Interpreter 
[0.824s] -- Found rclcpp: 28.1.18 (/opt/ros/jazzy/share/rclcpp/cmake)
[0.874s] -- Found rosidl_generator_c: 4.6.7 (/opt/ros/jazzy/share/rosidl_generator_c/cmake)
[0.893s] -- Found rosidl_generator_cpp: 4.6.7 (/opt/ros/jazzy/share/rosidl_generator_cpp/cmake)
[0.920s] -- Using all available rosidl_typesupport_c: rosidl_typesupport_fastrtps_c;rosidl_typesupport_introspection_c
[0.942s] -- Using all available rosidl_typesupport_cpp: rosidl_typesupport_fastrtps_cpp;rosidl_typesupport_introspection_cpp
[1.047s] -- Found rmw_implementation_cmake: 7.3.3 (/opt/ros/jazzy/share/rmw_implementation_cmake/cmake)
[1.051s] -- Found rmw_fastrtps_cpp: 8.4.3 (/opt/ros/jazzy/share/rmw_fastrtps_cpp/cmake)
[1.169s] -- Found OpenSSL: /usr/lib/x86_64-linux-gnu/libcrypto.so (found version "3.0.13")  
[1.198s] -- Found FastRTPS: /opt/ros/jazzy/include (Required is at least version "2.13") 
[1.233s] -- Using RMW implementation 'rmw_fastrtps_cpp' as default
[1.337s] -- Found std_msgs: 5.3.7 (/opt/ros/jazzy/share/std_msgs/cmake)
[1.360s] -- Found ament_lint_auto: 0.17.5 (/opt/ros/jazzy/share/ament_lint_auto/cmake)
[1.505s] -- Added test 'lint_cmake' to check CMake code style
[1.507s] -- Added test 'xmllint' to check XML markup files
[1.510s] -- Configuring done (1.5s)
[1.516s] -- Generating done (0.0s)
[1.518s] -- Build files have been written to: /home/prog1/ros2_training/build/motor_handler
[1.537s] Invoked command in '/home/prog1/ros2_training/build/motor_handler' returned '0': CMAKE_PREFIX_PATH=${CMAKE_PREFIX_PATH}:/home/prog1/ros2_training/install/py_talker:/home/prog1/ros2_training/install/controller:/opt/ros/jazzy DEBUGINFOD_URLS=https://debuginfod.ubuntu.com /usr/bin/cmake /home/prog1/ros2_training/src/motor_handler -DCMAKE_INSTALL_PREFIX=/home/prog1/ros2_training/install/motor_handler
[1.538s] Invoking command in '/home/prog1/ros2_training/build/motor_handler': CMAKE_PREFIX_PATH=${CMAKE_PREFIX_PATH}:/home/prog1/ros2_training/install/py_talker:/home/prog1/ros2_training/install/controller:/opt/ros/jazzy DEBUGINFOD_URLS=https://debuginfod.ubuntu.com /usr/bin/cmake --build /home/prog1/ros2_training/build/motor_handler -- -j2 -l2
[1.592s] Invoked command in '/home/prog1/ros2_training/build/motor_handler' returned '0': CMAKE_PREFIX_PATH=${CMAKE_PREFIX_PATH}:/home/prog1/ros2_training/install/py_talker:/home/prog1/ros2_training/install/controller:/opt/ros/jazzy DEBUGINFOD_URLS=https://debuginfod.ubuntu.com /usr/bin/cmake --build /home/prog1/ros2_training/build/motor_handler -- -j2 -l2
[1.596s] Invoking command in '/home/prog1/ros2_training/build/motor_handler': CMAKE_PREFIX_PATH=${CMAKE_PREFIX_PATH}:/home/prog1/ros2_training/install/py_talker:/home/prog1/ros2_training/install/controller:/opt/ros/jazzy DEBUGINFOD_URLS=https://debuginfod.ubuntu.com /usr/bin/cmake --install /home/prog1/ros2_training/build/motor_handler
[1.605s] -- Install configuration: ""
[1.606s] -- Installing: /home/prog1/ros2_training/install/motor_handler/share/ament_index/resource_index/package_run_dependencies/motor_handler
[1.607s] -- Installing: /home/prog1/ros2_training/install/motor_handler/share/ament_index/resource_index/parent_prefix_path/motor_handler
[1.607s] -- Installing: /home/prog1/ros2_training/install/motor_handler/share/motor_handler/environment/ament_prefix_path.sh
[1.608s] -- Installing: /home/prog1/ros2_training/install/motor_handler/share/motor_handler/environment/ament_prefix_path.dsv
[1.608s] -- Installing: /home/prog1/ros2_training/install/motor_handler/share/motor_handler/environment/path.sh
[1.609s] -- Installing: /home/prog1/ros2_training/install/motor_handler/share/motor_handler/environment/path.dsv
[1.609s] -- Installing: /home/prog1/ros2_training/install/motor_handler/share/motor_handler/local_setup.bash
[1.610s] -- Installing: /home/prog1/ros2_training/install/motor_handler/share/motor_handler/local_setup.sh
[1.610s] -- Installing: /home/prog1/ros2_training/install/motor_handler/share/motor_handler/local_setup.zsh
[1.610s] -- Installing: /home/prog1/ros2_training/install/motor_handler/share/motor_handler/local_setup.dsv
[1.613s] -- Installing: /home/prog1/ros2_training/install/motor_handler/share/motor_handler/package.dsv
[1.613s] -- Installing: /home/prog1/ros2_training/install/motor_handler/share/ament_index/resource_index/packages/motor_handler
[1.613s] -- Installing: /home/prog1/ros2_training/install/motor_handler/share/motor_handler/cmake/motor_handlerConfig.cmake
[1.614s] -- Installing: /home/prog1/ros2_training/install/motor_handler/share/motor_handler/cmake/motor_handlerConfig-version.cmake
[1.616s] -- Installing: /home/prog1/ros2_training/install/motor_handler/share/motor_handler/package.xml
[1.617s] Invoked command in '/home/prog1/ros2_training/build/motor_handler' returned '0': CMAKE_PREFIX_PATH=${CMAKE_PREFIX_PATH}:/home/prog1/ros2_training/install/py_talker:/home/prog1/ros2_training/install/controller:/opt/ros/jazzy DEBUGINFOD_URLS=https://debuginfod.ubuntu.com /usr/bin/cmake --install /home/prog1/ros2_training/build/motor_handler
