[1.436s] Invoking command in '/home/prog1/ros2_training/src/controller': DEBUGINFOD_URLS=https://debuginfod.ubuntu.com PYTHONPATH=/home/prog1/ros2_training/build/controller/prefix_override:/usr/lib/python3/dist-packages/colcon_core/task/python/colcon_distutils_commands:/home/prog1/ros2_training/install/controller/lib/python3.12/site-packages:${PYTHONPATH} /usr/bin/python3 -W ignore:setup.py install is deprecated -W ignore:easy_install command is deprecated setup.py egg_info --egg-base ../../build/controller build --build-base /home/prog1/ros2_training/build/controller/build install --record /home/prog1/ros2_training/build/controller/install.log --single-version-externally-managed install_data
[1.786s] running egg_info
[1.812s] writing ../../build/controller/controller.egg-info/PKG-INFO
[1.813s] writing dependency_links to ../../build/controller/controller.egg-info/dependency_links.txt
[1.813s] writing entry points to ../../build/controller/controller.egg-info/entry_points.txt
[1.814s] writing requirements to ../../build/controller/controller.egg-info/requires.txt
[1.814s] writing top-level names to ../../build/controller/controller.egg-info/top_level.txt
[1.871s] reading manifest file '../../build/controller/controller.egg-info/SOURCES.txt'
[1.871s] writing manifest file '../../build/controller/controller.egg-info/SOURCES.txt'
[1.872s] running build
[1.872s] running build_py
[1.872s] running install
[1.880s] running install_lib
[1.907s] running install_data
[1.909s] running install_egg_info
[1.935s] removing '/home/prog1/ros2_training/install/controller/lib/python3.12/site-packages/controller-0.0.0-py3.12.egg-info' (and everything under it)
[1.938s] Copying ../../build/controller/controller.egg-info to /home/prog1/ros2_training/install/controller/lib/python3.12/site-packages/controller-0.0.0-py3.12.egg-info
[1.939s] running install_scripts
[2.110s] Installing controller script to /home/prog1/ros2_training/install/controller/lib/controller
[2.111s] writing list of installed files to '/home/prog1/ros2_training/build/controller/install.log'
[2.158s] Invoked command in '/home/prog1/ros2_training/src/controller' returned '0': DEBUGINFOD_URLS=https://debuginfod.ubuntu.com PYTHONPATH=/home/prog1/ros2_training/build/controller/prefix_override:/usr/lib/python3/dist-packages/colcon_core/task/python/colcon_distutils_commands:/home/prog1/ros2_training/install/controller/lib/python3.12/site-packages:${PYTHONPATH} /usr/bin/python3 -W ignore:setup.py install is deprecated -W ignore:easy_install command is deprecated setup.py egg_info --egg-base ../../build/controller build --build-base /home/prog1/ros2_training/build/controller/build install --record /home/prog1/ros2_training/build/controller/install.log --single-version-externally-managed install_data
