[0.009s] Invoking command in '/home/prog1/ros2_training/build/motor_handler': CMAKE_PREFIX_PATH=${CMAKE_PREFIX_PATH}:/home/prog1/ros2_training/install/py_talker:/home/prog1/ros2_training/install/controller:/opt/ros/jazzy DEBUGINFOD_URLS=https://debuginfod.ubuntu.com /usr/bin/cmake --build /home/prog1/ros2_training/build/motor_handler -- -j2 -l2
[0.075s] Invoked command in '/home/prog1/ros2_training/build/motor_handler' returned '0': CMAKE_PREFIX_PATH=${CMAKE_PREFIX_PATH}:/home/prog1/ros2_training/install/py_talker:/home/prog1/ros2_training/install/controller:/opt/ros/jazzy DEBUGINFOD_URLS=https://debuginfod.ubuntu.com /usr/bin/cmake --build /home/prog1/ros2_training/build/motor_handler -- -j2 -l2
[0.077s] Invoking command in '/home/prog1/ros2_training/build/motor_handler': CMAKE_PREFIX_PATH=${CMAKE_PREFIX_PATH}:/home/prog1/ros2_training/install/py_talker:/home/prog1/ros2_training/install/controller:/opt/ros/jazzy DEBUGINFOD_URLS=https://debuginfod.ubuntu.com /usr/bin/cmake --install /home/prog1/ros2_training/build/motor_handler
[0.087s] -- Install configuration: ""
[0.088s] -- Up-to-date: /home/prog1/ros2_training/install/motor_handler/share/ament_index/resource_index/package_run_dependencies/motor_handler
[0.088s] -- Up-to-date: /home/prog1/ros2_training/install/motor_handler/share/ament_index/resource_index/parent_prefix_path/motor_handler
[0.088s] -- Up-to-date: /home/prog1/ros2_training/install/motor_handler/share/motor_handler/environment/ament_prefix_path.sh
[0.088s] -- Up-to-date: /home/prog1/ros2_training/install/motor_handler/share/motor_handler/environment/ament_prefix_path.dsv
[0.089s] -- Up-to-date: /home/prog1/ros2_training/install/motor_handler/share/motor_handler/environment/path.sh
[0.089s] -- Up-to-date: /home/prog1/ros2_training/install/motor_handler/share/motor_handler/environment/path.dsv
[0.089s] -- Up-to-date: /home/prog1/ros2_training/install/motor_handler/share/motor_handler/local_setup.bash
[0.089s] -- Up-to-date: /home/prog1/ros2_training/install/motor_handler/share/motor_handler/local_setup.sh
[0.090s] -- Up-to-date: /home/prog1/ros2_training/install/motor_handler/share/motor_handler/local_setup.zsh
[0.090s] -- Up-to-date: /home/prog1/ros2_training/install/motor_handler/share/motor_handler/local_setup.dsv
[0.090s] -- Up-to-date: /home/prog1/ros2_training/install/motor_handler/share/motor_handler/package.dsv
[0.091s] -- Up-to-date: /home/prog1/ros2_training/install/motor_handler/share/ament_index/resource_index/packages/motor_handler
[0.091s] -- Up-to-date: /home/prog1/ros2_training/install/motor_handler/share/motor_handler/cmake/motor_handlerConfig.cmake
[0.091s] -- Up-to-date: /home/prog1/ros2_training/install/motor_handler/share/motor_handler/cmake/motor_handlerConfig-version.cmake
[0.091s] -- Up-to-date: /home/prog1/ros2_training/install/motor_handler/share/motor_handler/package.xml
[0.093s] Invoked command in '/home/prog1/ros2_training/build/motor_handler' returned '0': CMAKE_PREFIX_PATH=${CMAKE_PREFIX_PATH}:/home/prog1/ros2_training/install/py_talker:/home/prog1/ros2_training/install/controller:/opt/ros/jazzy DEBUGINFOD_URLS=https://debuginfod.ubuntu.com /usr/bin/cmake --install /home/prog1/ros2_training/build/motor_handler
