[1.329s] Invoking command in '/home/prog1/ros2_training/src/controller': DEBUGINFOD_URLS=https://debuginfod.ubuntu.com PYTHONPATH=/home/prog1/ros2_training/build/controller/prefix_override:/usr/lib/python3/dist-packages/colcon_core/task/python/colcon_distutils_commands:/home/prog1/ros2_training/install/controller/lib/python3.12/site-packages:${PYTHONPATH} /usr/bin/python3 -W ignore:setup.py install is deprecated -W ignore:easy_install command is deprecated setup.py egg_info --egg-base ../../build/controller build --build-base /home/prog1/ros2_training/build/controller/build install --record /home/prog1/ros2_training/build/controller/install.log --single-version-externally-managed install_data
[1.675s] running egg_info
[1.704s] writing ../../build/controller/controller.egg-info/PKG-INFO
[1.705s] writing dependency_links to ../../build/controller/controller.egg-info/dependency_links.txt
[1.706s] writing entry points to ../../build/controller/controller.egg-info/entry_points.txt
[1.706s] writing requirements to ../../build/controller/controller.egg-info/requires.txt
[1.707s] writing top-level names to ../../build/controller/controller.egg-info/top_level.txt
[1.757s] reading manifest file '../../build/controller/controller.egg-info/SOURCES.txt'
[1.758s] writing manifest file '../../build/controller/controller.egg-info/SOURCES.txt'
[1.759s] running build
[1.759s] running build_py
[1.760s] running install
[1.770s] running install_lib
[1.794s] running install_data
[1.795s] running install_egg_info
[1.824s] removing '/home/prog1/ros2_training/install/controller/lib/python3.12/site-packages/controller-0.0.0-py3.12.egg-info' (and everything under it)
[1.825s] Copying ../../build/controller/controller.egg-info to /home/prog1/ros2_training/install/controller/lib/python3.12/site-packages/controller-0.0.0-py3.12.egg-info
[1.826s] running install_scripts
[1.993s] Installing controller script to /home/prog1/ros2_training/install/controller/lib/controller
[1.994s] writing list of installed files to '/home/prog1/ros2_training/build/controller/install.log'
[2.039s] Invoked command in '/home/prog1/ros2_training/src/controller' returned '0': DEBUGINFOD_URLS=https://debuginfod.ubuntu.com PYTHONPATH=/home/prog1/ros2_training/build/controller/prefix_override:/usr/lib/python3/dist-packages/colcon_core/task/python/colcon_distutils_commands:/home/prog1/ros2_training/install/controller/lib/python3.12/site-packages:${PYTHONPATH} /usr/bin/python3 -W ignore:setup.py install is deprecated -W ignore:easy_install command is deprecated setup.py egg_info --egg-base ../../build/controller build --build-base /home/prog1/ros2_training/build/controller/build install --record /home/prog1/ros2_training/build/controller/install.log --single-version-externally-managed install_data
