[0.124s] DEBUG:colcon:Command line arguments: ['/usr/bin/colcon', 'build']
[0.124s] DEBUG:colcon:Parsed command line arguments: Namespace(log_base=None, log_level=None, verb_name='build', build_base='build', install_base='install', merge_install=False, symlink_install=False, test_result_base=None, continue_on_error=False, executor='parallel', parallel_workers=2, event_handlers=None, ignore_user_meta=False, metas=['./colcon.meta'], base_paths=['.'], packages_ignore=None, packages_ignore_regex=None, paths=None, packages_up_to=None, packages_up_to_regex=None, packages_above=None, packages_above_and_dependencies=None, packages_above_depth=None, packages_select_by_dep=None, packages_skip_by_dep=None, packages_skip_up_to=None, packages_select_build_failed=False, packages_skip_build_finished=False, packages_select_test_failures=False, packages_skip_test_passed=False, packages_select=None, packages_skip=None, packages_select_regex=None, packages_skip_regex=None, packages_start=None, packages_end=None, allow_overriding=[], cmake_args=None, cmake_target=None, cmake_target_skip_unavailable=False, cmake_clean_cache=False, cmake_clean_first=False, cmake_force_configure=False, ament_cmake_args=None, catkin_cmake_args=None, catkin_skip_building_tests=False, verb_parser=<colcon_defaults.argument_parser.defaults.DefaultArgumentsDecorator object at 0x7015c18763c0>, verb_extension=<colcon_core.verb.build.BuildVerb object at 0x7015c1876270>, main=<bound method BuildVerb.main of <colcon_core.verb.build.BuildVerb object at 0x7015c1876270>>)
[0.171s] Level 1:colcon.colcon_core.package_discovery:discover_packages(colcon_meta) check parameters
[0.171s] Level 1:colcon.colcon_core.package_discovery:discover_packages(recursive) check parameters
[0.171s] Level 1:colcon.colcon_core.package_discovery:discover_packages(ignore) check parameters
[0.171s] Level 1:colcon.colcon_core.package_discovery:discover_packages(path) check parameters
[0.171s] Level 1:colcon.colcon_core.package_discovery:discover_packages(colcon_meta) discover
[0.171s] Level 1:colcon.colcon_core.package_discovery:discover_packages(recursive) discover
[0.171s] INFO:colcon.colcon_core.package_discovery:Crawling recursively for packages in '/home/prog1/ros2_training'
[0.172s] Level 1:colcon.colcon_core.package_identification:_identify(.) by extensions ['ignore', 'ignore_ament_install']
[0.172s] Level 1:colcon.colcon_core.package_identification:_identify(.) by extension 'ignore'
[0.172s] Level 1:colcon.colcon_core.package_identification:_identify(.) by extension 'ignore_ament_install'
[0.172s] Level 1:colcon.colcon_core.package_identification:_identify(.) by extensions ['colcon_pkg']
[0.172s] Level 1:colcon.colcon_core.package_identification:_identify(.) by extension 'colcon_pkg'
[0.172s] Level 1:colcon.colcon_core.package_identification:_identify(.) by extensions ['colcon_meta']
[0.172s] Level 1:colcon.colcon_core.package_identification:_identify(.) by extension 'colcon_meta'
[0.172s] Level 1:colcon.colcon_core.package_identification:_identify(.) by extensions ['ros']
[0.172s] Level 1:colcon.colcon_core.package_identification:_identify(.) by extension 'ros'
[0.202s] Level 1:colcon.colcon_core.package_identification:_identify(.) by extensions ['cmake', 'python']
[0.202s] Level 1:colcon.colcon_core.package_identification:_identify(.) by extension 'cmake'
[0.202s] Level 1:colcon.colcon_core.package_identification:_identify(.) by extension 'python'
[0.202s] Level 1:colcon.colcon_core.package_identification:_identify(.) by extensions ['python_setup_py']
[0.202s] Level 1:colcon.colcon_core.package_identification:_identify(.) by extension 'python_setup_py'
[0.202s] Level 1:colcon.colcon_core.package_identification:_identify(build) by extensions ['ignore', 'ignore_ament_install']
[0.202s] Level 1:colcon.colcon_core.package_identification:_identify(build) by extension 'ignore'
[0.202s] Level 1:colcon.colcon_core.package_identification:_identify(build) ignored
[0.202s] Level 1:colcon.colcon_core.package_identification:_identify(install) by extensions ['ignore', 'ignore_ament_install']
[0.202s] Level 1:colcon.colcon_core.package_identification:_identify(install) by extension 'ignore'
[0.202s] Level 1:colcon.colcon_core.package_identification:_identify(install) ignored
[0.203s] Level 1:colcon.colcon_core.package_identification:_identify(log) by extensions ['ignore', 'ignore_ament_install']
[0.203s] Level 1:colcon.colcon_core.package_identification:_identify(log) by extension 'ignore'
[0.203s] Level 1:colcon.colcon_core.package_identification:_identify(log) ignored
[0.203s] Level 1:colcon.colcon_core.package_identification:_identify(src) by extensions ['ignore', 'ignore_ament_install']
[0.203s] Level 1:colcon.colcon_core.package_identification:_identify(src) by extension 'ignore'
[0.203s] Level 1:colcon.colcon_core.package_identification:_identify(src) by extension 'ignore_ament_install'
[0.203s] Level 1:colcon.colcon_core.package_identification:_identify(src) by extensions ['colcon_pkg']
[0.203s] Level 1:colcon.colcon_core.package_identification:_identify(src) by extension 'colcon_pkg'
[0.203s] Level 1:colcon.colcon_core.package_identification:_identify(src) by extensions ['colcon_meta']
[0.203s] Level 1:colcon.colcon_core.package_identification:_identify(src) by extension 'colcon_meta'
[0.203s] Level 1:colcon.colcon_core.package_identification:_identify(src) by extensions ['ros']
[0.203s] Level 1:colcon.colcon_core.package_identification:_identify(src) by extension 'ros'
[0.203s] Level 1:colcon.colcon_core.package_identification:_identify(src) by extensions ['cmake', 'python']
[0.203s] Level 1:colcon.colcon_core.package_identification:_identify(src) by extension 'cmake'
[0.203s] Level 1:colcon.colcon_core.package_identification:_identify(src) by extension 'python'
[0.203s] Level 1:colcon.colcon_core.package_identification:_identify(src) by extensions ['python_setup_py']
[0.203s] Level 1:colcon.colcon_core.package_identification:_identify(src) by extension 'python_setup_py'
[0.204s] Level 1:colcon.colcon_core.package_identification:_identify(src/build) by extensions ['ignore', 'ignore_ament_install']
[0.204s] Level 1:colcon.colcon_core.package_identification:_identify(src/build) by extension 'ignore'
[0.204s] Level 1:colcon.colcon_core.package_identification:_identify(src/build) ignored
[0.204s] Level 1:colcon.colcon_core.package_identification:_identify(src/controller) by extensions ['ignore', 'ignore_ament_install']
[0.204s] Level 1:colcon.colcon_core.package_identification:_identify(src/controller) by extension 'ignore'
[0.204s] Level 1:colcon.colcon_core.package_identification:_identify(src/controller) by extension 'ignore_ament_install'
[0.204s] Level 1:colcon.colcon_core.package_identification:_identify(src/controller) by extensions ['colcon_pkg']
[0.204s] Level 1:colcon.colcon_core.package_identification:_identify(src/controller) by extension 'colcon_pkg'
[0.204s] Level 1:colcon.colcon_core.package_identification:_identify(src/controller) by extensions ['colcon_meta']
[0.204s] Level 1:colcon.colcon_core.package_identification:_identify(src/controller) by extension 'colcon_meta'
[0.204s] Level 1:colcon.colcon_core.package_identification:_identify(src/controller) by extensions ['ros']
[0.204s] Level 1:colcon.colcon_core.package_identification:_identify(src/controller) by extension 'ros'
[0.209s] DEBUG:colcon.colcon_core.package_identification:Package 'src/controller' with type 'ros.ament_python' and name 'controller'
[0.209s] Level 1:colcon.colcon_core.package_identification:_identify(src/input_handler) by extensions ['ignore', 'ignore_ament_install']
[0.210s] Level 1:colcon.colcon_core.package_identification:_identify(src/input_handler) by extension 'ignore'
[0.210s] Level 1:colcon.colcon_core.package_identification:_identify(src/input_handler) by extension 'ignore_ament_install'
[0.210s] Level 1:colcon.colcon_core.package_identification:_identify(src/input_handler) by extensions ['colcon_pkg']
[0.210s] Level 1:colcon.colcon_core.package_identification:_identify(src/input_handler) by extension 'colcon_pkg'
[0.210s] Level 1:colcon.colcon_core.package_identification:_identify(src/input_handler) by extensions ['colcon_meta']
[0.210s] Level 1:colcon.colcon_core.package_identification:_identify(src/input_handler) by extension 'colcon_meta'
[0.210s] Level 1:colcon.colcon_core.package_identification:_identify(src/input_handler) by extensions ['ros']
[0.210s] Level 1:colcon.colcon_core.package_identification:_identify(src/input_handler) by extension 'ros'
[0.211s] DEBUG:colcon.colcon_core.package_identification:Package 'src/input_handler' with type 'ros.ament_cmake' and name 'input_handler'
[0.211s] Level 1:colcon.colcon_core.package_identification:_identify(src/install) by extensions ['ignore', 'ignore_ament_install']
[0.211s] Level 1:colcon.colcon_core.package_identification:_identify(src/install) by extension 'ignore'
[0.211s] Level 1:colcon.colcon_core.package_identification:_identify(src/install) ignored
[0.211s] Level 1:colcon.colcon_core.package_identification:_identify(src/log) by extensions ['ignore', 'ignore_ament_install']
[0.211s] Level 1:colcon.colcon_core.package_identification:_identify(src/log) by extension 'ignore'
[0.211s] Level 1:colcon.colcon_core.package_identification:_identify(src/log) ignored
[0.211s] Level 1:colcon.colcon_core.package_identification:_identify(src/motor_action) by extensions ['ignore', 'ignore_ament_install']
[0.211s] Level 1:colcon.colcon_core.package_identification:_identify(src/motor_action) by extension 'ignore'
[0.211s] Level 1:colcon.colcon_core.package_identification:_identify(src/motor_action) by extension 'ignore_ament_install'
[0.211s] Level 1:colcon.colcon_core.package_identification:_identify(src/motor_action) by extensions ['colcon_pkg']
[0.211s] Level 1:colcon.colcon_core.package_identification:_identify(src/motor_action) by extension 'colcon_pkg'
[0.212s] Level 1:colcon.colcon_core.package_identification:_identify(src/motor_action) by extensions ['colcon_meta']
[0.212s] Level 1:colcon.colcon_core.package_identification:_identify(src/motor_action) by extension 'colcon_meta'
[0.212s] Level 1:colcon.colcon_core.package_identification:_identify(src/motor_action) by extensions ['ros']
[0.212s] Level 1:colcon.colcon_core.package_identification:_identify(src/motor_action) by extension 'ros'
[0.212s] DEBUG:colcon.colcon_core.package_identification:Package 'src/motor_action' with type 'ros.ament_cmake' and name 'motor_action'
[0.212s] Level 1:colcon.colcon_core.package_identification:_identify(src/motor_handler) by extensions ['ignore', 'ignore_ament_install']
[0.212s] Level 1:colcon.colcon_core.package_identification:_identify(src/motor_handler) by extension 'ignore'
[0.212s] Level 1:colcon.colcon_core.package_identification:_identify(src/motor_handler) by extension 'ignore_ament_install'
[0.213s] Level 1:colcon.colcon_core.package_identification:_identify(src/motor_handler) by extensions ['colcon_pkg']
[0.213s] Level 1:colcon.colcon_core.package_identification:_identify(src/motor_handler) by extension 'colcon_pkg'
[0.213s] Level 1:colcon.colcon_core.package_identification:_identify(src/motor_handler) by extensions ['colcon_meta']
[0.213s] Level 1:colcon.colcon_core.package_identification:_identify(src/motor_handler) by extension 'colcon_meta'
[0.213s] Level 1:colcon.colcon_core.package_identification:_identify(src/motor_handler) by extensions ['ros']
[0.213s] Level 1:colcon.colcon_core.package_identification:_identify(src/motor_handler) by extension 'ros'
[0.214s] DEBUG:colcon.colcon_core.package_identification:Package 'src/motor_handler' with type 'ros.ament_cmake' and name 'motor_handler'
[0.214s] Level 1:colcon.colcon_core.package_discovery:discover_packages(recursive) using defaults
[0.214s] Level 1:colcon.colcon_core.package_discovery:discover_packages(ignore) discover
[0.214s] Level 1:colcon.colcon_core.package_discovery:discover_packages(ignore) using defaults
[0.214s] Level 1:colcon.colcon_core.package_discovery:discover_packages(path) discover
[0.214s] Level 1:colcon.colcon_core.package_discovery:discover_packages(path) using defaults
[0.235s] Level 1:colcon.colcon_core.package_discovery:discover_packages(prefix_path) check parameters
[0.235s] Level 1:colcon.colcon_core.package_discovery:discover_packages(prefix_path) discover
[0.237s] DEBUG:colcon.colcon_installed_package_information.package_discovery:Found 4 installed packages in /home/prog1/ros2_training/install
[0.239s] DEBUG:colcon.colcon_installed_package_information.package_discovery:Found 287 installed packages in /opt/ros/jazzy
[0.240s] Level 1:colcon.colcon_core.package_discovery:discover_packages(prefix_path) using defaults
[0.291s] Level 5:colcon.colcon_core.verb:set package 'controller' build argument 'cmake_args' from command line to 'None'
[0.291s] Level 5:colcon.colcon_core.verb:set package 'controller' build argument 'cmake_target' from command line to 'None'
[0.291s] Level 5:colcon.colcon_core.verb:set package 'controller' build argument 'cmake_target_skip_unavailable' from command line to 'False'
[0.291s] Level 5:colcon.colcon_core.verb:set package 'controller' build argument 'cmake_clean_cache' from command line to 'False'
[0.291s] Level 5:colcon.colcon_core.verb:set package 'controller' build argument 'cmake_clean_first' from command line to 'False'
[0.291s] Level 5:colcon.colcon_core.verb:set package 'controller' build argument 'cmake_force_configure' from command line to 'False'
[0.291s] Level 5:colcon.colcon_core.verb:set package 'controller' build argument 'ament_cmake_args' from command line to 'None'
[0.291s] Level 5:colcon.colcon_core.verb:set package 'controller' build argument 'catkin_cmake_args' from command line to 'None'
[0.291s] Level 5:colcon.colcon_core.verb:set package 'controller' build argument 'catkin_skip_building_tests' from command line to 'False'
[0.291s] DEBUG:colcon.colcon_core.verb:Building package 'controller' with the following arguments: {'ament_cmake_args': None, 'build_base': '/home/prog1/ros2_training/build/controller', 'catkin_cmake_args': None, 'catkin_skip_building_tests': False, 'cmake_args': None, 'cmake_clean_cache': False, 'cmake_clean_first': False, 'cmake_force_configure': False, 'cmake_target': None, 'cmake_target_skip_unavailable': False, 'install_base': '/home/prog1/ros2_training/install/controller', 'merge_install': False, 'path': '/home/prog1/ros2_training/src/controller', 'symlink_install': False, 'test_result_base': None}
[0.292s] Level 5:colcon.colcon_core.verb:set package 'input_handler' build argument 'cmake_args' from command line to 'None'
[0.292s] Level 5:colcon.colcon_core.verb:set package 'input_handler' build argument 'cmake_target' from command line to 'None'
[0.292s] Level 5:colcon.colcon_core.verb:set package 'input_handler' build argument 'cmake_target_skip_unavailable' from command line to 'False'
[0.292s] Level 5:colcon.colcon_core.verb:set package 'input_handler' build argument 'cmake_clean_cache' from command line to 'False'
[0.292s] Level 5:colcon.colcon_core.verb:set package 'input_handler' build argument 'cmake_clean_first' from command line to 'False'
[0.292s] Level 5:colcon.colcon_core.verb:set package 'input_handler' build argument 'cmake_force_configure' from command line to 'False'
[0.292s] Level 5:colcon.colcon_core.verb:set package 'input_handler' build argument 'ament_cmake_args' from command line to 'None'
[0.292s] Level 5:colcon.colcon_core.verb:set package 'input_handler' build argument 'catkin_cmake_args' from command line to 'None'
[0.292s] Level 5:colcon.colcon_core.verb:set package 'input_handler' build argument 'catkin_skip_building_tests' from command line to 'False'
[0.292s] DEBUG:colcon.colcon_core.verb:Building package 'input_handler' with the following arguments: {'ament_cmake_args': None, 'build_base': '/home/prog1/ros2_training/build/input_handler', 'catkin_cmake_args': None, 'catkin_skip_building_tests': False, 'cmake_args': None, 'cmake_clean_cache': False, 'cmake_clean_first': False, 'cmake_force_configure': False, 'cmake_target': None, 'cmake_target_skip_unavailable': False, 'install_base': '/home/prog1/ros2_training/install/input_handler', 'merge_install': False, 'path': '/home/prog1/ros2_training/src/input_handler', 'symlink_install': False, 'test_result_base': None}
[0.292s] Level 5:colcon.colcon_core.verb:set package 'motor_action' build argument 'cmake_args' from command line to 'None'
[0.292s] Level 5:colcon.colcon_core.verb:set package 'motor_action' build argument 'cmake_target' from command line to 'None'
[0.292s] Level 5:colcon.colcon_core.verb:set package 'motor_action' build argument 'cmake_target_skip_unavailable' from command line to 'False'
[0.292s] Level 5:colcon.colcon_core.verb:set package 'motor_action' build argument 'cmake_clean_cache' from command line to 'False'
[0.292s] Level 5:colcon.colcon_core.verb:set package 'motor_action' build argument 'cmake_clean_first' from command line to 'False'
[0.292s] Level 5:colcon.colcon_core.verb:set package 'motor_action' build argument 'cmake_force_configure' from command line to 'False'
[0.292s] Level 5:colcon.colcon_core.verb:set package 'motor_action' build argument 'ament_cmake_args' from command line to 'None'
[0.292s] Level 5:colcon.colcon_core.verb:set package 'motor_action' build argument 'catkin_cmake_args' from command line to 'None'
[0.292s] Level 5:colcon.colcon_core.verb:set package 'motor_action' build argument 'catkin_skip_building_tests' from command line to 'False'
[0.293s] DEBUG:colcon.colcon_core.verb:Building package 'motor_action' with the following arguments: {'ament_cmake_args': None, 'build_base': '/home/prog1/ros2_training/build/motor_action', 'catkin_cmake_args': None, 'catkin_skip_building_tests': False, 'cmake_args': None, 'cmake_clean_cache': False, 'cmake_clean_first': False, 'cmake_force_configure': False, 'cmake_target': None, 'cmake_target_skip_unavailable': False, 'install_base': '/home/prog1/ros2_training/install/motor_action', 'merge_install': False, 'path': '/home/prog1/ros2_training/src/motor_action', 'symlink_install': False, 'test_result_base': None}
[0.293s] Level 5:colcon.colcon_core.verb:set package 'motor_handler' build argument 'cmake_args' from command line to 'None'
[0.293s] Level 5:colcon.colcon_core.verb:set package 'motor_handler' build argument 'cmake_target' from command line to 'None'
[0.293s] Level 5:colcon.colcon_core.verb:set package 'motor_handler' build argument 'cmake_target_skip_unavailable' from command line to 'False'
[0.293s] Level 5:colcon.colcon_core.verb:set package 'motor_handler' build argument 'cmake_clean_cache' from command line to 'False'
[0.293s] Level 5:colcon.colcon_core.verb:set package 'motor_handler' build argument 'cmake_clean_first' from command line to 'False'
[0.293s] Level 5:colcon.colcon_core.verb:set package 'motor_handler' build argument 'cmake_force_configure' from command line to 'False'
[0.293s] Level 5:colcon.colcon_core.verb:set package 'motor_handler' build argument 'ament_cmake_args' from command line to 'None'
[0.293s] Level 5:colcon.colcon_core.verb:set package 'motor_handler' build argument 'catkin_cmake_args' from command line to 'None'
[0.293s] Level 5:colcon.colcon_core.verb:set package 'motor_handler' build argument 'catkin_skip_building_tests' from command line to 'False'
[0.293s] DEBUG:colcon.colcon_core.verb:Building package 'motor_handler' with the following arguments: {'ament_cmake_args': None, 'build_base': '/home/prog1/ros2_training/build/motor_handler', 'catkin_cmake_args': None, 'catkin_skip_building_tests': False, 'cmake_args': None, 'cmake_clean_cache': False, 'cmake_clean_first': False, 'cmake_force_configure': False, 'cmake_target': None, 'cmake_target_skip_unavailable': False, 'install_base': '/home/prog1/ros2_training/install/motor_handler', 'merge_install': False, 'path': '/home/prog1/ros2_training/src/motor_handler', 'symlink_install': False, 'test_result_base': None}
[0.293s] INFO:colcon.colcon_core.executor:Executing jobs using 'parallel' executor
[0.294s] DEBUG:colcon.colcon_parallel_executor.executor.parallel:run_until_complete
[0.295s] INFO:colcon.colcon_ros.task.ament_python.build:Building ROS package in '/home/prog1/ros2_training/src/controller' with build type 'ament_python'
[0.295s] Level 1:colcon.colcon_core.shell:create_environment_hook('controller', 'ament_prefix_path')
[0.298s] INFO:colcon.colcon_core.plugin_system:Skipping extension 'colcon_core.shell.bat': Not used on non-Windows systems
[0.298s] INFO:colcon.colcon_core.shell:Creating environment hook '/home/prog1/ros2_training/install/controller/share/controller/hook/ament_prefix_path.ps1'
[0.299s] INFO:colcon.colcon_core.shell:Creating environment descriptor '/home/prog1/ros2_training/install/controller/share/controller/hook/ament_prefix_path.dsv'
[0.300s] INFO:colcon.colcon_core.shell:Creating environment hook '/home/prog1/ros2_training/install/controller/share/controller/hook/ament_prefix_path.sh'
[0.301s] INFO:colcon.colcon_core.shell:Skip shell extension 'powershell' for command environment: Not usable outside of PowerShell
[0.301s] DEBUG:colcon.colcon_core.shell:Skip shell extension 'dsv' for command environment
[0.305s] INFO:colcon.colcon_ros.task.ament_cmake.build:Building ROS package in '/home/prog1/ros2_training/src/input_handler' with build type 'ament_cmake'
[0.305s] INFO:colcon.colcon_cmake.task.cmake.build:Building CMake package in '/home/prog1/ros2_training/src/input_handler'
[0.305s] INFO:colcon.colcon_core.shell:Skip shell extension 'powershell' for command environment: Not usable outside of PowerShell
[0.305s] DEBUG:colcon.colcon_core.shell:Skip shell extension 'dsv' for command environment
[0.565s] INFO:colcon.colcon_core.task.python.build:Building Python package in '/home/prog1/ros2_training/src/controller'
[0.565s] INFO:colcon.colcon_core.shell:Skip shell extension 'powershell' for command environment: Not usable outside of PowerShell
[0.565s] DEBUG:colcon.colcon_core.shell:Skip shell extension 'dsv' for command environment
[0.573s] DEBUG:colcon.colcon_core.event_handler.log_command:Invoking command in '/home/prog1/ros2_training/build/input_handler': CMAKE_PREFIX_PATH=${CMAKE_PREFIX_PATH}:/home/prog1/ros2_training/install/py_talker:/home/prog1/ros2_training/install/controller:/opt/ros/jazzy DEBUGINFOD_URLS=https://debuginfod.ubuntu.com /usr/bin/cmake --build /home/prog1/ros2_training/build/input_handler -- -j2 -l2
[0.679s] DEBUG:colcon.colcon_core.event_handler.log_command:Invoked command in '/home/prog1/ros2_training/build/input_handler' returned '0': CMAKE_PREFIX_PATH=${CMAKE_PREFIX_PATH}:/home/prog1/ros2_training/install/py_talker:/home/prog1/ros2_training/install/controller:/opt/ros/jazzy DEBUGINFOD_URLS=https://debuginfod.ubuntu.com /usr/bin/cmake --build /home/prog1/ros2_training/build/input_handler -- -j2 -l2
[0.694s] DEBUG:colcon.colcon_core.event_handler.log_command:Invoking command in '/home/prog1/ros2_training/build/input_handler': CMAKE_PREFIX_PATH=${CMAKE_PREFIX_PATH}:/home/prog1/ros2_training/install/py_talker:/home/prog1/ros2_training/install/controller:/opt/ros/jazzy DEBUGINFOD_URLS=https://debuginfod.ubuntu.com /usr/bin/cmake --install /home/prog1/ros2_training/build/input_handler
[0.716s] Level 1:colcon.colcon_core.environment:create_environment_scripts_only(input_handler)
[0.717s] DEBUG:colcon.colcon_core.event_handler.log_command:Invoked command in '/home/prog1/ros2_training/build/input_handler' returned '0': CMAKE_PREFIX_PATH=${CMAKE_PREFIX_PATH}:/home/prog1/ros2_training/install/py_talker:/home/prog1/ros2_training/install/controller:/opt/ros/jazzy DEBUGINFOD_URLS=https://debuginfod.ubuntu.com /usr/bin/cmake --install /home/prog1/ros2_training/build/input_handler
[0.719s] Level 1:colcon.colcon_core.environment:checking '/home/prog1/ros2_training/install/input_handler' for CMake module files
[0.719s] Level 1:colcon.colcon_core.environment:checking '/home/prog1/ros2_training/install/input_handler' for CMake config files
[0.719s] Level 1:colcon.colcon_core.shell:create_environment_hook('input_handler', 'cmake_prefix_path')
[0.720s] INFO:colcon.colcon_core.shell:Creating environment hook '/home/prog1/ros2_training/install/input_handler/share/input_handler/hook/cmake_prefix_path.ps1'
[0.720s] INFO:colcon.colcon_core.shell:Creating environment descriptor '/home/prog1/ros2_training/install/input_handler/share/input_handler/hook/cmake_prefix_path.dsv'
[0.721s] INFO:colcon.colcon_core.shell:Creating environment hook '/home/prog1/ros2_training/install/input_handler/share/input_handler/hook/cmake_prefix_path.sh'
[0.722s] Level 1:colcon.colcon_core.environment:checking '/home/prog1/ros2_training/install/input_handler/lib'
[0.722s] Level 1:colcon.colcon_core.environment:checking '/home/prog1/ros2_training/install/input_handler/bin'
[0.723s] Level 1:colcon.colcon_core.environment:checking '/home/prog1/ros2_training/install/input_handler/lib/pkgconfig/input_handler.pc'
[0.723s] Level 1:colcon.colcon_core.environment:checking '/home/prog1/ros2_training/install/input_handler/lib/python3.12/site-packages'
[0.723s] Level 1:colcon.colcon_core.environment:checking '/home/prog1/ros2_training/install/input_handler/bin'
[0.723s] INFO:colcon.colcon_core.shell:Creating package script '/home/prog1/ros2_training/install/input_handler/share/input_handler/package.ps1'
[0.726s] INFO:colcon.colcon_core.shell:Creating package descriptor '/home/prog1/ros2_training/install/input_handler/share/input_handler/package.dsv'
[0.727s] INFO:colcon.colcon_core.shell:Creating package script '/home/prog1/ros2_training/install/input_handler/share/input_handler/package.sh'
[0.728s] INFO:colcon.colcon_core.shell:Creating package script '/home/prog1/ros2_training/install/input_handler/share/input_handler/package.bash'
[0.729s] INFO:colcon.colcon_core.shell:Creating package script '/home/prog1/ros2_training/install/input_handler/share/input_handler/package.zsh'
[0.730s] Level 1:colcon.colcon_core.environment:create_file_with_runtime_dependencies(/home/prog1/ros2_training/install/input_handler/share/colcon-core/packages/input_handler)
[0.731s] Level 1:colcon.colcon_core.environment:create_environment_scripts_only(input_handler)
[0.731s] Level 1:colcon.colcon_core.environment:checking '/home/prog1/ros2_training/install/input_handler' for CMake module files
[0.731s] Level 1:colcon.colcon_core.environment:checking '/home/prog1/ros2_training/install/input_handler' for CMake config files
[0.732s] Level 1:colcon.colcon_core.shell:create_environment_hook('input_handler', 'cmake_prefix_path')
[0.732s] INFO:colcon.colcon_core.shell:Creating environment hook '/home/prog1/ros2_training/install/input_handler/share/input_handler/hook/cmake_prefix_path.ps1'
[0.732s] INFO:colcon.colcon_core.shell:Creating environment descriptor '/home/prog1/ros2_training/install/input_handler/share/input_handler/hook/cmake_prefix_path.dsv'
[0.733s] INFO:colcon.colcon_core.shell:Creating environment hook '/home/prog1/ros2_training/install/input_handler/share/input_handler/hook/cmake_prefix_path.sh'
[0.734s] Level 1:colcon.colcon_core.environment:checking '/home/prog1/ros2_training/install/input_handler/lib'
[0.734s] Level 1:colcon.colcon_core.environment:checking '/home/prog1/ros2_training/install/input_handler/bin'
[0.734s] Level 1:colcon.colcon_core.environment:checking '/home/prog1/ros2_training/install/input_handler/lib/pkgconfig/input_handler.pc'
[0.734s] Level 1:colcon.colcon_core.environment:checking '/home/prog1/ros2_training/install/input_handler/lib/python3.12/site-packages'
[0.734s] Level 1:colcon.colcon_core.environment:checking '/home/prog1/ros2_training/install/input_handler/bin'
[0.735s] INFO:colcon.colcon_core.shell:Creating package script '/home/prog1/ros2_training/install/input_handler/share/input_handler/package.ps1'
[0.736s] INFO:colcon.colcon_core.shell:Creating package descriptor '/home/prog1/ros2_training/install/input_handler/share/input_handler/package.dsv'
[0.736s] INFO:colcon.colcon_core.shell:Creating package script '/home/prog1/ros2_training/install/input_handler/share/input_handler/package.sh'
[0.737s] INFO:colcon.colcon_core.shell:Creating package script '/home/prog1/ros2_training/install/input_handler/share/input_handler/package.bash'
[0.738s] INFO:colcon.colcon_core.shell:Creating package script '/home/prog1/ros2_training/install/input_handler/share/input_handler/package.zsh'
[0.739s] Level 1:colcon.colcon_core.environment:create_file_with_runtime_dependencies(/home/prog1/ros2_training/install/input_handler/share/colcon-core/packages/input_handler)
[0.740s] INFO:colcon.colcon_ros.task.ament_cmake.build:Building ROS package in '/home/prog1/ros2_training/src/motor_action' with build type 'ament_cmake'
[0.740s] INFO:colcon.colcon_cmake.task.cmake.build:Building CMake package in '/home/prog1/ros2_training/src/motor_action'
[0.740s] INFO:colcon.colcon_core.shell:Skip shell extension 'powershell' for command environment: Not usable outside of PowerShell
[0.740s] DEBUG:colcon.colcon_core.shell:Skip shell extension 'dsv' for command environment
[0.749s] DEBUG:colcon.colcon_core.event_handler.log_command:Invoking command in '/home/prog1/ros2_training/build/motor_action': CMAKE_PREFIX_PATH=${CMAKE_PREFIX_PATH}:/home/prog1/ros2_training/install/py_talker:/home/prog1/ros2_training/install/controller:/opt/ros/jazzy DEBUGINFOD_URLS=https://debuginfod.ubuntu.com /usr/bin/cmake /home/prog1/ros2_training/src/motor_action -DCMAKE_INSTALL_PREFIX=/home/prog1/ros2_training/install/motor_action
[1.388s] DEBUG:colcon.colcon_core.event_handler.log_command:Invoking command in '/home/prog1/ros2_training/src/controller': DEBUGINFOD_URLS=https://debuginfod.ubuntu.com PYTHONPATH=/home/prog1/ros2_training/build/controller/prefix_override:/usr/lib/python3/dist-packages/colcon_core/task/python/colcon_distutils_commands:/home/prog1/ros2_training/install/controller/lib/python3.12/site-packages:${PYTHONPATH} /usr/bin/python3 -W ignore:setup.py install is deprecated -W ignore:easy_install command is deprecated setup.py egg_info --egg-base ../../build/controller build --build-base /home/prog1/ros2_training/build/controller/build install --record /home/prog1/ros2_training/build/controller/install.log --single-version-externally-managed install_data
[2.136s] Level 1:colcon.colcon_core.environment:checking '/home/prog1/ros2_training/install/controller' for CMake module files
[2.137s] Level 1:colcon.colcon_core.environment:checking '/home/prog1/ros2_training/install/controller' for CMake config files
[2.139s] DEBUG:colcon.colcon_core.event_handler.log_command:Invoked command in '/home/prog1/ros2_training/src/controller' returned '0': DEBUGINFOD_URLS=https://debuginfod.ubuntu.com PYTHONPATH=/home/prog1/ros2_training/build/controller/prefix_override:/usr/lib/python3/dist-packages/colcon_core/task/python/colcon_distutils_commands:/home/prog1/ros2_training/install/controller/lib/python3.12/site-packages:${PYTHONPATH} /usr/bin/python3 -W ignore:setup.py install is deprecated -W ignore:easy_install command is deprecated setup.py egg_info --egg-base ../../build/controller build --build-base /home/prog1/ros2_training/build/controller/build install --record /home/prog1/ros2_training/build/controller/install.log --single-version-externally-managed install_data
[2.140s] Level 1:colcon.colcon_core.environment:checking '/home/prog1/ros2_training/install/controller/lib'
[2.140s] Level 1:colcon.colcon_core.environment:checking '/home/prog1/ros2_training/install/controller/bin'
[2.140s] Level 1:colcon.colcon_core.environment:checking '/home/prog1/ros2_training/install/controller/lib/pkgconfig/controller.pc'
[2.140s] Level 1:colcon.colcon_core.environment:checking '/home/prog1/ros2_training/install/controller/lib/python3.12/site-packages'
[2.140s] Level 1:colcon.colcon_core.shell:create_environment_hook('controller', 'pythonpath')
[2.141s] INFO:colcon.colcon_core.shell:Creating environment hook '/home/prog1/ros2_training/install/controller/share/controller/hook/pythonpath.ps1'
[2.141s] INFO:colcon.colcon_core.shell:Creating environment descriptor '/home/prog1/ros2_training/install/controller/share/controller/hook/pythonpath.dsv'
[2.142s] INFO:colcon.colcon_core.shell:Creating environment hook '/home/prog1/ros2_training/install/controller/share/controller/hook/pythonpath.sh'
[2.143s] Level 1:colcon.colcon_core.environment:checking '/home/prog1/ros2_training/install/controller/bin'
[2.143s] Level 1:colcon.colcon_core.environment:create_environment_scripts_only(controller)
[2.143s] INFO:colcon.colcon_core.shell:Creating package script '/home/prog1/ros2_training/install/controller/share/controller/package.ps1'
[2.144s] INFO:colcon.colcon_core.shell:Creating package descriptor '/home/prog1/ros2_training/install/controller/share/controller/package.dsv'
[2.145s] INFO:colcon.colcon_core.shell:Creating package script '/home/prog1/ros2_training/install/controller/share/controller/package.sh'
[2.145s] INFO:colcon.colcon_core.shell:Creating package script '/home/prog1/ros2_training/install/controller/share/controller/package.bash'
[2.146s] INFO:colcon.colcon_core.shell:Creating package script '/home/prog1/ros2_training/install/controller/share/controller/package.zsh'
[2.147s] Level 1:colcon.colcon_core.environment:create_file_with_runtime_dependencies(/home/prog1/ros2_training/install/controller/share/colcon-core/packages/controller)
[2.148s] INFO:colcon.colcon_ros.task.ament_cmake.build:Building ROS package in '/home/prog1/ros2_training/src/motor_handler' with build type 'ament_cmake'
[2.148s] INFO:colcon.colcon_cmake.task.cmake.build:Building CMake package in '/home/prog1/ros2_training/src/motor_handler'
[2.148s] INFO:colcon.colcon_core.shell:Skip shell extension 'powershell' for command environment: Not usable outside of PowerShell
[2.148s] DEBUG:colcon.colcon_core.shell:Skip shell extension 'dsv' for command environment
[2.162s] DEBUG:colcon.colcon_core.event_handler.log_command:Invoking command in '/home/prog1/ros2_training/build/motor_handler': CMAKE_PREFIX_PATH=${CMAKE_PREFIX_PATH}:/home/prog1/ros2_training/install/py_talker:/home/prog1/ros2_training/install/controller:/opt/ros/jazzy DEBUGINFOD_URLS=https://debuginfod.ubuntu.com /usr/bin/cmake /home/prog1/ros2_training/src/motor_handler -DCMAKE_INSTALL_PREFIX=/home/prog1/ros2_training/install/motor_handler
[3.686s] DEBUG:colcon.colcon_core.event_handler.log_command:Invoked command in '/home/prog1/ros2_training/build/motor_handler' returned '0': CMAKE_PREFIX_PATH=${CMAKE_PREFIX_PATH}:/home/prog1/ros2_training/install/py_talker:/home/prog1/ros2_training/install/controller:/opt/ros/jazzy DEBUGINFOD_URLS=https://debuginfod.ubuntu.com /usr/bin/cmake /home/prog1/ros2_training/src/motor_handler -DCMAKE_INSTALL_PREFIX=/home/prog1/ros2_training/install/motor_handler
[3.687s] DEBUG:colcon.colcon_core.event_handler.log_command:Invoking command in '/home/prog1/ros2_training/build/motor_handler': CMAKE_PREFIX_PATH=${CMAKE_PREFIX_PATH}:/home/prog1/ros2_training/install/py_talker:/home/prog1/ros2_training/install/controller:/opt/ros/jazzy DEBUGINFOD_URLS=https://debuginfod.ubuntu.com /usr/bin/cmake --build /home/prog1/ros2_training/build/motor_handler -- -j2 -l2
[3.741s] DEBUG:colcon.colcon_core.event_handler.log_command:Invoked command in '/home/prog1/ros2_training/build/motor_handler' returned '0': CMAKE_PREFIX_PATH=${CMAKE_PREFIX_PATH}:/home/prog1/ros2_training/install/py_talker:/home/prog1/ros2_training/install/controller:/opt/ros/jazzy DEBUGINFOD_URLS=https://debuginfod.ubuntu.com /usr/bin/cmake --build /home/prog1/ros2_training/build/motor_handler -- -j2 -l2
[3.745s] DEBUG:colcon.colcon_core.event_handler.log_command:Invoking command in '/home/prog1/ros2_training/build/motor_handler': CMAKE_PREFIX_PATH=${CMAKE_PREFIX_PATH}:/home/prog1/ros2_training/install/py_talker:/home/prog1/ros2_training/install/controller:/opt/ros/jazzy DEBUGINFOD_URLS=https://debuginfod.ubuntu.com /usr/bin/cmake --install /home/prog1/ros2_training/build/motor_handler
[3.765s] Level 1:colcon.colcon_core.environment:create_environment_scripts_only(motor_handler)
[3.766s] DEBUG:colcon.colcon_core.event_handler.log_command:Invoked command in '/home/prog1/ros2_training/build/motor_handler' returned '0': CMAKE_PREFIX_PATH=${CMAKE_PREFIX_PATH}:/home/prog1/ros2_training/install/py_talker:/home/prog1/ros2_training/install/controller:/opt/ros/jazzy DEBUGINFOD_URLS=https://debuginfod.ubuntu.com /usr/bin/cmake --install /home/prog1/ros2_training/build/motor_handler
[3.766s] Level 1:colcon.colcon_core.environment:checking '/home/prog1/ros2_training/install/motor_handler' for CMake module files
[3.767s] Level 1:colcon.colcon_core.environment:checking '/home/prog1/ros2_training/install/motor_handler' for CMake config files
[3.767s] Level 1:colcon.colcon_core.shell:create_environment_hook('motor_handler', 'cmake_prefix_path')
[3.767s] INFO:colcon.colcon_core.shell:Creating environment hook '/home/prog1/ros2_training/install/motor_handler/share/motor_handler/hook/cmake_prefix_path.ps1'
[3.768s] INFO:colcon.colcon_core.shell:Creating environment descriptor '/home/prog1/ros2_training/install/motor_handler/share/motor_handler/hook/cmake_prefix_path.dsv'
[3.768s] INFO:colcon.colcon_core.shell:Creating environment hook '/home/prog1/ros2_training/install/motor_handler/share/motor_handler/hook/cmake_prefix_path.sh'
[3.769s] Level 1:colcon.colcon_core.environment:checking '/home/prog1/ros2_training/install/motor_handler/bin'
[3.769s] Level 1:colcon.colcon_core.environment:checking '/home/prog1/ros2_training/install/motor_handler/lib/pkgconfig/motor_handler.pc'
[3.769s] Level 1:colcon.colcon_core.environment:checking '/home/prog1/ros2_training/install/motor_handler/lib/python3.12/site-packages'
[3.770s] Level 1:colcon.colcon_core.environment:checking '/home/prog1/ros2_training/install/motor_handler/bin'
[3.770s] INFO:colcon.colcon_core.shell:Creating package script '/home/prog1/ros2_training/install/motor_handler/share/motor_handler/package.ps1'
[3.770s] INFO:colcon.colcon_core.shell:Creating package descriptor '/home/prog1/ros2_training/install/motor_handler/share/motor_handler/package.dsv'
[3.771s] INFO:colcon.colcon_core.shell:Creating package script '/home/prog1/ros2_training/install/motor_handler/share/motor_handler/package.sh'
[3.772s] INFO:colcon.colcon_core.shell:Creating package script '/home/prog1/ros2_training/install/motor_handler/share/motor_handler/package.bash'
[3.772s] INFO:colcon.colcon_core.shell:Creating package script '/home/prog1/ros2_training/install/motor_handler/share/motor_handler/package.zsh'
[3.773s] Level 1:colcon.colcon_core.environment:create_file_with_runtime_dependencies(/home/prog1/ros2_training/install/motor_handler/share/colcon-core/packages/motor_handler)
[3.774s] Level 1:colcon.colcon_core.environment:create_environment_scripts_only(motor_handler)
[3.774s] Level 1:colcon.colcon_core.environment:checking '/home/prog1/ros2_training/install/motor_handler' for CMake module files
[3.774s] Level 1:colcon.colcon_core.environment:checking '/home/prog1/ros2_training/install/motor_handler' for CMake config files
[3.774s] Level 1:colcon.colcon_core.shell:create_environment_hook('motor_handler', 'cmake_prefix_path')
[3.775s] INFO:colcon.colcon_core.shell:Creating environment hook '/home/prog1/ros2_training/install/motor_handler/share/motor_handler/hook/cmake_prefix_path.ps1'
[3.775s] INFO:colcon.colcon_core.shell:Creating environment descriptor '/home/prog1/ros2_training/install/motor_handler/share/motor_handler/hook/cmake_prefix_path.dsv'
[3.776s] INFO:colcon.colcon_core.shell:Creating environment hook '/home/prog1/ros2_training/install/motor_handler/share/motor_handler/hook/cmake_prefix_path.sh'
[3.777s] Level 1:colcon.colcon_core.environment:checking '/home/prog1/ros2_training/install/motor_handler/bin'
[3.777s] Level 1:colcon.colcon_core.environment:checking '/home/prog1/ros2_training/install/motor_handler/lib/pkgconfig/motor_handler.pc'
[3.777s] Level 1:colcon.colcon_core.environment:checking '/home/prog1/ros2_training/install/motor_handler/lib/python3.12/site-packages'
[3.778s] Level 1:colcon.colcon_core.environment:checking '/home/prog1/ros2_training/install/motor_handler/bin'
[3.778s] INFO:colcon.colcon_core.shell:Creating package script '/home/prog1/ros2_training/install/motor_handler/share/motor_handler/package.ps1'
[3.779s] INFO:colcon.colcon_core.shell:Creating package descriptor '/home/prog1/ros2_training/install/motor_handler/share/motor_handler/package.dsv'
[3.780s] INFO:colcon.colcon_core.shell:Creating package script '/home/prog1/ros2_training/install/motor_handler/share/motor_handler/package.sh'
[3.781s] INFO:colcon.colcon_core.shell:Creating package script '/home/prog1/ros2_training/install/motor_handler/share/motor_handler/package.bash'
[3.782s] INFO:colcon.colcon_core.shell:Creating package script '/home/prog1/ros2_training/install/motor_handler/share/motor_handler/package.zsh'
[3.782s] Level 1:colcon.colcon_core.environment:create_file_with_runtime_dependencies(/home/prog1/ros2_training/install/motor_handler/share/colcon-core/packages/motor_handler)
[4.872s] DEBUG:colcon.colcon_core.event_handler.log_command:Invoked command in '/home/prog1/ros2_training/build/motor_action' returned '0': CMAKE_PREFIX_PATH=${CMAKE_PREFIX_PATH}:/home/prog1/ros2_training/install/py_talker:/home/prog1/ros2_training/install/controller:/opt/ros/jazzy DEBUGINFOD_URLS=https://debuginfod.ubuntu.com /usr/bin/cmake /home/prog1/ros2_training/src/motor_action -DCMAKE_INSTALL_PREFIX=/home/prog1/ros2_training/install/motor_action
[4.873s] DEBUG:colcon.colcon_core.event_handler.log_command:Invoking command in '/home/prog1/ros2_training/build/motor_action': CMAKE_PREFIX_PATH=${CMAKE_PREFIX_PATH}:/home/prog1/ros2_training/install/py_talker:/home/prog1/ros2_training/install/controller:/opt/ros/jazzy DEBUGINFOD_URLS=https://debuginfod.ubuntu.com /usr/bin/cmake --build /home/prog1/ros2_training/build/motor_action -- -j2 -l2
[12.684s] DEBUG:colcon.colcon_core.event_handler.log_command:Invoked command in '/home/prog1/ros2_training/build/motor_action' returned '0': CMAKE_PREFIX_PATH=${CMAKE_PREFIX_PATH}:/home/prog1/ros2_training/install/py_talker:/home/prog1/ros2_training/install/controller:/opt/ros/jazzy DEBUGINFOD_URLS=https://debuginfod.ubuntu.com /usr/bin/cmake --build /home/prog1/ros2_training/build/motor_action -- -j2 -l2
[12.686s] DEBUG:colcon.colcon_core.event_handler.log_command:Invoking command in '/home/prog1/ros2_training/build/motor_action': CMAKE_PREFIX_PATH=${CMAKE_PREFIX_PATH}:/home/prog1/ros2_training/install/py_talker:/home/prog1/ros2_training/install/controller:/opt/ros/jazzy DEBUGINFOD_URLS=https://debuginfod.ubuntu.com /usr/bin/cmake --install /home/prog1/ros2_training/build/motor_action
[12.797s] Level 1:colcon.colcon_core.environment:create_environment_scripts_only(motor_action)
[12.797s] Level 1:colcon.colcon_core.environment:checking '/home/prog1/ros2_training/install/motor_action' for CMake module files
[12.798s] DEBUG:colcon.colcon_core.event_handler.log_command:Invoked command in '/home/prog1/ros2_training/build/motor_action' returned '0': CMAKE_PREFIX_PATH=${CMAKE_PREFIX_PATH}:/home/prog1/ros2_training/install/py_talker:/home/prog1/ros2_training/install/controller:/opt/ros/jazzy DEBUGINFOD_URLS=https://debuginfod.ubuntu.com /usr/bin/cmake --install /home/prog1/ros2_training/build/motor_action
[12.799s] Level 1:colcon.colcon_core.environment:checking '/home/prog1/ros2_training/install/motor_action' for CMake config files
[12.799s] Level 1:colcon.colcon_core.shell:create_environment_hook('motor_action', 'cmake_prefix_path')
[12.799s] INFO:colcon.colcon_core.shell:Creating environment hook '/home/prog1/ros2_training/install/motor_action/share/motor_action/hook/cmake_prefix_path.ps1'
[12.800s] INFO:colcon.colcon_core.shell:Creating environment descriptor '/home/prog1/ros2_training/install/motor_action/share/motor_action/hook/cmake_prefix_path.dsv'
[12.800s] INFO:colcon.colcon_core.shell:Creating environment hook '/home/prog1/ros2_training/install/motor_action/share/motor_action/hook/cmake_prefix_path.sh'
[12.801s] Level 1:colcon.colcon_core.environment:checking '/home/prog1/ros2_training/install/motor_action/lib'
[12.801s] Level 1:colcon.colcon_core.shell:create_environment_hook('motor_action', 'ld_library_path_lib')
[12.801s] INFO:colcon.colcon_core.shell:Creating environment hook '/home/prog1/ros2_training/install/motor_action/share/motor_action/hook/ld_library_path_lib.ps1'
[12.802s] INFO:colcon.colcon_core.shell:Creating environment descriptor '/home/prog1/ros2_training/install/motor_action/share/motor_action/hook/ld_library_path_lib.dsv'
[12.802s] INFO:colcon.colcon_core.shell:Creating environment hook '/home/prog1/ros2_training/install/motor_action/share/motor_action/hook/ld_library_path_lib.sh'
[12.803s] Level 1:colcon.colcon_core.environment:checking '/home/prog1/ros2_training/install/motor_action/bin'
[12.803s] Level 1:colcon.colcon_core.environment:checking '/home/prog1/ros2_training/install/motor_action/lib/pkgconfig/motor_action.pc'
[12.804s] Level 1:colcon.colcon_core.environment:checking '/home/prog1/ros2_training/install/motor_action/lib/python3.12/site-packages'
[12.804s] Level 1:colcon.colcon_core.shell:create_environment_hook('motor_action', 'pythonpath')
[12.804s] INFO:colcon.colcon_core.shell:Creating environment hook '/home/prog1/ros2_training/install/motor_action/share/motor_action/hook/pythonpath.ps1'
[12.805s] INFO:colcon.colcon_core.shell:Creating environment descriptor '/home/prog1/ros2_training/install/motor_action/share/motor_action/hook/pythonpath.dsv'
[12.805s] INFO:colcon.colcon_core.shell:Creating environment hook '/home/prog1/ros2_training/install/motor_action/share/motor_action/hook/pythonpath.sh'
[12.806s] Level 1:colcon.colcon_core.environment:checking '/home/prog1/ros2_training/install/motor_action/bin'
[12.806s] INFO:colcon.colcon_core.shell:Creating package script '/home/prog1/ros2_training/install/motor_action/share/motor_action/package.ps1'
[12.807s] INFO:colcon.colcon_core.shell:Creating package descriptor '/home/prog1/ros2_training/install/motor_action/share/motor_action/package.dsv'
[12.808s] INFO:colcon.colcon_core.shell:Creating package script '/home/prog1/ros2_training/install/motor_action/share/motor_action/package.sh'
[12.809s] INFO:colcon.colcon_core.shell:Creating package script '/home/prog1/ros2_training/install/motor_action/share/motor_action/package.bash'
[12.809s] INFO:colcon.colcon_core.shell:Creating package script '/home/prog1/ros2_training/install/motor_action/share/motor_action/package.zsh'
[12.809s] Level 1:colcon.colcon_core.environment:create_file_with_runtime_dependencies(/home/prog1/ros2_training/install/motor_action/share/colcon-core/packages/motor_action)
[12.810s] Level 1:colcon.colcon_core.environment:create_environment_scripts_only(motor_action)
[12.810s] Level 1:colcon.colcon_core.environment:checking '/home/prog1/ros2_training/install/motor_action' for CMake module files
[12.811s] Level 1:colcon.colcon_core.environment:checking '/home/prog1/ros2_training/install/motor_action' for CMake config files
[12.811s] Level 1:colcon.colcon_core.shell:create_environment_hook('motor_action', 'cmake_prefix_path')
[12.811s] INFO:colcon.colcon_core.shell:Creating environment hook '/home/prog1/ros2_training/install/motor_action/share/motor_action/hook/cmake_prefix_path.ps1'
[12.812s] INFO:colcon.colcon_core.shell:Creating environment descriptor '/home/prog1/ros2_training/install/motor_action/share/motor_action/hook/cmake_prefix_path.dsv'
[12.813s] INFO:colcon.colcon_core.shell:Creating environment hook '/home/prog1/ros2_training/install/motor_action/share/motor_action/hook/cmake_prefix_path.sh'
[12.813s] Level 1:colcon.colcon_core.environment:checking '/home/prog1/ros2_training/install/motor_action/lib'
[12.814s] Level 1:colcon.colcon_core.shell:create_environment_hook('motor_action', 'ld_library_path_lib')
[12.814s] INFO:colcon.colcon_core.shell:Creating environment hook '/home/prog1/ros2_training/install/motor_action/share/motor_action/hook/ld_library_path_lib.ps1'
[12.814s] INFO:colcon.colcon_core.shell:Creating environment descriptor '/home/prog1/ros2_training/install/motor_action/share/motor_action/hook/ld_library_path_lib.dsv'
[12.816s] INFO:colcon.colcon_core.shell:Creating environment hook '/home/prog1/ros2_training/install/motor_action/share/motor_action/hook/ld_library_path_lib.sh'
[12.816s] Level 1:colcon.colcon_core.environment:checking '/home/prog1/ros2_training/install/motor_action/bin'
[12.816s] Level 1:colcon.colcon_core.environment:checking '/home/prog1/ros2_training/install/motor_action/lib/pkgconfig/motor_action.pc'
[12.816s] Level 1:colcon.colcon_core.environment:checking '/home/prog1/ros2_training/install/motor_action/lib/python3.12/site-packages'
[12.817s] Level 1:colcon.colcon_core.shell:create_environment_hook('motor_action', 'pythonpath')
[12.817s] INFO:colcon.colcon_core.shell:Creating environment hook '/home/prog1/ros2_training/install/motor_action/share/motor_action/hook/pythonpath.ps1'
[12.817s] INFO:colcon.colcon_core.shell:Creating environment descriptor '/home/prog1/ros2_training/install/motor_action/share/motor_action/hook/pythonpath.dsv'
[12.818s] INFO:colcon.colcon_core.shell:Creating environment hook '/home/prog1/ros2_training/install/motor_action/share/motor_action/hook/pythonpath.sh'
[12.819s] Level 1:colcon.colcon_core.environment:checking '/home/prog1/ros2_training/install/motor_action/bin'
[12.819s] INFO:colcon.colcon_core.shell:Creating package script '/home/prog1/ros2_training/install/motor_action/share/motor_action/package.ps1'
[12.820s] INFO:colcon.colcon_core.shell:Creating package descriptor '/home/prog1/ros2_training/install/motor_action/share/motor_action/package.dsv'
[12.821s] INFO:colcon.colcon_core.shell:Creating package script '/home/prog1/ros2_training/install/motor_action/share/motor_action/package.sh'
[12.823s] INFO:colcon.colcon_core.shell:Creating package script '/home/prog1/ros2_training/install/motor_action/share/motor_action/package.bash'
[12.824s] INFO:colcon.colcon_core.shell:Creating package script '/home/prog1/ros2_training/install/motor_action/share/motor_action/package.zsh'
[12.825s] Level 1:colcon.colcon_core.environment:create_file_with_runtime_dependencies(/home/prog1/ros2_training/install/motor_action/share/colcon-core/packages/motor_action)
[12.825s] DEBUG:colcon.colcon_parallel_executor.executor.parallel:closing loop
[12.826s] DEBUG:colcon.colcon_parallel_executor.executor.parallel:loop closed
[12.826s] DEBUG:colcon.colcon_parallel_executor.executor.parallel:run_until_complete finished with '0'
[12.826s] DEBUG:colcon.colcon_core.event_reactor:joining thread
[12.832s] INFO:colcon.colcon_core.plugin_system:Skipping extension 'colcon_notification.desktop_notification.terminal_notifier': Not used on non-Darwin systems
[12.833s] INFO:colcon.colcon_core.plugin_system:Skipping extension 'colcon_notification.desktop_notification.win32': Not used on non-Windows systems
[12.833s] INFO:colcon.colcon_notification.desktop_notification:Sending desktop notification using 'notify2'
[12.872s] DEBUG:colcon.colcon_core.event_reactor:joined thread
[12.872s] INFO:colcon.colcon_core.shell:Creating prefix script '/home/prog1/ros2_training/install/local_setup.ps1'
[12.874s] INFO:colcon.colcon_core.shell:Creating prefix util module '/home/prog1/ros2_training/install/_local_setup_util_ps1.py'
[12.877s] INFO:colcon.colcon_core.shell:Creating prefix chain script '/home/prog1/ros2_training/install/setup.ps1'
[12.880s] INFO:colcon.colcon_core.shell:Creating prefix script '/home/prog1/ros2_training/install/local_setup.sh'
[12.886s] INFO:colcon.colcon_core.shell:Creating prefix util module '/home/prog1/ros2_training/install/_local_setup_util_sh.py'
[12.891s] INFO:colcon.colcon_core.shell:Creating prefix chain script '/home/prog1/ros2_training/install/setup.sh'
[12.897s] INFO:colcon.colcon_core.shell:Creating prefix script '/home/prog1/ros2_training/install/local_setup.bash'
[12.898s] INFO:colcon.colcon_core.shell:Creating prefix chain script '/home/prog1/ros2_training/install/setup.bash'
[12.900s] INFO:colcon.colcon_core.shell:Creating prefix script '/home/prog1/ros2_training/install/local_setup.zsh'
[12.901s] INFO:colcon.colcon_core.shell:Creating prefix chain script '/home/prog1/ros2_training/install/setup.zsh'
