[0.024s] Invoking command in '/home/prog1/ros2_training/build/motor_action': CMAKE_PREFIX_PATH=${CMAKE_PREFIX_PATH}:/home/prog1/ros2_training/install/py_talker:/home/prog1/ros2_training/install/controller:/opt/ros/jazzy DEBUGINFOD_URLS=https://debuginfod.ubuntu.com /usr/bin/cmake --build /home/prog1/ros2_training/build/motor_action -- -j2 -l2
[0.110s] [  2%] Built target motor_action__rosidl_generator_type_description
[0.133s] [  5%] Built target motor_action__rs
[0.166s] [  8%] Built target motor_action__cpp
[0.185s] [  8%] Built target ament_cmake_python_copy_motor_action
[0.226s] [ 22%] Built target motor_action__rosidl_generator_c
[0.298s] [ 31%] Built target motor_action__rosidl_typesupport_cpp
[0.371s] [ 40%] Built target motor_action__rosidl_typesupport_fastrtps_c
[0.432s] [ 48%] Built target motor_action__rosidl_typesupport_introspection_c
[0.502s] [ 57%] Built target motor_action__rosidl_typesupport_c
[0.575s] [ 65%] Built target motor_action__rosidl_typesupport_fastrtps_cpp
[0.581s] running egg_info
[0.630s] writing motor_action.egg-info/PKG-INFO
[0.632s] writing dependency_links to motor_action.egg-info/dependency_links.txt
[0.632s] writing top-level names to motor_action.egg-info/top_level.txt
[0.644s] [ 74%] Built target motor_action__rosidl_typesupport_introspection_cpp
[0.710s] [ 74%] Built target motor_action
[0.735s] reading manifest file 'motor_action.egg-info/SOURCES.txt'
[0.736s] writing manifest file 'motor_action.egg-info/SOURCES.txt'
[0.773s] [ 77%] Built target motor_action__py
[0.787s] [ 77%] Built target ament_cmake_python_build_motor_action_egg
[0.815s] [ 82%] Built target motor_action__rosidl_generator_py
[0.868s] [ 88%] Built target motor_action_s__rosidl_typesupport_fastrtps_c
[0.886s] [ 94%] Built target motor_action_s__rosidl_typesupport_introspection_c
[0.911s] [100%] Built target motor_action_s__rosidl_typesupport_c
[0.928s] Invoked command in '/home/prog1/ros2_training/build/motor_action' returned '0': CMAKE_PREFIX_PATH=${CMAKE_PREFIX_PATH}:/home/prog1/ros2_training/install/py_talker:/home/prog1/ros2_training/install/controller:/opt/ros/jazzy DEBUGINFOD_URLS=https://debuginfod.ubuntu.com /usr/bin/cmake --build /home/prog1/ros2_training/build/motor_action -- -j2 -l2
[0.942s] Invoking command in '/home/prog1/ros2_training/build/motor_action': CMAKE_PREFIX_PATH=${CMAKE_PREFIX_PATH}:/home/prog1/ros2_training/install/py_talker:/home/prog1/ros2_training/install/controller:/opt/ros/jazzy DEBUGINFOD_URLS=https://debuginfod.ubuntu.com /usr/bin/cmake --install /home/prog1/ros2_training/build/motor_action
[0.955s] -- Install configuration: ""
[0.956s] -- Up-to-date: /home/prog1/ros2_training/install/motor_action/share/ament_index/resource_index/rosidl_interfaces/motor_action
[0.956s] -- Up-to-date: /home/prog1/ros2_training/install/motor_action/share/motor_action/action/Move.json
[0.956s] -- Up-to-date: /home/prog1/ros2_training/install/motor_action/include/motor_action/motor_action
[0.956s] -- Up-to-date: /home/prog1/ros2_training/install/motor_action/include/motor_action/motor_action/msg
[0.958s] -- Up-to-date: /home/prog1/ros2_training/install/motor_action/include/motor_action/motor_action/msg/rosidl_generator_c__visibility_control.h
[0.958s] -- Up-to-date: /home/prog1/ros2_training/install/motor_action/include/motor_action/motor_action/action
[0.959s] -- Up-to-date: /home/prog1/ros2_training/install/motor_action/include/motor_action/motor_action/action/rotate.h
[0.959s] -- Up-to-date: /home/prog1/ros2_training/install/motor_action/include/motor_action/motor_action/action/move.h
[0.959s] -- Up-to-date: /home/prog1/ros2_training/install/motor_action/include/motor_action/motor_action/action/detail
[0.959s] -- Up-to-date: /home/prog1/ros2_training/install/motor_action/include/motor_action/motor_action/action/detail/move__functions.c
[0.959s] -- Installing: /home/prog1/ros2_training/install/motor_action/include/motor_action/motor_action/action/detail/move__type_support.c
[0.961s] -- Up-to-date: /home/prog1/ros2_training/install/motor_action/include/motor_action/motor_action/action/detail/rotate__type_support.h
[0.961s] -- Up-to-date: /home/prog1/ros2_training/install/motor_action/include/motor_action/motor_action/action/detail/rotate__struct.h
[0.961s] -- Up-to-date: /home/prog1/ros2_training/install/motor_action/include/motor_action/motor_action/action/detail/move__type_support.h
[0.961s] -- Up-to-date: /home/prog1/ros2_training/install/motor_action/include/motor_action/motor_action/action/detail/move__struct.h
[0.961s] -- Up-to-date: /home/prog1/ros2_training/install/motor_action/include/motor_action/motor_action/action/detail/rotate__description.c
[0.962s] -- Up-to-date: /home/prog1/ros2_training/install/motor_action/include/motor_action/motor_action/action/detail/rotate__functions.h
[0.962s] -- Up-to-date: /home/prog1/ros2_training/install/motor_action/include/motor_action/motor_action/action/detail/rotate__functions.c
[0.962s] -- Up-to-date: /home/prog1/ros2_training/install/motor_action/include/motor_action/motor_action/action/detail/rotate__type_support.c
[0.962s] -- Up-to-date: /home/prog1/ros2_training/install/motor_action/include/motor_action/motor_action/action/detail/move__functions.h
[0.962s] -- Up-to-date: /home/prog1/ros2_training/install/motor_action/include/motor_action/motor_action/action/detail/move__description.c
[0.962s] -- Up-to-date: /home/prog1/ros2_training/install/motor_action/share/motor_action/environment/library_path.sh
[0.962s] -- Up-to-date: /home/prog1/ros2_training/install/motor_action/share/motor_action/environment/library_path.dsv
[0.963s] -- Up-to-date: /home/prog1/ros2_training/install/motor_action/lib/libmotor_action__rosidl_generator_c.so
[0.965s] -- Up-to-date: /home/prog1/ros2_training/install/motor_action/include/motor_action/motor_action
[0.965s] -- Up-to-date: /home/prog1/ros2_training/install/motor_action/include/motor_action/motor_action/msg
[0.965s] -- Up-to-date: /home/prog1/ros2_training/install/motor_action/include/motor_action/motor_action/msg/rosidl_typesupport_fastrtps_c__visibility_control.h
[0.965s] -- Up-to-date: /home/prog1/ros2_training/install/motor_action/include/motor_action/motor_action/action
[0.966s] -- Up-to-date: /home/prog1/ros2_training/install/motor_action/include/motor_action/motor_action/action/detail
[0.966s] -- Up-to-date: /home/prog1/ros2_training/install/motor_action/include/motor_action/motor_action/action/detail/rotate__rosidl_typesupport_fastrtps_c.h
[0.966s] -- Up-to-date: /home/prog1/ros2_training/install/motor_action/include/motor_action/motor_action/action/detail/move__rosidl_typesupport_fastrtps_c.h
[0.966s] -- Up-to-date: /home/prog1/ros2_training/install/motor_action/lib/libmotor_action__rosidl_typesupport_fastrtps_c.so
[0.966s] -- Up-to-date: /home/prog1/ros2_training/install/motor_action/include/motor_action/motor_action
[0.966s] -- Up-to-date: /home/prog1/ros2_training/install/motor_action/include/motor_action/motor_action/msg
[0.966s] -- Up-to-date: /home/prog1/ros2_training/install/motor_action/include/motor_action/motor_action/msg/rosidl_typesupport_introspection_c__visibility_control.h
[0.966s] -- Up-to-date: /home/prog1/ros2_training/install/motor_action/include/motor_action/motor_action/action
[0.967s] -- Up-to-date: /home/prog1/ros2_training/install/motor_action/include/motor_action/motor_action/action/detail
[0.967s] -- Up-to-date: /home/prog1/ros2_training/install/motor_action/include/motor_action/motor_action/action/detail/move__rosidl_typesupport_introspection_c.h
[0.967s] -- Installing: /home/prog1/ros2_training/install/motor_action/include/motor_action/motor_action/action/detail/move__type_support.c
[0.970s] -- Up-to-date: /home/prog1/ros2_training/install/motor_action/include/motor_action/motor_action/action/detail/rotate__rosidl_typesupport_introspection_c.h
[0.970s] -- Up-to-date: /home/prog1/ros2_training/install/motor_action/include/motor_action/motor_action/action/detail/rotate__type_support.c
[0.970s] -- Up-to-date: /home/prog1/ros2_training/install/motor_action/lib/libmotor_action__rosidl_typesupport_introspection_c.so
[0.970s] -- Up-to-date: /home/prog1/ros2_training/install/motor_action/lib/libmotor_action__rosidl_typesupport_c.so
[0.970s] -- Up-to-date: /home/prog1/ros2_training/install/motor_action/include/motor_action/motor_action
[0.970s] -- Up-to-date: /home/prog1/ros2_training/install/motor_action/include/motor_action/motor_action/msg
[0.970s] -- Up-to-date: /home/prog1/ros2_training/install/motor_action/include/motor_action/motor_action/msg/rosidl_generator_cpp__visibility_control.hpp
[0.970s] -- Up-to-date: /home/prog1/ros2_training/install/motor_action/include/motor_action/motor_action/action
[0.971s] -- Up-to-date: /home/prog1/ros2_training/install/motor_action/include/motor_action/motor_action/action/rotate.hpp
[0.971s] -- Up-to-date: /home/prog1/ros2_training/install/motor_action/include/motor_action/motor_action/action/move.hpp
[0.971s] -- Up-to-date: /home/prog1/ros2_training/install/motor_action/include/motor_action/motor_action/action/detail
[0.975s] -- Up-to-date: /home/prog1/ros2_training/install/motor_action/include/motor_action/motor_action/action/detail/move__traits.hpp
[0.975s] -- Up-to-date: /home/prog1/ros2_training/install/motor_action/include/motor_action/motor_action/action/detail/move__builder.hpp
[0.975s] -- Up-to-date: /home/prog1/ros2_training/install/motor_action/include/motor_action/motor_action/action/detail/move__type_support.hpp
[0.975s] -- Up-to-date: /home/prog1/ros2_training/install/motor_action/include/motor_action/motor_action/action/detail/rotate__builder.hpp
[0.975s] -- Up-to-date: /home/prog1/ros2_training/install/motor_action/include/motor_action/motor_action/action/detail/rotate__struct.hpp
[0.975s] -- Up-to-date: /home/prog1/ros2_training/install/motor_action/include/motor_action/motor_action/action/detail/move__struct.hpp
[0.975s] -- Up-to-date: /home/prog1/ros2_training/install/motor_action/include/motor_action/motor_action/action/detail/rotate__type_support.hpp
[0.975s] -- Up-to-date: /home/prog1/ros2_training/install/motor_action/include/motor_action/motor_action/action/detail/rotate__traits.hpp
[0.975s] -- Up-to-date: /home/prog1/ros2_training/install/motor_action/include/motor_action/motor_action
[0.975s] -- Up-to-date: /home/prog1/ros2_training/install/motor_action/include/motor_action/motor_action/msg
[0.976s] -- Up-to-date: /home/prog1/ros2_training/install/motor_action/include/motor_action/motor_action/msg/rosidl_typesupport_fastrtps_cpp__visibility_control.h
[0.976s] -- Up-to-date: /home/prog1/ros2_training/install/motor_action/include/motor_action/motor_action/action
[0.976s] -- Up-to-date: /home/prog1/ros2_training/install/motor_action/include/motor_action/motor_action/action/detail
[0.976s] -- Up-to-date: /home/prog1/ros2_training/install/motor_action/include/motor_action/motor_action/action/detail/rotate__rosidl_typesupport_fastrtps_cpp.hpp
[0.976s] -- Up-to-date: /home/prog1/ros2_training/install/motor_action/include/motor_action/motor_action/action/detail/move__rosidl_typesupport_fastrtps_cpp.hpp
[0.976s] -- Up-to-date: /home/prog1/ros2_training/install/motor_action/include/motor_action/motor_action/action/detail/dds_fastrtps
[0.978s] -- Up-to-date: /home/prog1/ros2_training/install/motor_action/lib/libmotor_action__rosidl_typesupport_fastrtps_cpp.so
[0.978s] -- Up-to-date: /home/prog1/ros2_training/install/motor_action/include/motor_action/motor_action
[0.979s] -- Up-to-date: /home/prog1/ros2_training/install/motor_action/include/motor_action/motor_action/action
[0.979s] -- Up-to-date: /home/prog1/ros2_training/install/motor_action/include/motor_action/motor_action/action/detail
[0.979s] -- Up-to-date: /home/prog1/ros2_training/install/motor_action/include/motor_action/motor_action/action/detail/move__rosidl_typesupport_introspection_cpp.hpp
[0.979s] -- Up-to-date: /home/prog1/ros2_training/install/motor_action/include/motor_action/motor_action/action/detail/rotate__type_support.cpp
[0.979s] -- Up-to-date: /home/prog1/ros2_training/install/motor_action/include/motor_action/motor_action/action/detail/move__type_support.cpp
[0.979s] -- Up-to-date: /home/prog1/ros2_training/install/motor_action/include/motor_action/motor_action/action/detail/rotate__rosidl_typesupport_introspection_cpp.hpp
[0.979s] -- Up-to-date: /home/prog1/ros2_training/install/motor_action/lib/libmotor_action__rosidl_typesupport_introspection_cpp.so
[0.979s] -- Up-to-date: /home/prog1/ros2_training/install/motor_action/lib/libmotor_action__rosidl_typesupport_cpp.so
[0.979s] -- Up-to-date: /home/prog1/ros2_training/install/motor_action/share/motor_action/environment/pythonpath.sh
[0.979s] -- Up-to-date: /home/prog1/ros2_training/install/motor_action/share/motor_action/environment/pythonpath.dsv
[0.979s] -- Up-to-date: /home/prog1/ros2_training/install/motor_action/lib/python3.12/site-packages/motor_action-0.0.0-py3.12.egg-info
[0.979s] -- Installing: /home/prog1/ros2_training/install/motor_action/lib/python3.12/site-packages/motor_action-0.0.0-py3.12.egg-info/dependency_links.txt
[0.980s] -- Installing: /home/prog1/ros2_training/install/motor_action/lib/python3.12/site-packages/motor_action-0.0.0-py3.12.egg-info/PKG-INFO
[0.982s] -- Installing: /home/prog1/ros2_training/install/motor_action/lib/python3.12/site-packages/motor_action-0.0.0-py3.12.egg-info/SOURCES.txt
[0.982s] -- Installing: /home/prog1/ros2_training/install/motor_action/lib/python3.12/site-packages/motor_action-0.0.0-py3.12.egg-info/top_level.txt
[0.982s] -- Up-to-date: /home/prog1/ros2_training/install/motor_action/lib/python3.12/site-packages/motor_action
[0.982s] -- Up-to-date: /home/prog1/ros2_training/install/motor_action/lib/python3.12/site-packages/motor_action/_motor_action_s.ep.rosidl_typesupport_introspection_c.c
[0.982s] -- Up-to-date: /home/prog1/ros2_training/install/motor_action/lib/python3.12/site-packages/motor_action/motor_action_s__rosidl_typesupport_c.so
[0.982s] -- Up-to-date: /home/prog1/ros2_training/install/motor_action/lib/python3.12/site-packages/motor_action/_motor_action_s.ep.rosidl_typesupport_fastrtps_c.c
[0.982s] -- Up-to-date: /home/prog1/ros2_training/install/motor_action/lib/python3.12/site-packages/motor_action/__init__.py
[0.982s] -- Up-to-date: /home/prog1/ros2_training/install/motor_action/lib/python3.12/site-packages/motor_action/_motor_action_s.ep.rosidl_typesupport_c.c
[0.982s] -- Up-to-date: /home/prog1/ros2_training/install/motor_action/lib/python3.12/site-packages/motor_action/motor_action_s__rosidl_typesupport_introspection_c.so
[0.983s] -- Up-to-date: /home/prog1/ros2_training/install/motor_action/lib/python3.12/site-packages/motor_action/motor_action_s__rosidl_typesupport_fastrtps_c.so
[0.983s] -- Up-to-date: /home/prog1/ros2_training/install/motor_action/lib/python3.12/site-packages/motor_action/action
[0.983s] -- Up-to-date: /home/prog1/ros2_training/install/motor_action/lib/python3.12/site-packages/motor_action/action/_move_s.c
[0.983s] -- Up-to-date: /home/prog1/ros2_training/install/motor_action/lib/python3.12/site-packages/motor_action/action/_rotate_s.c
[0.983s] -- Up-to-date: /home/prog1/ros2_training/install/motor_action/lib/python3.12/site-packages/motor_action/action/__init__.py
[0.983s] -- Up-to-date: /home/prog1/ros2_training/install/motor_action/lib/python3.12/site-packages/motor_action/action/_move.py
[0.983s] -- Up-to-date: /home/prog1/ros2_training/install/motor_action/lib/python3.12/site-packages/motor_action/action/_rotate.py
[1.010s] Listing '/home/prog1/ros2_training/install/motor_action/lib/python3.12/site-packages/motor_action'...
[1.010s] Listing '/home/prog1/ros2_training/install/motor_action/lib/python3.12/site-packages/motor_action/action'...
[1.015s] -- Up-to-date: /home/prog1/ros2_training/install/motor_action/lib/python3.12/site-packages/motor_action/motor_action_s__rosidl_typesupport_fastrtps_c.so
[1.016s] -- Up-to-date: /home/prog1/ros2_training/install/motor_action/lib/python3.12/site-packages/motor_action/motor_action_s__rosidl_typesupport_introspection_c.so
[1.016s] -- Up-to-date: /home/prog1/ros2_training/install/motor_action/lib/python3.12/site-packages/motor_action/motor_action_s__rosidl_typesupport_c.so
[1.017s] -- Up-to-date: /home/prog1/ros2_training/install/motor_action/lib/libmotor_action__rosidl_generator_py.so
[1.017s] -- Up-to-date: /home/prog1/ros2_training/install/motor_action/share/ament_index/resource_index/rust_packages/motor_action
[1.018s] -- Up-to-date: /home/prog1/ros2_training/install/motor_action/share/motor_action/rust
[1.018s] -- Up-to-date: /home/prog1/ros2_training/install/motor_action/share/motor_action/rust/src
[1.018s] -- Up-to-date: /home/prog1/ros2_training/install/motor_action/share/motor_action/rust/src/lib.rs
[1.018s] -- Up-to-date: /home/prog1/ros2_training/install/motor_action/share/motor_action/rust/src/action.rs
[1.018s] -- Up-to-date: /home/prog1/ros2_training/install/motor_action/share/motor_action/rust/src/action
[1.019s] -- Up-to-date: /home/prog1/ros2_training/install/motor_action/share/motor_action/rust/src/action/rmw.rs
[1.019s] -- Up-to-date: /home/prog1/ros2_training/install/motor_action/share/motor_action/rust/Cargo.toml
[1.021s] -- Up-to-date: /home/prog1/ros2_training/install/motor_action/share/motor_action/rust/build.rs
[1.022s] -- Up-to-date: /home/prog1/ros2_training/install/motor_action/share/motor_action/action/Move.idl
[1.022s] -- Up-to-date: /home/prog1/ros2_training/install/motor_action/share/motor_action/action/Move.action
[1.022s] -- Up-to-date: /home/prog1/ros2_training/install/motor_action/share/ament_index/resource_index/package_run_dependencies/motor_action
[1.022s] -- Up-to-date: /home/prog1/ros2_training/install/motor_action/share/ament_index/resource_index/parent_prefix_path/motor_action
[1.022s] -- Up-to-date: /home/prog1/ros2_training/install/motor_action/share/motor_action/environment/ament_prefix_path.sh
[1.022s] -- Up-to-date: /home/prog1/ros2_training/install/motor_action/share/motor_action/environment/ament_prefix_path.dsv
[1.025s] -- Up-to-date: /home/prog1/ros2_training/install/motor_action/share/motor_action/environment/path.sh
[1.026s] -- Up-to-date: /home/prog1/ros2_training/install/motor_action/share/motor_action/environment/path.dsv
[1.026s] -- Up-to-date: /home/prog1/ros2_training/install/motor_action/share/motor_action/local_setup.bash
[1.026s] -- Up-to-date: /home/prog1/ros2_training/install/motor_action/share/motor_action/local_setup.sh
[1.026s] -- Up-to-date: /home/prog1/ros2_training/install/motor_action/share/motor_action/local_setup.zsh
[1.026s] -- Up-to-date: /home/prog1/ros2_training/install/motor_action/share/motor_action/local_setup.dsv
[1.026s] -- Installing: /home/prog1/ros2_training/install/motor_action/share/motor_action/package.dsv
[1.026s] -- Up-to-date: /home/prog1/ros2_training/install/motor_action/share/ament_index/resource_index/packages/motor_action
[1.026s] -- Up-to-date: /home/prog1/ros2_training/install/motor_action/share/motor_action/cmake/export_motor_action__rosidl_generator_cExport.cmake
[1.026s] -- Up-to-date: /home/prog1/ros2_training/install/motor_action/share/motor_action/cmake/export_motor_action__rosidl_generator_cExport-noconfig.cmake
[1.026s] -- Up-to-date: /home/prog1/ros2_training/install/motor_action/share/motor_action/cmake/export_motor_action__rosidl_typesupport_fastrtps_cExport.cmake
[1.026s] -- Up-to-date: /home/prog1/ros2_training/install/motor_action/share/motor_action/cmake/export_motor_action__rosidl_typesupport_fastrtps_cExport-noconfig.cmake
[1.026s] -- Up-to-date: /home/prog1/ros2_training/install/motor_action/share/motor_action/cmake/motor_action__rosidl_typesupport_introspection_cExport.cmake
[1.027s] -- Up-to-date: /home/prog1/ros2_training/install/motor_action/share/motor_action/cmake/motor_action__rosidl_typesupport_introspection_cExport-noconfig.cmake
[1.027s] -- Up-to-date: /home/prog1/ros2_training/install/motor_action/share/motor_action/cmake/motor_action__rosidl_typesupport_cExport.cmake
[1.027s] -- Up-to-date: /home/prog1/ros2_training/install/motor_action/share/motor_action/cmake/motor_action__rosidl_typesupport_cExport-noconfig.cmake
[1.027s] -- Up-to-date: /home/prog1/ros2_training/install/motor_action/share/motor_action/cmake/export_motor_action__rosidl_generator_cppExport.cmake
[1.027s] -- Up-to-date: /home/prog1/ros2_training/install/motor_action/share/motor_action/cmake/export_motor_action__rosidl_typesupport_fastrtps_cppExport.cmake
[1.027s] -- Up-to-date: /home/prog1/ros2_training/install/motor_action/share/motor_action/cmake/export_motor_action__rosidl_typesupport_fastrtps_cppExport-noconfig.cmake
[1.027s] -- Up-to-date: /home/prog1/ros2_training/install/motor_action/share/motor_action/cmake/motor_action__rosidl_typesupport_introspection_cppExport.cmake
[1.027s] -- Up-to-date: /home/prog1/ros2_training/install/motor_action/share/motor_action/cmake/motor_action__rosidl_typesupport_introspection_cppExport-noconfig.cmake
[1.028s] -- Up-to-date: /home/prog1/ros2_training/install/motor_action/share/motor_action/cmake/motor_action__rosidl_typesupport_cppExport.cmake
[1.028s] -- Up-to-date: /home/prog1/ros2_training/install/motor_action/share/motor_action/cmake/motor_action__rosidl_typesupport_cppExport-noconfig.cmake
[1.028s] -- Up-to-date: /home/prog1/ros2_training/install/motor_action/share/motor_action/cmake/export_motor_action__rosidl_generator_pyExport.cmake
[1.028s] -- Up-to-date: /home/prog1/ros2_training/install/motor_action/share/motor_action/cmake/export_motor_action__rosidl_generator_pyExport-noconfig.cmake
[1.028s] -- Up-to-date: /home/prog1/ros2_training/install/motor_action/share/motor_action/cmake/rosidl_cmake-extras.cmake
[1.029s] -- Up-to-date: /home/prog1/ros2_training/install/motor_action/share/motor_action/cmake/ament_cmake_export_dependencies-extras.cmake
[1.029s] -- Up-to-date: /home/prog1/ros2_training/install/motor_action/share/motor_action/cmake/ament_cmake_export_include_directories-extras.cmake
[1.029s] -- Up-to-date: /home/prog1/ros2_training/install/motor_action/share/motor_action/cmake/ament_cmake_export_libraries-extras.cmake
[1.029s] -- Up-to-date: /home/prog1/ros2_training/install/motor_action/share/motor_action/cmake/ament_cmake_export_targets-extras.cmake
[1.030s] -- Up-to-date: /home/prog1/ros2_training/install/motor_action/share/motor_action/cmake/rosidl_cmake_export_typesupport_targets-extras.cmake
[1.030s] -- Up-to-date: /home/prog1/ros2_training/install/motor_action/share/motor_action/cmake/rosidl_cmake_export_typesupport_libraries-extras.cmake
[1.030s] -- Up-to-date: /home/prog1/ros2_training/install/motor_action/share/motor_action/cmake/motor_actionConfig.cmake
[1.030s] -- Up-to-date: /home/prog1/ros2_training/install/motor_action/share/motor_action/cmake/motor_actionConfig-version.cmake
[1.030s] -- Up-to-date: /home/prog1/ros2_training/install/motor_action/share/motor_action/package.xml
[1.032s] Invoked command in '/home/prog1/ros2_training/build/motor_action' returned '0': CMAKE_PREFIX_PATH=${CMAKE_PREFIX_PATH}:/home/prog1/ros2_training/install/py_talker:/home/prog1/ros2_training/install/controller:/opt/ros/jazzy DEBUGINFOD_URLS=https://debuginfod.ubuntu.com /usr/bin/cmake --install /home/prog1/ros2_training/build/motor_action
