[0.020s] Invoking command in '/home/prog1/ros2_training/build/motor_action': CMAKE_PREFIX_PATH=${CMAKE_PREFIX_PATH}:/home/prog1/ros2_training/install/py_talker:/home/prog1/ros2_training/install/controller:/opt/ros/jazzy DEBUGINFOD_URLS=https://debuginfod.ubuntu.com /usr/bin/cmake --build /home/prog1/ros2_training/build/motor_action -- -j2 -l2
[0.113s] [  2%] Built target motor_action__rs
[0.133s] [  5%] Built target motor_action__rosidl_generator_type_description
[0.178s] [  5%] Built target ament_cmake_python_copy_motor_action
[0.193s] [  8%] Built target motor_action__cpp
[0.221s] [ 22%] Built target motor_action__rosidl_generator_c
[0.257s] [ 31%] Built target motor_action__rosidl_typesupport_cpp
[0.293s] [ 40%] Built target motor_action__rosidl_typesupport_fastrtps_c
[0.322s] [ 48%] Built target motor_action__rosidl_typesupport_introspection_c
[0.356s] [ 57%] Built target motor_action__rosidl_typesupport_c
[0.390s] [ 65%] Built target motor_action__rosidl_typesupport_fastrtps_cpp
[0.424s] [ 74%] Built target motor_action__rosidl_typesupport_introspection_cpp
[0.454s] [ 74%] Built target motor_action
[0.483s] [ 77%] Built target motor_action__py
[0.547s] [ 82%] Built target motor_action__rosidl_generator_py
[0.626s] [ 88%] Built target motor_action_s__rosidl_typesupport_fastrtps_c
[0.664s] running egg_info
[0.701s] [ 94%] Built target motor_action_s__rosidl_typesupport_introspection_c
[0.702s] writing motor_action.egg-info/PKG-INFO
[0.705s] writing dependency_links to motor_action.egg-info/dependency_links.txt
[0.706s] writing top-level names to motor_action.egg-info/top_level.txt
[0.772s] [100%] Built target motor_action_s__rosidl_typesupport_c
[0.796s] reading manifest file 'motor_action.egg-info/SOURCES.txt'
[0.796s] writing manifest file 'motor_action.egg-info/SOURCES.txt'
[0.832s] [100%] Built target ament_cmake_python_build_motor_action_egg
[0.848s] Invoked command in '/home/prog1/ros2_training/build/motor_action' returned '0': CMAKE_PREFIX_PATH=${CMAKE_PREFIX_PATH}:/home/prog1/ros2_training/install/py_talker:/home/prog1/ros2_training/install/controller:/opt/ros/jazzy DEBUGINFOD_URLS=https://debuginfod.ubuntu.com /usr/bin/cmake --build /home/prog1/ros2_training/build/motor_action -- -j2 -l2
[0.864s] Invoking command in '/home/prog1/ros2_training/build/motor_action': CMAKE_PREFIX_PATH=${CMAKE_PREFIX_PATH}:/home/prog1/ros2_training/install/py_talker:/home/prog1/ros2_training/install/controller:/opt/ros/jazzy DEBUGINFOD_URLS=https://debuginfod.ubuntu.com /usr/bin/cmake --install /home/prog1/ros2_training/build/motor_action
[0.877s] -- Install configuration: ""
[0.877s] -- Up-to-date: /home/prog1/ros2_training/install/motor_action/share/ament_index/resource_index/rosidl_interfaces/motor_action
[0.877s] -- Up-to-date: /home/prog1/ros2_training/install/motor_action/share/motor_action/action/Move.json
[0.877s] -- Up-to-date: /home/prog1/ros2_training/install/motor_action/include/motor_action/motor_action
[0.877s] -- Up-to-date: /home/prog1/ros2_training/install/motor_action/include/motor_action/motor_action/msg
[0.877s] -- Up-to-date: /home/prog1/ros2_training/install/motor_action/include/motor_action/motor_action/msg/rosidl_generator_c__visibility_control.h
[0.877s] -- Up-to-date: /home/prog1/ros2_training/install/motor_action/include/motor_action/motor_action/action
[0.877s] -- Up-to-date: /home/prog1/ros2_training/install/motor_action/include/motor_action/motor_action/action/rotate.h
[0.877s] -- Up-to-date: /home/prog1/ros2_training/install/motor_action/include/motor_action/motor_action/action/move.h
[0.877s] -- Up-to-date: /home/prog1/ros2_training/install/motor_action/include/motor_action/motor_action/action/detail
[0.878s] -- Up-to-date: /home/prog1/ros2_training/install/motor_action/include/motor_action/motor_action/action/detail/move__functions.c
[0.878s] -- Installing: /home/prog1/ros2_training/install/motor_action/include/motor_action/motor_action/action/detail/move__type_support.c
[0.878s] -- Up-to-date: /home/prog1/ros2_training/install/motor_action/include/motor_action/motor_action/action/detail/rotate__type_support.h
[0.879s] -- Up-to-date: /home/prog1/ros2_training/install/motor_action/include/motor_action/motor_action/action/detail/rotate__struct.h
[0.880s] -- Up-to-date: /home/prog1/ros2_training/install/motor_action/include/motor_action/motor_action/action/detail/move__type_support.h
[0.880s] -- Up-to-date: /home/prog1/ros2_training/install/motor_action/include/motor_action/motor_action/action/detail/move__struct.h
[0.880s] -- Up-to-date: /home/prog1/ros2_training/install/motor_action/include/motor_action/motor_action/action/detail/rotate__description.c
[0.882s] -- Up-to-date: /home/prog1/ros2_training/install/motor_action/include/motor_action/motor_action/action/detail/rotate__functions.h
[0.882s] -- Up-to-date: /home/prog1/ros2_training/install/motor_action/include/motor_action/motor_action/action/detail/rotate__functions.c
[0.882s] -- Up-to-date: /home/prog1/ros2_training/install/motor_action/include/motor_action/motor_action/action/detail/rotate__type_support.c
[0.883s] -- Up-to-date: /home/prog1/ros2_training/install/motor_action/include/motor_action/motor_action/action/detail/move__functions.h
[0.883s] -- Up-to-date: /home/prog1/ros2_training/install/motor_action/include/motor_action/motor_action/action/detail/move__description.c
[0.883s] -- Up-to-date: /home/prog1/ros2_training/install/motor_action/share/motor_action/environment/library_path.sh
[0.886s] -- Up-to-date: /home/prog1/ros2_training/install/motor_action/share/motor_action/environment/library_path.dsv
[0.886s] -- Up-to-date: /home/prog1/ros2_training/install/motor_action/lib/libmotor_action__rosidl_generator_c.so
[0.886s] -- Up-to-date: /home/prog1/ros2_training/install/motor_action/include/motor_action/motor_action
[0.886s] -- Up-to-date: /home/prog1/ros2_training/install/motor_action/include/motor_action/motor_action/msg
[0.886s] -- Up-to-date: /home/prog1/ros2_training/install/motor_action/include/motor_action/motor_action/msg/rosidl_typesupport_fastrtps_c__visibility_control.h
[0.886s] -- Up-to-date: /home/prog1/ros2_training/install/motor_action/include/motor_action/motor_action/action
[0.886s] -- Up-to-date: /home/prog1/ros2_training/install/motor_action/include/motor_action/motor_action/action/detail
[0.886s] -- Up-to-date: /home/prog1/ros2_training/install/motor_action/include/motor_action/motor_action/action/detail/rotate__rosidl_typesupport_fastrtps_c.h
[0.886s] -- Up-to-date: /home/prog1/ros2_training/install/motor_action/include/motor_action/motor_action/action/detail/move__rosidl_typesupport_fastrtps_c.h
[0.886s] -- Up-to-date: /home/prog1/ros2_training/install/motor_action/lib/libmotor_action__rosidl_typesupport_fastrtps_c.so
[0.886s] -- Up-to-date: /home/prog1/ros2_training/install/motor_action/include/motor_action/motor_action
[0.887s] -- Up-to-date: /home/prog1/ros2_training/install/motor_action/include/motor_action/motor_action/msg
[0.887s] -- Up-to-date: /home/prog1/ros2_training/install/motor_action/include/motor_action/motor_action/msg/rosidl_typesupport_introspection_c__visibility_control.h
[0.887s] -- Up-to-date: /home/prog1/ros2_training/install/motor_action/include/motor_action/motor_action/action
[0.887s] -- Up-to-date: /home/prog1/ros2_training/install/motor_action/include/motor_action/motor_action/action/detail
[0.887s] -- Up-to-date: /home/prog1/ros2_training/install/motor_action/include/motor_action/motor_action/action/detail/move__rosidl_typesupport_introspection_c.h
[0.887s] -- Installing: /home/prog1/ros2_training/install/motor_action/include/motor_action/motor_action/action/detail/move__type_support.c
[0.887s] -- Up-to-date: /home/prog1/ros2_training/install/motor_action/include/motor_action/motor_action/action/detail/rotate__rosidl_typesupport_introspection_c.h
[0.887s] -- Up-to-date: /home/prog1/ros2_training/install/motor_action/include/motor_action/motor_action/action/detail/rotate__type_support.c
[0.887s] -- Up-to-date: /home/prog1/ros2_training/install/motor_action/lib/libmotor_action__rosidl_typesupport_introspection_c.so
[0.887s] -- Up-to-date: /home/prog1/ros2_training/install/motor_action/lib/libmotor_action__rosidl_typesupport_c.so
[0.888s] -- Up-to-date: /home/prog1/ros2_training/install/motor_action/include/motor_action/motor_action
[0.888s] -- Up-to-date: /home/prog1/ros2_training/install/motor_action/include/motor_action/motor_action/msg
[0.888s] -- Up-to-date: /home/prog1/ros2_training/install/motor_action/include/motor_action/motor_action/msg/rosidl_generator_cpp__visibility_control.hpp
[0.888s] -- Up-to-date: /home/prog1/ros2_training/install/motor_action/include/motor_action/motor_action/action
[0.888s] -- Up-to-date: /home/prog1/ros2_training/install/motor_action/include/motor_action/motor_action/action/rotate.hpp
[0.888s] -- Up-to-date: /home/prog1/ros2_training/install/motor_action/include/motor_action/motor_action/action/move.hpp
[0.889s] -- Up-to-date: /home/prog1/ros2_training/install/motor_action/include/motor_action/motor_action/action/detail
[0.889s] -- Up-to-date: /home/prog1/ros2_training/install/motor_action/include/motor_action/motor_action/action/detail/move__traits.hpp
[0.889s] -- Up-to-date: /home/prog1/ros2_training/install/motor_action/include/motor_action/motor_action/action/detail/move__builder.hpp
[0.889s] -- Up-to-date: /home/prog1/ros2_training/install/motor_action/include/motor_action/motor_action/action/detail/move__type_support.hpp
[0.889s] -- Up-to-date: /home/prog1/ros2_training/install/motor_action/include/motor_action/motor_action/action/detail/rotate__builder.hpp
[0.889s] -- Up-to-date: /home/prog1/ros2_training/install/motor_action/include/motor_action/motor_action/action/detail/rotate__struct.hpp
[0.889s] -- Up-to-date: /home/prog1/ros2_training/install/motor_action/include/motor_action/motor_action/action/detail/move__struct.hpp
[0.889s] -- Up-to-date: /home/prog1/ros2_training/install/motor_action/include/motor_action/motor_action/action/detail/rotate__type_support.hpp
[0.889s] -- Up-to-date: /home/prog1/ros2_training/install/motor_action/include/motor_action/motor_action/action/detail/rotate__traits.hpp
[0.889s] -- Up-to-date: /home/prog1/ros2_training/install/motor_action/include/motor_action/motor_action
[0.892s] -- Up-to-date: /home/prog1/ros2_training/install/motor_action/include/motor_action/motor_action/msg
[0.892s] -- Up-to-date: /home/prog1/ros2_training/install/motor_action/include/motor_action/motor_action/msg/rosidl_typesupport_fastrtps_cpp__visibility_control.h
[0.893s] -- Up-to-date: /home/prog1/ros2_training/install/motor_action/include/motor_action/motor_action/action
[0.893s] -- Up-to-date: /home/prog1/ros2_training/install/motor_action/include/motor_action/motor_action/action/detail
[0.893s] -- Up-to-date: /home/prog1/ros2_training/install/motor_action/include/motor_action/motor_action/action/detail/rotate__rosidl_typesupport_fastrtps_cpp.hpp
[0.893s] -- Up-to-date: /home/prog1/ros2_training/install/motor_action/include/motor_action/motor_action/action/detail/move__rosidl_typesupport_fastrtps_cpp.hpp
[0.893s] -- Up-to-date: /home/prog1/ros2_training/install/motor_action/include/motor_action/motor_action/action/detail/dds_fastrtps
[0.895s] -- Up-to-date: /home/prog1/ros2_training/install/motor_action/lib/libmotor_action__rosidl_typesupport_fastrtps_cpp.so
[0.895s] -- Up-to-date: /home/prog1/ros2_training/install/motor_action/include/motor_action/motor_action
[0.896s] -- Up-to-date: /home/prog1/ros2_training/install/motor_action/include/motor_action/motor_action/action
[0.896s] -- Up-to-date: /home/prog1/ros2_training/install/motor_action/include/motor_action/motor_action/action/detail
[0.896s] -- Up-to-date: /home/prog1/ros2_training/install/motor_action/include/motor_action/motor_action/action/detail/move__rosidl_typesupport_introspection_cpp.hpp
[0.896s] -- Up-to-date: /home/prog1/ros2_training/install/motor_action/include/motor_action/motor_action/action/detail/rotate__type_support.cpp
[0.896s] -- Up-to-date: /home/prog1/ros2_training/install/motor_action/include/motor_action/motor_action/action/detail/move__type_support.cpp
[0.896s] -- Up-to-date: /home/prog1/ros2_training/install/motor_action/include/motor_action/motor_action/action/detail/rotate__rosidl_typesupport_introspection_cpp.hpp
[0.896s] -- Up-to-date: /home/prog1/ros2_training/install/motor_action/lib/libmotor_action__rosidl_typesupport_introspection_cpp.so
[0.896s] -- Up-to-date: /home/prog1/ros2_training/install/motor_action/lib/libmotor_action__rosidl_typesupport_cpp.so
[0.896s] -- Up-to-date: /home/prog1/ros2_training/install/motor_action/share/motor_action/environment/pythonpath.sh
[0.896s] -- Up-to-date: /home/prog1/ros2_training/install/motor_action/share/motor_action/environment/pythonpath.dsv
[0.896s] -- Up-to-date: /home/prog1/ros2_training/install/motor_action/lib/python3.12/site-packages/motor_action-0.0.0-py3.12.egg-info
[0.897s] -- Installing: /home/prog1/ros2_training/install/motor_action/lib/python3.12/site-packages/motor_action-0.0.0-py3.12.egg-info/dependency_links.txt
[0.897s] -- Installing: /home/prog1/ros2_training/install/motor_action/lib/python3.12/site-packages/motor_action-0.0.0-py3.12.egg-info/PKG-INFO
[0.897s] -- Installing: /home/prog1/ros2_training/install/motor_action/lib/python3.12/site-packages/motor_action-0.0.0-py3.12.egg-info/SOURCES.txt
[0.897s] -- Installing: /home/prog1/ros2_training/install/motor_action/lib/python3.12/site-packages/motor_action-0.0.0-py3.12.egg-info/top_level.txt
[0.897s] -- Up-to-date: /home/prog1/ros2_training/install/motor_action/lib/python3.12/site-packages/motor_action
[0.897s] -- Up-to-date: /home/prog1/ros2_training/install/motor_action/lib/python3.12/site-packages/motor_action/_motor_action_s.ep.rosidl_typesupport_introspection_c.c
[0.897s] -- Up-to-date: /home/prog1/ros2_training/install/motor_action/lib/python3.12/site-packages/motor_action/motor_action_s__rosidl_typesupport_c.so
[0.897s] -- Up-to-date: /home/prog1/ros2_training/install/motor_action/lib/python3.12/site-packages/motor_action/_motor_action_s.ep.rosidl_typesupport_fastrtps_c.c
[0.897s] -- Up-to-date: /home/prog1/ros2_training/install/motor_action/lib/python3.12/site-packages/motor_action/__init__.py
[0.897s] -- Up-to-date: /home/prog1/ros2_training/install/motor_action/lib/python3.12/site-packages/motor_action/_motor_action_s.ep.rosidl_typesupport_c.c
[0.897s] -- Up-to-date: /home/prog1/ros2_training/install/motor_action/lib/python3.12/site-packages/motor_action/motor_action_s__rosidl_typesupport_introspection_c.so
[0.897s] -- Up-to-date: /home/prog1/ros2_training/install/motor_action/lib/python3.12/site-packages/motor_action/motor_action_s__rosidl_typesupport_fastrtps_c.so
[0.897s] -- Up-to-date: /home/prog1/ros2_training/install/motor_action/lib/python3.12/site-packages/motor_action/action
[0.898s] -- Up-to-date: /home/prog1/ros2_training/install/motor_action/lib/python3.12/site-packages/motor_action/action/_move_s.c
[0.898s] -- Up-to-date: /home/prog1/ros2_training/install/motor_action/lib/python3.12/site-packages/motor_action/action/_rotate_s.c
[0.898s] -- Up-to-date: /home/prog1/ros2_training/install/motor_action/lib/python3.12/site-packages/motor_action/action/__init__.py
[0.898s] -- Up-to-date: /home/prog1/ros2_training/install/motor_action/lib/python3.12/site-packages/motor_action/action/_move.py
[0.898s] -- Up-to-date: /home/prog1/ros2_training/install/motor_action/lib/python3.12/site-packages/motor_action/action/_rotate.py
[0.939s] Listing '/home/prog1/ros2_training/install/motor_action/lib/python3.12/site-packages/motor_action'...
[0.939s] Listing '/home/prog1/ros2_training/install/motor_action/lib/python3.12/site-packages/motor_action/action'...
[0.946s] -- Up-to-date: /home/prog1/ros2_training/install/motor_action/lib/python3.12/site-packages/motor_action/motor_action_s__rosidl_typesupport_fastrtps_c.so
[0.946s] -- Up-to-date: /home/prog1/ros2_training/install/motor_action/lib/python3.12/site-packages/motor_action/motor_action_s__rosidl_typesupport_introspection_c.so
[0.947s] -- Up-to-date: /home/prog1/ros2_training/install/motor_action/lib/python3.12/site-packages/motor_action/motor_action_s__rosidl_typesupport_c.so
[0.947s] -- Up-to-date: /home/prog1/ros2_training/install/motor_action/lib/libmotor_action__rosidl_generator_py.so
[0.948s] -- Up-to-date: /home/prog1/ros2_training/install/motor_action/share/ament_index/resource_index/rust_packages/motor_action
[0.948s] -- Up-to-date: /home/prog1/ros2_training/install/motor_action/share/motor_action/rust
[0.948s] -- Up-to-date: /home/prog1/ros2_training/install/motor_action/share/motor_action/rust/src
[0.948s] -- Up-to-date: /home/prog1/ros2_training/install/motor_action/share/motor_action/rust/src/lib.rs
[0.949s] -- Up-to-date: /home/prog1/ros2_training/install/motor_action/share/motor_action/rust/src/action.rs
[0.949s] -- Up-to-date: /home/prog1/ros2_training/install/motor_action/share/motor_action/rust/src/action
[0.950s] -- Up-to-date: /home/prog1/ros2_training/install/motor_action/share/motor_action/rust/src/action/rmw.rs
[0.951s] -- Up-to-date: /home/prog1/ros2_training/install/motor_action/share/motor_action/rust/Cargo.toml
[0.951s] -- Up-to-date: /home/prog1/ros2_training/install/motor_action/share/motor_action/rust/build.rs
[0.952s] -- Up-to-date: /home/prog1/ros2_training/install/motor_action/share/motor_action/action/Move.idl
[0.952s] -- Up-to-date: /home/prog1/ros2_training/install/motor_action/share/motor_action/action/Move.action
[0.952s] -- Up-to-date: /home/prog1/ros2_training/install/motor_action/share/ament_index/resource_index/package_run_dependencies/motor_action
[0.952s] -- Up-to-date: /home/prog1/ros2_training/install/motor_action/share/ament_index/resource_index/parent_prefix_path/motor_action
[0.953s] -- Up-to-date: /home/prog1/ros2_training/install/motor_action/share/motor_action/environment/ament_prefix_path.sh
[0.953s] -- Up-to-date: /home/prog1/ros2_training/install/motor_action/share/motor_action/environment/ament_prefix_path.dsv
[0.955s] -- Up-to-date: /home/prog1/ros2_training/install/motor_action/share/motor_action/environment/path.sh
[0.955s] -- Up-to-date: /home/prog1/ros2_training/install/motor_action/share/motor_action/environment/path.dsv
[0.955s] -- Up-to-date: /home/prog1/ros2_training/install/motor_action/share/motor_action/local_setup.bash
[0.955s] -- Up-to-date: /home/prog1/ros2_training/install/motor_action/share/motor_action/local_setup.sh
[0.956s] -- Up-to-date: /home/prog1/ros2_training/install/motor_action/share/motor_action/local_setup.zsh
[0.956s] -- Up-to-date: /home/prog1/ros2_training/install/motor_action/share/motor_action/local_setup.dsv
[0.956s] -- Installing: /home/prog1/ros2_training/install/motor_action/share/motor_action/package.dsv
[0.956s] -- Up-to-date: /home/prog1/ros2_training/install/motor_action/share/ament_index/resource_index/packages/motor_action
[0.956s] -- Up-to-date: /home/prog1/ros2_training/install/motor_action/share/motor_action/cmake/export_motor_action__rosidl_generator_cExport.cmake
[0.956s] -- Up-to-date: /home/prog1/ros2_training/install/motor_action/share/motor_action/cmake/export_motor_action__rosidl_generator_cExport-noconfig.cmake
[0.957s] -- Up-to-date: /home/prog1/ros2_training/install/motor_action/share/motor_action/cmake/export_motor_action__rosidl_typesupport_fastrtps_cExport.cmake
[0.959s] -- Up-to-date: /home/prog1/ros2_training/install/motor_action/share/motor_action/cmake/export_motor_action__rosidl_typesupport_fastrtps_cExport-noconfig.cmake
[0.959s] -- Up-to-date: /home/prog1/ros2_training/install/motor_action/share/motor_action/cmake/motor_action__rosidl_typesupport_introspection_cExport.cmake
[0.960s] -- Up-to-date: /home/prog1/ros2_training/install/motor_action/share/motor_action/cmake/motor_action__rosidl_typesupport_introspection_cExport-noconfig.cmake
[0.960s] -- Up-to-date: /home/prog1/ros2_training/install/motor_action/share/motor_action/cmake/motor_action__rosidl_typesupport_cExport.cmake
[0.962s] -- Up-to-date: /home/prog1/ros2_training/install/motor_action/share/motor_action/cmake/motor_action__rosidl_typesupport_cExport-noconfig.cmake
[0.963s] -- Up-to-date: /home/prog1/ros2_training/install/motor_action/share/motor_action/cmake/export_motor_action__rosidl_generator_cppExport.cmake
[0.963s] -- Up-to-date: /home/prog1/ros2_training/install/motor_action/share/motor_action/cmake/export_motor_action__rosidl_typesupport_fastrtps_cppExport.cmake
[0.963s] -- Up-to-date: /home/prog1/ros2_training/install/motor_action/share/motor_action/cmake/export_motor_action__rosidl_typesupport_fastrtps_cppExport-noconfig.cmake
[0.963s] -- Up-to-date: /home/prog1/ros2_training/install/motor_action/share/motor_action/cmake/motor_action__rosidl_typesupport_introspection_cppExport.cmake
[0.963s] -- Up-to-date: /home/prog1/ros2_training/install/motor_action/share/motor_action/cmake/motor_action__rosidl_typesupport_introspection_cppExport-noconfig.cmake
[0.963s] -- Up-to-date: /home/prog1/ros2_training/install/motor_action/share/motor_action/cmake/motor_action__rosidl_typesupport_cppExport.cmake
[0.963s] -- Up-to-date: /home/prog1/ros2_training/install/motor_action/share/motor_action/cmake/motor_action__rosidl_typesupport_cppExport-noconfig.cmake
[0.963s] -- Up-to-date: /home/prog1/ros2_training/install/motor_action/share/motor_action/cmake/export_motor_action__rosidl_generator_pyExport.cmake
[0.963s] -- Up-to-date: /home/prog1/ros2_training/install/motor_action/share/motor_action/cmake/export_motor_action__rosidl_generator_pyExport-noconfig.cmake
[0.963s] -- Up-to-date: /home/prog1/ros2_training/install/motor_action/share/motor_action/cmake/rosidl_cmake-extras.cmake
[0.963s] -- Up-to-date: /home/prog1/ros2_training/install/motor_action/share/motor_action/cmake/ament_cmake_export_dependencies-extras.cmake
[0.963s] -- Up-to-date: /home/prog1/ros2_training/install/motor_action/share/motor_action/cmake/ament_cmake_export_include_directories-extras.cmake
[0.964s] -- Up-to-date: /home/prog1/ros2_training/install/motor_action/share/motor_action/cmake/ament_cmake_export_libraries-extras.cmake
[0.964s] -- Up-to-date: /home/prog1/ros2_training/install/motor_action/share/motor_action/cmake/ament_cmake_export_targets-extras.cmake
[0.964s] -- Up-to-date: /home/prog1/ros2_training/install/motor_action/share/motor_action/cmake/rosidl_cmake_export_typesupport_targets-extras.cmake
[0.964s] -- Up-to-date: /home/prog1/ros2_training/install/motor_action/share/motor_action/cmake/rosidl_cmake_export_typesupport_libraries-extras.cmake
[0.964s] -- Up-to-date: /home/prog1/ros2_training/install/motor_action/share/motor_action/cmake/motor_actionConfig.cmake
[0.964s] -- Up-to-date: /home/prog1/ros2_training/install/motor_action/share/motor_action/cmake/motor_actionConfig-version.cmake
[0.964s] -- Up-to-date: /home/prog1/ros2_training/install/motor_action/share/motor_action/package.xml
[0.964s] Invoked command in '/home/prog1/ros2_training/build/motor_action' returned '0': CMAKE_PREFIX_PATH=${CMAKE_PREFIX_PATH}:/home/prog1/ros2_training/install/py_talker:/home/prog1/ros2_training/install/controller:/opt/ros/jazzy DEBUGINFOD_URLS=https://debuginfod.ubuntu.com /usr/bin/cmake --install /home/prog1/ros2_training/build/motor_action
