[0.973s] Invoking command in '/home/prog1/ros2_training/src/controller': DEBUGINFOD_URLS=https://debuginfod.ubuntu.com PYTHONPATH=/home/prog1/ros2_training/build/controller/prefix_override:/usr/lib/python3/dist-packages/colcon_core/task/python/colcon_distutils_commands:/home/prog1/ros2_training/install/controller/lib/python3.12/site-packages:${PYTHONPATH} /usr/bin/python3 -W ignore:setup.py install is deprecated -W ignore:easy_install command is deprecated setup.py egg_info --egg-base ../../build/controller build --build-base /home/prog1/ros2_training/build/controller/build install --record /home/prog1/ros2_training/build/controller/install.log --single-version-externally-managed install_data
[1.323s] running egg_info
[1.346s] writing ../../build/controller/controller.egg-info/PKG-INFO
[1.347s] writing dependency_links to ../../build/controller/controller.egg-info/dependency_links.txt
[1.347s] writing entry points to ../../build/controller/controller.egg-info/entry_points.txt
[1.348s] writing requirements to ../../build/controller/controller.egg-info/requires.txt
[1.348s] writing top-level names to ../../build/controller/controller.egg-info/top_level.txt
[1.397s] reading manifest file '../../build/controller/controller.egg-info/SOURCES.txt'
[1.398s] writing manifest file '../../build/controller/controller.egg-info/SOURCES.txt'
[1.399s] running build
[1.400s] running build_py
[1.400s] running install
[1.407s] running install_lib
[1.432s] running install_data
[1.432s] running install_egg_info
[1.457s] removing '/home/prog1/ros2_training/install/controller/lib/python3.12/site-packages/controller-0.0.0-py3.12.egg-info' (and everything under it)
[1.460s] Copying ../../build/controller/controller.egg-info to /home/prog1/ros2_training/install/controller/lib/python3.12/site-packages/controller-0.0.0-py3.12.egg-info
[1.460s] running install_scripts
[1.643s] Installing controller script to /home/prog1/ros2_training/install/controller/lib/controller
[1.644s] writing list of installed files to '/home/prog1/ros2_training/build/controller/install.log'
