[0.381s] DEBUG:colcon:Command line arguments: ['/usr/bin/colcon', 'build', '--packages-select', 'controller']
[0.381s] DEBUG:colcon:Parsed command line arguments: Namespace(log_base=None, log_level=None, verb_name='build', build_base='build', install_base='install', merge_install=False, symlink_install=False, test_result_base=None, continue_on_error=False, executor='parallel', parallel_workers=2, event_handlers=None, ignore_user_meta=False, metas=['./colcon.meta'], base_paths=['.'], packages_ignore=None, packages_ignore_regex=None, paths=None, packages_up_to=None, packages_up_to_regex=None, packages_above=None, packages_above_and_dependencies=None, packages_above_depth=None, packages_select_by_dep=None, packages_skip_by_dep=None, packages_skip_up_to=None, packages_select_build_failed=False, packages_skip_build_finished=False, packages_select_test_failures=False, packages_skip_test_passed=False, packages_select=['controller'], packages_skip=None, packages_select_regex=None, packages_skip_regex=None, packages_start=None, packages_end=None, allow_overriding=[], cmake_args=None, cmake_target=None, cmake_target_skip_unavailable=False, cmake_clean_cache=False, cmake_clean_first=False, cmake_force_configure=False, ament_cmake_args=None, catkin_cmake_args=None, catkin_skip_building_tests=False, verb_parser=<colcon_defaults.argument_parser.defaults.DefaultArgumentsDecorator object at 0x73e643866540>, verb_extension=<colcon_core.verb.build.BuildVerb object at 0x73e643866300>, main=<bound method BuildVerb.main of <colcon_core.verb.build.BuildVerb object at 0x73e643866300>>)
[0.523s] Level 1:colcon.colcon_core.package_discovery:discover_packages(colcon_meta) check parameters
[0.524s] Level 1:colcon.colcon_core.package_discovery:discover_packages(recursive) check parameters
[0.524s] Level 1:colcon.colcon_core.package_discovery:discover_packages(ignore) check parameters
[0.524s] Level 1:colcon.colcon_core.package_discovery:discover_packages(path) check parameters
[0.524s] Level 1:colcon.colcon_core.package_discovery:discover_packages(colcon_meta) discover
[0.524s] Level 1:colcon.colcon_core.package_discovery:discover_packages(recursive) discover
[0.524s] INFO:colcon.colcon_core.package_discovery:Crawling recursively for packages in '/home/prog1/ros2_training'
[0.525s] Level 1:colcon.colcon_core.package_identification:_identify(.) by extensions ['ignore', 'ignore_ament_install']
[0.525s] Level 1:colcon.colcon_core.package_identification:_identify(.) by extension 'ignore'
[0.525s] Level 1:colcon.colcon_core.package_identification:_identify(.) by extension 'ignore_ament_install'
[0.525s] Level 1:colcon.colcon_core.package_identification:_identify(.) by extensions ['colcon_pkg']
[0.525s] Level 1:colcon.colcon_core.package_identification:_identify(.) by extension 'colcon_pkg'
[0.526s] Level 1:colcon.colcon_core.package_identification:_identify(.) by extensions ['colcon_meta']
[0.526s] Level 1:colcon.colcon_core.package_identification:_identify(.) by extension 'colcon_meta'
[0.526s] Level 1:colcon.colcon_core.package_identification:_identify(.) by extensions ['ros']
[0.526s] Level 1:colcon.colcon_core.package_identification:_identify(.) by extension 'ros'
[0.595s] Level 1:colcon.colcon_core.package_identification:_identify(.) by extensions ['cmake', 'python']
[0.596s] Level 1:colcon.colcon_core.package_identification:_identify(.) by extension 'cmake'
[0.596s] Level 1:colcon.colcon_core.package_identification:_identify(.) by extension 'python'
[0.596s] Level 1:colcon.colcon_core.package_identification:_identify(.) by extensions ['python_setup_py']
[0.596s] Level 1:colcon.colcon_core.package_identification:_identify(.) by extension 'python_setup_py'
[0.597s] Level 1:colcon.colcon_core.package_identification:_identify(build) by extensions ['ignore', 'ignore_ament_install']
[0.597s] Level 1:colcon.colcon_core.package_identification:_identify(build) by extension 'ignore'
[0.597s] Level 1:colcon.colcon_core.package_identification:_identify(build) ignored
[0.598s] Level 1:colcon.colcon_core.package_identification:_identify(install) by extensions ['ignore', 'ignore_ament_install']
[0.598s] Level 1:colcon.colcon_core.package_identification:_identify(install) by extension 'ignore'
[0.598s] Level 1:colcon.colcon_core.package_identification:_identify(install) ignored
[0.599s] Level 1:colcon.colcon_core.package_identification:_identify(log) by extensions ['ignore', 'ignore_ament_install']
[0.599s] Level 1:colcon.colcon_core.package_identification:_identify(log) by extension 'ignore'
[0.599s] Level 1:colcon.colcon_core.package_identification:_identify(log) ignored
[0.599s] Level 1:colcon.colcon_core.package_identification:_identify(src) by extensions ['ignore', 'ignore_ament_install']
[0.599s] Level 1:colcon.colcon_core.package_identification:_identify(src) by extension 'ignore'
[0.600s] Level 1:colcon.colcon_core.package_identification:_identify(src) by extension 'ignore_ament_install'
[0.600s] Level 1:colcon.colcon_core.package_identification:_identify(src) by extensions ['colcon_pkg']
[0.600s] Level 1:colcon.colcon_core.package_identification:_identify(src) by extension 'colcon_pkg'
[0.601s] Level 1:colcon.colcon_core.package_identification:_identify(src) by extensions ['colcon_meta']
[0.601s] Level 1:colcon.colcon_core.package_identification:_identify(src) by extension 'colcon_meta'
[0.601s] Level 1:colcon.colcon_core.package_identification:_identify(src) by extensions ['ros']
[0.601s] Level 1:colcon.colcon_core.package_identification:_identify(src) by extension 'ros'
[0.602s] Level 1:colcon.colcon_core.package_identification:_identify(src) by extensions ['cmake', 'python']
[0.602s] Level 1:colcon.colcon_core.package_identification:_identify(src) by extension 'cmake'
[0.602s] Level 1:colcon.colcon_core.package_identification:_identify(src) by extension 'python'
[0.602s] Level 1:colcon.colcon_core.package_identification:_identify(src) by extensions ['python_setup_py']
[0.602s] Level 1:colcon.colcon_core.package_identification:_identify(src) by extension 'python_setup_py'
[0.603s] Level 1:colcon.colcon_core.package_identification:_identify(src/controller) by extensions ['ignore', 'ignore_ament_install']
[0.603s] Level 1:colcon.colcon_core.package_identification:_identify(src/controller) by extension 'ignore'
[0.603s] Level 1:colcon.colcon_core.package_identification:_identify(src/controller) by extension 'ignore_ament_install'
[0.604s] Level 1:colcon.colcon_core.package_identification:_identify(src/controller) by extensions ['colcon_pkg']
[0.604s] Level 1:colcon.colcon_core.package_identification:_identify(src/controller) by extension 'colcon_pkg'
[0.604s] Level 1:colcon.colcon_core.package_identification:_identify(src/controller) by extensions ['colcon_meta']
[0.604s] Level 1:colcon.colcon_core.package_identification:_identify(src/controller) by extension 'colcon_meta'
[0.604s] Level 1:colcon.colcon_core.package_identification:_identify(src/controller) by extensions ['ros']
[0.604s] Level 1:colcon.colcon_core.package_identification:_identify(src/controller) by extension 'ros'
[0.613s] DEBUG:colcon.colcon_core.package_identification:Package 'src/controller' with type 'ros.ament_python' and name 'controller'
[0.613s] Level 1:colcon.colcon_core.package_discovery:discover_packages(recursive) using defaults
[0.613s] Level 1:colcon.colcon_core.package_discovery:discover_packages(ignore) discover
[0.613s] Level 1:colcon.colcon_core.package_discovery:discover_packages(ignore) using defaults
[0.613s] Level 1:colcon.colcon_core.package_discovery:discover_packages(path) discover
[0.614s] Level 1:colcon.colcon_core.package_discovery:discover_packages(path) using defaults
[0.662s] Level 1:colcon.colcon_core.package_discovery:discover_packages(prefix_path) check parameters
[0.662s] Level 1:colcon.colcon_core.package_discovery:discover_packages(prefix_path) discover
[0.666s] WARNING:colcon.colcon_core.prefix_path.colcon:The path '/home/prog1/ros2_george/install' in the environment variable COLCON_PREFIX_PATH doesn't exist
[0.667s] WARNING:colcon.colcon_ros.prefix_path.ament:The path '/home/prog1/ros2_george/install/py_talker' in the environment variable AMENT_PREFIX_PATH doesn't exist
[0.668s] WARNING:colcon.colcon_ros.prefix_path.ament:The path '/home/prog1/ros2_george/install/cpp_listener' in the environment variable AMENT_PREFIX_PATH doesn't exist
[0.668s] WARNING:colcon.colcon_ros.prefix_path.catkin:The path '/home/prog1/ros2_george/install/cpp_listener' in the environment variable CMAKE_PREFIX_PATH doesn't exist
[0.672s] DEBUG:colcon.colcon_installed_package_information.package_discovery:Found 3 installed packages in /home/prog1/ros2_training/install
[0.681s] DEBUG:colcon.colcon_installed_package_information.package_discovery:Found 287 installed packages in /opt/ros/jazzy
[0.683s] Level 1:colcon.colcon_core.package_discovery:discover_packages(prefix_path) using defaults
[0.832s] Level 5:colcon.colcon_core.verb:set package 'controller' build argument 'cmake_args' from command line to 'None'
[0.832s] Level 5:colcon.colcon_core.verb:set package 'controller' build argument 'cmake_target' from command line to 'None'
[0.832s] Level 5:colcon.colcon_core.verb:set package 'controller' build argument 'cmake_target_skip_unavailable' from command line to 'False'
[0.832s] Level 5:colcon.colcon_core.verb:set package 'controller' build argument 'cmake_clean_cache' from command line to 'False'
[0.832s] Level 5:colcon.colcon_core.verb:set package 'controller' build argument 'cmake_clean_first' from command line to 'False'
[0.832s] Level 5:colcon.colcon_core.verb:set package 'controller' build argument 'cmake_force_configure' from command line to 'False'
[0.833s] Level 5:colcon.colcon_core.verb:set package 'controller' build argument 'ament_cmake_args' from command line to 'None'
[0.833s] Level 5:colcon.colcon_core.verb:set package 'controller' build argument 'catkin_cmake_args' from command line to 'None'
[0.833s] Level 5:colcon.colcon_core.verb:set package 'controller' build argument 'catkin_skip_building_tests' from command line to 'False'
[0.833s] DEBUG:colcon.colcon_core.verb:Building package 'controller' with the following arguments: {'ament_cmake_args': None, 'build_base': '/home/prog1/ros2_training/build/controller', 'catkin_cmake_args': None, 'catkin_skip_building_tests': False, 'cmake_args': None, 'cmake_clean_cache': False, 'cmake_clean_first': False, 'cmake_force_configure': False, 'cmake_target': None, 'cmake_target_skip_unavailable': False, 'install_base': '/home/prog1/ros2_training/install/controller', 'merge_install': False, 'path': '/home/prog1/ros2_training/src/controller', 'symlink_install': False, 'test_result_base': None}
[0.833s] INFO:colcon.colcon_core.executor:Executing jobs using 'parallel' executor
[0.836s] DEBUG:colcon.colcon_parallel_executor.executor.parallel:run_until_complete
[0.838s] INFO:colcon.colcon_ros.task.ament_python.build:Building ROS package in '/home/prog1/ros2_training/src/controller' with build type 'ament_python'
[0.839s] Level 1:colcon.colcon_core.shell:create_environment_hook('controller', 'ament_prefix_path')
[0.848s] INFO:colcon.colcon_core.plugin_system:Skipping extension 'colcon_core.shell.bat': Not used on non-Windows systems
[0.848s] INFO:colcon.colcon_core.shell:Creating environment hook '/home/prog1/ros2_training/install/controller/share/controller/hook/ament_prefix_path.ps1'
[0.851s] INFO:colcon.colcon_core.shell:Creating environment descriptor '/home/prog1/ros2_training/install/controller/share/controller/hook/ament_prefix_path.dsv'
[0.852s] INFO:colcon.colcon_core.shell:Creating environment hook '/home/prog1/ros2_training/install/controller/share/controller/hook/ament_prefix_path.sh'
[0.854s] INFO:colcon.colcon_core.shell:Skip shell extension 'powershell' for command environment: Not usable outside of PowerShell
[0.855s] DEBUG:colcon.colcon_core.shell:Skip shell extension 'dsv' for command environment
[1.556s] INFO:colcon.colcon_core.task.python.build:Building Python package in '/home/prog1/ros2_training/src/controller'
[1.557s] INFO:colcon.colcon_core.shell:Skip shell extension 'powershell' for command environment: Not usable outside of PowerShell
[1.557s] DEBUG:colcon.colcon_core.shell:Skip shell extension 'dsv' for command environment
[3.476s] DEBUG:colcon.colcon_core.event_handler.log_command:Invoking command in '/home/prog1/ros2_training/src/controller': DEBUGINFOD_URLS=https://debuginfod.ubuntu.com PYTHONPATH=/home/prog1/ros2_training/build/controller/prefix_override:/usr/lib/python3/dist-packages/colcon_core/task/python/colcon_distutils_commands:/home/prog1/ros2_training/install/controller/lib/python3.12/site-packages:${PYTHONPATH} /usr/bin/python3 -W ignore:setup.py install is deprecated -W ignore:easy_install command is deprecated setup.py egg_info --egg-base ../../build/controller build --build-base /home/prog1/ros2_training/build/controller/build install --record /home/prog1/ros2_training/build/controller/install.log --single-version-externally-managed install_data
[5.356s] DEBUG:colcon.colcon_core.event_handler.log_command:Invoked command in '/home/prog1/ros2_training/src/controller' returned '0': DEBUGINFOD_URLS=https://debuginfod.ubuntu.com PYTHONPATH=/home/prog1/ros2_training/build/controller/prefix_override:/usr/lib/python3/dist-packages/colcon_core/task/python/colcon_distutils_commands:/home/prog1/ros2_training/install/controller/lib/python3.12/site-packages:${PYTHONPATH} /usr/bin/python3 -W ignore:setup.py install is deprecated -W ignore:easy_install command is deprecated setup.py egg_info --egg-base ../../build/controller build --build-base /home/prog1/ros2_training/build/controller/build install --record /home/prog1/ros2_training/build/controller/install.log --single-version-externally-managed install_data
[5.365s] Level 1:colcon.colcon_core.environment:checking '/home/prog1/ros2_training/install/controller' for CMake module files
[5.367s] Level 1:colcon.colcon_core.environment:checking '/home/prog1/ros2_training/install/controller' for CMake config files
[5.369s] Level 1:colcon.colcon_core.environment:checking '/home/prog1/ros2_training/install/controller/lib'
[5.370s] Level 1:colcon.colcon_core.environment:checking '/home/prog1/ros2_training/install/controller/bin'
[5.370s] Level 1:colcon.colcon_core.environment:checking '/home/prog1/ros2_training/install/controller/lib/pkgconfig/controller.pc'
[5.370s] Level 1:colcon.colcon_core.environment:checking '/home/prog1/ros2_training/install/controller/lib/python3.12/site-packages'
[5.371s] Level 1:colcon.colcon_core.shell:create_environment_hook('controller', 'pythonpath')
[5.371s] INFO:colcon.colcon_core.shell:Creating environment hook '/home/prog1/ros2_training/install/controller/share/controller/hook/pythonpath.ps1'
[5.373s] INFO:colcon.colcon_core.shell:Creating environment descriptor '/home/prog1/ros2_training/install/controller/share/controller/hook/pythonpath.dsv'
[5.374s] INFO:colcon.colcon_core.shell:Creating environment hook '/home/prog1/ros2_training/install/controller/share/controller/hook/pythonpath.sh'
[5.376s] Level 1:colcon.colcon_core.environment:checking '/home/prog1/ros2_training/install/controller/bin'
[5.376s] Level 1:colcon.colcon_core.environment:create_environment_scripts_only(controller)
[5.377s] INFO:colcon.colcon_core.shell:Creating package script '/home/prog1/ros2_training/install/controller/share/controller/package.ps1'
[5.379s] INFO:colcon.colcon_core.shell:Creating package descriptor '/home/prog1/ros2_training/install/controller/share/controller/package.dsv'
[5.381s] INFO:colcon.colcon_core.shell:Creating package script '/home/prog1/ros2_training/install/controller/share/controller/package.sh'
[5.383s] INFO:colcon.colcon_core.shell:Creating package script '/home/prog1/ros2_training/install/controller/share/controller/package.bash'
[5.385s] INFO:colcon.colcon_core.shell:Creating package script '/home/prog1/ros2_training/install/controller/share/controller/package.zsh'
[5.386s] Level 1:colcon.colcon_core.environment:create_file_with_runtime_dependencies(/home/prog1/ros2_training/install/controller/share/colcon-core/packages/controller)
[5.387s] DEBUG:colcon.colcon_parallel_executor.executor.parallel:closing loop
[5.388s] DEBUG:colcon.colcon_parallel_executor.executor.parallel:loop closed
[5.390s] DEBUG:colcon.colcon_parallel_executor.executor.parallel:run_until_complete finished with '0'
[5.391s] DEBUG:colcon.colcon_core.event_reactor:joining thread
[5.414s] INFO:colcon.colcon_core.plugin_system:Skipping extension 'colcon_notification.desktop_notification.terminal_notifier': Not used on non-Darwin systems
[5.414s] INFO:colcon.colcon_core.plugin_system:Skipping extension 'colcon_notification.desktop_notification.win32': Not used on non-Windows systems
[5.414s] INFO:colcon.colcon_notification.desktop_notification:Sending desktop notification using 'notify2'
[5.526s] DEBUG:colcon.colcon_core.event_reactor:joined thread
[5.527s] INFO:colcon.colcon_core.shell:Creating prefix script '/home/prog1/ros2_training/install/local_setup.ps1'
[5.531s] INFO:colcon.colcon_core.shell:Creating prefix util module '/home/prog1/ros2_training/install/_local_setup_util_ps1.py'
[5.537s] INFO:colcon.colcon_core.shell:Creating prefix chain script '/home/prog1/ros2_training/install/setup.ps1'
[5.541s] INFO:colcon.colcon_core.shell:Creating prefix script '/home/prog1/ros2_training/install/local_setup.sh'
[5.543s] INFO:colcon.colcon_core.shell:Creating prefix util module '/home/prog1/ros2_training/install/_local_setup_util_sh.py'
[5.545s] INFO:colcon.colcon_core.shell:Creating prefix chain script '/home/prog1/ros2_training/install/setup.sh'
[5.550s] INFO:colcon.colcon_core.shell:Creating prefix script '/home/prog1/ros2_training/install/local_setup.bash'
[5.553s] INFO:colcon.colcon_core.shell:Creating prefix chain script '/home/prog1/ros2_training/install/setup.bash'
[5.577s] INFO:colcon.colcon_core.shell:Creating prefix script '/home/prog1/ros2_training/install/local_setup.zsh'
[5.581s] INFO:colcon.colcon_core.shell:Creating prefix chain script '/home/prog1/ros2_training/install/setup.zsh'
